[2020-07-14 09:07:21,050] [autoreload.py:598] [autoreload:run_with_reloader] [INFO]- Watching for file changes with StatReloader
[2020-07-14 09:08:00,322] [basehttp.py:157] [basehttp:log_message] [INFO]- "POST /ipmitool/api/ipmi/ HTTP/1.1" 200 22
[2020-07-14 09:08:00,323] [basehttp.py:157] [basehttp:log_message] [INFO]- "POST /ipmitool/api/ipmi/ HTTP/1.1" 200 22
[2020-07-14 09:08:00,324] [basehttp.py:157] [basehttp:log_message] [INFO]- "POST /ipmitool/api/ipmi/ HTTP/1.1" 200 22
[2020-07-14 09:08:00,325] [basehttp.py:157] [basehttp:log_message] [INFO]- "POST /ipmitool/api/ipmi/ HTTP/1.1" 200 22
[2020-07-14 09:18:40,245] [basehttp.py:157] [basehttp:log_message] [INFO]- "POST /ipmitool/api/ipmi/ HTTP/1.1" 200 22
[2020-07-14 09:19:23,186] [basehttp.py:157] [basehttp:log_message] [INFO]- "POST /ipmitool/api/ipmi/ HTTP/1.1" 200 22
[2020-07-14 09:20:01,353] [basehttp.py:157] [basehttp:log_message] [INFO]- "POST /ipmitool/api/ipmi/ HTTP/1.1" 200 22
[2020-07-14 09:21:54,207] [basehttp.py:157] [basehttp:log_message] [INFO]- "POST /ipmitool/api/ipmi/ HTTP/1.1" 200 22
[2020-07-14 09:21:54,210] [basehttp.py:157] [basehttp:log_message] [INFO]- "POST /ipmitool/api/ipmi/ HTTP/1.1" 200 22
[2020-07-14 09:21:54,214] [basehttp.py:157] [basehttp:log_message] [INFO]- "POST /ipmitool/api/ipmi/ HTTP/1.1" 200 22
[2020-07-14 09:21:54,219] [basehttp.py:157] [basehttp:log_message] [INFO]- "POST /ipmitool/api/ipmi/ HTTP/1.1" 200 22
[2020-07-14 09:21:54,219] [basehttp.py:157] [basehttp:log_message] [INFO]- "POST /ipmitool/api/ipmi/ HTTP/1.1" 200 22
[2020-07-14 09:21:54,223] [basehttp.py:157] [basehttp:log_message] [INFO]- "POST /ipmitool/api/ipmi/ HTTP/1.1" 200 22
[2020-07-14 09:23:35,635] [basehttp.py:157] [basehttp:log_message] [INFO]- "POST /ipmitool/api/ipmi/ HTTP/1.1" 200 22
[2020-07-14 09:23:35,639] [basehttp.py:157] [basehttp:log_message] [INFO]- "POST /ipmitool/api/ipmi/ HTTP/1.1" 200 22
[2020-07-14 09:23:35,641] [basehttp.py:157] [basehttp:log_message] [INFO]- "POST /ipmitool/api/ipmi/ HTTP/1.1" 200 22
[2020-07-14 09:23:35,646] [basehttp.py:157] [basehttp:log_message] [INFO]- "POST /ipmitool/api/ipmi/ HTTP/1.1" 200 22
[2020-07-14 09:27:20,610] [basehttp.py:157] [basehttp:log_message] [INFO]- "POST /ipmitool/api/ipmi/ HTTP/1.1" 200 22
[2020-07-14 09:27:20,622] [basehttp.py:157] [basehttp:log_message] [INFO]- "POST /ipmitool/api/ipmi/ HTTP/1.1" 200 22
[2020-07-14 09:28:09,846] [autoreload.py:222] [autoreload:trigger_reload] [INFO]- /Users/yangxiaotong/svn/TIP_toolkit/quality_inspection/python-workspace/project_ipmitool/project_ipmitool/settings.py changed, reloading.
[2020-07-14 09:28:33,469] [autoreload.py:598] [autoreload:run_with_reloader] [INFO]- Watching for file changes with StatReloader
[2020-07-14 09:28:49,643] [basehttp.py:157] [basehttp:log_message] [INFO]- "POST /ipmitool/api/ipmi/ HTTP/1.1" 200 22
[2020-07-14 09:28:49,643] [basehttp.py:157] [basehttp:log_message] [INFO]- "POST /ipmitool/api/ipmi/ HTTP/1.1" 200 22
[2020-07-14 09:28:49,644] [basehttp.py:157] [basehttp:log_message] [INFO]- "POST /ipmitool/api/ipmi/ HTTP/1.1" 200 22
[2020-07-14 09:28:49,645] [basehttp.py:157] [basehttp:log_message] [INFO]- "POST /ipmitool/api/ipmi/ HTTP/1.1" 200 22
[2020-07-14 09:29:07,614] [autoreload.py:222] [autoreload:trigger_reload] [INFO]- /Users/yangxiaotong/svn/TIP_toolkit/quality_inspection/python-workspace/project_ipmitool/project_ipmitool/settings.py changed, reloading.
[2020-07-14 09:29:08,180] [autoreload.py:598] [autoreload:run_with_reloader] [INFO]- Watching for file changes with StatReloader
[2020-07-14 09:54:01,289] [basehttp.py:157] [basehttp:log_message] [INFO]- "POST /ipmitool/api/ipmi/ HTTP/1.1" 200 22
[2020-07-14 09:54:01,290] [basehttp.py:157] [basehttp:log_message] [INFO]- "POST /ipmitool/api/ipmi/ HTTP/1.1" 200 22
[2020-07-14 09:57:22,907] [autoreload.py:222] [autoreload:trigger_reload] [INFO]- /Users/yangxiaotong/svn/TIP_toolkit/quality_inspection/python-workspace/project_ipmitool/ipmitool/views.py changed, reloading.
[2020-07-14 09:57:23,493] [autoreload.py:598] [autoreload:run_with_reloader] [INFO]- Watching for file changes with StatReloader
[2020-07-14 09:57:40,354] [basehttp.py:157] [basehttp:log_message] [INFO]- "POST /ipmitool/api/ipmi/ HTTP/1.1" 200 22
[2020-07-14 09:57:40,355] [basehttp.py:157] [basehttp:log_message] [INFO]- "POST /ipmitool/api/ipmi/ HTTP/1.1" 200 22
[2020-07-14 09:57:40,358] [basehttp.py:157] [basehttp:log_message] [INFO]- "POST /ipmitool/api/ipmi/ HTTP/1.1" 200 22
[2020-07-14 09:57:40,358] [basehttp.py:157] [basehttp:log_message] [INFO]- "POST /ipmitool/api/ipmi/ HTTP/1.1" 200 22
[2020-07-14 09:57:40,359] [basehttp.py:157] [basehttp:log_message] [INFO]- "POST /ipmitool/api/ipmi/ HTTP/1.1" 200 22
[2020-07-14 09:57:40,362] [basehttp.py:157] [basehttp:log_message] [INFO]- "POST /ipmitool/api/ipmi/ HTTP/1.1" 200 22
[2020-07-14 09:58:41,172] [autoreload.py:222] [autoreload:trigger_reload] [INFO]- /Users/yangxiaotong/svn/TIP_toolkit/quality_inspection/python-workspace/project_ipmitool/ipmitool/views.py changed, reloading.
[2020-07-14 09:58:41,719] [autoreload.py:598] [autoreload:run_with_reloader] [INFO]- Watching for file changes with StatReloader
[2020-07-14 09:58:57,437] [basehttp.py:157] [basehttp:log_message] [INFO]- "POST /ipmitool/api/ipmi/ HTTP/1.1" 200 22
[2020-07-14 09:58:57,439] [basehttp.py:157] [basehttp:log_message] [INFO]- "POST /ipmitool/api/ipmi/ HTTP/1.1" 200 22
[2020-07-14 09:58:57,439] [basehttp.py:157] [basehttp:log_message] [INFO]- "POST /ipmitool/api/ipmi/ HTTP/1.1" 200 22
[2020-07-14 09:58:57,439] [basehttp.py:157] [basehttp:log_message] [INFO]- "POST /ipmitool/api/ipmi/ HTTP/1.1" 200 22
[2020-07-14 09:58:57,440] [basehttp.py:157] [basehttp:log_message] [INFO]- "POST /ipmitool/api/ipmi/ HTTP/1.1" 200 22
[2020-07-14 09:58:57,440] [basehttp.py:157] [basehttp:log_message] [INFO]- "POST /ipmitool/api/ipmi/ HTTP/1.1" 200 22
[2020-07-14 09:59:39,114] [basehttp.py:157] [basehttp:log_message] [INFO]- "POST /ipmitool/api/ipmi/ HTTP/1.1" 200 22
[2020-07-14 09:59:39,118] [basehttp.py:157] [basehttp:log_message] [INFO]- "POST /ipmitool/api/ipmi/ HTTP/1.1" 200 22
[2020-07-14 09:59:49,140] [basehttp.py:157] [basehttp:log_message] [INFO]- "POST /ipmitool/api/ipmi/ HTTP/1.1" 200 22
[2020-07-14 09:59:49,144] [basehttp.py:157] [basehttp:log_message] [INFO]- "POST /ipmitool/api/ipmi/ HTTP/1.1" 200 22
[2020-07-14 09:59:59,145] [basehttp.py:157] [basehttp:log_message] [INFO]- "POST /ipmitool/api/ipmi/ HTTP/1.1" 200 22
[2020-07-14 09:59:59,150] [basehttp.py:157] [basehttp:log_message] [INFO]- "POST /ipmitool/api/ipmi/ HTTP/1.1" 200 22
[2020-07-14 10:28:28,486] [basehttp.py:157] [basehttp:log_message] [INFO]- "POST /ipmitool/api/ipmi/ HTTP/1.1" 200 22
[2020-07-14 10:28:28,486] [basehttp.py:157] [basehttp:log_message] [INFO]- "POST /ipmitool/api/ipmi/ HTTP/1.1" 200 22
[2020-07-14 10:28:38,489] [basehttp.py:157] [basehttp:log_message] [INFO]- "POST /ipmitool/api/ipmi/ HTTP/1.1" 200 22
[2020-07-14 10:28:38,490] [basehttp.py:157] [basehttp:log_message] [INFO]- "POST /ipmitool/api/ipmi/ HTTP/1.1" 200 22
[2020-07-14 10:28:48,496] [basehttp.py:157] [basehttp:log_message] [INFO]- "POST /ipmitool/api/ipmi/ HTTP/1.1" 200 22
[2020-07-14 10:28:48,497] [basehttp.py:157] [basehttp:log_message] [INFO]- "POST /ipmitool/api/ipmi/ HTTP/1.1" 200 22
[2020-07-14 10:31:29,387] [autoreload.py:222] [autoreload:trigger_reload] [INFO]- /Users/yangxiaotong/svn/TIP_toolkit/quality_inspection/python-workspace/project_ipmitool/ipmitool/views.py changed, reloading.
[2020-07-14 10:31:30,447] [autoreload.py:598] [autoreload:run_with_reloader] [INFO]- Watching for file changes with StatReloader
[2020-07-14 10:35:07,608] [basehttp.py:157] [basehttp:log_message] [INFO]- "POST /ipmitool/api/ipmi/ HTTP/1.1" 200 22
[2020-07-14 10:35:07,608] [basehttp.py:157] [basehttp:log_message] [INFO]- "POST /ipmitool/api/ipmi/ HTTP/1.1" 200 22
[2020-07-14 10:35:17,615] [basehttp.py:157] [basehttp:log_message] [INFO]- "POST /ipmitool/api/ipmi/ HTTP/1.1" 200 22
[2020-07-14 10:35:17,618] [basehttp.py:157] [basehttp:log_message] [INFO]- "POST /ipmitool/api/ipmi/ HTTP/1.1" 200 22
[2020-07-14 10:35:27,636] [basehttp.py:157] [basehttp:log_message] [INFO]- "POST /ipmitool/api/ipmi/ HTTP/1.1" 200 22
[2020-07-14 10:35:27,637] [basehttp.py:157] [basehttp:log_message] [INFO]- "POST /ipmitool/api/ipmi/ HTTP/1.1" 200 22
[2020-07-14 10:35:30,658] [autoreload.py:222] [autoreload:trigger_reload] [INFO]- /Users/yangxiaotong/svn/TIP_toolkit/quality_inspection/python-workspace/project_ipmitool/ipmitool/views.py changed, reloading.
[2020-07-14 10:35:31,162] [autoreload.py:598] [autoreload:run_with_reloader] [INFO]- Watching for file changes with StatReloader
[2020-07-14 10:35:45,201] [views.py:19] [views:post] [INFO]- {'device_name': '服务器7', 'hostname': 'test-09', 'sn': 'fuwuqisn', 'status': 'REBOOTING', 'usage': '生产', 'location': '机房1', 'console_ip': 'http://fuwuqi7', 'console_user': 'admin', 'console_password': '111111', 'ipmi_server_ip': 'localhost', 'pxe_server_ip': '192.168.9.99'}
[2020-07-14 10:35:45,203] [views.py:19] [views:post] [INFO]- {'device_name': '服务器5', 'hostname': 'test-10', 'sn': '服务器1sn', 'status': 'REBOOTING', 'usage': '生产', 'location': '机房1', 'console_ip': 'http://fuwuqi1', 'console_user': 'admin', 'console_password': '111111', 'ipmi_server_ip': 'localhost', 'pxe_server_ip': '192.168.9.99'}
[2020-07-14 10:35:55,206] [basehttp.py:157] [basehttp:log_message] [INFO]- "POST /ipmitool/api/ipmi/ HTTP/1.1" 200 22
[2020-07-14 10:35:55,207] [basehttp.py:157] [basehttp:log_message] [INFO]- "POST /ipmitool/api/ipmi/ HTTP/1.1" 200 22
[2020-07-14 10:35:55,209] [views.py:19] [views:post] [INFO]- {'device_name': '服务器1', 'hostname': 'test-11', 'sn': '服务器1sn', 'status': 'REBOOTING', 'usage': '生产', 'location': '机房1', 'console_ip': 'http://fuwuqi1', 'console_user': 'admin', 'console_password': '111111', 'ipmi_server_ip': 'localhost', 'pxe_server_ip': '192.168.9.99'}
[2020-07-14 10:35:55,211] [views.py:19] [views:post] [INFO]- {'device_name': '服务器test-01', 'hostname': 'test-12', 'sn': 'sn', 'status': 'REBOOTING', 'usage': 'amin', 'location': '机房1', 'console_ip': 'http://url', 'console_user': 'amin', 'console_password': 'amin', 'ipmi_server_ip': 'localhost', 'pxe_server_ip': '192.168.9.99'}
[2020-07-14 10:36:05,213] [basehttp.py:157] [basehttp:log_message] [INFO]- "POST /ipmitool/api/ipmi/ HTTP/1.1" 200 22
[2020-07-14 10:36:05,213] [basehttp.py:157] [basehttp:log_message] [INFO]- "POST /ipmitool/api/ipmi/ HTTP/1.1" 200 22
[2020-07-14 10:36:05,216] [views.py:19] [views:post] [INFO]- {'device_name': '服务器7', 'hostname': 'test-14', 'sn': 'fuwuqisn', 'status': 'REBOOTING', 'usage': '生产', 'location': '机房1', 'console_ip': 'http://fuwuqi7', 'console_user': 'admin', 'console_password': '111111', 'ipmi_server_ip': 'localhost', 'pxe_server_ip': '192.168.9.99'}
[2020-07-14 10:36:05,217] [views.py:19] [views:post] [INFO]- {'device_name': '服务器9', 'hostname': 'test-13', 'sn': '服务器1sn', 'status': 'REBOOTING', 'usage': '生产', 'location': '机房1', 'console_ip': 'http://fuwuqi1', 'console_user': 'admin', 'console_password': '111111', 'ipmi_server_ip': 'localhost', 'pxe_server_ip': '192.168.9.99'}
[2020-07-14 10:36:15,221] [basehttp.py:157] [basehttp:log_message] [INFO]- "POST /ipmitool/api/ipmi/ HTTP/1.1" 200 22
[2020-07-14 10:36:15,221] [basehttp.py:157] [basehttp:log_message] [INFO]- "POST /ipmitool/api/ipmi/ HTTP/1.1" 200 22
[2020-07-14 10:36:15,225] [views.py:19] [views:post] [INFO]- {'device_name': '服务器7', 'hostname': 'test-02', 'sn': 'fuwuqisn', 'status': 'REBOOTING', 'usage': '生产', 'location': '机房1', 'console_ip': 'http://fuwuqi7', 'console_user': 'admin', 'console_password': '111111', 'ipmi_server_ip': 'localhost', 'pxe_server_ip': '192.168.9.99'}
[2020-07-14 10:36:15,226] [views.py:19] [views:post] [INFO]- {'device_name': '服务器9', 'hostname': 'test-01', 'sn': '服务器1sn', 'status': 'REBOOTING', 'usage': '生产', 'location': '机房1', 'console_ip': 'http://fuwuqi1', 'console_user': 'admin', 'console_password': '111111', 'ipmi_server_ip': 'localhost', 'pxe_server_ip': '192.168.9.99'}
[2020-07-14 10:36:25,227] [basehttp.py:157] [basehttp:log_message] [INFO]- "POST /ipmitool/api/ipmi/ HTTP/1.1" 200 22
[2020-07-14 10:36:25,228] [basehttp.py:157] [basehttp:log_message] [INFO]- "POST /ipmitool/api/ipmi/ HTTP/1.1" 200 22
[2020-07-14 10:36:25,230] [views.py:19] [views:post] [INFO]- {'device_name': '服务器1', 'hostname': 'test-07', 'sn': '服务器1sn', 'status': 'REBOOTING', 'usage': '生产', 'location': '机房1', 'console_ip': 'http://fuwuqi1', 'console_user': 'admin', 'console_password': '111111', 'ipmi_server_ip': 'localhost', 'pxe_server_ip': '192.168.9.99'}
[2020-07-14 10:36:35,236] [basehttp.py:157] [basehttp:log_message] [INFO]- "POST /ipmitool/api/ipmi/ HTTP/1.1" 200 22
[2020-07-14 10:37:02,875] [views.py:19] [views:post] [INFO]- {'device_name': '服务器7', 'hostname': 'test-09', 'sn': 'fuwuqisn', 'status': 'REBOOTING', 'usage': '生产', 'location': '机房1', 'console_ip': 'http://fuwuqi7', 'console_user': 'admin', 'console_password': '111111', 'ipmi_server_ip': 'localhost', 'pxe_server_ip': '192.168.9.99'}
[2020-07-14 10:37:02,879] [views.py:19] [views:post] [INFO]- {'device_name': '服务器5', 'hostname': 'test-10', 'sn': '服务器1sn', 'status': 'REBOOTING', 'usage': '生产', 'location': '机房1', 'console_ip': 'http://fuwuqi1', 'console_user': 'admin', 'console_password': '111111', 'ipmi_server_ip': 'localhost', 'pxe_server_ip': '192.168.9.99'}
[2020-07-14 10:37:02,883] [views.py:19] [views:post] [INFO]- {'device_name': '服务器1', 'hostname': 'test-11', 'sn': '服务器1sn', 'status': 'REBOOTING', 'usage': '生产', 'location': '机房1', 'console_ip': 'http://fuwuqi1', 'console_user': 'admin', 'console_password': '111111', 'ipmi_server_ip': 'localhost', 'pxe_server_ip': '192.168.9.99'}
[2020-07-14 10:37:02,886] [views.py:19] [views:post] [INFO]- {'device_name': '服务器test-01', 'hostname': 'test-12', 'sn': 'sn', 'status': 'REBOOTING', 'usage': 'amin', 'location': '机房1', 'console_ip': 'http://url', 'console_user': 'amin', 'console_password': 'amin', 'ipmi_server_ip': 'localhost', 'pxe_server_ip': '192.168.9.99'}
[2020-07-14 10:37:02,889] [views.py:19] [views:post] [INFO]- {'device_name': '服务器9', 'hostname': 'test-13', 'sn': '服务器1sn', 'status': 'REBOOTING', 'usage': '生产', 'location': '机房1', 'console_ip': 'http://fuwuqi1', 'console_user': 'admin', 'console_password': '111111', 'ipmi_server_ip': 'localhost', 'pxe_server_ip': '192.168.9.99'}
[2020-07-14 10:37:02,892] [views.py:19] [views:post] [INFO]- {'device_name': '服务器7', 'hostname': 'test-14', 'sn': 'fuwuqisn', 'status': 'REBOOTING', 'usage': '生产', 'location': '机房1', 'console_ip': 'http://fuwuqi7', 'console_user': 'admin', 'console_password': '111111', 'ipmi_server_ip': 'localhost', 'pxe_server_ip': '192.168.9.99'}
[2020-07-14 10:37:02,895] [views.py:19] [views:post] [INFO]- {'device_name': '服务器9', 'hostname': 'test-01', 'sn': '服务器1sn', 'status': 'REBOOTING', 'usage': '生产', 'location': '机房1', 'console_ip': 'http://fuwuqi1', 'console_user': 'admin', 'console_password': '111111', 'ipmi_server_ip': 'localhost', 'pxe_server_ip': '192.168.9.99'}
[2020-07-14 10:37:02,900] [views.py:19] [views:post] [INFO]- {'device_name': '服务器7', 'hostname': 'test-02', 'sn': 'fuwuqisn', 'status': 'REBOOTING', 'usage': '生产', 'location': '机房1', 'console_ip': 'http://fuwuqi7', 'console_user': 'admin', 'console_password': '111111', 'ipmi_server_ip': 'localhost', 'pxe_server_ip': '192.168.9.99'}
[2020-07-14 10:37:02,903] [views.py:19] [views:post] [INFO]- {'device_name': '服务器1', 'hostname': 'test-07', 'sn': '服务器1sn', 'status': 'REBOOTING', 'usage': '生产', 'location': '机房1', 'console_ip': 'http://fuwuqi1', 'console_user': 'admin', 'console_password': '111111', 'ipmi_server_ip': 'localhost', 'pxe_server_ip': '192.168.9.99'}
[2020-07-14 10:37:12,878] [basehttp.py:157] [basehttp:log_message] [INFO]- "POST /ipmitool/api/ipmi/ HTTP/1.1" 200 22
[2020-07-14 10:37:12,888] [basehttp.py:157] [basehttp:log_message] [INFO]- "POST /ipmitool/api/ipmi/ HTTP/1.1" 200 22
[2020-07-14 10:37:12,888] [basehttp.py:157] [basehttp:log_message] [INFO]- "POST /ipmitool/api/ipmi/ HTTP/1.1" 200 22
[2020-07-14 10:37:12,889] [basehttp.py:157] [basehttp:log_message] [INFO]- "POST /ipmitool/api/ipmi/ HTTP/1.1" 200 22
[2020-07-14 10:37:12,898] [basehttp.py:157] [basehttp:log_message] [INFO]- "POST /ipmitool/api/ipmi/ HTTP/1.1" 200 22
[2020-07-14 10:37:12,899] [basehttp.py:157] [basehttp:log_message] [INFO]- "POST /ipmitool/api/ipmi/ HTTP/1.1" 200 22
[2020-07-14 10:37:12,907] [basehttp.py:157] [basehttp:log_message] [INFO]- "POST /ipmitool/api/ipmi/ HTTP/1.1" 200 22
[2020-07-14 10:37:12,907] [basehttp.py:157] [basehttp:log_message] [INFO]- "POST /ipmitool/api/ipmi/ HTTP/1.1" 200 22
[2020-07-14 10:37:12,907] [basehttp.py:157] [basehttp:log_message] [INFO]- "POST /ipmitool/api/ipmi/ HTTP/1.1" 200 22
[2020-07-14 13:42:10,345] [autoreload.py:222] [autoreload:trigger_reload] [INFO]- /Users/yangxiaotong/svn/TIP_toolkit/quality_inspection/python-workspace/project_ipmitool/ipmitool/views.py changed, reloading.
[2020-07-14 13:42:10,827] [autoreload.py:598] [autoreload:run_with_reloader] [INFO]- Watching for file changes with StatReloader
[2020-07-14 13:51:09,204] [autoreload.py:222] [autoreload:trigger_reload] [INFO]- /Users/yangxiaotong/svn/TIP_toolkit/quality_inspection/python-workspace/project_ipmitool/ipmitool/views.py changed, reloading.
[2020-07-14 13:51:09,721] [autoreload.py:598] [autoreload:run_with_reloader] [INFO]- Watching for file changes with StatReloader
[2020-07-15 13:41:17,566] [autoreload.py:222] [autoreload:trigger_reload] [INFO]- /Users/yangxiaotong/svn/TIP_toolkit/quality_inspection/python-workspace/project_ipmitool/ipmitool/views.py changed, reloading.
