[2020-10-20 09:11:44,181] [autoreload.py:598] [autoreload:run_with_reloader] [INFO]- Watching for file changes with StatReloader
[2020-10-20 09:25:51,990] [basehttp.py:157] [basehttp:log_message] [INFO]- "GET /sys/api/user/role/?username=wl&application=sys&type=menu HTTP/1.1" 200 1161
[2020-10-20 09:25:51,990] [basehttp.py:157] [basehttp:log_message] [INFO]- "GET /sys/api/user/role/?username=wl&application=sys&type=button HTTP/1.1" 200 291
[2020-10-20 09:25:55,609] [basehttp.py:157] [basehttp:log_message] [INFO]- "GET /sys/api/menu/ HTTP/1.1" 200 31720
[2020-10-20 09:32:15,024] [basehttp.py:157] [basehttp:log_message] [INFO]- "GET /sys/api/menu/ HTTP/1.1" 200 31720
[2020-10-20 09:32:15,047] [basehttp.py:157] [basehttp:log_message] [INFO]- "GET /sys/api/user/role/?username=wl&application=sys&type=button HTTP/1.1" 200 291
[2020-10-20 09:32:15,064] [basehttp.py:157] [basehttp:log_message] [INFO]- "GET /sys/api/user/role/?username=wl&application=sys&type=menu HTTP/1.1" 200 1161
[2020-10-20 09:33:25,973] [basehttp.py:157] [basehttp:log_message] [INFO]- "GET /sys/api/menu/ HTTP/1.1" 200 31720
[2020-10-20 09:33:26,030] [basehttp.py:157] [basehttp:log_message] [INFO]- "GET /sys/api/user/role/?username=wl&application=sys&type=menu HTTP/1.1" 200 1161
[2020-10-20 09:33:26,033] [basehttp.py:157] [basehttp:log_message] [INFO]- "GET /sys/api/user/role/?username=wl&application=sys&type=button HTTP/1.1" 200 291
[2020-10-20 09:33:53,813] [basehttp.py:157] [basehttp:log_message] [INFO]- "GET /sys/api/menu/ HTTP/1.1" 200 31720
[2020-10-20 09:33:53,813] [basehttp.py:157] [basehttp:log_message] [INFO]- "GET /sys/api/user/role/?username=wl&application=sys&type=menu HTTP/1.1" 200 1161
[2020-10-20 09:33:53,833] [basehttp.py:157] [basehttp:log_message] [INFO]- "GET /sys/api/user/role/?username=wl&application=sys&type=button HTTP/1.1" 200 291
[2020-10-20 09:34:18,074] [basehttp.py:157] [basehttp:log_message] [INFO]- "GET /sys/api/menu/ HTTP/1.1" 200 31720
[2020-10-20 09:34:18,099] [basehttp.py:157] [basehttp:log_message] [INFO]- "GET /sys/api/user/role/?username=wl&application=sys&type=button HTTP/1.1" 200 291
[2020-10-20 09:34:18,099] [basehttp.py:157] [basehttp:log_message] [INFO]- "GET /sys/api/user/role/?username=wl&application=sys&type=menu HTTP/1.1" 200 1161
[2020-10-20 12:43:01,094] [log.py:222] [log:log_response] [WARNING]- Forbidden: /sys/api/role/
[2020-10-20 12:43:01,166] [basehttp.py:157] [basehttp:log_message] [WARNING]- "GET /sys/api/role/?current_page=1&pre_page=10 HTTP/1.1" 403 31
[2020-10-20 14:49:03,471] [basehttp.py:157] [basehttp:log_message] [INFO]- "POST /sys/api/auth/ HTTP/1.1" 200 65
[2020-10-20 15:06:51,604] [autoreload.py:222] [autoreload:trigger_reload] [INFO]- /home/rock/quality_inspection/python-workspace/project-sys/sys_auth/views.py changed, reloading.
[2020-10-20 15:06:58,845] [autoreload.py:598] [autoreload:run_with_reloader] [INFO]- Watching for file changes with StatReloader
[2020-10-20 15:14:11,052] [autoreload.py:222] [autoreload:trigger_reload] [INFO]- /home/rock/quality_inspection/python-workspace/project-sys/sys_auth/views.py changed, reloading.
[2020-10-20 15:14:11,578] [autoreload.py:598] [autoreload:run_with_reloader] [INFO]- Watching for file changes with StatReloader
[2020-10-20 15:14:18,605] [autoreload.py:598] [autoreload:run_with_reloader] [INFO]- Watching for file changes with StatReloader
[2020-10-20 15:14:29,105] [basehttp.py:157] [basehttp:log_message] [INFO]- "GET /sys/api/user/role/?username=wl&application=sys&type=button HTTP/1.1" 200 291
[2020-10-20 15:14:29,106] [basehttp.py:157] [basehttp:log_message] [INFO]- "GET /sys/api/user/role/?username=wl&application=sys&type=menu HTTP/1.1" 200 1161
[2020-10-20 15:14:30,926] [basehttp.py:157] [basehttp:log_message] [INFO]- "GET /sys/api/user/?current_page=1&pre_page=10 HTTP/1.1" 200 223573
[2020-10-20 15:14:54,777] [log.py:222] [log:log_response] [WARNING]- Unauthorized: /sys/api/auth/
[2020-10-20 15:14:54,778] [basehttp.py:157] [basehttp:log_message] [WARNING]- "POST /sys/api/auth/ HTTP/1.1" 401 25
[2020-10-20 15:14:59,005] [log.py:222] [log:log_response] [WARNING]- Unauthorized: /sys/api/auth/
[2020-10-20 15:14:59,006] [basehttp.py:157] [basehttp:log_message] [WARNING]- "POST /sys/api/auth/ HTTP/1.1" 401 25
[2020-10-20 15:15:02,894] [log.py:222] [log:log_response] [WARNING]- Unauthorized: /sys/api/auth/
[2020-10-20 15:15:02,895] [basehttp.py:157] [basehttp:log_message] [WARNING]- "POST /sys/api/auth/ HTTP/1.1" 401 25
[2020-10-20 15:15:09,665] [basehttp.py:157] [basehttp:log_message] [INFO]- "POST /sys/api/auth/ HTTP/1.1" 200 65
[2020-10-20 15:15:15,040] [basehttp.py:157] [basehttp:log_message] [INFO]- "GET /sys/api/user/role/?username=wl&application=sys&type=menu HTTP/1.1" 200 1161
[2020-10-20 15:15:15,042] [basehttp.py:157] [basehttp:log_message] [INFO]- "GET /sys/api/user/role/?username=wl&application=sys&type=button HTTP/1.1" 200 291
[2020-10-20 15:15:18,001] [basehttp.py:157] [basehttp:log_message] [INFO]- "GET /sys/api/user/?current_page=1&pre_page=10 HTTP/1.1" 200 223573
[2020-10-20 15:16:13,735] [basehttp.py:157] [basehttp:log_message] [INFO]- "POST /sys/api/user/ HTTP/1.1" 201 263
[2020-10-20 15:16:14,020] [basehttp.py:157] [basehttp:log_message] [INFO]- "GET /sys/api/user/?current_page=1&pre_page=10 HTTP/1.1" 200 223573
[2020-10-20 15:16:18,174] [basehttp.py:157] [basehttp:log_message] [INFO]- "GET /sys/api/user/?current_page=2&pre_page=10 HTTP/1.1" 200 92577
[2020-10-20 15:16:30,936] [basehttp.py:157] [basehttp:log_message] [INFO]- "POST /sys/api/auth/ HTTP/1.1" 200 65
[2020-10-20 15:16:34,641] [basehttp.py:157] [basehttp:log_message] [INFO]- "GET /sys/api/user/role/?username=test_user&application=sys&type=button HTTP/1.1" 200 2
[2020-10-20 15:16:34,657] [basehttp.py:157] [basehttp:log_message] [INFO]- "GET /sys/api/user/role/?username=test_user&application=sys&type=menu HTTP/1.1" 200 2
[2020-10-20 15:16:47,553] [basehttp.py:157] [basehttp:log_message] [INFO]- "POST /sys/api/auth/ HTTP/1.1" 200 65
[2020-10-20 15:16:55,589] [basehttp.py:157] [basehttp:log_message] [INFO]- "GET /sys/api/user/role/?username=wl&application=sys&type=menu HTTP/1.1" 200 1161
[2020-10-20 15:16:55,591] [basehttp.py:157] [basehttp:log_message] [INFO]- "GET /sys/api/user/role/?username=wl&application=sys&type=button HTTP/1.1" 200 291
[2020-10-20 15:16:57,492] [basehttp.py:157] [basehttp:log_message] [INFO]- "GET /sys/api/user/?current_page=1&pre_page=10 HTTP/1.1" 200 223573
[2020-10-20 15:17:02,421] [basehttp.py:157] [basehttp:log_message] [INFO]- "GET /sys/api/user/?current_page=2&pre_page=10 HTTP/1.1" 200 92577
[2020-10-20 15:17:04,409] [basehttp.py:157] [basehttp:log_message] [INFO]- "GET /sys/api/role/ HTTP/1.1" 200 58184
[2020-10-20 15:17:07,301] [basehttp.py:157] [basehttp:log_message] [INFO]- "PUT /sys/api/user/67/assign_user/ HTTP/1.1" 200 7497
[2020-10-20 15:17:07,572] [basehttp.py:157] [basehttp:log_message] [INFO]- "GET /sys/api/user/?current_page=2&pre_page=10 HTTP/1.1" 200 99811
[2020-10-20 15:17:19,102] [basehttp.py:157] [basehttp:log_message] [INFO]- "POST /sys/api/auth/ HTTP/1.1" 200 65
[2020-10-20 15:17:24,012] [basehttp.py:157] [basehttp:log_message] [INFO]- "GET /sys/api/user/role/?username=test_user&application=sys&type=button HTTP/1.1" 200 49
[2020-10-20 15:17:24,013] [basehttp.py:157] [basehttp:log_message] [INFO]- "GET /sys/api/user/role/?username=test_user&application=sys&type=menu HTTP/1.1" 200 1161
[2020-10-20 15:17:26,665] [basehttp.py:157] [basehttp:log_message] [INFO]- "GET /sys/api/user/?current_page=1&pre_page=10 HTTP/1.1" 200 223573
[2020-10-20 15:17:50,724] [basehttp.py:157] [basehttp:log_message] [INFO]- "GET /sys/api/user/?current_page=1&pre_page=10 HTTP/1.1" 200 223573
[2020-10-20 15:18:21,576] [basehttp.py:157] [basehttp:log_message] [INFO]- "POST /sys/api/auth/ HTTP/1.1" 200 65
[2020-10-20 15:18:26,613] [basehttp.py:157] [basehttp:log_message] [INFO]- "GET /sys/api/user/role/?username=wl&application=sys&type=menu HTTP/1.1" 200 1161
[2020-10-20 15:18:26,614] [basehttp.py:157] [basehttp:log_message] [INFO]- "GET /sys/api/user/role/?username=wl&application=sys&type=button HTTP/1.1" 200 291
[2020-10-20 15:18:28,668] [basehttp.py:157] [basehttp:log_message] [INFO]- "GET /sys/api/user/?current_page=1&pre_page=10 HTTP/1.1" 200 223573
[2020-10-20 15:18:31,558] [basehttp.py:157] [basehttp:log_message] [INFO]- "GET /sys/api/user/?current_page=2&pre_page=10 HTTP/1.1" 200 99811
[2020-10-20 15:18:34,715] [basehttp.py:157] [basehttp:log_message] [INFO]- "PUT /sys/api/user/delete/ HTTP/1.1" 200 1
[2020-10-20 15:18:34,908] [basehttp.py:157] [basehttp:log_message] [INFO]- "GET /sys/api/user/?current_page=2&pre_page=10 HTTP/1.1" 200 92313
[2020-10-20 15:18:46,619] [log.py:222] [log:log_response] [WARNING]- Unauthorized: /sys/api/auth/
[2020-10-20 15:18:46,620] [basehttp.py:157] [basehttp:log_message] [WARNING]- "POST /sys/api/auth/ HTTP/1.1" 401 28
[2020-10-20 15:18:51,094] [log.py:222] [log:log_response] [WARNING]- Unauthorized: /sys/api/auth/
[2020-10-20 15:18:51,095] [basehttp.py:157] [basehttp:log_message] [WARNING]- "POST /sys/api/auth/ HTTP/1.1" 401 28
[2020-10-20 15:18:55,084] [log.py:222] [log:log_response] [WARNING]- Unauthorized: /sys/api/auth/
[2020-10-20 15:18:55,085] [basehttp.py:157] [basehttp:log_message] [WARNING]- "POST /sys/api/auth/ HTTP/1.1" 401 28
[2020-10-20 15:18:57,238] [log.py:222] [log:log_response] [WARNING]- Unauthorized: /sys/api/auth/
[2020-10-20 15:18:57,240] [basehttp.py:157] [basehttp:log_message] [WARNING]- "POST /sys/api/auth/ HTTP/1.1" 401 28
[2020-10-20 15:18:59,591] [log.py:222] [log:log_response] [WARNING]- Unauthorized: /sys/api/auth/
[2020-10-20 15:18:59,592] [basehttp.py:157] [basehttp:log_message] [WARNING]- "POST /sys/api/auth/ HTTP/1.1" 401 28
[2020-10-20 15:20:33,283] [log.py:222] [log:log_response] [WARNING]- Unauthorized: /sys/api/auth/
[2020-10-20 15:20:33,284] [basehttp.py:157] [basehttp:log_message] [WARNING]- "POST /sys/api/auth/ HTTP/1.1" 401 28
[2020-10-20 15:20:34,803] [log.py:222] [log:log_response] [WARNING]- Unauthorized: /sys/api/auth/
[2020-10-20 15:20:34,804] [basehttp.py:157] [basehttp:log_message] [WARNING]- "POST /sys/api/auth/ HTTP/1.1" 401 28
[2020-10-20 15:20:35,250] [log.py:222] [log:log_response] [WARNING]- Unauthorized: /sys/api/auth/
[2020-10-20 15:20:35,252] [basehttp.py:157] [basehttp:log_message] [WARNING]- "POST /sys/api/auth/ HTTP/1.1" 401 28
[2020-10-20 15:20:35,403] [log.py:222] [log:log_response] [WARNING]- Unauthorized: /sys/api/auth/
[2020-10-20 15:20:35,405] [basehttp.py:157] [basehttp:log_message] [WARNING]- "POST /sys/api/auth/ HTTP/1.1" 401 28
[2020-10-20 15:20:35,525] [log.py:222] [log:log_response] [WARNING]- Unauthorized: /sys/api/auth/
[2020-10-20 15:20:35,526] [basehttp.py:157] [basehttp:log_message] [WARNING]- "POST /sys/api/auth/ HTTP/1.1" 401 28
[2020-10-20 15:20:35,729] [log.py:222] [log:log_response] [WARNING]- Unauthorized: /sys/api/auth/
[2020-10-20 15:20:35,731] [basehttp.py:157] [basehttp:log_message] [WARNING]- "POST /sys/api/auth/ HTTP/1.1" 401 28
[2020-10-20 15:20:40,144] [log.py:222] [log:log_response] [WARNING]- Unauthorized: /sys/api/auth/
[2020-10-20 15:20:40,144] [basehttp.py:157] [basehttp:log_message] [WARNING]- "POST /sys/api/auth/ HTTP/1.1" 401 28
[2020-10-20 15:20:45,412] [log.py:222] [log:log_response] [WARNING]- Unauthorized: /sys/api/auth/
[2020-10-20 15:20:45,413] [basehttp.py:157] [basehttp:log_message] [WARNING]- "POST /sys/api/auth/ HTTP/1.1" 401 28
[2020-10-20 15:23:32,067] [basehttp.py:157] [basehttp:log_message] [INFO]- "POST /sys/api/auth/ HTTP/1.1" 200 65
[2020-10-20 15:29:22,589] [basehttp.py:157] [basehttp:log_message] [INFO]- "POST /sys/api/auth/ HTTP/1.1" 200 65
[2020-10-20 15:29:25,285] [basehttp.py:157] [basehttp:log_message] [INFO]- "GET /sys/api/user/role/?username=wl&application=sys&type=button HTTP/1.1" 200 291
[2020-10-20 15:29:25,285] [basehttp.py:157] [basehttp:log_message] [INFO]- "GET /sys/api/user/role/?username=wl&application=sys&type=menu HTTP/1.1" 200 1161
[2020-10-20 15:29:27,259] [basehttp.py:157] [basehttp:log_message] [INFO]- "GET /sys/api/user/?current_page=1&pre_page=10 HTTP/1.1" 200 223573
[2020-10-20 15:30:26,894] [basehttp.py:157] [basehttp:log_message] [INFO]- "GET /sys/api/user/?current_page=1&pre_page=10 HTTP/1.1" 200 223573
[2020-10-20 15:37:21,632] [basehttp.py:157] [basehttp:log_message] [INFO]- "GET /sys/api/user/role/?username=wl&application=sys&type=button HTTP/1.1" 200 291
[2020-10-20 15:37:21,647] [basehttp.py:157] [basehttp:log_message] [INFO]- "GET /sys/api/user/role/?username=wl&application=sys&type=menu HTTP/1.1" 200 1161
[2020-10-20 15:37:21,868] [basehttp.py:157] [basehttp:log_message] [INFO]- "GET /sys/api/user/?current_page=1&pre_page=10 HTTP/1.1" 200 223573
[2020-10-20 15:38:12,126] [basehttp.py:157] [basehttp:log_message] [INFO]- "GET /sys/api/user/?current_page=1&pre_page=10 HTTP/1.1" 200 223573
[2020-10-20 15:41:07,620] [basehttp.py:157] [basehttp:log_message] [INFO]- "GET /sys/api/user/role/?username=wl&application=sys&type=button HTTP/1.1" 200 291
[2020-10-20 15:41:07,620] [basehttp.py:157] [basehttp:log_message] [INFO]- "GET /sys/api/user/role/?username=wl&application=sys&type=menu HTTP/1.1" 200 1161
[2020-10-20 15:41:07,796] [basehttp.py:157] [basehttp:log_message] [INFO]- "GET /sys/api/user/?current_page=1&pre_page=10 HTTP/1.1" 200 223573
[2020-10-20 15:43:14,213] [basehttp.py:157] [basehttp:log_message] [INFO]- "GET /sys/api/user/role/?username=wl&application=sys&type=menu HTTP/1.1" 200 1161
[2020-10-20 15:43:14,214] [basehttp.py:157] [basehttp:log_message] [INFO]- "GET /sys/api/user/role/?username=wl&application=sys&type=button HTTP/1.1" 200 291
[2020-10-20 15:43:14,423] [basehttp.py:157] [basehttp:log_message] [INFO]- "GET /sys/api/user/?current_page=1&pre_page=10 HTTP/1.1" 200 223573
[2020-10-20 15:46:39,284] [basehttp.py:157] [basehttp:log_message] [INFO]- "GET /sys/api/user/?current_page=1&pre_page=10 HTTP/1.1" 200 223573
[2020-10-20 15:48:07,577] [basehttp.py:157] [basehttp:log_message] [INFO]- "GET /sys/api/user/role/?username=wl&application=sys&type=button HTTP/1.1" 200 291
[2020-10-20 15:48:07,578] [basehttp.py:157] [basehttp:log_message] [INFO]- "GET /sys/api/user/role/?username=wl&application=sys&type=menu HTTP/1.1" 200 1161
[2020-10-20 15:48:07,764] [basehttp.py:157] [basehttp:log_message] [INFO]- "GET /sys/api/user/?current_page=1&pre_page=10 HTTP/1.1" 200 223573
[2020-10-20 15:49:40,154] [basehttp.py:157] [basehttp:log_message] [INFO]- "GET /sys/api/user/role/?username=wl&application=sys&type=button HTTP/1.1" 200 291
[2020-10-20 15:49:40,155] [basehttp.py:157] [basehttp:log_message] [INFO]- "GET /sys/api/user/role/?username=wl&application=sys&type=menu HTTP/1.1" 200 1161
[2020-10-20 15:49:40,393] [basehttp.py:157] [basehttp:log_message] [INFO]- "GET /sys/api/user/?current_page=1&pre_page=10 HTTP/1.1" 200 223573
[2020-10-20 15:57:20,538] [basehttp.py:157] [basehttp:log_message] [INFO]- "GET /sys/api/user/role/?username=wl&application=sys&type=menu HTTP/1.1" 200 1161
[2020-10-20 15:57:20,586] [basehttp.py:157] [basehttp:log_message] [INFO]- "GET /sys/api/user/role/?username=wl&application=sys&type=button HTTP/1.1" 200 291
[2020-10-20 15:57:20,813] [basehttp.py:157] [basehttp:log_message] [INFO]- "GET /sys/api/user/?current_page=1&pre_page=10 HTTP/1.1" 200 223573
[2020-10-20 15:59:01,199] [basehttp.py:157] [basehttp:log_message] [INFO]- "GET /sys/api/user/?current_page=1&pre_page=10 HTTP/1.1" 200 223573
[2020-10-20 16:00:30,979] [basehttp.py:157] [basehttp:log_message] [INFO]- "GET /sys/api/user/role/?username=wl&application=sys&type=menu HTTP/1.1" 200 1161
[2020-10-20 16:00:30,981] [basehttp.py:157] [basehttp:log_message] [INFO]- "GET /sys/api/user/role/?username=wl&application=sys&type=button HTTP/1.1" 200 291
[2020-10-20 16:00:31,206] [basehttp.py:157] [basehttp:log_message] [INFO]- "GET /sys/api/user/?current_page=1&pre_page=10 HTTP/1.1" 200 223573
[2020-10-20 16:01:56,350] [basehttp.py:157] [basehttp:log_message] [INFO]- "GET /sys/api/user/?current_page=1&pre_page=10 HTTP/1.1" 200 223573
[2020-10-20 16:05:39,087] [basehttp.py:157] [basehttp:log_message] [INFO]- "GET /sys/api/user/role/?username=wl&application=sys&type=button HTTP/1.1" 200 291
[2020-10-20 16:05:39,087] [basehttp.py:157] [basehttp:log_message] [INFO]- "GET /sys/api/user/role/?username=wl&application=sys&type=menu HTTP/1.1" 200 1161
[2020-10-20 16:05:39,301] [basehttp.py:157] [basehttp:log_message] [INFO]- "GET /sys/api/user/?current_page=1&pre_page=10 HTTP/1.1" 200 223573
[2020-10-20 16:05:46,741] [basehttp.py:157] [basehttp:log_message] [INFO]- "GET /sys/api/user/role/?username=wl&application=sys&type=button HTTP/1.1" 200 291
[2020-10-20 16:05:46,756] [basehttp.py:157] [basehttp:log_message] [INFO]- "GET /sys/api/user/role/?username=wl&application=sys&type=menu HTTP/1.1" 200 1161
[2020-10-20 16:05:47,018] [basehttp.py:157] [basehttp:log_message] [INFO]- "GET /sys/api/user/?current_page=1&pre_page=10 HTTP/1.1" 200 223573
[2020-10-20 16:24:13,105] [log.py:222] [log:log_response] [WARNING]- Bad Request: /sys/api/user/
[2020-10-20 16:24:13,131] [basehttp.py:157] [basehttp:log_message] [WARNING]- "POST /sys/api/user/ HTTP/1.1" 400 47
[2020-10-20 16:28:45,670] [basehttp.py:157] [basehttp:log_message] [INFO]- "GET /sys/api/user/role/?username=wl&application=sys&type=menu HTTP/1.1" 200 1161
[2020-10-20 16:28:45,671] [basehttp.py:157] [basehttp:log_message] [INFO]- "GET /sys/api/user/role/?username=wl&application=sys&type=button HTTP/1.1" 200 291
[2020-10-20 16:28:45,932] [basehttp.py:157] [basehttp:log_message] [INFO]- "GET /sys/api/user/?current_page=1&pre_page=10 HTTP/1.1" 200 223573
[2020-10-20 17:04:40,816] [basehttp.py:157] [basehttp:log_message] [INFO]- "GET /sys/api/role/?current_page=1&pre_page=10 HTTP/1.1" 200 58255
[2020-10-20 17:04:43,063] [basehttp.py:157] [basehttp:log_message] [INFO]- "GET /sys/api/role/3/menu/ HTTP/1.1" 200 4534
[2020-10-20 17:04:43,075] [basehttp.py:157] [basehttp:log_message] [INFO]- "GET /sys/api/role/3/to_menu/ HTTP/1.1" 200 29694
[2020-10-20 17:04:47,103] [basehttp.py:157] [basehttp:log_message] [INFO]- "GET /sys/api/role/1/menu/ HTTP/1.1" 200 32003
[2020-10-20 17:04:47,106] [basehttp.py:157] [basehttp:log_message] [INFO]- "GET /sys/api/role/1/to_menu/ HTTP/1.1" 200 2
[2020-10-20 17:05:04,272] [basehttp.py:157] [basehttp:log_message] [INFO]- "GET /sys/api/role/2/menu/ HTTP/1.1" 200 7104
[2020-10-20 17:05:04,293] [basehttp.py:157] [basehttp:log_message] [INFO]- "GET /sys/api/role/2/to_menu/ HTTP/1.1" 200 27704
[2020-10-20 17:06:30,702] [basehttp.py:157] [basehttp:log_message] [INFO]- "PUT /sys/api/role/2/remove_menu/ HTTP/1.1" 200 6961
[2020-10-20 17:06:30,890] [basehttp.py:157] [basehttp:log_message] [INFO]- "GET /sys/api/role/2/menu/ HTTP/1.1" 200 6831
[2020-10-20 17:06:30,898] [basehttp.py:157] [basehttp:log_message] [INFO]- "GET /sys/api/role/2/to_menu/ HTTP/1.1" 200 27977
[2020-10-20 17:06:41,708] [basehttp.py:157] [basehttp:log_message] [INFO]- "PUT /sys/api/role/2/assign_menu/ HTTP/1.1" 200 7519
[2020-10-20 17:06:41,817] [basehttp.py:157] [basehttp:log_message] [INFO]- "GET /sys/api/role/2/menu/ HTTP/1.1" 200 7389
[2020-10-20 17:06:41,829] [basehttp.py:157] [basehttp:log_message] [INFO]- "GET /sys/api/role/2/to_menu/ HTTP/1.1" 200 27704
[2020-10-20 17:07:10,131] [basehttp.py:157] [basehttp:log_message] [INFO]- "GET /sys/api/role/3/menu/ HTTP/1.1" 200 4534
[2020-10-20 17:07:10,136] [basehttp.py:157] [basehttp:log_message] [INFO]- "GET /sys/api/role/3/to_menu/ HTTP/1.1" 200 29694
[2020-10-20 17:08:46,896] [basehttp.py:157] [basehttp:log_message] [INFO]- "GET /sys/api/role/8/menu/ HTTP/1.1" 200 2
[2020-10-20 17:08:46,908] [basehttp.py:157] [basehttp:log_message] [INFO]- "GET /sys/api/role/8/to_menu/ HTTP/1.1" 200 32003
[2020-10-20 17:08:54,033] [basehttp.py:157] [basehttp:log_message] [INFO]- "GET /sys/api/role/7/menu/ HTTP/1.1" 200 3369
[2020-10-20 17:08:54,034] [basehttp.py:157] [basehttp:log_message] [INFO]- "GET /sys/api/role/7/to_menu/ HTTP/1.1" 200 30315
[2020-10-20 17:09:01,606] [basehttp.py:157] [basehttp:log_message] [INFO]- "GET /sys/api/role/9/menu/ HTTP/1.1" 200 7436
[2020-10-20 17:09:01,623] [basehttp.py:157] [basehttp:log_message] [INFO]- "GET /sys/api/role/9/to_menu/ HTTP/1.1" 200 25123
[2020-10-20 17:09:08,521] [basehttp.py:157] [basehttp:log_message] [INFO]- "GET /sys/api/role/4/menu/ HTTP/1.1" 200 2810
[2020-10-20 17:09:08,553] [basehttp.py:157] [basehttp:log_message] [INFO]- "GET /sys/api/role/4/to_menu/ HTTP/1.1" 200 30308
[2020-10-20 17:25:42,091] [basehttp.py:157] [basehttp:log_message] [INFO]- "POST /sys/api/auth/ HTTP/1.1" 200 65
