[2020-07-15 09:24:28,487] [autoreload.py:598] [autoreload:run_with_reloader] [INFO]- Watching for file changes with StatReloader
[2020-07-15 09:24:47,366] [basehttp.py:157] [basehttp:log_message] [INFO]- "GET /sys/api/user/role/?username=gzc&application=automation&type=button HTTP/1.1" 200 2
[2020-07-15 09:24:47,367] [basehttp.py:157] [basehttp:log_message] [INFO]- "GET /sys/api/user/role/?username=gzc&application=automation&type=menu HTTP/1.1" 200 3307
[2020-07-15 09:24:50,514] [basehttp.py:157] [basehttp:log_message] [INFO]- "POST /sys/api/auth/ HTTP/1.1" 200 65
[2020-07-15 09:35:32,316] [basehttp.py:157] [basehttp:log_message] [INFO]- "POST /sys/api/auth/ HTTP/1.1" 200 65
[2020-07-15 09:35:45,894] [basehttp.py:157] [basehttp:log_message] [INFO]- "POST /sys/api/auth/ HTTP/1.1" 200 65
[2020-07-15 09:35:52,947] [basehttp.py:157] [basehttp:log_message] [INFO]- "POST /sys/api/auth/ HTTP/1.1" 200 65
[2020-07-15 09:37:20,074] [basehttp.py:157] [basehttp:log_message] [INFO]- "POST /sys/api/auth/ HTTP/1.1" 200 65
[2020-07-15 09:37:40,308] [basehttp.py:157] [basehttp:log_message] [INFO]- "POST /sys/api/auth/ HTTP/1.1" 200 65
[2020-07-15 09:37:40,608] [basehttp.py:157] [basehttp:log_message] [INFO]- "GET /sys/api/user/role/?username=gzc&application=automation&type=menu HTTP/1.1" 200 3307
[2020-07-15 09:37:40,609] [basehttp.py:157] [basehttp:log_message] [INFO]- "GET /sys/api/user/role/?username=gzc&application=automation&type=button HTTP/1.1" 200 2
[2020-07-15 09:37:41,993] [basehttp.py:157] [basehttp:log_message] [INFO]- "POST /sys/api/auth/ HTTP/1.1" 200 65
[2020-07-15 09:37:51,625] [basehttp.py:157] [basehttp:log_message] [INFO]- "POST /sys/api/auth/ HTTP/1.1" 200 65
[2020-07-15 09:39:06,383] [basehttp.py:157] [basehttp:log_message] [INFO]- "POST /sys/api/auth/ HTTP/1.1" 200 65
[2020-07-15 09:39:06,749] [basehttp.py:157] [basehttp:log_message] [INFO]- "GET /sys/api/user/role/?username=gzc&application=automation&type=button HTTP/1.1" 200 2
[2020-07-15 09:39:06,750] [basehttp.py:157] [basehttp:log_message] [INFO]- "GET /sys/api/user/role/?username=gzc&application=automation&type=menu HTTP/1.1" 200 3307
[2020-07-15 09:39:08,602] [basehttp.py:157] [basehttp:log_message] [INFO]- "POST /sys/api/auth/ HTTP/1.1" 200 65
[2020-07-15 09:39:14,137] [basehttp.py:157] [basehttp:log_message] [INFO]- "POST /sys/api/auth/ HTTP/1.1" 200 65
[2020-07-15 09:43:06,161] [basehttp.py:157] [basehttp:log_message] [INFO]- "POST /sys/api/auth/ HTTP/1.1" 200 65
[2020-07-15 09:46:51,085] [basehttp.py:157] [basehttp:log_message] [INFO]- "POST /sys/api/auth/ HTTP/1.1" 200 65
[2020-07-15 09:46:55,012] [basehttp.py:157] [basehttp:log_message] [INFO]- "POST /sys/api/auth/ HTTP/1.1" 200 65
[2020-07-15 09:46:55,243] [basehttp.py:157] [basehttp:log_message] [INFO]- "GET /sys/api/user/role/?username=gzc&application=automation&type=menu HTTP/1.1" 200 3307
[2020-07-15 09:46:55,247] [basehttp.py:157] [basehttp:log_message] [INFO]- "GET /sys/api/user/role/?username=gzc&application=automation&type=button HTTP/1.1" 200 2
[2020-07-15 09:47:02,454] [basehttp.py:157] [basehttp:log_message] [INFO]- "POST /sys/api/auth/ HTTP/1.1" 200 65
[2020-07-15 09:47:02,657] [basehttp.py:157] [basehttp:log_message] [INFO]- "GET /sys/api/user/role/?username=gzc&application=automation&type=button HTTP/1.1" 200 2
[2020-07-15 09:47:02,660] [basehttp.py:157] [basehttp:log_message] [INFO]- "GET /sys/api/user/role/?username=gzc&application=automation&type=menu HTTP/1.1" 200 3307
[2020-07-15 09:47:47,054] [basehttp.py:157] [basehttp:log_message] [INFO]- "POST /sys/api/auth/ HTTP/1.1" 200 65
[2020-07-15 09:47:49,218] [basehttp.py:157] [basehttp:log_message] [INFO]- "POST /sys/api/auth/ HTTP/1.1" 200 65
[2020-07-15 09:47:49,430] [basehttp.py:157] [basehttp:log_message] [INFO]- "GET /sys/api/user/role/?username=gzc&application=automation&type=menu HTTP/1.1" 200 3307
[2020-07-15 09:47:49,498] [basehttp.py:157] [basehttp:log_message] [INFO]- "GET /sys/api/user/role/?username=gzc&application=automation&type=button HTTP/1.1" 200 2
[2020-07-15 09:49:00,904] [basehttp.py:157] [basehttp:log_message] [INFO]- "POST /sys/api/auth/ HTTP/1.1" 200 65
[2020-07-15 09:49:01,062] [basehttp.py:157] [basehttp:log_message] [INFO]- "GET /sys/api/user/role/?username=gzc&application=automation&type=menu HTTP/1.1" 200 3307
[2020-07-15 09:49:01,063] [basehttp.py:157] [basehttp:log_message] [INFO]- "GET /sys/api/user/role/?username=gzc&application=automation&type=button HTTP/1.1" 200 2
[2020-07-15 09:49:04,233] [basehttp.py:157] [basehttp:log_message] [INFO]- "POST /sys/api/auth/ HTTP/1.1" 200 65
[2020-07-15 09:49:09,715] [basehttp.py:157] [basehttp:log_message] [INFO]- "POST /sys/api/auth/ HTTP/1.1" 200 65
[2020-07-15 09:49:48,749] [basehttp.py:157] [basehttp:log_message] [INFO]- "POST /sys/api/auth/ HTTP/1.1" 200 65
[2020-07-15 09:49:48,910] [basehttp.py:157] [basehttp:log_message] [INFO]- "GET /sys/api/user/role/?username=gzc&application=automation&type=button HTTP/1.1" 200 2
[2020-07-15 09:49:48,911] [basehttp.py:157] [basehttp:log_message] [INFO]- "GET /sys/api/user/role/?username=gzc&application=automation&type=menu HTTP/1.1" 200 3307
[2020-07-15 09:49:50,434] [basehttp.py:157] [basehttp:log_message] [INFO]- "POST /sys/api/auth/ HTTP/1.1" 200 65
[2020-07-15 09:49:55,698] [basehttp.py:157] [basehttp:log_message] [INFO]- "POST /sys/api/auth/ HTTP/1.1" 200 65
[2020-07-15 09:50:30,968] [basehttp.py:157] [basehttp:log_message] [INFO]- "POST /sys/api/auth/ HTTP/1.1" 200 65
[2020-07-15 09:53:04,553] [basehttp.py:157] [basehttp:log_message] [INFO]- "POST /sys/api/auth/ HTTP/1.1" 200 65
[2020-07-15 09:55:56,769] [basehttp.py:157] [basehttp:log_message] [INFO]- "POST /sys/api/auth/ HTTP/1.1" 200 65
[2020-07-15 09:55:57,031] [basehttp.py:157] [basehttp:log_message] [INFO]- "GET /sys/api/user/role/?username=gzc&application=automation&type=menu HTTP/1.1" 200 3307
[2020-07-15 09:55:57,203] [basehttp.py:157] [basehttp:log_message] [INFO]- "GET /sys/api/user/role/?username=gzc&application=automation&type=button HTTP/1.1" 200 2
[2020-07-15 09:55:59,633] [basehttp.py:157] [basehttp:log_message] [INFO]- "POST /sys/api/auth/ HTTP/1.1" 200 65
[2020-07-15 09:56:36,420] [basehttp.py:157] [basehttp:log_message] [INFO]- "POST /sys/api/auth/ HTTP/1.1" 200 65
[2020-07-15 09:56:36,619] [basehttp.py:157] [basehttp:log_message] [INFO]- "GET /sys/api/user/role/?username=gzc&application=automation&type=button HTTP/1.1" 200 2
[2020-07-15 09:56:36,620] [basehttp.py:157] [basehttp:log_message] [INFO]- "GET /sys/api/user/role/?username=gzc&application=automation&type=menu HTTP/1.1" 200 3307
[2020-07-15 09:56:38,098] [basehttp.py:157] [basehttp:log_message] [INFO]- "POST /sys/api/auth/ HTTP/1.1" 200 65
[2020-07-15 09:56:43,613] [basehttp.py:157] [basehttp:log_message] [INFO]- "POST /sys/api/auth/ HTTP/1.1" 200 65
[2020-07-15 09:58:38,790] [basehttp.py:157] [basehttp:log_message] [INFO]- "POST /sys/api/auth/ HTTP/1.1" 200 65
[2020-07-15 09:58:40,413] [basehttp.py:157] [basehttp:log_message] [INFO]- "POST /sys/api/auth/ HTTP/1.1" 200 65
[2020-07-15 09:58:40,650] [basehttp.py:157] [basehttp:log_message] [INFO]- "GET /sys/api/user/role/?username=gzc&application=automation&type=menu HTTP/1.1" 200 3307
[2020-07-15 09:58:40,659] [basehttp.py:157] [basehttp:log_message] [INFO]- "GET /sys/api/user/role/?username=gzc&application=automation&type=button HTTP/1.1" 200 2
[2020-07-15 09:58:42,714] [basehttp.py:157] [basehttp:log_message] [INFO]- "POST /sys/api/auth/ HTTP/1.1" 200 65
[2020-07-15 09:58:48,040] [basehttp.py:157] [basehttp:log_message] [INFO]- "POST /sys/api/auth/ HTTP/1.1" 200 65
[2020-07-15 10:02:03,958] [basehttp.py:157] [basehttp:log_message] [INFO]- "POST /sys/api/auth/ HTTP/1.1" 200 65
[2020-07-15 10:02:06,299] [basehttp.py:157] [basehttp:log_message] [INFO]- "POST /sys/api/auth/ HTTP/1.1" 200 65
[2020-07-15 10:02:06,655] [basehttp.py:157] [basehttp:log_message] [INFO]- "GET /sys/api/user/role/?username=gzc&application=automation&type=button HTTP/1.1" 200 2
[2020-07-15 10:02:06,722] [basehttp.py:157] [basehttp:log_message] [INFO]- "GET /sys/api/user/role/?username=gzc&application=automation&type=menu HTTP/1.1" 200 3307
[2020-07-15 10:02:22,001] [basehttp.py:157] [basehttp:log_message] [INFO]- "POST /sys/api/auth/ HTTP/1.1" 200 65
[2020-07-15 10:02:22,185] [basehttp.py:157] [basehttp:log_message] [INFO]- "GET /sys/api/user/role/?username=gzc&application=automation&type=menu HTTP/1.1" 200 3307
[2020-07-15 10:02:22,191] [basehttp.py:157] [basehttp:log_message] [INFO]- "GET /sys/api/user/role/?username=gzc&application=automation&type=button HTTP/1.1" 200 2
[2020-07-15 10:02:23,775] [basehttp.py:157] [basehttp:log_message] [INFO]- "POST /sys/api/auth/ HTTP/1.1" 200 65
[2020-07-15 10:02:29,329] [basehttp.py:157] [basehttp:log_message] [INFO]- "POST /sys/api/auth/ HTTP/1.1" 200 65
[2020-07-15 10:06:46,778] [basehttp.py:157] [basehttp:log_message] [INFO]- "POST /sys/api/auth/ HTTP/1.1" 200 65
[2020-07-15 10:07:19,066] [basehttp.py:157] [basehttp:log_message] [INFO]- "POST /sys/api/auth/ HTTP/1.1" 200 65
[2020-07-15 10:07:19,245] [basehttp.py:157] [basehttp:log_message] [INFO]- "GET /sys/api/user/role/?username=gzc&application=automation&type=menu HTTP/1.1" 200 3307
[2020-07-15 10:07:19,288] [basehttp.py:157] [basehttp:log_message] [INFO]- "GET /sys/api/user/role/?username=gzc&application=automation&type=button HTTP/1.1" 200 2
[2020-07-15 10:07:20,548] [basehttp.py:157] [basehttp:log_message] [INFO]- "POST /sys/api/auth/ HTTP/1.1" 200 65
[2020-07-15 10:07:27,723] [basehttp.py:157] [basehttp:log_message] [INFO]- "POST /sys/api/auth/ HTTP/1.1" 200 65
[2020-07-15 10:07:53,649] [basehttp.py:157] [basehttp:log_message] [INFO]- "POST /sys/api/auth/ HTTP/1.1" 200 65
[2020-07-15 10:07:59,628] [basehttp.py:157] [basehttp:log_message] [INFO]- "POST /sys/api/auth/ HTTP/1.1" 200 65
[2020-07-15 10:08:00,051] [basehttp.py:157] [basehttp:log_message] [INFO]- "GET /sys/api/user/role/?username=gzc&application=automation&type=button HTTP/1.1" 200 2
[2020-07-15 10:08:00,052] [basehttp.py:157] [basehttp:log_message] [INFO]- "GET /sys/api/user/role/?username=gzc&application=automation&type=menu HTTP/1.1" 200 3307
[2020-07-15 10:08:03,202] [basehttp.py:157] [basehttp:log_message] [INFO]- "POST /sys/api/auth/ HTTP/1.1" 200 65
[2020-07-15 10:08:03,318] [basehttp.py:157] [basehttp:log_message] [INFO]- "GET /sys/api/user/role/?username=gzc&application=automation&type=menu HTTP/1.1" 200 3307
[2020-07-15 10:08:03,425] [basehttp.py:157] [basehttp:log_message] [INFO]- "GET /sys/api/user/role/?username=gzc&application=automation&type=button HTTP/1.1" 200 2
[2020-07-15 10:08:09,972] [basehttp.py:157] [basehttp:log_message] [INFO]- "POST /sys/api/auth/ HTTP/1.1" 200 65
[2020-07-15 10:08:10,245] [basehttp.py:157] [basehttp:log_message] [INFO]- "GET /sys/api/user/role/?username=gzc&application=automation&type=menu HTTP/1.1" 200 3307
[2020-07-15 10:08:10,247] [basehttp.py:157] [basehttp:log_message] [INFO]- "GET /sys/api/user/role/?username=gzc&application=automation&type=button HTTP/1.1" 200 2
[2020-07-15 10:08:21,528] [basehttp.py:157] [basehttp:log_message] [INFO]- "POST /sys/api/auth/ HTTP/1.1" 200 65
[2020-07-15 10:08:21,857] [basehttp.py:157] [basehttp:log_message] [INFO]- "GET /sys/api/user/role/?username=gzc&application=automation&type=button HTTP/1.1" 200 2
[2020-07-15 10:08:21,861] [basehttp.py:157] [basehttp:log_message] [INFO]- "GET /sys/api/user/role/?username=gzc&application=automation&type=menu HTTP/1.1" 200 3307
[2020-07-15 10:11:18,148] [basehttp.py:157] [basehttp:log_message] [INFO]- "POST /sys/api/auth/ HTTP/1.1" 200 65
[2020-07-15 10:12:26,876] [basehttp.py:157] [basehttp:log_message] [INFO]- "POST /sys/api/auth/ HTTP/1.1" 200 65
[2020-07-15 10:12:27,037] [basehttp.py:157] [basehttp:log_message] [INFO]- "GET /sys/api/user/role/?username=gzc&application=automation&type=menu HTTP/1.1" 200 3307
[2020-07-15 10:12:27,054] [basehttp.py:157] [basehttp:log_message] [INFO]- "GET /sys/api/user/role/?username=gzc&application=automation&type=button HTTP/1.1" 200 2
[2020-07-15 10:12:28,643] [basehttp.py:157] [basehttp:log_message] [INFO]- "POST /sys/api/auth/ HTTP/1.1" 200 65
[2020-07-15 10:12:34,757] [basehttp.py:157] [basehttp:log_message] [INFO]- "POST /sys/api/auth/ HTTP/1.1" 200 65
[2020-07-15 10:27:23,642] [log.py:222] [log:log_response] [WARNING]- Unauthorized: /sys/api/auth/
[2020-07-15 10:27:23,644] [basehttp.py:157] [basehttp:log_message] [WARNING]- "POST /sys/api/auth/ HTTP/1.1" 401 28
[2020-07-15 10:27:23,660] [log.py:222] [log:log_response] [WARNING]- Forbidden: /sys/api/user/role/
[2020-07-15 10:27:23,662] [basehttp.py:157] [basehttp:log_message] [WARNING]- "GET /sys/api/user/role/?username=gzc&application=automation&type=menu HTTP/1.1" 403 31
[2020-07-15 10:27:23,665] [log.py:222] [log:log_response] [WARNING]- Forbidden: /sys/api/user/role/
[2020-07-15 10:27:23,666] [basehttp.py:157] [basehttp:log_message] [WARNING]- "GET /sys/api/user/role/?username=gzc&application=automation&type=button HTTP/1.1" 403 31
[2020-07-15 10:27:32,076] [log.py:222] [log:log_response] [WARNING]- Unauthorized: /sys/api/auth/
[2020-07-15 10:27:32,076] [basehttp.py:157] [basehttp:log_message] [WARNING]- "POST /sys/api/auth/ HTTP/1.1" 401 25
[2020-07-15 10:30:02,869] [log.py:222] [log:log_response] [WARNING]- Unauthorized: /sys/api/auth/
[2020-07-15 10:30:02,870] [basehttp.py:157] [basehttp:log_message] [WARNING]- "POST /sys/api/auth/ HTTP/1.1" 401 25
[2020-07-15 10:30:19,436] [log.py:222] [log:log_response] [WARNING]- Unauthorized: /sys/api/auth/
[2020-07-15 10:30:19,436] [basehttp.py:157] [basehttp:log_message] [WARNING]- "POST /sys/api/auth/ HTTP/1.1" 401 25
[2020-07-15 10:30:20,687] [log.py:222] [log:log_response] [WARNING]- Unauthorized: /sys/api/auth/
[2020-07-15 10:30:20,687] [basehttp.py:157] [basehttp:log_message] [WARNING]- "POST /sys/api/auth/ HTTP/1.1" 401 25
[2020-07-15 10:30:29,350] [log.py:222] [log:log_response] [WARNING]- Unauthorized: /sys/api/auth/
[2020-07-15 10:30:29,351] [basehttp.py:157] [basehttp:log_message] [WARNING]- "POST /sys/api/auth/ HTTP/1.1" 401 25
[2020-07-15 10:31:43,033] [log.py:222] [log:log_response] [WARNING]- Unauthorized: /sys/api/auth/
[2020-07-15 10:31:43,033] [basehttp.py:157] [basehttp:log_message] [WARNING]- "POST /sys/api/auth/ HTTP/1.1" 401 25
[2020-07-15 10:32:58,139] [log.py:222] [log:log_response] [WARNING]- Unauthorized: /sys/api/auth/
[2020-07-15 10:32:58,139] [basehttp.py:157] [basehttp:log_message] [WARNING]- "POST /sys/api/auth/ HTTP/1.1" 401 25
[2020-07-15 10:33:30,164] [log.py:222] [log:log_response] [WARNING]- Unauthorized: /sys/api/auth/
[2020-07-15 10:33:30,165] [basehttp.py:157] [basehttp:log_message] [WARNING]- "POST /sys/api/auth/ HTTP/1.1" 401 25
[2020-07-15 10:33:34,351] [log.py:222] [log:log_response] [WARNING]- Unauthorized: /sys/api/auth/
[2020-07-15 10:33:34,351] [basehttp.py:157] [basehttp:log_message] [WARNING]- "POST /sys/api/auth/ HTTP/1.1" 401 25
[2020-07-15 10:34:21,751] [log.py:222] [log:log_response] [WARNING]- Unauthorized: /sys/api/auth/
[2020-07-15 10:34:21,751] [basehttp.py:157] [basehttp:log_message] [WARNING]- "POST /sys/api/auth/ HTTP/1.1" 401 25
[2020-07-15 10:35:52,226] [log.py:222] [log:log_response] [WARNING]- Unauthorized: /sys/api/auth/
[2020-07-15 10:35:52,226] [basehttp.py:157] [basehttp:log_message] [WARNING]- "POST /sys/api/auth/ HTTP/1.1" 401 25
[2020-07-15 10:36:47,286] [log.py:222] [log:log_response] [WARNING]- Unauthorized: /sys/api/auth/
[2020-07-15 10:36:47,287] [basehttp.py:157] [basehttp:log_message] [WARNING]- "POST /sys/api/auth/ HTTP/1.1" 401 25
[2020-07-15 10:36:56,458] [log.py:222] [log:log_response] [WARNING]- Unauthorized: /sys/api/auth/
[2020-07-15 10:36:56,458] [basehttp.py:157] [basehttp:log_message] [WARNING]- "POST /sys/api/auth/ HTTP/1.1" 401 25
[2020-07-15 10:37:35,965] [log.py:222] [log:log_response] [WARNING]- Unauthorized: /sys/api/auth/
[2020-07-15 10:37:35,965] [basehttp.py:157] [basehttp:log_message] [WARNING]- "POST /sys/api/auth/ HTTP/1.1" 401 25
[2020-07-15 10:38:49,339] [log.py:222] [log:log_response] [WARNING]- Unauthorized: /sys/api/auth/
[2020-07-15 10:38:49,341] [basehttp.py:157] [basehttp:log_message] [WARNING]- "POST /sys/api/auth/ HTTP/1.1" 401 28
[2020-07-15 10:39:11,748] [log.py:222] [log:log_response] [WARNING]- Unauthorized: /sys/api/auth/
[2020-07-15 10:39:11,750] [basehttp.py:157] [basehttp:log_message] [WARNING]- "POST /sys/api/auth/ HTTP/1.1" 401 28
[2020-07-15 10:39:31,854] [log.py:222] [log:log_response] [WARNING]- Unauthorized: /sys/api/auth/
[2020-07-15 10:39:31,858] [basehttp.py:157] [basehttp:log_message] [WARNING]- "POST /sys/api/auth/ HTTP/1.1" 401 28
[2020-07-15 10:39:51,057] [log.py:222] [log:log_response] [WARNING]- Unauthorized: /sys/api/auth/
[2020-07-15 10:39:51,057] [basehttp.py:157] [basehttp:log_message] [WARNING]- "POST /sys/api/auth/ HTTP/1.1" 401 25
[2020-07-15 10:40:34,845] [log.py:222] [log:log_response] [WARNING]- Unauthorized: /sys/api/auth/
[2020-07-15 10:40:34,846] [basehttp.py:157] [basehttp:log_message] [WARNING]- "POST /sys/api/auth/ HTTP/1.1" 401 25
[2020-07-15 10:41:05,182] [basehttp.py:157] [basehttp:log_message] [INFO]- "POST /sys/api/auth/ HTTP/1.1" 200 65
[2020-07-15 10:41:19,853] [basehttp.py:157] [basehttp:log_message] [INFO]- "GET /sys/api/user/role?username=admin&application=sys&type=menu HTTP/1.1" 301 0
[2020-07-15 10:41:19,858] [basehttp.py:157] [basehttp:log_message] [INFO]- "GET /sys/api/user/role?username=admin&application=sys&type=button HTTP/1.1" 301 0
[2020-07-15 10:41:20,151] [basehttp.py:157] [basehttp:log_message] [INFO]- "GET /sys/api/user/role/?username=admin&application=sys&type=button HTTP/1.1" 200 291
[2020-07-15 10:41:20,153] [basehttp.py:157] [basehttp:log_message] [INFO]- "GET /sys/api/user/role/?username=admin&application=sys&type=menu HTTP/1.1" 200 1161
[2020-07-15 10:41:22,848] [basehttp.py:157] [basehttp:log_message] [INFO]- "GET /sys/api/user/?current_page=1&pre_page=10 HTTP/1.1" 200 117157
[2020-07-15 10:41:26,302] [basehttp.py:157] [basehttp:log_message] [INFO]- "GET /sys/api/role/ HTTP/1.1" 200 40086
[2020-07-15 10:41:30,633] [basehttp.py:157] [basehttp:log_message] [INFO]- "PUT /sys/api/user/4/assign_user/ HTTP/1.1" 200 30952
[2020-07-15 10:41:31,189] [basehttp.py:157] [basehttp:log_message] [INFO]- "GET /sys/api/user/?current_page=1&pre_page=10 HTTP/1.1" 200 137405
[2020-07-15 10:41:40,797] [basehttp.py:157] [basehttp:log_message] [INFO]- "POST /sys/api/auth/ HTTP/1.1" 200 65
[2020-07-15 10:41:43,190] [basehttp.py:157] [basehttp:log_message] [INFO]- "GET /sys/api/user/role?username=wl&application=automation&type=menu HTTP/1.1" 301 0
[2020-07-15 10:41:43,191] [basehttp.py:157] [basehttp:log_message] [INFO]- "GET /sys/api/user/role?username=wl&application=automation&type=button HTTP/1.1" 301 0
[2020-07-15 10:41:43,517] [basehttp.py:157] [basehttp:log_message] [INFO]- "GET /sys/api/user/role/?username=wl&application=automation&type=menu HTTP/1.1" 200 3307
[2020-07-15 10:41:43,532] [basehttp.py:157] [basehttp:log_message] [INFO]- "GET /sys/api/user/role/?username=wl&application=automation&type=button HTTP/1.1" 200 2
[2020-07-15 10:41:45,416] [basehttp.py:157] [basehttp:log_message] [INFO]- "POST /sys/api/auth/ HTTP/1.1" 200 65
[2020-07-15 10:43:28,670] [basehttp.py:157] [basehttp:log_message] [INFO]- "POST /sys/api/auth/ HTTP/1.1" 200 65
[2020-07-15 10:43:35,179] [basehttp.py:157] [basehttp:log_message] [INFO]- "POST /sys/api/auth/ HTTP/1.1" 200 65
[2020-07-15 10:44:52,930] [basehttp.py:157] [basehttp:log_message] [INFO]- "POST /sys/api/auth/ HTTP/1.1" 200 65
[2020-07-15 10:44:53,816] [basehttp.py:157] [basehttp:log_message] [INFO]- "GET /sys/api/user/role/?username=wl&application=automation&type=button HTTP/1.1" 200 2
[2020-07-15 10:44:53,823] [basehttp.py:157] [basehttp:log_message] [INFO]- "GET /sys/api/user/role/?username=wl&application=automation&type=menu HTTP/1.1" 200 3307
[2020-07-15 10:45:08,898] [basehttp.py:157] [basehttp:log_message] [INFO]- "POST /sys/api/auth/ HTTP/1.1" 200 65
[2020-07-15 10:45:13,926] [basehttp.py:157] [basehttp:log_message] [INFO]- "POST /sys/api/auth/ HTTP/1.1" 200 65
[2020-07-15 10:45:41,276] [basehttp.py:157] [basehttp:log_message] [INFO]- "POST /sys/api/auth/ HTTP/1.1" 200 65
[2020-07-15 10:47:15,923] [basehttp.py:157] [basehttp:log_message] [INFO]- "POST /sys/api/auth/ HTTP/1.1" 200 65
[2020-07-15 10:47:16,233] [basehttp.py:157] [basehttp:log_message] [INFO]- "POST /sys/api/auth/ HTTP/1.1" 200 65
[2020-07-15 10:47:18,694] [basehttp.py:157] [basehttp:log_message] [INFO]- "POST /sys/api/auth/ HTTP/1.1" 200 65
[2020-07-15 10:47:21,944] [basehttp.py:157] [basehttp:log_message] [INFO]- "POST /sys/api/auth/ HTTP/1.1" 200 65
[2020-07-15 10:47:31,436] [basehttp.py:157] [basehttp:log_message] [INFO]- "POST /sys/api/auth/ HTTP/1.1" 200 65
[2020-07-15 10:47:57,985] [basehttp.py:157] [basehttp:log_message] [INFO]- "POST /sys/api/auth/ HTTP/1.1" 200 65
[2020-07-15 10:47:58,213] [basehttp.py:157] [basehttp:log_message] [INFO]- "GET /sys/api/user/role/?username=wl&application=automation&type=button HTTP/1.1" 200 2
[2020-07-15 10:47:58,226] [basehttp.py:157] [basehttp:log_message] [INFO]- "GET /sys/api/user/role/?username=wl&application=automation&type=menu HTTP/1.1" 200 3307
[2020-07-15 10:48:01,451] [basehttp.py:157] [basehttp:log_message] [INFO]- "POST /sys/api/auth/ HTTP/1.1" 200 65
[2020-07-15 10:48:06,724] [basehttp.py:157] [basehttp:log_message] [INFO]- "POST /sys/api/auth/ HTTP/1.1" 200 65
[2020-07-15 10:52:39,333] [basehttp.py:157] [basehttp:log_message] [INFO]- "POST /sys/api/auth/ HTTP/1.1" 200 65
[2020-07-15 10:54:09,989] [basehttp.py:157] [basehttp:log_message] [INFO]- "POST /sys/api/auth/ HTTP/1.1" 200 65
[2020-07-15 10:54:10,187] [basehttp.py:157] [basehttp:log_message] [INFO]- "GET /sys/api/user/role/?username=wl&application=automation&type=menu HTTP/1.1" 200 3307
[2020-07-15 10:54:10,204] [basehttp.py:157] [basehttp:log_message] [INFO]- "GET /sys/api/user/role/?username=wl&application=automation&type=button HTTP/1.1" 200 2
[2020-07-15 10:54:12,149] [basehttp.py:157] [basehttp:log_message] [INFO]- "POST /sys/api/auth/ HTTP/1.1" 200 65
[2020-07-15 10:54:13,870] [basehttp.py:157] [basehttp:log_message] [INFO]- "POST /sys/api/auth/ HTTP/1.1" 200 65
[2020-07-15 10:54:20,939] [basehttp.py:157] [basehttp:log_message] [INFO]- "POST /sys/api/auth/ HTTP/1.1" 200 65
[2020-07-15 11:02:01,704] [basehttp.py:157] [basehttp:log_message] [INFO]- "POST /sys/api/auth/ HTTP/1.1" 200 65
[2020-07-15 11:02:01,914] [basehttp.py:157] [basehttp:log_message] [INFO]- "GET /sys/api/user/role/?username=wl&application=automation&type=button HTTP/1.1" 200 2
[2020-07-15 11:02:01,917] [basehttp.py:157] [basehttp:log_message] [INFO]- "GET /sys/api/user/role/?username=wl&application=automation&type=menu HTTP/1.1" 200 3307
[2020-07-15 11:02:03,646] [basehttp.py:157] [basehttp:log_message] [INFO]- "POST /sys/api/auth/ HTTP/1.1" 200 65
[2020-07-15 11:02:05,416] [basehttp.py:157] [basehttp:log_message] [INFO]- "POST /sys/api/auth/ HTTP/1.1" 200 65
[2020-07-15 11:02:10,467] [basehttp.py:157] [basehttp:log_message] [INFO]- "POST /sys/api/auth/ HTTP/1.1" 200 65
[2020-07-15 11:19:29,451] [log.py:222] [log:log_response] [WARNING]- Unauthorized: /sys/api/auth/
[2020-07-15 11:19:29,452] [basehttp.py:157] [basehttp:log_message] [WARNING]- "POST /sys/api/auth/ HTTP/1.1" 401 39
[2020-07-15 11:19:29,460] [log.py:222] [log:log_response] [WARNING]- Forbidden: /sys/api/user/role/
[2020-07-15 11:19:29,461] [basehttp.py:157] [basehttp:log_message] [WARNING]- "GET /sys/api/user/role/?username=wl&application=automation&type=menu HTTP/1.1" 403 24
[2020-07-15 11:19:29,466] [log.py:222] [log:log_response] [WARNING]- Forbidden: /sys/api/user/role/
[2020-07-15 11:19:29,467] [basehttp.py:157] [basehttp:log_message] [WARNING]- "GET /sys/api/user/role/?username=wl&application=automation&type=button HTTP/1.1" 403 24
[2020-07-15 11:24:47,482] [basehttp.py:157] [basehttp:log_message] [INFO]- "POST /sys/api/auth/ HTTP/1.1" 200 65
[2020-07-15 11:24:51,663] [basehttp.py:157] [basehttp:log_message] [INFO]- "GET /sys/api/user/role/?username=wl&application=automation&type=menu HTTP/1.1" 200 3307
[2020-07-15 11:24:51,664] [basehttp.py:157] [basehttp:log_message] [INFO]- "GET /sys/api/user/role/?username=wl&application=automation&type=button HTTP/1.1" 200 2
[2020-07-15 11:24:54,439] [basehttp.py:157] [basehttp:log_message] [INFO]- "POST /sys/api/auth/ HTTP/1.1" 200 65
[2020-07-15 11:24:57,431] [basehttp.py:157] [basehttp:log_message] [INFO]- "POST /sys/api/auth/ HTTP/1.1" 200 65
[2020-07-15 11:25:02,992] [basehttp.py:157] [basehttp:log_message] [INFO]- "POST /sys/api/auth/ HTTP/1.1" 200 65
[2020-07-15 11:27:03,380] [basehttp.py:157] [basehttp:log_message] [INFO]- "POST /sys/api/auth/ HTTP/1.1" 200 65
[2020-07-15 11:27:03,604] [basehttp.py:157] [basehttp:log_message] [INFO]- "GET /sys/api/user/role/?username=wl&application=automation&type=menu HTTP/1.1" 200 3307
[2020-07-15 11:27:03,608] [basehttp.py:157] [basehttp:log_message] [INFO]- "GET /sys/api/user/role/?username=wl&application=automation&type=button HTTP/1.1" 200 2
[2020-07-15 11:27:05,784] [basehttp.py:157] [basehttp:log_message] [INFO]- "POST /sys/api/auth/ HTTP/1.1" 200 65
[2020-07-15 11:27:11,622] [basehttp.py:157] [basehttp:log_message] [INFO]- "POST /sys/api/auth/ HTTP/1.1" 200 65
[2020-07-15 11:30:02,435] [basehttp.py:157] [basehttp:log_message] [INFO]- "POST /sys/api/auth/ HTTP/1.1" 200 65
[2020-07-15 11:32:57,054] [basehttp.py:157] [basehttp:log_message] [INFO]- "POST /sys/api/auth/ HTTP/1.1" 200 65
[2020-07-15 11:32:57,271] [basehttp.py:157] [basehttp:log_message] [INFO]- "GET /sys/api/user/role/?username=wl&application=automation&type=menu HTTP/1.1" 200 3307
[2020-07-15 11:32:57,274] [basehttp.py:157] [basehttp:log_message] [INFO]- "GET /sys/api/user/role/?username=wl&application=automation&type=button HTTP/1.1" 200 2
[2020-07-15 11:32:59,349] [basehttp.py:157] [basehttp:log_message] [INFO]- "POST /sys/api/auth/ HTTP/1.1" 200 65
[2020-07-15 11:33:13,132] [basehttp.py:157] [basehttp:log_message] [INFO]- "POST /sys/api/auth/ HTTP/1.1" 200 65
[2020-07-15 13:47:11,824] [log.py:222] [log:log_response] [WARNING]- Unauthorized: /sys/api/auth/
[2020-07-15 13:47:11,852] [log.py:222] [log:log_response] [WARNING]- Forbidden: /sys/api/user/role/
[2020-07-15 13:47:11,977] [log.py:222] [log:log_response] [WARNING]- Forbidden: /sys/api/user/role/
[2020-07-15 13:47:12,342] [basehttp.py:157] [basehttp:log_message] [WARNING]- "POST /sys/api/auth/ HTTP/1.1" 401 39
[2020-07-15 13:47:12,344] [basehttp.py:157] [basehttp:log_message] [WARNING]- "GET /sys/api/user/role/?username=wl&application=automation&type=button HTTP/1.1" 403 24
[2020-07-15 13:47:12,345] [basehttp.py:157] [basehttp:log_message] [WARNING]- "GET /sys/api/user/role/?username=wl&application=automation&type=menu HTTP/1.1" 403 24
[2020-07-15 13:47:25,618] [basehttp.py:157] [basehttp:log_message] [INFO]- "POST /sys/api/auth/ HTTP/1.1" 200 65
[2020-07-15 13:47:30,032] [basehttp.py:157] [basehttp:log_message] [INFO]- "GET /sys/api/user/role/?username=wl&application=automation&type=menu HTTP/1.1" 200 3307
[2020-07-15 13:47:30,033] [basehttp.py:157] [basehttp:log_message] [INFO]- "GET /sys/api/user/role/?username=wl&application=automation&type=button HTTP/1.1" 200 2
[2020-07-15 13:47:33,151] [basehttp.py:157] [basehttp:log_message] [INFO]- "POST /sys/api/auth/ HTTP/1.1" 200 65
[2020-07-15 13:47:36,918] [basehttp.py:157] [basehttp:log_message] [INFO]- "POST /sys/api/auth/ HTTP/1.1" 200 65
[2020-07-15 13:47:38,530] [basehttp.py:157] [basehttp:log_message] [INFO]- "POST /sys/api/auth/ HTTP/1.1" 200 65
[2020-07-15 13:47:44,849] [basehttp.py:157] [basehttp:log_message] [INFO]- "POST /sys/api/auth/ HTTP/1.1" 200 65
[2020-07-15 14:03:34,095] [basehttp.py:157] [basehttp:log_message] [INFO]- "POST /sys/api/auth/ HTTP/1.1" 200 65
[2020-07-15 14:03:34,410] [basehttp.py:157] [basehttp:log_message] [INFO]- "GET /sys/api/user/role/?username=wl&application=automation&type=menu HTTP/1.1" 200 3307
[2020-07-15 14:03:34,428] [basehttp.py:157] [basehttp:log_message] [INFO]- "GET /sys/api/user/role/?username=wl&application=automation&type=button HTTP/1.1" 200 2
[2020-07-15 14:04:21,406] [basehttp.py:157] [basehttp:log_message] [INFO]- "POST /sys/api/auth/ HTTP/1.1" 200 65
[2020-07-15 14:04:21,541] [basehttp.py:157] [basehttp:log_message] [INFO]- "GET /sys/api/user/role/?username=wl&application=automation&type=menu HTTP/1.1" 200 3307
[2020-07-15 14:04:21,548] [basehttp.py:157] [basehttp:log_message] [INFO]- "GET /sys/api/user/role/?username=wl&application=automation&type=button HTTP/1.1" 200 2
[2020-07-15 14:04:24,132] [basehttp.py:157] [basehttp:log_message] [INFO]- "POST /sys/api/auth/ HTTP/1.1" 200 65
[2020-07-15 14:04:31,261] [basehttp.py:157] [basehttp:log_message] [INFO]- "POST /sys/api/auth/ HTTP/1.1" 200 65
[2020-07-15 14:06:42,749] [basehttp.py:157] [basehttp:log_message] [INFO]- "POST /sys/api/auth/ HTTP/1.1" 200 65
[2020-07-15 14:06:42,982] [basehttp.py:157] [basehttp:log_message] [INFO]- "GET /sys/api/user/role/?username=wl&application=automation&type=button HTTP/1.1" 200 2
[2020-07-15 14:06:42,988] [basehttp.py:157] [basehttp:log_message] [INFO]- "GET /sys/api/user/role/?username=wl&application=automation&type=menu HTTP/1.1" 200 3307
[2020-07-15 14:06:44,966] [basehttp.py:157] [basehttp:log_message] [INFO]- "POST /sys/api/auth/ HTTP/1.1" 200 65
[2020-07-15 14:06:49,445] [basehttp.py:157] [basehttp:log_message] [INFO]- "POST /sys/api/auth/ HTTP/1.1" 200 65
[2020-07-15 14:08:06,446] [basehttp.py:157] [basehttp:log_message] [INFO]- "POST /sys/api/auth/ HTTP/1.1" 200 65
[2020-07-15 14:08:09,675] [basehttp.py:157] [basehttp:log_message] [INFO]- "POST /sys/api/auth/ HTTP/1.1" 200 65
[2020-07-15 14:08:17,406] [basehttp.py:157] [basehttp:log_message] [INFO]- "POST /sys/api/auth/ HTTP/1.1" 200 65
[2020-07-15 14:15:36,951] [basehttp.py:157] [basehttp:log_message] [INFO]- "POST /sys/api/auth/ HTTP/1.1" 200 65
[2020-07-15 14:15:40,554] [basehttp.py:157] [basehttp:log_message] [INFO]- "POST /sys/api/auth/ HTTP/1.1" 200 65
[2020-07-15 14:15:40,740] [basehttp.py:157] [basehttp:log_message] [INFO]- "GET /sys/api/user/role/?username=wl&application=automation&type=menu HTTP/1.1" 200 3307
[2020-07-15 14:15:40,819] [basehttp.py:157] [basehttp:log_message] [INFO]- "GET /sys/api/user/role/?username=wl&application=automation&type=button HTTP/1.1" 200 2
[2020-07-15 14:15:43,861] [basehttp.py:157] [basehttp:log_message] [INFO]- "POST /sys/api/auth/ HTTP/1.1" 200 65
[2020-07-15 14:15:49,594] [basehttp.py:157] [basehttp:log_message] [INFO]- "POST /sys/api/auth/ HTTP/1.1" 200 65
[2020-07-15 14:17:15,839] [basehttp.py:157] [basehttp:log_message] [INFO]- "POST /sys/api/auth/ HTTP/1.1" 200 65
[2020-07-15 14:17:16,094] [basehttp.py:157] [basehttp:log_message] [INFO]- "GET /sys/api/user/role/?username=wl&application=automation&type=menu HTTP/1.1" 200 3307
[2020-07-15 14:17:16,094] [basehttp.py:157] [basehttp:log_message] [INFO]- "GET /sys/api/user/role/?username=wl&application=automation&type=button HTTP/1.1" 200 2
[2020-07-15 14:17:17,970] [basehttp.py:157] [basehttp:log_message] [INFO]- "POST /sys/api/auth/ HTTP/1.1" 200 65
[2020-07-15 14:17:23,282] [basehttp.py:157] [basehttp:log_message] [INFO]- "POST /sys/api/auth/ HTTP/1.1" 200 65
[2020-07-15 14:23:45,851] [log.py:222] [log:log_response] [WARNING]- Forbidden: /sys/api/user/role/
[2020-07-15 14:23:45,854] [log.py:222] [log:log_response] [WARNING]- Unauthorized: /sys/api/auth/
[2020-07-15 14:23:45,857] [basehttp.py:157] [basehttp:log_message] [WARNING]- "GET /sys/api/user/role/?username=wl&application=automation&type=menu HTTP/1.1" 403 24
[2020-07-15 14:23:45,859] [basehttp.py:157] [basehttp:log_message] [WARNING]- "POST /sys/api/auth/ HTTP/1.1" 401 39
[2020-07-15 14:23:45,872] [log.py:222] [log:log_response] [WARNING]- Forbidden: /sys/api/user/role/
[2020-07-15 14:23:45,873] [basehttp.py:157] [basehttp:log_message] [WARNING]- "GET /sys/api/user/role/?username=wl&application=automation&type=button HTTP/1.1" 403 24
[2020-07-15 14:23:58,454] [basehttp.py:157] [basehttp:log_message] [INFO]- "POST /sys/api/auth/ HTTP/1.1" 200 65
[2020-07-15 14:24:02,935] [basehttp.py:157] [basehttp:log_message] [INFO]- "GET /sys/api/user/role/?username=wl&application=automation&type=menu HTTP/1.1" 200 3307
[2020-07-15 14:24:02,943] [basehttp.py:157] [basehttp:log_message] [INFO]- "GET /sys/api/user/role/?username=wl&application=automation&type=button HTTP/1.1" 200 2
[2020-07-15 14:24:05,057] [basehttp.py:157] [basehttp:log_message] [INFO]- "POST /sys/api/auth/ HTTP/1.1" 200 65
[2020-07-15 14:24:08,180] [basehttp.py:157] [basehttp:log_message] [INFO]- "POST /sys/api/auth/ HTTP/1.1" 200 65
[2020-07-15 14:24:15,240] [basehttp.py:157] [basehttp:log_message] [INFO]- "POST /sys/api/auth/ HTTP/1.1" 200 65
[2020-07-15 14:25:14,617] [basehttp.py:157] [basehttp:log_message] [INFO]- "POST /sys/api/auth/ HTTP/1.1" 200 65
[2020-07-15 14:25:14,909] [basehttp.py:157] [basehttp:log_message] [INFO]- "GET /sys/api/user/role/?username=wl&application=automation&type=menu HTTP/1.1" 200 3307
[2020-07-15 14:25:14,917] [basehttp.py:157] [basehttp:log_message] [INFO]- "GET /sys/api/user/role/?username=wl&application=automation&type=button HTTP/1.1" 200 2
[2020-07-15 14:25:16,544] [basehttp.py:157] [basehttp:log_message] [INFO]- "POST /sys/api/auth/ HTTP/1.1" 200 65
[2020-07-15 14:25:21,806] [basehttp.py:157] [basehttp:log_message] [INFO]- "POST /sys/api/auth/ HTTP/1.1" 200 65
[2020-07-15 14:27:24,683] [basehttp.py:157] [basehttp:log_message] [INFO]- "POST /sys/api/auth/ HTTP/1.1" 200 65
[2020-07-15 14:27:24,948] [basehttp.py:157] [basehttp:log_message] [INFO]- "GET /sys/api/user/role/?username=wl&application=automation&type=menu HTTP/1.1" 200 3307
[2020-07-15 14:27:24,974] [basehttp.py:157] [basehttp:log_message] [INFO]- "GET /sys/api/user/role/?username=wl&application=automation&type=button HTTP/1.1" 200 2
[2020-07-15 14:27:26,459] [basehttp.py:157] [basehttp:log_message] [INFO]- "POST /sys/api/auth/ HTTP/1.1" 200 65
[2020-07-15 14:27:31,066] [basehttp.py:157] [basehttp:log_message] [INFO]- "POST /sys/api/auth/ HTTP/1.1" 200 65
[2020-07-15 14:28:34,853] [basehttp.py:157] [basehttp:log_message] [INFO]- "POST /sys/api/auth/ HTTP/1.1" 200 65
[2020-07-15 14:28:35,055] [basehttp.py:157] [basehttp:log_message] [INFO]- "GET /sys/api/user/role/?username=wl&application=automation&type=button HTTP/1.1" 200 2
[2020-07-15 14:28:35,085] [basehttp.py:157] [basehttp:log_message] [INFO]- "GET /sys/api/user/role/?username=wl&application=automation&type=menu HTTP/1.1" 200 3307
[2020-07-15 14:28:36,688] [basehttp.py:157] [basehttp:log_message] [INFO]- "POST /sys/api/auth/ HTTP/1.1" 200 65
[2020-07-15 14:28:41,515] [basehttp.py:157] [basehttp:log_message] [INFO]- "POST /sys/api/auth/ HTTP/1.1" 200 65
[2020-07-15 14:31:21,707] [basehttp.py:157] [basehttp:log_message] [INFO]- "POST /sys/api/auth/ HTTP/1.1" 200 65
[2020-07-15 14:31:21,907] [basehttp.py:157] [basehttp:log_message] [INFO]- "GET /sys/api/user/role/?username=wl&application=automation&type=button HTTP/1.1" 200 2
[2020-07-15 14:31:21,909] [basehttp.py:157] [basehttp:log_message] [INFO]- "GET /sys/api/user/role/?username=wl&application=automation&type=menu HTTP/1.1" 200 3307
[2020-07-15 14:31:23,719] [basehttp.py:157] [basehttp:log_message] [INFO]- "POST /sys/api/auth/ HTTP/1.1" 200 65
[2020-07-15 14:31:28,618] [basehttp.py:157] [basehttp:log_message] [INFO]- "POST /sys/api/auth/ HTTP/1.1" 200 65
[2020-07-15 14:32:32,305] [basehttp.py:157] [basehttp:log_message] [INFO]- "POST /sys/api/auth/ HTTP/1.1" 200 65
[2020-07-15 14:32:32,490] [basehttp.py:157] [basehttp:log_message] [INFO]- "GET /sys/api/user/role/?username=wl&application=automation&type=menu HTTP/1.1" 200 3307
[2020-07-15 14:32:32,507] [basehttp.py:157] [basehttp:log_message] [INFO]- "GET /sys/api/user/role/?username=wl&application=automation&type=button HTTP/1.1" 200 2
[2020-07-15 14:32:38,120] [basehttp.py:157] [basehttp:log_message] [INFO]- "POST /sys/api/auth/ HTTP/1.1" 200 65
[2020-07-15 14:32:43,754] [basehttp.py:157] [basehttp:log_message] [INFO]- "POST /sys/api/auth/ HTTP/1.1" 200 65
[2020-07-15 14:33:53,785] [basehttp.py:157] [basehttp:log_message] [INFO]- "POST /sys/api/auth/ HTTP/1.1" 200 65
[2020-07-15 14:33:53,963] [basehttp.py:157] [basehttp:log_message] [INFO]- "GET /sys/api/user/role/?username=wl&application=automation&type=button HTTP/1.1" 200 2
[2020-07-15 14:33:53,997] [basehttp.py:157] [basehttp:log_message] [INFO]- "GET /sys/api/user/role/?username=wl&application=automation&type=menu HTTP/1.1" 200 3307
[2020-07-15 14:33:56,965] [basehttp.py:157] [basehttp:log_message] [INFO]- "POST /sys/api/auth/ HTTP/1.1" 200 65
[2020-07-15 14:34:01,507] [basehttp.py:157] [basehttp:log_message] [INFO]- "POST /sys/api/auth/ HTTP/1.1" 200 65
[2020-07-15 14:35:12,953] [basehttp.py:157] [basehttp:log_message] [INFO]- "POST /sys/api/auth/ HTTP/1.1" 200 65
[2020-07-15 14:35:13,169] [basehttp.py:157] [basehttp:log_message] [INFO]- "GET /sys/api/user/role/?username=wl&application=automation&type=menu HTTP/1.1" 200 3307
[2020-07-15 14:35:13,233] [basehttp.py:157] [basehttp:log_message] [INFO]- "GET /sys/api/user/role/?username=wl&application=automation&type=button HTTP/1.1" 200 2
[2020-07-15 14:35:15,381] [basehttp.py:157] [basehttp:log_message] [INFO]- "POST /sys/api/auth/ HTTP/1.1" 200 65
[2020-07-15 14:35:20,926] [basehttp.py:157] [basehttp:log_message] [INFO]- "POST /sys/api/auth/ HTTP/1.1" 200 65
[2020-07-15 14:58:13,219] [log.py:222] [log:log_response] [WARNING]- Unauthorized: /sys/api/auth/
[2020-07-15 14:58:13,221] [basehttp.py:157] [basehttp:log_message] [WARNING]- "POST /sys/api/auth/ HTTP/1.1" 401 39
[2020-07-15 14:58:13,247] [log.py:222] [log:log_response] [WARNING]- Forbidden: /sys/api/user/role/
[2020-07-15 14:58:13,247] [basehttp.py:157] [basehttp:log_message] [WARNING]- "GET /sys/api/user/role/?username=wl&application=automation&type=menu HTTP/1.1" 403 24
[2020-07-15 14:58:13,255] [log.py:222] [log:log_response] [WARNING]- Forbidden: /sys/api/user/role/
[2020-07-15 14:58:13,256] [basehttp.py:157] [basehttp:log_message] [WARNING]- "GET /sys/api/user/role/?username=wl&application=automation&type=button HTTP/1.1" 403 24
[2020-07-15 14:58:23,274] [basehttp.py:157] [basehttp:log_message] [INFO]- "POST /sys/api/auth/ HTTP/1.1" 200 65
[2020-07-15 14:58:26,726] [basehttp.py:157] [basehttp:log_message] [INFO]- "GET /sys/api/user/role/?username=wl&application=automation&type=menu HTTP/1.1" 200 3307
[2020-07-15 14:58:26,753] [basehttp.py:157] [basehttp:log_message] [INFO]- "GET /sys/api/user/role/?username=wl&application=automation&type=button HTTP/1.1" 200 2
[2020-07-15 14:58:28,855] [basehttp.py:157] [basehttp:log_message] [INFO]- "POST /sys/api/auth/ HTTP/1.1" 200 65
[2020-07-15 14:58:34,554] [basehttp.py:157] [basehttp:log_message] [INFO]- "POST /sys/api/auth/ HTTP/1.1" 200 65
[2020-07-15 14:58:36,938] [basehttp.py:157] [basehttp:log_message] [INFO]- "POST /sys/api/auth/ HTTP/1.1" 200 65
[2020-07-15 14:58:42,510] [basehttp.py:157] [basehttp:log_message] [INFO]- "POST /sys/api/auth/ HTTP/1.1" 200 65
[2020-07-15 15:00:02,654] [basehttp.py:157] [basehttp:log_message] [INFO]- "POST /sys/api/auth/ HTTP/1.1" 200 65
[2020-07-15 15:00:02,849] [basehttp.py:157] [basehttp:log_message] [INFO]- "GET /sys/api/user/role/?username=wl&application=automation&type=button HTTP/1.1" 200 2
[2020-07-15 15:00:02,850] [basehttp.py:157] [basehttp:log_message] [INFO]- "GET /sys/api/user/role/?username=wl&application=automation&type=menu HTTP/1.1" 200 3307
[2020-07-15 15:00:09,574] [basehttp.py:157] [basehttp:log_message] [INFO]- "POST /sys/api/auth/ HTTP/1.1" 200 65
[2020-07-15 15:00:15,000] [basehttp.py:157] [basehttp:log_message] [INFO]- "POST /sys/api/auth/ HTTP/1.1" 200 65
[2020-07-15 15:03:09,872] [basehttp.py:157] [basehttp:log_message] [INFO]- "POST /sys/api/auth/ HTTP/1.1" 200 65
[2020-07-15 15:03:15,048] [basehttp.py:157] [basehttp:log_message] [INFO]- "POST /sys/api/auth/ HTTP/1.1" 200 65
[2020-07-15 15:03:15,299] [basehttp.py:157] [basehttp:log_message] [INFO]- "GET /sys/api/user/role/?username=wl&application=automation&type=button HTTP/1.1" 200 2
[2020-07-15 15:03:15,306] [basehttp.py:157] [basehttp:log_message] [INFO]- "GET /sys/api/user/role/?username=wl&application=automation&type=menu HTTP/1.1" 200 3307
[2020-07-15 15:03:17,693] [basehttp.py:157] [basehttp:log_message] [INFO]- "POST /sys/api/auth/ HTTP/1.1" 200 65
[2020-07-15 15:03:23,088] [basehttp.py:157] [basehttp:log_message] [INFO]- "POST /sys/api/auth/ HTTP/1.1" 200 65
[2020-07-15 15:04:09,167] [basehttp.py:157] [basehttp:log_message] [INFO]- "POST /sys/api/auth/ HTTP/1.1" 200 65
[2020-07-15 15:06:25,946] [basehttp.py:157] [basehttp:log_message] [INFO]- "POST /sys/api/auth/ HTTP/1.1" 200 65
[2020-07-15 15:06:26,651] [basehttp.py:157] [basehttp:log_message] [INFO]- "GET /sys/api/user/role/?username=wl&application=automation&type=menu HTTP/1.1" 200 3307
[2020-07-15 15:06:26,652] [basehttp.py:157] [basehttp:log_message] [INFO]- "GET /sys/api/user/role/?username=wl&application=automation&type=button HTTP/1.1" 200 2
[2020-07-15 15:06:29,732] [basehttp.py:157] [basehttp:log_message] [INFO]- "POST /sys/api/auth/ HTTP/1.1" 200 65
[2020-07-15 15:06:35,395] [basehttp.py:157] [basehttp:log_message] [INFO]- "POST /sys/api/auth/ HTTP/1.1" 200 65
[2020-07-15 15:08:10,527] [basehttp.py:157] [basehttp:log_message] [INFO]- "POST /sys/api/auth/ HTTP/1.1" 200 65
[2020-07-15 15:11:13,227] [basehttp.py:157] [basehttp:log_message] [INFO]- "POST /sys/api/auth/ HTTP/1.1" 200 65
[2020-07-15 15:11:13,723] [basehttp.py:157] [basehttp:log_message] [INFO]- "GET /sys/api/user/role/?username=wl&application=automation&type=button HTTP/1.1" 200 2
[2020-07-15 15:11:13,739] [basehttp.py:157] [basehttp:log_message] [INFO]- "GET /sys/api/user/role/?username=wl&application=automation&type=menu HTTP/1.1" 200 3307
[2020-07-15 15:11:22,069] [basehttp.py:157] [basehttp:log_message] [INFO]- "POST /sys/api/auth/ HTTP/1.1" 200 65
[2020-07-15 15:11:28,245] [basehttp.py:157] [basehttp:log_message] [INFO]- "POST /sys/api/auth/ HTTP/1.1" 200 65
[2020-07-15 15:11:50,574] [basehttp.py:157] [basehttp:log_message] [INFO]- "POST /sys/api/auth/ HTTP/1.1" 200 65
[2020-07-15 15:12:03,161] [basehttp.py:157] [basehttp:log_message] [INFO]- "POST /sys/api/auth/ HTTP/1.1" 200 65
[2020-07-15 15:12:03,416] [basehttp.py:157] [basehttp:log_message] [INFO]- "GET /sys/api/user/role/?username=wl&application=automation&type=button HTTP/1.1" 200 2
[2020-07-15 15:12:03,417] [basehttp.py:157] [basehttp:log_message] [INFO]- "GET /sys/api/user/role/?username=wl&application=automation&type=menu HTTP/1.1" 200 3307
[2020-07-15 15:12:07,877] [basehttp.py:157] [basehttp:log_message] [INFO]- "POST /sys/api/auth/ HTTP/1.1" 200 65
[2020-07-15 15:12:13,321] [basehttp.py:157] [basehttp:log_message] [INFO]- "POST /sys/api/auth/ HTTP/1.1" 200 65
[2020-07-15 15:15:07,383] [basehttp.py:157] [basehttp:log_message] [INFO]- "POST /sys/api/auth/ HTTP/1.1" 200 65
[2020-07-15 15:17:11,565] [basehttp.py:157] [basehttp:log_message] [INFO]- "POST /sys/api/auth/ HTTP/1.1" 200 65
[2020-07-15 15:17:12,695] [basehttp.py:157] [basehttp:log_message] [INFO]- "POST /sys/api/auth/ HTTP/1.1" 200 65
[2020-07-15 15:17:12,896] [basehttp.py:157] [basehttp:log_message] [INFO]- "GET /sys/api/user/role/?username=wl&application=automation&type=menu HTTP/1.1" 200 3307
[2020-07-15 15:17:12,897] [basehttp.py:157] [basehttp:log_message] [INFO]- "GET /sys/api/user/role/?username=wl&application=automation&type=button HTTP/1.1" 200 2
[2020-07-15 15:17:14,935] [basehttp.py:157] [basehttp:log_message] [INFO]- "POST /sys/api/auth/ HTTP/1.1" 200 65
[2020-07-15 15:17:20,347] [basehttp.py:157] [basehttp:log_message] [INFO]- "POST /sys/api/auth/ HTTP/1.1" 200 65
[2020-07-15 15:17:35,052] [basehttp.py:157] [basehttp:log_message] [INFO]- "POST /sys/api/auth/ HTTP/1.1" 200 65
[2020-07-15 15:17:42,137] [basehttp.py:157] [basehttp:log_message] [INFO]- "POST /sys/api/auth/ HTTP/1.1" 200 65
[2020-07-15 15:17:44,449] [basehttp.py:157] [basehttp:log_message] [INFO]- "POST /sys/api/auth/ HTTP/1.1" 200 65
[2020-07-15 15:18:25,046] [basehttp.py:157] [basehttp:log_message] [INFO]- "POST /sys/api/auth/ HTTP/1.1" 200 65
[2020-07-15 15:18:26,143] [basehttp.py:157] [basehttp:log_message] [INFO]- "POST /sys/api/auth/ HTTP/1.1" 200 65
[2020-07-15 15:18:26,291] [basehttp.py:157] [basehttp:log_message] [INFO]- "GET /sys/api/user/role/?username=wl&application=automation&type=menu HTTP/1.1" 200 3307
[2020-07-15 15:18:26,293] [basehttp.py:157] [basehttp:log_message] [INFO]- "GET /sys/api/user/role/?username=wl&application=automation&type=button HTTP/1.1" 200 2
[2020-07-15 15:18:28,587] [basehttp.py:157] [basehttp:log_message] [INFO]- "POST /sys/api/auth/ HTTP/1.1" 200 65
[2020-07-15 15:18:32,606] [basehttp.py:157] [basehttp:log_message] [INFO]- "POST /sys/api/auth/ HTTP/1.1" 200 65
[2020-07-15 15:18:51,572] [basehttp.py:157] [basehttp:log_message] [INFO]- "POST /sys/api/auth/ HTTP/1.1" 200 65
[2020-07-15 15:21:07,544] [basehttp.py:157] [basehttp:log_message] [INFO]- "POST /sys/api/auth/ HTTP/1.1" 200 65
[2020-07-15 15:21:08,952] [basehttp.py:157] [basehttp:log_message] [INFO]- "POST /sys/api/auth/ HTTP/1.1" 200 65
[2020-07-15 15:21:09,143] [basehttp.py:157] [basehttp:log_message] [INFO]- "GET /sys/api/user/role/?username=wl&application=automation&type=button HTTP/1.1" 200 2
[2020-07-15 15:21:09,152] [basehttp.py:157] [basehttp:log_message] [INFO]- "GET /sys/api/user/role/?username=wl&application=automation&type=menu HTTP/1.1" 200 3307
[2020-07-15 15:21:11,835] [basehttp.py:157] [basehttp:log_message] [INFO]- "POST /sys/api/auth/ HTTP/1.1" 200 65
[2020-07-15 15:21:17,189] [basehttp.py:157] [basehttp:log_message] [INFO]- "POST /sys/api/auth/ HTTP/1.1" 200 65
[2020-07-15 15:21:34,831] [basehttp.py:157] [basehttp:log_message] [INFO]- "POST /sys/api/auth/ HTTP/1.1" 200 65
[2020-07-15 15:21:42,604] [basehttp.py:157] [basehttp:log_message] [INFO]- "POST /sys/api/auth/ HTTP/1.1" 200 65
[2020-07-15 15:22:36,166] [basehttp.py:157] [basehttp:log_message] [INFO]- "POST /sys/api/auth/ HTTP/1.1" 200 65
[2020-07-15 15:26:10,499] [basehttp.py:157] [basehttp:log_message] [INFO]- "POST /sys/api/auth/ HTTP/1.1" 200 65
[2020-07-15 15:26:18,124] [basehttp.py:157] [basehttp:log_message] [INFO]- "POST /sys/api/auth/ HTTP/1.1" 200 65
[2020-07-15 15:26:40,347] [basehttp.py:157] [basehttp:log_message] [INFO]- "POST /sys/api/auth/ HTTP/1.1" 200 65
[2020-07-15 15:28:06,755] [basehttp.py:157] [basehttp:log_message] [INFO]- "POST /sys/api/auth/ HTTP/1.1" 200 65
[2020-07-15 15:28:47,552] [log.py:222] [log:log_response] [WARNING]- Unauthorized: /sys/api/auth/
[2020-07-15 15:28:47,554] [basehttp.py:157] [basehttp:log_message] [WARNING]- "POST /sys/api/auth/ HTTP/1.1" 401 39
[2020-07-15 15:29:08,931] [basehttp.py:157] [basehttp:log_message] [INFO]- "POST /sys/api/auth/ HTTP/1.1" 200 65
[2020-07-15 15:29:14,883] [basehttp.py:157] [basehttp:log_message] [INFO]- "GET /sys/api/user/role/?username=wl&application=automation&type=menu HTTP/1.1" 200 3307
[2020-07-15 15:29:14,884] [basehttp.py:157] [basehttp:log_message] [INFO]- "GET /sys/api/user/role/?username=wl&application=automation&type=button HTTP/1.1" 200 2
[2020-07-15 15:29:16,760] [basehttp.py:157] [basehttp:log_message] [INFO]- "POST /sys/api/auth/ HTTP/1.1" 200 65
[2020-07-15 15:29:20,706] [basehttp.py:157] [basehttp:log_message] [INFO]- "POST /sys/api/auth/ HTTP/1.1" 200 65
[2020-07-15 15:29:34,763] [basehttp.py:157] [basehttp:log_message] [INFO]- "POST /sys/api/auth/ HTTP/1.1" 200 65
[2020-07-15 15:29:55,467] [basehttp.py:157] [basehttp:log_message] [INFO]- "POST /sys/api/auth/ HTTP/1.1" 200 65
[2020-07-15 15:31:01,216] [basehttp.py:157] [basehttp:log_message] [INFO]- "POST /sys/api/auth/ HTTP/1.1" 200 65
[2020-07-15 15:31:01,462] [basehttp.py:157] [basehttp:log_message] [INFO]- "GET /sys/api/user/role/?username=wl&application=automation&type=menu HTTP/1.1" 200 3307
[2020-07-15 15:31:01,463] [basehttp.py:157] [basehttp:log_message] [INFO]- "GET /sys/api/user/role/?username=wl&application=automation&type=button HTTP/1.1" 200 2
[2020-07-15 15:31:04,208] [basehttp.py:157] [basehttp:log_message] [INFO]- "POST /sys/api/auth/ HTTP/1.1" 200 65
[2020-07-15 15:31:09,518] [basehttp.py:157] [basehttp:log_message] [INFO]- "POST /sys/api/auth/ HTTP/1.1" 200 65
[2020-07-15 15:31:29,217] [basehttp.py:157] [basehttp:log_message] [INFO]- "POST /sys/api/auth/ HTTP/1.1" 200 65
[2020-07-15 15:32:34,113] [basehttp.py:157] [basehttp:log_message] [INFO]- "POST /sys/api/auth/ HTTP/1.1" 200 65
[2020-07-15 15:32:34,351] [basehttp.py:157] [basehttp:log_message] [INFO]- "GET /sys/api/user/role/?username=wl&application=automation&type=menu HTTP/1.1" 200 3307
[2020-07-15 15:32:34,353] [basehttp.py:157] [basehttp:log_message] [INFO]- "GET /sys/api/user/role/?username=wl&application=automation&type=button HTTP/1.1" 200 2
[2020-07-15 15:32:37,078] [basehttp.py:157] [basehttp:log_message] [INFO]- "POST /sys/api/auth/ HTTP/1.1" 200 65
[2020-07-15 15:33:11,852] [basehttp.py:157] [basehttp:log_message] [INFO]- "POST /sys/api/auth/ HTTP/1.1" 200 65
[2020-07-15 15:33:27,864] [basehttp.py:157] [basehttp:log_message] [INFO]- "POST /sys/api/auth/ HTTP/1.1" 200 65
[2020-07-15 15:33:40,907] [basehttp.py:157] [basehttp:log_message] [INFO]- "POST /sys/api/auth/ HTTP/1.1" 200 65
[2020-07-15 15:33:46,747] [basehttp.py:157] [basehttp:log_message] [INFO]- "POST /sys/api/auth/ HTTP/1.1" 200 65
[2020-07-15 15:34:21,708] [basehttp.py:157] [basehttp:log_message] [INFO]- "POST /sys/api/auth/ HTTP/1.1" 200 65
[2020-07-15 15:34:36,357] [basehttp.py:157] [basehttp:log_message] [INFO]- "POST /sys/api/auth/ HTTP/1.1" 200 65
[2020-07-15 15:35:17,170] [basehttp.py:157] [basehttp:log_message] [INFO]- "POST /sys/api/auth/ HTTP/1.1" 200 65
[2020-07-15 15:37:25,762] [basehttp.py:157] [basehttp:log_message] [INFO]- "POST /sys/api/auth/ HTTP/1.1" 200 65
[2020-07-15 15:37:25,932] [basehttp.py:157] [basehttp:log_message] [INFO]- "GET /sys/api/user/role/?username=wl&application=automation&type=button HTTP/1.1" 200 2
[2020-07-15 15:37:25,940] [basehttp.py:157] [basehttp:log_message] [INFO]- "GET /sys/api/user/role/?username=wl&application=automation&type=menu HTTP/1.1" 200 3307
[2020-07-15 15:37:28,241] [basehttp.py:157] [basehttp:log_message] [INFO]- "POST /sys/api/auth/ HTTP/1.1" 200 65
[2020-07-15 15:37:34,737] [basehttp.py:157] [basehttp:log_message] [INFO]- "POST /sys/api/auth/ HTTP/1.1" 200 65
[2020-07-15 15:37:50,078] [basehttp.py:157] [basehttp:log_message] [INFO]- "POST /sys/api/auth/ HTTP/1.1" 200 65
[2020-07-15 15:42:24,491] [basehttp.py:157] [basehttp:log_message] [INFO]- "POST /sys/api/auth/ HTTP/1.1" 200 65
[2020-07-15 15:42:27,560] [basehttp.py:157] [basehttp:log_message] [INFO]- "POST /sys/api/auth/ HTTP/1.1" 200 65
[2020-07-15 15:42:32,762] [basehttp.py:157] [basehttp:log_message] [INFO]- "POST /sys/api/auth/ HTTP/1.1" 200 65
[2020-07-15 15:42:49,140] [basehttp.py:157] [basehttp:log_message] [INFO]- "POST /sys/api/auth/ HTTP/1.1" 200 65
[2020-07-15 15:44:38,914] [basehttp.py:157] [basehttp:log_message] [INFO]- "POST /sys/api/auth/ HTTP/1.1" 200 65
[2020-07-15 15:45:38,101] [basehttp.py:157] [basehttp:log_message] [INFO]- "POST /sys/api/auth/ HTTP/1.1" 200 65
[2020-07-15 15:45:43,110] [basehttp.py:157] [basehttp:log_message] [INFO]- "POST /sys/api/auth/ HTTP/1.1" 200 65
[2020-07-15 15:45:48,326] [basehttp.py:157] [basehttp:log_message] [INFO]- "POST /sys/api/auth/ HTTP/1.1" 200 65
[2020-07-15 15:46:23,242] [basehttp.py:157] [basehttp:log_message] [INFO]- "POST /sys/api/auth/ HTTP/1.1" 200 65
[2020-07-15 15:46:37,589] [basehttp.py:157] [basehttp:log_message] [INFO]- "POST /sys/api/auth/ HTTP/1.1" 200 65
[2020-07-15 15:46:45,530] [basehttp.py:157] [basehttp:log_message] [INFO]- "POST /sys/api/auth/ HTTP/1.1" 200 65
[2020-07-15 15:46:45,802] [basehttp.py:157] [basehttp:log_message] [INFO]- "GET /sys/api/user/role/?username=wl&application=automation&type=menu HTTP/1.1" 200 3307
[2020-07-15 15:46:45,803] [basehttp.py:157] [basehttp:log_message] [INFO]- "GET /sys/api/user/role/?username=wl&application=automation&type=button HTTP/1.1" 200 2
[2020-07-15 15:46:54,046] [basehttp.py:157] [basehttp:log_message] [INFO]- "POST /sys/api/auth/ HTTP/1.1" 200 65
[2020-07-15 15:46:58,864] [basehttp.py:157] [basehttp:log_message] [INFO]- "POST /sys/api/auth/ HTTP/1.1" 200 65
[2020-07-15 15:47:06,652] [basehttp.py:157] [basehttp:log_message] [INFO]- "POST /sys/api/auth/ HTTP/1.1" 200 65
[2020-07-15 15:47:17,137] [basehttp.py:157] [basehttp:log_message] [INFO]- "POST /sys/api/auth/ HTTP/1.1" 200 65
[2020-07-15 15:47:39,237] [basehttp.py:157] [basehttp:log_message] [INFO]- "POST /sys/api/auth/ HTTP/1.1" 200 65
[2020-07-15 15:57:03,990] [basehttp.py:157] [basehttp:log_message] [INFO]- "POST /sys/api/auth/ HTTP/1.1" 200 65
[2020-07-15 15:57:04,276] [basehttp.py:157] [basehttp:log_message] [INFO]- "GET /sys/api/user/role/?username=wl&application=automation&type=button HTTP/1.1" 200 2
[2020-07-15 15:57:04,278] [basehttp.py:157] [basehttp:log_message] [INFO]- "GET /sys/api/user/role/?username=wl&application=automation&type=menu HTTP/1.1" 200 3307
[2020-07-15 15:57:06,216] [basehttp.py:157] [basehttp:log_message] [INFO]- "POST /sys/api/auth/ HTTP/1.1" 200 65
[2020-07-15 15:57:13,103] [basehttp.py:157] [basehttp:log_message] [INFO]- "POST /sys/api/auth/ HTTP/1.1" 200 65
[2020-07-15 16:05:42,586] [log.py:222] [log:log_response] [WARNING]- Unauthorized: /sys/api/auth/
[2020-07-15 16:05:42,587] [basehttp.py:157] [basehttp:log_message] [WARNING]- "POST /sys/api/auth/ HTTP/1.1" 401 39
[2020-07-15 16:05:56,593] [basehttp.py:157] [basehttp:log_message] [INFO]- "POST /sys/api/auth/ HTTP/1.1" 200 65
[2020-07-15 16:06:00,864] [basehttp.py:157] [basehttp:log_message] [INFO]- "GET /sys/api/user/role/?username=wl&application=automation&type=button HTTP/1.1" 200 2
[2020-07-15 16:06:00,866] [basehttp.py:157] [basehttp:log_message] [INFO]- "GET /sys/api/user/role/?username=wl&application=automation&type=menu HTTP/1.1" 200 3307
[2020-07-15 16:06:02,449] [basehttp.py:157] [basehttp:log_message] [INFO]- "POST /sys/api/auth/ HTTP/1.1" 200 65
[2020-07-15 16:06:04,873] [basehttp.py:157] [basehttp:log_message] [INFO]- "POST /sys/api/auth/ HTTP/1.1" 200 65
[2020-07-15 16:06:34,229] [basehttp.py:157] [basehttp:log_message] [INFO]- "POST /sys/api/auth/ HTTP/1.1" 200 65
[2020-07-15 16:08:39,138] [basehttp.py:157] [basehttp:log_message] [INFO]- "POST /sys/api/auth/ HTTP/1.1" 200 65
[2020-07-15 16:08:39,387] [basehttp.py:157] [basehttp:log_message] [INFO]- "GET /sys/api/user/role/?username=wl&application=automation&type=menu HTTP/1.1" 200 3307
[2020-07-15 16:08:39,388] [basehttp.py:157] [basehttp:log_message] [INFO]- "GET /sys/api/user/role/?username=wl&application=automation&type=button HTTP/1.1" 200 2
[2020-07-15 16:08:42,498] [basehttp.py:157] [basehttp:log_message] [INFO]- "POST /sys/api/auth/ HTTP/1.1" 200 65
[2020-07-15 16:09:00,954] [basehttp.py:157] [basehttp:log_message] [INFO]- "POST /sys/api/auth/ HTTP/1.1" 200 65
[2020-07-15 16:11:04,459] [basehttp.py:157] [basehttp:log_message] [INFO]- "POST /sys/api/auth/ HTTP/1.1" 200 65
[2020-07-15 16:11:04,778] [basehttp.py:157] [basehttp:log_message] [INFO]- "GET /sys/api/user/role/?username=wl&application=automation&type=button HTTP/1.1" 200 2
[2020-07-15 16:11:04,807] [basehttp.py:157] [basehttp:log_message] [INFO]- "GET /sys/api/user/role/?username=wl&application=automation&type=menu HTTP/1.1" 200 3307
[2020-07-15 16:11:13,325] [basehttp.py:157] [basehttp:log_message] [INFO]- "POST /sys/api/auth/ HTTP/1.1" 200 65
[2020-07-15 16:11:18,709] [basehttp.py:157] [basehttp:log_message] [INFO]- "POST /sys/api/auth/ HTTP/1.1" 200 65
[2020-07-15 16:14:17,201] [basehttp.py:157] [basehttp:log_message] [INFO]- "POST /sys/api/auth/ HTTP/1.1" 200 65
[2020-07-15 16:14:17,372] [basehttp.py:157] [basehttp:log_message] [INFO]- "GET /sys/api/user/role/?username=wl&application=automation&type=menu HTTP/1.1" 200 3307
[2020-07-15 16:14:17,376] [basehttp.py:157] [basehttp:log_message] [INFO]- "GET /sys/api/user/role/?username=wl&application=automation&type=button HTTP/1.1" 200 2
[2020-07-15 16:14:25,171] [basehttp.py:157] [basehttp:log_message] [INFO]- "POST /sys/api/auth/ HTTP/1.1" 200 65
[2020-07-15 16:14:30,763] [basehttp.py:157] [basehttp:log_message] [INFO]- "POST /sys/api/auth/ HTTP/1.1" 200 65
[2020-07-15 16:25:51,746] [basehttp.py:157] [basehttp:log_message] [INFO]- "POST /sys/api/auth/ HTTP/1.1" 200 65
[2020-07-15 16:29:43,953] [basehttp.py:157] [basehttp:log_message] [INFO]- "POST /sys/api/auth/ HTTP/1.1" 200 65
[2020-07-15 16:31:37,534] [basehttp.py:157] [basehttp:log_message] [INFO]- "POST /sys/api/auth/ HTTP/1.1" 200 65
[2020-07-15 16:31:37,628] [basehttp.py:157] [basehttp:log_message] [INFO]- "GET /sys/api/user/role/?username=wl&application=automation&type=menu HTTP/1.1" 200 3307
[2020-07-15 16:31:37,658] [basehttp.py:157] [basehttp:log_message] [INFO]- "GET /sys/api/user/role/?username=wl&application=automation&type=button HTTP/1.1" 200 2
[2020-07-15 16:31:41,231] [basehttp.py:157] [basehttp:log_message] [INFO]- "POST /sys/api/auth/ HTTP/1.1" 200 65
[2020-07-15 16:31:46,489] [basehttp.py:157] [basehttp:log_message] [INFO]- "POST /sys/api/auth/ HTTP/1.1" 200 65
[2020-07-15 16:39:16,866] [log.py:222] [log:log_response] [WARNING]- Unauthorized: /sys/api/auth/
[2020-07-15 16:39:16,866] [basehttp.py:157] [basehttp:log_message] [WARNING]- "POST /sys/api/auth/ HTTP/1.1" 401 39
[2020-07-15 16:39:25,307] [basehttp.py:157] [basehttp:log_message] [INFO]- "POST /sys/api/auth/ HTTP/1.1" 200 65
[2020-07-15 16:39:28,887] [basehttp.py:157] [basehttp:log_message] [INFO]- "GET /sys/api/user/role/?username=wl&application=automation&type=menu HTTP/1.1" 200 3307
[2020-07-15 16:39:28,888] [basehttp.py:157] [basehttp:log_message] [INFO]- "GET /sys/api/user/role/?username=wl&application=automation&type=button HTTP/1.1" 200 2
[2020-07-15 16:39:31,612] [basehttp.py:157] [basehttp:log_message] [INFO]- "POST /sys/api/auth/ HTTP/1.1" 200 65
[2020-07-15 16:39:34,330] [basehttp.py:157] [basehttp:log_message] [INFO]- "POST /sys/api/auth/ HTTP/1.1" 200 65
[2020-07-15 16:39:55,461] [basehttp.py:157] [basehttp:log_message] [INFO]- "POST /sys/api/auth/ HTTP/1.1" 200 65
[2020-07-15 16:47:33,983] [basehttp.py:157] [basehttp:log_message] [INFO]- "POST /sys/api/auth/ HTTP/1.1" 200 65
[2020-07-15 16:47:34,348] [basehttp.py:157] [basehttp:log_message] [INFO]- "GET /sys/api/user/role/?username=wl&application=automation&type=menu HTTP/1.1" 200 3307
[2020-07-15 16:47:34,350] [basehttp.py:157] [basehttp:log_message] [INFO]- "GET /sys/api/user/role/?username=wl&application=automation&type=button HTTP/1.1" 200 2
[2020-07-15 16:47:38,699] [basehttp.py:157] [basehttp:log_message] [INFO]- "POST /sys/api/auth/ HTTP/1.1" 200 65
[2020-07-15 16:47:40,384] [basehttp.py:157] [basehttp:log_message] [INFO]- "POST /sys/api/auth/ HTTP/1.1" 200 65
[2020-07-15 16:47:46,254] [basehttp.py:157] [basehttp:log_message] [INFO]- "POST /sys/api/auth/ HTTP/1.1" 200 65
[2020-07-15 16:47:58,611] [basehttp.py:157] [basehttp:log_message] [INFO]- "POST /sys/api/auth/ HTTP/1.1" 200 65
[2020-07-15 16:48:20,611] [basehttp.py:157] [basehttp:log_message] [INFO]- "POST /sys/api/auth/ HTTP/1.1" 200 65
[2020-07-15 16:50:18,807] [basehttp.py:157] [basehttp:log_message] [INFO]- "POST /sys/api/auth/ HTTP/1.1" 200 65
[2020-07-15 16:50:18,976] [basehttp.py:157] [basehttp:log_message] [INFO]- "GET /sys/api/user/role/?username=wl&application=automation&type=menu HTTP/1.1" 200 3307
[2020-07-15 16:50:18,995] [basehttp.py:157] [basehttp:log_message] [INFO]- "GET /sys/api/user/role/?username=wl&application=automation&type=button HTTP/1.1" 200 2
[2020-07-15 16:50:21,581] [basehttp.py:157] [basehttp:log_message] [INFO]- "POST /sys/api/auth/ HTTP/1.1" 200 65
[2020-07-15 16:50:26,031] [basehttp.py:157] [basehttp:log_message] [INFO]- "POST /sys/api/auth/ HTTP/1.1" 200 65
[2020-07-15 16:53:56,772] [basehttp.py:157] [basehttp:log_message] [INFO]- "POST /sys/api/auth/ HTTP/1.1" 200 65
[2020-07-15 16:53:57,234] [basehttp.py:157] [basehttp:log_message] [INFO]- "GET /sys/api/user/role/?username=wl&application=automation&type=button HTTP/1.1" 200 2
[2020-07-15 16:53:57,239] [basehttp.py:157] [basehttp:log_message] [INFO]- "GET /sys/api/user/role/?username=wl&application=automation&type=menu HTTP/1.1" 200 3307
[2020-07-15 16:53:59,618] [basehttp.py:157] [basehttp:log_message] [INFO]- "POST /sys/api/auth/ HTTP/1.1" 200 65
[2020-07-15 16:54:03,948] [basehttp.py:157] [basehttp:log_message] [INFO]- "POST /sys/api/auth/ HTTP/1.1" 200 65
[2020-07-15 16:55:23,891] [basehttp.py:157] [basehttp:log_message] [INFO]- "POST /sys/api/auth/ HTTP/1.1" 200 65
[2020-07-15 16:55:24,199] [basehttp.py:157] [basehttp:log_message] [INFO]- "GET /sys/api/user/role/?username=wl&application=automation&type=menu HTTP/1.1" 200 3307
[2020-07-15 16:55:24,214] [basehttp.py:157] [basehttp:log_message] [INFO]- "GET /sys/api/user/role/?username=wl&application=automation&type=button HTTP/1.1" 200 2
[2020-07-15 16:55:29,895] [basehttp.py:157] [basehttp:log_message] [INFO]- "POST /sys/api/auth/ HTTP/1.1" 200 65
[2020-07-15 16:55:35,019] [basehttp.py:157] [basehttp:log_message] [INFO]- "POST /sys/api/auth/ HTTP/1.1" 200 65
[2020-07-15 16:56:07,505] [basehttp.py:157] [basehttp:log_message] [INFO]- "POST /sys/api/auth/ HTTP/1.1" 200 65
[2020-07-15 16:57:20,331] [basehttp.py:157] [basehttp:log_message] [INFO]- "POST /sys/api/auth/ HTTP/1.1" 200 65
[2020-07-15 16:57:20,553] [basehttp.py:157] [basehttp:log_message] [INFO]- "GET /sys/api/user/role/?username=wl&application=automation&type=menu HTTP/1.1" 200 3307
[2020-07-15 16:57:20,565] [basehttp.py:157] [basehttp:log_message] [INFO]- "GET /sys/api/user/role/?username=wl&application=automation&type=button HTTP/1.1" 200 2
[2020-07-15 16:57:22,216] [basehttp.py:157] [basehttp:log_message] [INFO]- "POST /sys/api/auth/ HTTP/1.1" 200 65
[2020-07-15 16:57:27,514] [basehttp.py:157] [basehttp:log_message] [INFO]- "POST /sys/api/auth/ HTTP/1.1" 200 65
[2020-07-15 16:59:38,075] [basehttp.py:157] [basehttp:log_message] [INFO]- "POST /sys/api/auth/ HTTP/1.1" 200 65
[2020-07-15 17:00:56,225] [basehttp.py:157] [basehttp:log_message] [INFO]- "POST /sys/api/auth/ HTTP/1.1" 200 65
[2020-07-15 17:00:59,872] [basehttp.py:157] [basehttp:log_message] [INFO]- "POST /sys/api/auth/ HTTP/1.1" 200 65
[2020-07-15 17:01:00,104] [basehttp.py:157] [basehttp:log_message] [INFO]- "GET /sys/api/user/role/?username=wl&application=automation&type=menu HTTP/1.1" 200 3307
[2020-07-15 17:01:00,113] [basehttp.py:157] [basehttp:log_message] [INFO]- "GET /sys/api/user/role/?username=wl&application=automation&type=button HTTP/1.1" 200 2
[2020-07-15 17:01:02,174] [basehttp.py:157] [basehttp:log_message] [INFO]- "POST /sys/api/auth/ HTTP/1.1" 200 65
[2020-07-15 17:01:06,694] [basehttp.py:157] [basehttp:log_message] [INFO]- "POST /sys/api/auth/ HTTP/1.1" 200 65
[2020-07-15 17:01:15,678] [basehttp.py:157] [basehttp:log_message] [INFO]- "POST /sys/api/auth/ HTTP/1.1" 200 65
[2020-07-15 17:01:22,929] [basehttp.py:157] [basehttp:log_message] [INFO]- "POST /sys/api/auth/ HTTP/1.1" 200 65
[2020-07-15 17:05:06,954] [basehttp.py:157] [basehttp:log_message] [INFO]- "POST /sys/api/auth/ HTTP/1.1" 200 65
[2020-07-15 17:05:13,292] [basehttp.py:157] [basehttp:log_message] [INFO]- "POST /sys/api/auth/ HTTP/1.1" 200 65
[2020-07-15 17:05:24,504] [basehttp.py:157] [basehttp:log_message] [INFO]- "POST /sys/api/auth/ HTTP/1.1" 200 65
[2020-07-15 17:09:11,973] [basehttp.py:157] [basehttp:log_message] [INFO]- "POST /sys/api/auth/ HTTP/1.1" 200 65
[2020-07-15 17:10:08,109] [log.py:222] [log:log_response] [WARNING]- Unauthorized: /sys/api/auth/
[2020-07-15 17:10:08,110] [basehttp.py:157] [basehttp:log_message] [WARNING]- "POST /sys/api/auth/ HTTP/1.1" 401 39
[2020-07-15 17:10:39,123] [basehttp.py:157] [basehttp:log_message] [INFO]- "POST /sys/api/auth/ HTTP/1.1" 200 65
[2020-07-15 17:10:42,790] [basehttp.py:157] [basehttp:log_message] [INFO]- "GET /sys/api/user/role/?username=wl&application=automation&type=menu HTTP/1.1" 200 3307
[2020-07-15 17:10:42,791] [basehttp.py:157] [basehttp:log_message] [INFO]- "GET /sys/api/user/role/?username=wl&application=automation&type=button HTTP/1.1" 200 2
[2020-07-15 17:10:45,349] [basehttp.py:157] [basehttp:log_message] [INFO]- "POST /sys/api/auth/ HTTP/1.1" 200 65
[2020-07-15 17:11:25,215] [basehttp.py:157] [basehttp:log_message] [INFO]- "POST /sys/api/auth/ HTTP/1.1" 200 65
[2020-07-15 17:11:33,491] [basehttp.py:157] [basehttp:log_message] [INFO]- "POST /sys/api/auth/ HTTP/1.1" 200 65
[2020-07-15 17:12:17,630] [basehttp.py:157] [basehttp:log_message] [INFO]- "POST /sys/api/auth/ HTTP/1.1" 200 65
[2020-07-15 17:15:03,087] [basehttp.py:157] [basehttp:log_message] [INFO]- "POST /sys/api/auth/ HTTP/1.1" 200 65
[2020-07-15 17:15:03,307] [basehttp.py:157] [basehttp:log_message] [INFO]- "GET /sys/api/user/role/?username=wl&application=automation&type=menu HTTP/1.1" 200 3307
[2020-07-15 17:15:03,309] [basehttp.py:157] [basehttp:log_message] [INFO]- "GET /sys/api/user/role/?username=wl&application=automation&type=button HTTP/1.1" 200 2
[2020-07-15 17:15:41,315] [basehttp.py:157] [basehttp:log_message] [INFO]- "POST /sys/api/auth/ HTTP/1.1" 200 65
[2020-07-15 17:15:41,512] [basehttp.py:157] [basehttp:log_message] [INFO]- "GET /sys/api/user/role/?username=wl&application=automation&type=menu HTTP/1.1" 200 3307
[2020-07-15 17:15:41,513] [basehttp.py:157] [basehttp:log_message] [INFO]- "GET /sys/api/user/role/?username=wl&application=automation&type=button HTTP/1.1" 200 2
[2020-07-15 17:15:43,680] [basehttp.py:157] [basehttp:log_message] [INFO]- "POST /sys/api/auth/ HTTP/1.1" 200 65
[2020-07-15 17:15:46,431] [basehttp.py:157] [basehttp:log_message] [INFO]- "POST /sys/api/auth/ HTTP/1.1" 200 65
[2020-07-15 17:16:14,968] [basehttp.py:157] [basehttp:log_message] [INFO]- "POST /sys/api/auth/ HTTP/1.1" 200 65
[2020-07-15 17:18:26,701] [basehttp.py:157] [basehttp:log_message] [INFO]- "POST /sys/api/auth/ HTTP/1.1" 200 65
[2020-07-15 17:18:50,247] [basehttp.py:157] [basehttp:log_message] [INFO]- "POST /sys/api/auth/ HTTP/1.1" 200 65
[2020-07-15 17:18:52,985] [basehttp.py:157] [basehttp:log_message] [INFO]- "POST /sys/api/auth/ HTTP/1.1" 200 65
[2020-07-15 17:28:18,576] [basehttp.py:157] [basehttp:log_message] [INFO]- "POST /sys/api/auth/ HTTP/1.1" 200 65
[2020-07-15 17:28:38,671] [basehttp.py:157] [basehttp:log_message] [INFO]- "POST /sys/api/auth/ HTTP/1.1" 200 65
[2020-07-15 17:28:58,493] [basehttp.py:157] [basehttp:log_message] [INFO]- "POST /sys/api/auth/ HTTP/1.1" 200 65
[2020-07-15 17:29:06,080] [basehttp.py:157] [basehttp:log_message] [INFO]- "POST /sys/api/auth/ HTTP/1.1" 200 65
[2020-07-15 17:30:02,299] [basehttp.py:157] [basehttp:log_message] [INFO]- "POST /sys/api/auth/ HTTP/1.1" 200 65
[2020-07-15 17:33:20,199] [basehttp.py:157] [basehttp:log_message] [INFO]- "POST /sys/api/auth/ HTTP/1.1" 200 65
[2020-07-15 17:33:37,699] [basehttp.py:157] [basehttp:log_message] [INFO]- "POST /sys/api/auth/ HTTP/1.1" 200 65
[2020-07-15 17:33:53,105] [basehttp.py:157] [basehttp:log_message] [INFO]- "POST /sys/api/auth/ HTTP/1.1" 200 65
