[2020-07-10 15:20:17,439] [autoreload.py:598] [autoreload:run_with_reloader] [INFO]- Watching for file changes with StatReloader
[2020-07-10 15:21:10,241] [log.py:222] [log:log_response] [WARNING]- Forbidden: /sys/api/user/role/
[2020-07-10 15:21:10,249] [log.py:222] [log:log_response] [WARNING]- Forbidden: /sys/api/user/role/
[2020-07-10 15:21:10,369] [log.py:222] [log:log_response] [WARNING]- Unauthorized: /sys/api/auth/
[2020-07-10 15:21:10,558] [basehttp.py:157] [basehttp:log_message] [WARNING]- "GET /sys/api/user/role/?username=gzc&application=automation&type=menu HTTP/1.1" 403 31
[2020-07-10 15:21:10,560] [basehttp.py:157] [basehttp:log_message] [WARNING]- "GET /sys/api/user/role/?username=gzc&application=automation&type=button HTTP/1.1" 403 31
[2020-07-10 15:21:10,565] [basehttp.py:157] [basehttp:log_message] [WARNING]- "POST /sys/api/auth/ HTTP/1.1" 401 28
[2020-07-10 15:27:32,650] [log.py:222] [log:log_response] [WARNING]- Forbidden: /sys/api/user/role/
[2020-07-10 15:27:32,652] [log.py:222] [log:log_response] [WARNING]- Forbidden: /sys/api/user/role/
[2020-07-10 15:27:36,453] [log.py:222] [log:log_response] [WARNING]- Unauthorized: /sys/api/auth/
[2020-07-10 15:27:36,455] [basehttp.py:157] [basehttp:log_message] [WARNING]- "POST /sys/api/auth/ HTTP/1.1" 401 28
[2020-07-10 15:27:37,428] [log.py:222] [log:log_response] [WARNING]- Forbidden: /sys/api/user/role/
[2020-07-10 15:27:37,432] [log.py:222] [log:log_response] [WARNING]- Forbidden: /sys/api/user/role/
[2020-07-10 15:27:37,434] [basehttp.py:157] [basehttp:log_message] [WARNING]- "GET /sys/api/user/role/?username=gzc&application=automation&type=menu HTTP/1.1" 403 31
[2020-07-10 15:27:37,436] [basehttp.py:157] [basehttp:log_message] [WARNING]- "GET /sys/api/user/role/?username=gzc&application=automation&type=button HTTP/1.1" 403 31
[2020-07-10 15:28:36,439] [log.py:222] [log:log_response] [WARNING]- Unauthorized: /sys/api/auth/
[2020-07-10 15:28:36,440] [basehttp.py:157] [basehttp:log_message] [WARNING]- "POST /sys/api/auth/ HTTP/1.1" 401 28
[2020-07-10 15:29:01,049] [log.py:222] [log:log_response] [WARNING]- Forbidden: /sys/api/user/role/
[2020-07-10 15:29:01,061] [basehttp.py:157] [basehttp:log_message] [WARNING]- "GET /sys/api/user/role/?username=gzc&application=automation&type=button HTTP/1.1" 403 31
[2020-07-10 15:29:23,419] [log.py:222] [log:log_response] [WARNING]- Forbidden: /sys/api/user/role/
[2020-07-10 15:29:23,426] [basehttp.py:157] [basehttp:log_message] [WARNING]- "GET /sys/api/user/role/?username=gzc&application=automation&type=menu HTTP/1.1" 403 31
[2020-07-10 15:30:34,532] [log.py:222] [log:log_response] [WARNING]- Unauthorized: /sys/api/auth/
[2020-07-10 15:30:34,534] [basehttp.py:157] [basehttp:log_message] [WARNING]- "POST /sys/api/auth/ HTTP/1.1" 401 28
[2020-07-10 15:30:46,576] [autoreload.py:598] [autoreload:run_with_reloader] [INFO]- Watching for file changes with StatReloader
[2020-07-10 15:30:54,092] [log.py:222] [log:log_response] [WARNING]- Unauthorized: /sys/api/auth/
[2020-07-10 15:30:54,093] [basehttp.py:157] [basehttp:log_message] [WARNING]- "POST /sys/api/auth/ HTTP/1.1" 401 28
[2020-07-10 15:30:54,097] [log.py:222] [log:log_response] [WARNING]- Forbidden: /sys/api/user/role/
[2020-07-10 15:30:54,098] [basehttp.py:157] [basehttp:log_message] [WARNING]- "GET /sys/api/user/role/?username=gzc&application=automation&type=menu HTTP/1.1" 403 31
[2020-07-10 15:30:54,102] [log.py:222] [log:log_response] [WARNING]- Forbidden: /sys/api/user/role/
[2020-07-10 15:30:54,104] [basehttp.py:157] [basehttp:log_message] [WARNING]- "GET /sys/api/user/role/?username=gzc&application=automation&type=button HTTP/1.1" 403 31
[2020-07-10 15:32:37,260] [log.py:222] [log:log_response] [WARNING]- Unauthorized: /sys/api/auth/
[2020-07-10 15:32:37,263] [basehttp.py:157] [basehttp:log_message] [WARNING]- "POST /sys/api/auth/ HTTP/1.1" 401 28
[2020-07-10 15:32:37,274] [log.py:222] [log:log_response] [WARNING]- Forbidden: /sys/api/user/role/
[2020-07-10 15:32:37,276] [log.py:222] [log:log_response] [WARNING]- Forbidden: /sys/api/user/role/
[2020-07-10 15:32:37,277] [basehttp.py:157] [basehttp:log_message] [WARNING]- "GET /sys/api/user/role/?username=gzc&application=automation&type=button HTTP/1.1" 403 31
[2020-07-10 15:32:37,278] [basehttp.py:157] [basehttp:log_message] [WARNING]- "GET /sys/api/user/role/?username=gzc&application=automation&type=menu HTTP/1.1" 403 31
[2020-07-10 15:34:35,764] [log.py:222] [log:log_response] [WARNING]- Unauthorized: /sys/api/auth/
[2020-07-10 15:34:35,766] [basehttp.py:157] [basehttp:log_message] [WARNING]- "POST /sys/api/auth/ HTTP/1.1" 401 28
[2020-07-10 15:34:35,796] [log.py:222] [log:log_response] [WARNING]- Forbidden: /sys/api/user/role/
[2020-07-10 15:34:35,797] [basehttp.py:157] [basehttp:log_message] [WARNING]- "GET /sys/api/user/role/?username=gzc&application=automation&type=menu HTTP/1.1" 403 31
[2020-07-10 15:34:35,807] [log.py:222] [log:log_response] [WARNING]- Forbidden: /sys/api/user/role/
[2020-07-10 15:34:35,808] [basehttp.py:157] [basehttp:log_message] [WARNING]- "GET /sys/api/user/role/?username=gzc&application=automation&type=button HTTP/1.1" 403 31
[2020-07-10 15:38:33,598] [autoreload.py:598] [autoreload:run_with_reloader] [INFO]- Watching for file changes with StatReloader
[2020-07-10 15:38:47,537] [basehttp.py:157] [basehttp:log_message] [INFO]- "POST /sys/api/auth/ HTTP/1.1" 200 65
[2020-07-10 15:39:00,057] [basehttp.py:157] [basehttp:log_message] [INFO]- "GET /sys/api/user/role/?username=gzc&application=automation&type=menu HTTP/1.1" 200 3307
[2020-07-10 15:39:00,069] [basehttp.py:157] [basehttp:log_message] [INFO]- "GET /sys/api/user/role/?username=gzc&application=automation&type=button HTTP/1.1" 200 2
[2020-07-10 15:39:02,345] [basehttp.py:157] [basehttp:log_message] [INFO]- "POST /sys/api/auth/ HTTP/1.1" 200 65
[2020-07-10 15:40:03,573] [log.py:222] [log:log_response] [WARNING]- Unauthorized: /sys/api/auth/
[2020-07-10 15:40:03,574] [basehttp.py:157] [basehttp:log_message] [WARNING]- "POST /sys/api/auth/ HTTP/1.1" 401 39
[2020-07-10 15:40:03,611] [log.py:222] [log:log_response] [WARNING]- Forbidden: /sys/api/user/role/
[2020-07-10 15:40:03,612] [basehttp.py:157] [basehttp:log_message] [WARNING]- "GET /sys/api/user/role/?username=gzc&application=automation&type=menu HTTP/1.1" 403 24
[2020-07-10 15:40:03,622] [log.py:222] [log:log_response] [WARNING]- Forbidden: /sys/api/user/role/
[2020-07-10 15:40:03,622] [basehttp.py:157] [basehttp:log_message] [WARNING]- "GET /sys/api/user/role/?username=gzc&application=automation&type=button HTTP/1.1" 403 24
[2020-07-10 15:40:18,569] [autoreload.py:222] [autoreload:trigger_reload] [INFO]- /home/rock/quality_inspection/python-workspace/project-sys/sys_auth/views.py changed, reloading.
[2020-07-10 15:40:24,223] [autoreload.py:598] [autoreload:run_with_reloader] [INFO]- Watching for file changes with StatReloader
[2020-07-10 15:41:52,516] [log.py:222] [log:log_response] [WARNING]- Forbidden: /sys/api/user/role/
[2020-07-10 15:41:52,519] [basehttp.py:157] [basehttp:log_message] [WARNING]- "GET /sys/api/user/role/?username=gzc&application=automation&type=button HTTP/1.1" 403 24
[2020-07-10 15:41:52,524] [log.py:222] [log:log_response] [WARNING]- Forbidden: /sys/api/user/role/
[2020-07-10 15:41:52,527] [basehttp.py:157] [basehttp:log_message] [WARNING]- "GET /sys/api/user/role/?username=gzc&application=automation&type=menu HTTP/1.1" 403 24
[2020-07-10 15:42:00,351] [log.py:222] [log:log_response] [WARNING]- Unauthorized: /sys/api/auth/
[2020-07-10 15:42:00,353] [basehttp.py:157] [basehttp:log_message] [WARNING]- "POST /sys/api/auth/ HTTP/1.1" 401 39
[2020-07-10 15:42:00,418] [log.py:222] [log:log_response] [WARNING]- Forbidden: /sys/api/user/role/
[2020-07-10 15:42:00,420] [basehttp.py:157] [basehttp:log_message] [WARNING]- "GET /sys/api/user/role/?username=gzc&application=automation&type=menu HTTP/1.1" 403 24
[2020-07-10 15:42:00,425] [log.py:222] [log:log_response] [WARNING]- Forbidden: /sys/api/user/role/
[2020-07-10 15:42:00,427] [basehttp.py:157] [basehttp:log_message] [WARNING]- "GET /sys/api/user/role/?username=gzc&application=automation&type=button HTTP/1.1" 403 24
[2020-07-10 15:42:49,792] [log.py:222] [log:log_response] [WARNING]- Forbidden: /sys/api/user/role/
[2020-07-10 15:42:49,801] [log.py:222] [log:log_response] [WARNING]- Forbidden: /sys/api/user/role/
[2020-07-10 15:42:49,811] [basehttp.py:157] [basehttp:log_message] [WARNING]- "GET /sys/api/user/role/?username=gzc&application=automation&type=menu HTTP/1.1" 403 24
[2020-07-10 15:42:49,818] [basehttp.py:157] [basehttp:log_message] [WARNING]- "GET /sys/api/user/role/?username=gzc&application=automation&type=button HTTP/1.1" 403 24
[2020-07-10 15:42:52,178] [log.py:222] [log:log_response] [WARNING]- Unauthorized: /sys/api/auth/
[2020-07-10 15:42:52,179] [basehttp.py:157] [basehttp:log_message] [WARNING]- "POST /sys/api/auth/ HTTP/1.1" 401 39
[2020-07-10 15:42:52,213] [log.py:222] [log:log_response] [WARNING]- Forbidden: /sys/api/user/role/
[2020-07-10 15:42:52,214] [basehttp.py:157] [basehttp:log_message] [WARNING]- "GET /sys/api/user/role/?username=gzc&application=automation&type=menu HTTP/1.1" 403 24
[2020-07-10 15:42:52,264] [log.py:222] [log:log_response] [WARNING]- Forbidden: /sys/api/user/role/
[2020-07-10 15:42:52,264] [basehttp.py:157] [basehttp:log_message] [WARNING]- "GET /sys/api/user/role/?username=gzc&application=automation&type=button HTTP/1.1" 403 24
[2020-07-10 15:43:10,864] [log.py:222] [log:log_response] [WARNING]- Forbidden: /sys/api/user/role/
[2020-07-10 15:43:10,867] [basehttp.py:157] [basehttp:log_message] [WARNING]- "GET /sys/api/user/role/?username=gzc&application=automation&type=menu HTTP/1.1" 403 24
[2020-07-10 15:43:10,879] [log.py:222] [log:log_response] [WARNING]- Forbidden: /sys/api/user/role/
[2020-07-10 15:43:10,880] [basehttp.py:157] [basehttp:log_message] [WARNING]- "GET /sys/api/user/role/?username=gzc&application=automation&type=button HTTP/1.1" 403 24
[2020-07-10 15:43:12,723] [log.py:222] [log:log_response] [WARNING]- Unauthorized: /sys/api/auth/
[2020-07-10 15:43:12,724] [basehttp.py:157] [basehttp:log_message] [WARNING]- "POST /sys/api/auth/ HTTP/1.1" 401 39
[2020-07-10 15:43:12,745] [log.py:222] [log:log_response] [WARNING]- Forbidden: /sys/api/user/role/
[2020-07-10 15:43:12,746] [basehttp.py:157] [basehttp:log_message] [WARNING]- "GET /sys/api/user/role/?username=gzc&application=automation&type=menu HTTP/1.1" 403 24
[2020-07-10 15:43:12,761] [log.py:222] [log:log_response] [WARNING]- Forbidden: /sys/api/user/role/
[2020-07-10 15:43:12,763] [basehttp.py:157] [basehttp:log_message] [WARNING]- "GET /sys/api/user/role/?username=gzc&application=automation&type=button HTTP/1.1" 403 24
[2020-07-10 15:43:23,880] [log.py:222] [log:log_response] [WARNING]- Unauthorized: /sys/api/auth/
[2020-07-10 15:43:23,881] [basehttp.py:157] [basehttp:log_message] [WARNING]- "POST /sys/api/auth/ HTTP/1.1" 401 39
[2020-07-10 15:43:23,905] [log.py:222] [log:log_response] [WARNING]- Forbidden: /sys/api/user/role/
[2020-07-10 15:43:23,907] [log.py:222] [log:log_response] [WARNING]- Forbidden: /sys/api/user/role/
[2020-07-10 15:43:23,908] [basehttp.py:157] [basehttp:log_message] [WARNING]- "GET /sys/api/user/role/?username=gzc&application=automation&type=menu HTTP/1.1" 403 24
[2020-07-10 15:43:23,910] [basehttp.py:157] [basehttp:log_message] [WARNING]- "GET /sys/api/user/role/?username=gzc&application=automation&type=button HTTP/1.1" 403 24
[2020-07-10 15:43:31,245] [log.py:222] [log:log_response] [WARNING]- Unauthorized: /sys/api/auth/
[2020-07-10 15:43:31,248] [log.py:222] [log:log_response] [WARNING]- Forbidden: /sys/api/user/role/
[2020-07-10 15:43:31,250] [basehttp.py:157] [basehttp:log_message] [WARNING]- "POST /sys/api/auth/ HTTP/1.1" 401 39
[2020-07-10 15:43:31,252] [basehttp.py:157] [basehttp:log_message] [WARNING]- "GET /sys/api/user/role/?username=gzc&application=automation&type=menu HTTP/1.1" 403 24
[2020-07-10 15:43:31,281] [log.py:222] [log:log_response] [WARNING]- Forbidden: /sys/api/user/role/
[2020-07-10 15:43:31,283] [basehttp.py:157] [basehttp:log_message] [WARNING]- "GET /sys/api/user/role/?username=gzc&application=automation&type=button HTTP/1.1" 403 24
[2020-07-10 15:44:11,434] [log.py:222] [log:log_response] [WARNING]- Forbidden: /sys/api/user/role/
[2020-07-10 15:44:11,439] [log.py:222] [log:log_response] [WARNING]- Forbidden: /sys/api/user/role/
[2020-07-10 15:44:11,441] [basehttp.py:157] [basehttp:log_message] [WARNING]- "GET /sys/api/user/role/?username=gzc&application=automation&type=button HTTP/1.1" 403 24
[2020-07-10 15:44:11,444] [basehttp.py:157] [basehttp:log_message] [WARNING]- "GET /sys/api/user/role/?username=gzc&application=automation&type=menu HTTP/1.1" 403 24
[2020-07-10 15:44:13,830] [log.py:222] [log:log_response] [WARNING]- Unauthorized: /sys/api/auth/
[2020-07-10 15:44:13,833] [basehttp.py:157] [basehttp:log_message] [WARNING]- "POST /sys/api/auth/ HTTP/1.1" 401 39
[2020-07-10 15:44:13,869] [log.py:222] [log:log_response] [WARNING]- Forbidden: /sys/api/user/role/
[2020-07-10 15:44:13,869] [basehttp.py:157] [basehttp:log_message] [WARNING]- "GET /sys/api/user/role/?username=gzc&application=automation&type=menu HTTP/1.1" 403 24
[2020-07-10 15:44:13,872] [log.py:222] [log:log_response] [WARNING]- Forbidden: /sys/api/user/role/
[2020-07-10 15:44:13,873] [basehttp.py:157] [basehttp:log_message] [WARNING]- "GET /sys/api/user/role/?username=gzc&application=automation&type=button HTTP/1.1" 403 24
[2020-07-10 15:44:30,236] [log.py:222] [log:log_response] [WARNING]- Forbidden: /sys/api/user/role/
[2020-07-10 15:44:30,239] [log.py:222] [log:log_response] [WARNING]- Forbidden: /sys/api/user/role/
[2020-07-10 15:44:30,241] [basehttp.py:157] [basehttp:log_message] [WARNING]- "GET /sys/api/user/role/?username=gzc&application=automation&type=menu HTTP/1.1" 403 24
[2020-07-10 15:44:30,246] [basehttp.py:157] [basehttp:log_message] [WARNING]- "GET /sys/api/user/role/?username=gzc&application=automation&type=button HTTP/1.1" 403 24
[2020-07-10 15:44:45,579] [log.py:222] [log:log_response] [WARNING]- Unauthorized: /sys/api/auth/
[2020-07-10 15:44:45,579] [basehttp.py:157] [basehttp:log_message] [WARNING]- "POST /sys/api/auth/ HTTP/1.1" 401 39
[2020-07-10 15:44:45,587] [log.py:222] [log:log_response] [WARNING]- Forbidden: /sys/api/user/role/
[2020-07-10 15:44:45,588] [basehttp.py:157] [basehttp:log_message] [WARNING]- "GET /sys/api/user/role/?username=gzc&application=automation&type=menu HTTP/1.1" 403 24
[2020-07-10 15:44:45,593] [log.py:222] [log:log_response] [WARNING]- Forbidden: /sys/api/user/role/
[2020-07-10 15:44:45,594] [basehttp.py:157] [basehttp:log_message] [WARNING]- "GET /sys/api/user/role/?username=gzc&application=automation&type=button HTTP/1.1" 403 24
[2020-07-10 15:46:02,826] [log.py:222] [log:log_response] [WARNING]- Unauthorized: /sys/api/auth/
[2020-07-10 15:46:02,829] [basehttp.py:157] [basehttp:log_message] [WARNING]- "POST /sys/api/auth/ HTTP/1.1" 401 39
[2020-07-10 15:46:08,819] [log.py:222] [log:log_response] [WARNING]- Unauthorized: /sys/api/auth/
[2020-07-10 15:46:08,820] [basehttp.py:157] [basehttp:log_message] [WARNING]- "POST /sys/api/auth/ HTTP/1.1" 401 39
[2020-07-10 15:46:08,842] [log.py:222] [log:log_response] [WARNING]- Forbidden: /sys/api/user/role/
[2020-07-10 15:46:08,842] [basehttp.py:157] [basehttp:log_message] [WARNING]- "GET /sys/api/user/role/?username=gzc&application=automation&type=menu HTTP/1.1" 403 24
[2020-07-10 15:46:08,874] [log.py:222] [log:log_response] [WARNING]- Forbidden: /sys/api/user/role/
[2020-07-10 15:46:08,875] [basehttp.py:157] [basehttp:log_message] [WARNING]- "GET /sys/api/user/role/?username=gzc&application=automation&type=button HTTP/1.1" 403 24
[2020-07-10 15:46:36,823] [log.py:222] [log:log_response] [WARNING]- Unauthorized: /sys/api/auth/
[2020-07-10 15:46:36,826] [basehttp.py:157] [basehttp:log_message] [WARNING]- "POST /sys/api/auth/ HTTP/1.1" 401 39
[2020-07-10 15:50:19,455] [log.py:222] [log:log_response] [WARNING]- Unauthorized: /sys/api/auth/
[2020-07-10 15:50:19,488] [basehttp.py:157] [basehttp:log_message] [WARNING]- "POST /sys/api/auth/ HTTP/1.1" 401 39
[2020-07-10 15:50:35,329] [log.py:222] [log:log_response] [WARNING]- Unauthorized: /sys/api/auth/
[2020-07-10 15:50:35,330] [basehttp.py:157] [basehttp:log_message] [WARNING]- "POST /sys/api/auth/ HTTP/1.1" 401 39
[2020-07-10 15:50:35,875] [log.py:222] [log:log_response] [WARNING]- Forbidden: /sys/api/user/role/
[2020-07-10 15:50:35,881] [log.py:222] [log:log_response] [WARNING]- Forbidden: /sys/api/user/role/
[2020-07-10 15:50:35,884] [basehttp.py:157] [basehttp:log_message] [WARNING]- "GET /sys/api/user/role/?username=gzc&application=automation&type=button HTTP/1.1" 403 24
[2020-07-10 15:50:35,887] [basehttp.py:157] [basehttp:log_message] [WARNING]- "GET /sys/api/user/role/?username=gzc&application=automation&type=menu HTTP/1.1" 403 24
[2020-07-10 15:52:15,544] [log.py:222] [log:log_response] [WARNING]- Unauthorized: /sys/api/auth/
[2020-07-10 15:52:15,545] [basehttp.py:157] [basehttp:log_message] [WARNING]- "POST /sys/api/auth/ HTTP/1.1" 401 39
[2020-07-10 15:52:15,858] [log.py:222] [log:log_response] [WARNING]- Forbidden: /sys/api/user/role/
[2020-07-10 15:52:15,861] [basehttp.py:157] [basehttp:log_message] [WARNING]- "GET /sys/api/user/role/?username=gzc&application=automation&type=menu HTTP/1.1" 403 24
[2020-07-10 15:52:15,877] [log.py:222] [log:log_response] [WARNING]- Forbidden: /sys/api/user/role/
[2020-07-10 15:52:15,878] [basehttp.py:157] [basehttp:log_message] [WARNING]- "GET /sys/api/user/role/?username=gzc&application=automation&type=button HTTP/1.1" 403 24
[2020-07-10 15:52:25,355] [log.py:222] [log:log_response] [WARNING]- Unauthorized: /sys/api/auth/
[2020-07-10 15:52:25,355] [basehttp.py:157] [basehttp:log_message] [WARNING]- "POST /sys/api/auth/ HTTP/1.1" 401 39
[2020-07-10 15:52:25,551] [log.py:222] [log:log_response] [WARNING]- Forbidden: /sys/api/user/role/
[2020-07-10 15:52:25,552] [basehttp.py:157] [basehttp:log_message] [WARNING]- "GET /sys/api/user/role/?username=gzc&application=automation&type=button HTTP/1.1" 403 24
[2020-07-10 15:52:25,558] [log.py:222] [log:log_response] [WARNING]- Forbidden: /sys/api/user/role/
[2020-07-10 15:52:25,561] [basehttp.py:157] [basehttp:log_message] [WARNING]- "GET /sys/api/user/role/?username=gzc&application=automation&type=menu HTTP/1.1" 403 24
[2020-07-10 15:52:46,338] [log.py:222] [log:log_response] [WARNING]- Unauthorized: /sys/api/auth/
[2020-07-10 15:52:46,339] [basehttp.py:157] [basehttp:log_message] [WARNING]- "POST /sys/api/auth/ HTTP/1.1" 401 39
[2020-07-10 15:52:46,500] [log.py:222] [log:log_response] [WARNING]- Forbidden: /sys/api/user/role/
[2020-07-10 15:52:46,500] [basehttp.py:157] [basehttp:log_message] [WARNING]- "GET /sys/api/user/role/?username=gzc&application=automation&type=menu HTTP/1.1" 403 24
[2020-07-10 15:52:46,505] [log.py:222] [log:log_response] [WARNING]- Forbidden: /sys/api/user/role/
[2020-07-10 15:52:46,506] [basehttp.py:157] [basehttp:log_message] [WARNING]- "GET /sys/api/user/role/?username=gzc&application=automation&type=button HTTP/1.1" 403 24
[2020-07-10 15:53:37,488] [log.py:222] [log:log_response] [WARNING]- Unauthorized: /sys/api/auth/
[2020-07-10 15:53:37,490] [basehttp.py:157] [basehttp:log_message] [WARNING]- "POST /sys/api/auth/ HTTP/1.1" 401 39
[2020-07-10 15:53:37,507] [log.py:222] [log:log_response] [WARNING]- Forbidden: /sys/api/user/role/
[2020-07-10 15:53:37,508] [basehttp.py:157] [basehttp:log_message] [WARNING]- "GET /sys/api/user/role/?username=gzc&application=automation&type=menu HTTP/1.1" 403 24
[2020-07-10 15:53:37,539] [log.py:222] [log:log_response] [WARNING]- Forbidden: /sys/api/user/role/
[2020-07-10 15:53:37,540] [basehttp.py:157] [basehttp:log_message] [WARNING]- "GET /sys/api/user/role/?username=gzc&application=automation&type=button HTTP/1.1" 403 24
[2020-07-10 15:53:41,963] [log.py:222] [log:log_response] [WARNING]- Unauthorized: /sys/api/auth/
[2020-07-10 15:53:41,964] [basehttp.py:157] [basehttp:log_message] [WARNING]- "POST /sys/api/auth/ HTTP/1.1" 401 39
[2020-07-10 15:53:41,977] [log.py:222] [log:log_response] [WARNING]- Forbidden: /sys/api/user/role/
[2020-07-10 15:53:41,978] [basehttp.py:157] [basehttp:log_message] [WARNING]- "GET /sys/api/user/role/?username=gzc&application=automation&type=menu HTTP/1.1" 403 24
[2020-07-10 15:53:42,000] [log.py:222] [log:log_response] [WARNING]- Forbidden: /sys/api/user/role/
[2020-07-10 15:53:42,001] [basehttp.py:157] [basehttp:log_message] [WARNING]- "GET /sys/api/user/role/?username=gzc&application=automation&type=button HTTP/1.1" 403 24
[2020-07-10 15:54:18,558] [log.py:222] [log:log_response] [WARNING]- Unauthorized: /sys/api/auth/
[2020-07-10 15:54:18,559] [basehttp.py:157] [basehttp:log_message] [WARNING]- "POST /sys/api/auth/ HTTP/1.1" 401 39
[2020-07-10 15:54:18,786] [log.py:222] [log:log_response] [WARNING]- Forbidden: /sys/api/user/role/
[2020-07-10 15:54:18,788] [log.py:222] [log:log_response] [WARNING]- Forbidden: /sys/api/user/role/
[2020-07-10 15:54:18,791] [basehttp.py:157] [basehttp:log_message] [WARNING]- "GET /sys/api/user/role/?username=gzc&application=automation&type=button HTTP/1.1" 403 24
[2020-07-10 15:54:18,797] [basehttp.py:157] [basehttp:log_message] [WARNING]- "GET /sys/api/user/role/?username=gzc&application=automation&type=menu HTTP/1.1" 403 24
[2020-07-10 15:54:27,150] [log.py:222] [log:log_response] [WARNING]- Unauthorized: /sys/api/auth/
[2020-07-10 15:54:27,157] [basehttp.py:157] [basehttp:log_message] [WARNING]- "POST /sys/api/auth/ HTTP/1.1" 401 39
[2020-07-10 15:54:27,198] [log.py:222] [log:log_response] [WARNING]- Forbidden: /sys/api/user/role/
[2020-07-10 15:54:27,200] [basehttp.py:157] [basehttp:log_message] [WARNING]- "GET /sys/api/user/role/?username=gzc&application=automation&type=menu HTTP/1.1" 403 24
[2020-07-10 15:54:27,207] [log.py:222] [log:log_response] [WARNING]- Forbidden: /sys/api/user/role/
[2020-07-10 15:54:27,208] [basehttp.py:157] [basehttp:log_message] [WARNING]- "GET /sys/api/user/role/?username=gzc&application=automation&type=button HTTP/1.1" 403 24
[2020-07-10 15:54:30,930] [log.py:222] [log:log_response] [WARNING]- Unauthorized: /sys/api/auth/
[2020-07-10 15:54:30,935] [basehttp.py:157] [basehttp:log_message] [WARNING]- "POST /sys/api/auth/ HTTP/1.1" 401 39
[2020-07-10 15:54:30,945] [log.py:222] [log:log_response] [WARNING]- Forbidden: /sys/api/user/role/
[2020-07-10 15:54:30,950] [basehttp.py:157] [basehttp:log_message] [WARNING]- "GET /sys/api/user/role/?username=gzc&application=automation&type=menu HTTP/1.1" 403 24
[2020-07-10 15:54:30,969] [log.py:222] [log:log_response] [WARNING]- Forbidden: /sys/api/user/role/
[2020-07-10 15:54:30,970] [basehttp.py:157] [basehttp:log_message] [WARNING]- "GET /sys/api/user/role/?username=gzc&application=automation&type=button HTTP/1.1" 403 24
[2020-07-10 15:56:48,212] [log.py:222] [log:log_response] [WARNING]- Forbidden: /sys/api/user/role/
[2020-07-10 15:56:48,213] [basehttp.py:157] [basehttp:log_message] [WARNING]- "GET /sys/api/user/role/?username=gzc&application=automation&type=menu HTTP/1.1" 403 24
[2020-07-10 15:56:48,230] [log.py:222] [log:log_response] [WARNING]- Forbidden: /sys/api/user/role/
[2020-07-10 15:56:48,231] [basehttp.py:157] [basehttp:log_message] [WARNING]- "GET /sys/api/user/role/?username=gzc&application=automation&type=button HTTP/1.1" 403 24
[2020-07-10 15:56:48,240] [log.py:222] [log:log_response] [WARNING]- Unauthorized: /sys/api/auth/
[2020-07-10 15:56:48,241] [basehttp.py:157] [basehttp:log_message] [WARNING]- "POST /sys/api/auth/ HTTP/1.1" 401 39
[2020-07-10 15:56:53,831] [log.py:222] [log:log_response] [WARNING]- Unauthorized: /sys/api/auth/
[2020-07-10 15:56:53,832] [basehttp.py:157] [basehttp:log_message] [WARNING]- "POST /sys/api/auth/ HTTP/1.1" 401 39
[2020-07-10 15:56:53,865] [log.py:222] [log:log_response] [WARNING]- Forbidden: /sys/api/user/role/
[2020-07-10 15:56:53,867] [basehttp.py:157] [basehttp:log_message] [WARNING]- "GET /sys/api/user/role/?username=gzc&application=automation&type=menu HTTP/1.1" 403 24
[2020-07-10 15:56:53,874] [log.py:222] [log:log_response] [WARNING]- Forbidden: /sys/api/user/role/
[2020-07-10 15:56:53,874] [basehttp.py:157] [basehttp:log_message] [WARNING]- "GET /sys/api/user/role/?username=gzc&application=automation&type=button HTTP/1.1" 403 24
[2020-07-10 15:56:59,512] [log.py:222] [log:log_response] [WARNING]- Unauthorized: /sys/api/auth/
[2020-07-10 15:56:59,514] [basehttp.py:157] [basehttp:log_message] [WARNING]- "POST /sys/api/auth/ HTTP/1.1" 401 39
[2020-07-10 15:56:59,540] [log.py:222] [log:log_response] [WARNING]- Forbidden: /sys/api/user/role/
[2020-07-10 15:56:59,541] [basehttp.py:157] [basehttp:log_message] [WARNING]- "GET /sys/api/user/role/?username=gzc&application=automation&type=menu HTTP/1.1" 403 24
[2020-07-10 15:56:59,545] [log.py:222] [log:log_response] [WARNING]- Forbidden: /sys/api/user/role/
[2020-07-10 15:56:59,546] [basehttp.py:157] [basehttp:log_message] [WARNING]- "GET /sys/api/user/role/?username=gzc&application=automation&type=button HTTP/1.1" 403 24
[2020-07-10 16:00:42,938] [log.py:222] [log:log_response] [WARNING]- Unauthorized: /sys/api/auth/
[2020-07-10 16:00:42,938] [basehttp.py:157] [basehttp:log_message] [WARNING]- "POST /sys/api/auth/ HTTP/1.1" 401 39
[2020-07-10 16:00:43,016] [log.py:222] [log:log_response] [WARNING]- Forbidden: /sys/api/user/role/
[2020-07-10 16:00:43,018] [log.py:222] [log:log_response] [WARNING]- Forbidden: /sys/api/user/role/
[2020-07-10 16:00:43,018] [basehttp.py:157] [basehttp:log_message] [WARNING]- "GET /sys/api/user/role/?username=gzc&application=automation&type=menu HTTP/1.1" 403 24
[2020-07-10 16:00:43,020] [basehttp.py:157] [basehttp:log_message] [WARNING]- "GET /sys/api/user/role/?username=gzc&application=automation&type=button HTTP/1.1" 403 24
[2020-07-10 16:01:09,691] [log.py:222] [log:log_response] [WARNING]- Unauthorized: /sys/api/auth/
[2020-07-10 16:01:09,692] [basehttp.py:157] [basehttp:log_message] [WARNING]- "POST /sys/api/auth/ HTTP/1.1" 401 39
[2020-07-10 16:01:09,709] [log.py:222] [log:log_response] [WARNING]- Forbidden: /sys/api/user/role/
[2020-07-10 16:01:09,710] [basehttp.py:157] [basehttp:log_message] [WARNING]- "GET /sys/api/user/role/?username=gzc&application=automation&type=menu HTTP/1.1" 403 24
[2020-07-10 16:01:09,722] [log.py:222] [log:log_response] [WARNING]- Forbidden: /sys/api/user/role/
[2020-07-10 16:01:09,723] [basehttp.py:157] [basehttp:log_message] [WARNING]- "GET /sys/api/user/role/?username=gzc&application=automation&type=button HTTP/1.1" 403 24
[2020-07-10 16:01:16,554] [log.py:222] [log:log_response] [WARNING]- Unauthorized: /sys/api/auth/
[2020-07-10 16:01:16,557] [basehttp.py:157] [basehttp:log_message] [WARNING]- "POST /sys/api/auth/ HTTP/1.1" 401 39
[2020-07-10 16:01:16,577] [log.py:222] [log:log_response] [WARNING]- Forbidden: /sys/api/user/role/
[2020-07-10 16:01:16,577] [basehttp.py:157] [basehttp:log_message] [WARNING]- "GET /sys/api/user/role/?username=gzc&application=automation&type=menu HTTP/1.1" 403 24
[2020-07-10 16:01:16,593] [log.py:222] [log:log_response] [WARNING]- Forbidden: /sys/api/user/role/
[2020-07-10 16:01:16,594] [basehttp.py:157] [basehttp:log_message] [WARNING]- "GET /sys/api/user/role/?username=gzc&application=automation&type=button HTTP/1.1" 403 24
[2020-07-10 16:01:43,562] [log.py:222] [log:log_response] [WARNING]- Unauthorized: /sys/api/auth/
[2020-07-10 16:01:43,564] [basehttp.py:157] [basehttp:log_message] [WARNING]- "POST /sys/api/auth/ HTTP/1.1" 401 39
[2020-07-10 16:01:43,591] [log.py:222] [log:log_response] [WARNING]- Forbidden: /sys/api/user/role/
[2020-07-10 16:01:43,593] [log.py:222] [log:log_response] [WARNING]- Forbidden: /sys/api/user/role/
[2020-07-10 16:01:43,595] [basehttp.py:157] [basehttp:log_message] [WARNING]- "GET /sys/api/user/role/?username=gzc&application=automation&type=button HTTP/1.1" 403 24
[2020-07-10 16:01:43,595] [basehttp.py:157] [basehttp:log_message] [WARNING]- "GET /sys/api/user/role/?username=gzc&application=automation&type=menu HTTP/1.1" 403 24
[2020-07-10 16:07:22,365] [log.py:222] [log:log_response] [WARNING]- Unauthorized: /sys/api/auth/
[2020-07-10 16:07:22,366] [basehttp.py:157] [basehttp:log_message] [WARNING]- "POST /sys/api/auth/ HTTP/1.1" 401 39
[2020-07-10 16:07:22,382] [log.py:222] [log:log_response] [WARNING]- Forbidden: /sys/api/user/role/
[2020-07-10 16:07:22,383] [basehttp.py:157] [basehttp:log_message] [WARNING]- "GET /sys/api/user/role/?username=gzc&application=automation&type=menu HTTP/1.1" 403 24
[2020-07-10 16:07:22,391] [log.py:222] [log:log_response] [WARNING]- Forbidden: /sys/api/user/role/
[2020-07-10 16:07:22,393] [basehttp.py:157] [basehttp:log_message] [WARNING]- "GET /sys/api/user/role/?username=gzc&application=automation&type=button HTTP/1.1" 403 24
[2020-07-10 16:19:50,370] [log.py:222] [log:log_response] [WARNING]- Unauthorized: /sys/api/auth/
[2020-07-10 16:19:50,373] [log.py:222] [log:log_response] [WARNING]- Forbidden: /sys/api/user/role/
[2020-07-10 16:19:50,375] [log.py:222] [log:log_response] [WARNING]- Forbidden: /sys/api/user/role/
[2020-07-10 16:19:50,375] [basehttp.py:157] [basehttp:log_message] [WARNING]- "POST /sys/api/auth/ HTTP/1.1" 401 39
[2020-07-10 16:19:50,378] [basehttp.py:157] [basehttp:log_message] [WARNING]- "GET /sys/api/user/role/?username=gzc&application=automation&type=menu HTTP/1.1" 403 24
[2020-07-10 16:19:50,379] [basehttp.py:157] [basehttp:log_message] [WARNING]- "GET /sys/api/user/role/?username=gzc&application=automation&type=button HTTP/1.1" 403 24
[2020-07-10 16:24:07,492] [log.py:222] [log:log_response] [WARNING]- Unauthorized: /sys/api/auth/
[2020-07-10 16:24:07,495] [basehttp.py:157] [basehttp:log_message] [WARNING]- "POST /sys/api/auth/ HTTP/1.1" 401 39
[2020-07-10 16:24:07,563] [log.py:222] [log:log_response] [WARNING]- Forbidden: /sys/api/user/role/
[2020-07-10 16:24:07,565] [basehttp.py:157] [basehttp:log_message] [WARNING]- "GET /sys/api/user/role/?username=gzc&application=automation&type=menu HTTP/1.1" 403 24
[2020-07-10 16:24:07,571] [log.py:222] [log:log_response] [WARNING]- Forbidden: /sys/api/user/role/
[2020-07-10 16:24:07,572] [basehttp.py:157] [basehttp:log_message] [WARNING]- "GET /sys/api/user/role/?username=gzc&application=automation&type=button HTTP/1.1" 403 24
[2020-07-10 16:24:50,625] [log.py:222] [log:log_response] [WARNING]- Unauthorized: /sys/api/auth/
[2020-07-10 16:24:50,626] [basehttp.py:157] [basehttp:log_message] [WARNING]- "POST /sys/api/auth/ HTTP/1.1" 401 39
[2020-07-10 16:24:50,645] [log.py:222] [log:log_response] [WARNING]- Forbidden: /sys/api/user/role/
[2020-07-10 16:24:50,647] [basehttp.py:157] [basehttp:log_message] [WARNING]- "GET /sys/api/user/role/?username=gzc&application=automation&type=menu HTTP/1.1" 403 24
[2020-07-10 16:24:50,667] [log.py:222] [log:log_response] [WARNING]- Forbidden: /sys/api/user/role/
[2020-07-10 16:24:50,668] [basehttp.py:157] [basehttp:log_message] [WARNING]- "GET /sys/api/user/role/?username=gzc&application=automation&type=button HTTP/1.1" 403 24
[2020-07-10 16:26:19,640] [log.py:222] [log:log_response] [WARNING]- Unauthorized: /sys/api/auth/
[2020-07-10 16:26:19,641] [basehttp.py:157] [basehttp:log_message] [WARNING]- "POST /sys/api/auth/ HTTP/1.1" 401 39
[2020-07-10 16:26:19,656] [log.py:222] [log:log_response] [WARNING]- Forbidden: /sys/api/user/role/
[2020-07-10 16:26:19,658] [basehttp.py:157] [basehttp:log_message] [WARNING]- "GET /sys/api/user/role/?username=gzc&application=automation&type=menu HTTP/1.1" 403 24
[2020-07-10 16:26:19,668] [log.py:222] [log:log_response] [WARNING]- Forbidden: /sys/api/user/role/
[2020-07-10 16:26:19,669] [basehttp.py:157] [basehttp:log_message] [WARNING]- "GET /sys/api/user/role/?username=gzc&application=automation&type=button HTTP/1.1" 403 24
[2020-07-10 16:38:29,155] [log.py:222] [log:log_response] [WARNING]- Forbidden: /sys/api/user/role/
[2020-07-10 16:38:29,158] [basehttp.py:157] [basehttp:log_message] [WARNING]- "GET /sys/api/user/role/?username=gzc&application=automation&type=menu HTTP/1.1" 403 24
[2020-07-10 16:38:29,163] [log.py:222] [log:log_response] [WARNING]- Forbidden: /sys/api/user/role/
[2020-07-10 16:38:29,167] [basehttp.py:157] [basehttp:log_message] [WARNING]- "GET /sys/api/user/role/?username=gzc&application=automation&type=button HTTP/1.1" 403 24
[2020-07-10 16:38:29,175] [log.py:222] [log:log_response] [WARNING]- Unauthorized: /sys/api/auth/
[2020-07-10 16:38:29,177] [basehttp.py:157] [basehttp:log_message] [WARNING]- "POST /sys/api/auth/ HTTP/1.1" 401 39
[2020-07-10 16:40:28,488] [log.py:222] [log:log_response] [WARNING]- Unauthorized: /sys/api/auth/
[2020-07-10 16:40:28,489] [basehttp.py:157] [basehttp:log_message] [WARNING]- "POST /sys/api/auth/ HTTP/1.1" 401 39
[2020-07-10 16:43:01,232] [log.py:222] [log:log_response] [WARNING]- Unauthorized: /sys/api/auth/
[2020-07-10 16:43:01,233] [basehttp.py:157] [basehttp:log_message] [WARNING]- "POST /sys/api/auth/ HTTP/1.1" 401 39
[2020-07-10 16:43:01,264] [log.py:222] [log:log_response] [WARNING]- Forbidden: /sys/api/user/role/
[2020-07-10 16:43:01,265] [basehttp.py:157] [basehttp:log_message] [WARNING]- "GET /sys/api/user/role/?username=gzc&application=automation&type=menu HTTP/1.1" 403 24
[2020-07-10 16:43:01,273] [log.py:222] [log:log_response] [WARNING]- Forbidden: /sys/api/user/role/
[2020-07-10 16:43:01,274] [basehttp.py:157] [basehttp:log_message] [WARNING]- "GET /sys/api/user/role/?username=gzc&application=automation&type=button HTTP/1.1" 403 24
[2020-07-10 16:44:06,887] [log.py:222] [log:log_response] [WARNING]- Unauthorized: /sys/api/auth/
[2020-07-10 16:44:06,889] [basehttp.py:157] [basehttp:log_message] [WARNING]- "POST /sys/api/auth/ HTTP/1.1" 401 39
[2020-07-10 16:44:06,909] [log.py:222] [log:log_response] [WARNING]- Forbidden: /sys/api/user/role/
[2020-07-10 16:44:06,910] [basehttp.py:157] [basehttp:log_message] [WARNING]- "GET /sys/api/user/role/?username=gzc&application=automation&type=menu HTTP/1.1" 403 24
[2020-07-10 16:44:06,917] [log.py:222] [log:log_response] [WARNING]- Forbidden: /sys/api/user/role/
[2020-07-10 16:44:06,920] [basehttp.py:157] [basehttp:log_message] [WARNING]- "GET /sys/api/user/role/?username=gzc&application=automation&type=button HTTP/1.1" 403 24
[2020-07-10 16:44:27,618] [log.py:222] [log:log_response] [WARNING]- Forbidden: /sys/api/user/role/
[2020-07-10 16:44:27,619] [log.py:222] [log:log_response] [WARNING]- Unauthorized: /sys/api/auth/
[2020-07-10 16:44:27,620] [log.py:222] [log:log_response] [WARNING]- Forbidden: /sys/api/user/role/
[2020-07-10 16:44:27,621] [basehttp.py:157] [basehttp:log_message] [WARNING]- "GET /sys/api/user/role/?username=gzc&application=automation&type=menu HTTP/1.1" 403 24
[2020-07-10 16:44:27,621] [basehttp.py:157] [basehttp:log_message] [WARNING]- "POST /sys/api/auth/ HTTP/1.1" 401 39
[2020-07-10 16:44:27,623] [basehttp.py:157] [basehttp:log_message] [WARNING]- "GET /sys/api/user/role/?username=gzc&application=automation&type=button HTTP/1.1" 403 24
[2020-07-10 16:44:33,862] [log.py:222] [log:log_response] [WARNING]- Unauthorized: /sys/api/auth/
[2020-07-10 16:44:33,863] [basehttp.py:157] [basehttp:log_message] [WARNING]- "POST /sys/api/auth/ HTTP/1.1" 401 39
[2020-07-10 16:44:33,904] [log.py:222] [log:log_response] [WARNING]- Forbidden: /sys/api/user/role/
[2020-07-10 16:44:33,909] [log.py:222] [log:log_response] [WARNING]- Forbidden: /sys/api/user/role/
[2020-07-10 16:44:33,909] [basehttp.py:157] [basehttp:log_message] [WARNING]- "GET /sys/api/user/role/?username=gzc&application=automation&type=menu HTTP/1.1" 403 24
[2020-07-10 16:44:33,911] [basehttp.py:157] [basehttp:log_message] [WARNING]- "GET /sys/api/user/role/?username=gzc&application=automation&type=button HTTP/1.1" 403 24
[2020-07-10 16:44:39,995] [log.py:222] [log:log_response] [WARNING]- Forbidden: /sys/api/user/role/
[2020-07-10 16:44:40,000] [log.py:222] [log:log_response] [WARNING]- Forbidden: /sys/api/user/role/
[2020-07-10 16:44:40,003] [basehttp.py:157] [basehttp:log_message] [WARNING]- "GET /sys/api/user/role/?username=gzc&application=automation&type=menu HTTP/1.1" 403 24
[2020-07-10 16:44:40,004] [basehttp.py:157] [basehttp:log_message] [WARNING]- "GET /sys/api/user/role/?username=gzc&application=automation&type=button HTTP/1.1" 403 24
[2020-07-10 16:44:40,021] [log.py:222] [log:log_response] [WARNING]- Unauthorized: /sys/api/auth/
[2020-07-10 16:44:40,021] [basehttp.py:157] [basehttp:log_message] [WARNING]- "POST /sys/api/auth/ HTTP/1.1" 401 39
[2020-07-10 16:45:02,758] [log.py:222] [log:log_response] [WARNING]- Forbidden: /sys/api/user/role/
[2020-07-10 16:45:02,760] [log.py:222] [log:log_response] [WARNING]- Unauthorized: /sys/api/auth/
[2020-07-10 16:45:02,761] [basehttp.py:157] [basehttp:log_message] [WARNING]- "GET /sys/api/user/role/?username=gzc&application=automation&type=menu HTTP/1.1" 403 24
[2020-07-10 16:45:02,763] [basehttp.py:157] [basehttp:log_message] [WARNING]- "POST /sys/api/auth/ HTTP/1.1" 401 39
[2020-07-10 16:45:02,787] [log.py:222] [log:log_response] [WARNING]- Forbidden: /sys/api/user/role/
[2020-07-10 16:45:02,788] [basehttp.py:157] [basehttp:log_message] [WARNING]- "GET /sys/api/user/role/?username=gzc&application=automation&type=button HTTP/1.1" 403 24
[2020-07-10 16:52:20,104] [log.py:222] [log:log_response] [WARNING]- Forbidden: /sys/api/user/role/
[2020-07-10 16:52:20,106] [basehttp.py:157] [basehttp:log_message] [WARNING]- "GET /sys/api/user/role/?username=gzc&application=automation&type=button HTTP/1.1" 403 24
[2020-07-10 16:52:20,110] [log.py:222] [log:log_response] [WARNING]- Forbidden: /sys/api/user/role/
[2020-07-10 16:52:20,112] [basehttp.py:157] [basehttp:log_message] [WARNING]- "GET /sys/api/user/role/?username=gzc&application=automation&type=menu HTTP/1.1" 403 24
[2020-07-10 16:52:27,878] [log.py:222] [log:log_response] [WARNING]- Forbidden: /sys/api/user/role/
[2020-07-10 16:52:27,880] [basehttp.py:157] [basehttp:log_message] [WARNING]- "GET /sys/api/user/role/?username=gzc&application=automation&type=menu HTTP/1.1" 403 24
[2020-07-10 16:52:27,889] [log.py:222] [log:log_response] [WARNING]- Forbidden: /sys/api/user/role/
[2020-07-10 16:52:27,892] [basehttp.py:157] [basehttp:log_message] [WARNING]- "GET /sys/api/user/role/?username=gzc&application=automation&type=button HTTP/1.1" 403 24
[2020-07-10 16:52:33,836] [log.py:222] [log:log_response] [WARNING]- Forbidden: /sys/api/user/role/
[2020-07-10 16:52:33,839] [basehttp.py:157] [basehttp:log_message] [WARNING]- "GET /sys/api/user/role/?username=gzc&application=automation&type=menu HTTP/1.1" 403 24
[2020-07-10 16:52:33,846] [log.py:222] [log:log_response] [WARNING]- Forbidden: /sys/api/user/role/
[2020-07-10 16:52:33,848] [basehttp.py:157] [basehttp:log_message] [WARNING]- "GET /sys/api/user/role/?username=gzc&application=automation&type=button HTTP/1.1" 403 24
[2020-07-10 16:52:41,940] [log.py:222] [log:log_response] [WARNING]- Forbidden: /sys/api/user/role/
[2020-07-10 16:52:41,946] [log.py:222] [log:log_response] [WARNING]- Forbidden: /sys/api/user/role/
[2020-07-10 16:52:41,947] [basehttp.py:157] [basehttp:log_message] [WARNING]- "GET /sys/api/user/role/?username=gzc&application=automation&type=menu HTTP/1.1" 403 24
[2020-07-10 16:52:41,949] [basehttp.py:157] [basehttp:log_message] [WARNING]- "GET /sys/api/user/role/?username=gzc&application=automation&type=button HTTP/1.1" 403 24
[2020-07-10 16:52:53,420] [log.py:222] [log:log_response] [WARNING]- Forbidden: /sys/api/user/role/
[2020-07-10 16:52:53,422] [basehttp.py:157] [basehttp:log_message] [WARNING]- "GET /sys/api/user/role/?username=gzc&application=automation&type=button HTTP/1.1" 403 24
[2020-07-10 16:52:53,437] [log.py:222] [log:log_response] [WARNING]- Forbidden: /sys/api/user/role/
[2020-07-10 16:52:53,438] [basehttp.py:157] [basehttp:log_message] [WARNING]- "GET /sys/api/user/role/?username=gzc&application=automation&type=menu HTTP/1.1" 403 24
[2020-07-10 16:53:14,111] [log.py:222] [log:log_response] [WARNING]- Forbidden: /sys/api/user/role/
[2020-07-10 16:53:14,116] [log.py:222] [log:log_response] [WARNING]- Forbidden: /sys/api/user/role/
[2020-07-10 16:53:14,120] [basehttp.py:157] [basehttp:log_message] [WARNING]- "GET /sys/api/user/role/?username=gzc&application=automation&type=button HTTP/1.1" 403 24
[2020-07-10 16:53:14,122] [basehttp.py:157] [basehttp:log_message] [WARNING]- "GET /sys/api/user/role/?username=gzc&application=automation&type=menu HTTP/1.1" 403 24
[2020-07-10 16:55:37,327] [log.py:222] [log:log_response] [WARNING]- Unauthorized: /sys/api/auth/
[2020-07-10 16:55:37,328] [basehttp.py:157] [basehttp:log_message] [WARNING]- "POST /sys/api/auth/ HTTP/1.1" 401 39
[2020-07-10 16:55:37,343] [log.py:222] [log:log_response] [WARNING]- Forbidden: /sys/api/user/role/
[2020-07-10 16:55:37,344] [basehttp.py:157] [basehttp:log_message] [WARNING]- "GET /sys/api/user/role/?username=gzc&application=automation&type=menu HTTP/1.1" 403 24
[2020-07-10 16:55:37,349] [log.py:222] [log:log_response] [WARNING]- Forbidden: /sys/api/user/role/
[2020-07-10 16:55:37,350] [basehttp.py:157] [basehttp:log_message] [WARNING]- "GET /sys/api/user/role/?username=gzc&application=automation&type=button HTTP/1.1" 403 24
[2020-07-10 16:57:37,317] [log.py:222] [log:log_response] [WARNING]- Unauthorized: /sys/api/auth/
[2020-07-10 16:57:37,318] [basehttp.py:157] [basehttp:log_message] [WARNING]- "POST /sys/api/auth/ HTTP/1.1" 401 39
[2020-07-10 17:02:27,425] [log.py:222] [log:log_response] [WARNING]- Unauthorized: /sys/api/auth/
[2020-07-10 17:02:27,427] [basehttp.py:157] [basehttp:log_message] [WARNING]- "POST /sys/api/auth/ HTTP/1.1" 401 39
[2020-07-10 17:02:27,462] [log.py:222] [log:log_response] [WARNING]- Forbidden: /sys/api/user/role/
[2020-07-10 17:02:27,464] [log.py:222] [log:log_response] [WARNING]- Forbidden: /sys/api/user/role/
[2020-07-10 17:02:27,464] [basehttp.py:157] [basehttp:log_message] [WARNING]- "GET /sys/api/user/role/?username=gzc&application=automation&type=menu HTTP/1.1" 403 24
[2020-07-10 17:02:27,466] [basehttp.py:157] [basehttp:log_message] [WARNING]- "GET /sys/api/user/role/?username=gzc&application=automation&type=button HTTP/1.1" 403 24
[2020-07-10 17:02:38,498] [log.py:222] [log:log_response] [WARNING]- Unauthorized: /sys/api/auth/
[2020-07-10 17:02:38,499] [basehttp.py:157] [basehttp:log_message] [WARNING]- "POST /sys/api/auth/ HTTP/1.1" 401 39
[2020-07-10 17:02:38,516] [log.py:222] [log:log_response] [WARNING]- Forbidden: /sys/api/user/role/
[2020-07-10 17:02:38,520] [basehttp.py:157] [basehttp:log_message] [WARNING]- "GET /sys/api/user/role/?username=gzc&application=automation&type=menu HTTP/1.1" 403 24
[2020-07-10 17:02:38,539] [log.py:222] [log:log_response] [WARNING]- Forbidden: /sys/api/user/role/
[2020-07-10 17:02:38,540] [basehttp.py:157] [basehttp:log_message] [WARNING]- "GET /sys/api/user/role/?username=gzc&application=automation&type=button HTTP/1.1" 403 24
[2020-07-10 17:02:51,032] [log.py:222] [log:log_response] [WARNING]- Unauthorized: /sys/api/auth/
[2020-07-10 17:02:51,034] [basehttp.py:157] [basehttp:log_message] [WARNING]- "POST /sys/api/auth/ HTTP/1.1" 401 39
[2020-07-10 17:02:51,055] [log.py:222] [log:log_response] [WARNING]- Forbidden: /sys/api/user/role/
[2020-07-10 17:02:51,057] [basehttp.py:157] [basehttp:log_message] [WARNING]- "GET /sys/api/user/role/?username=gzc&application=automation&type=menu HTTP/1.1" 403 24
[2020-07-10 17:02:51,074] [log.py:222] [log:log_response] [WARNING]- Forbidden: /sys/api/user/role/
[2020-07-10 17:02:51,075] [basehttp.py:157] [basehttp:log_message] [WARNING]- "GET /sys/api/user/role/?username=gzc&application=automation&type=button HTTP/1.1" 403 24
[2020-07-10 17:05:00,027] [log.py:222] [log:log_response] [WARNING]- Unauthorized: /sys/api/auth/
[2020-07-10 17:05:00,028] [basehttp.py:157] [basehttp:log_message] [WARNING]- "POST /sys/api/auth/ HTTP/1.1" 401 39
[2020-07-10 17:05:00,044] [log.py:222] [log:log_response] [WARNING]- Forbidden: /sys/api/user/role/
[2020-07-10 17:05:00,047] [basehttp.py:157] [basehttp:log_message] [WARNING]- "GET /sys/api/user/role/?username=gzc&application=automation&type=menu HTTP/1.1" 403 24
[2020-07-10 17:05:00,055] [log.py:222] [log:log_response] [WARNING]- Forbidden: /sys/api/user/role/
[2020-07-10 17:05:00,056] [basehttp.py:157] [basehttp:log_message] [WARNING]- "GET /sys/api/user/role/?username=gzc&application=automation&type=button HTTP/1.1" 403 24
[2020-07-10 17:15:24,580] [log.py:222] [log:log_response] [WARNING]- Unauthorized: /sys/api/auth/
[2020-07-10 17:15:24,581] [basehttp.py:157] [basehttp:log_message] [WARNING]- "POST /sys/api/auth/ HTTP/1.1" 401 39
[2020-07-10 17:15:24,600] [log.py:222] [log:log_response] [WARNING]- Forbidden: /sys/api/user/role/
[2020-07-10 17:15:24,603] [log.py:222] [log:log_response] [WARNING]- Forbidden: /sys/api/user/role/
[2020-07-10 17:15:24,604] [basehttp.py:157] [basehttp:log_message] [WARNING]- "GET /sys/api/user/role/?username=gzc&application=automation&type=button HTTP/1.1" 403 24
[2020-07-10 17:15:24,606] [basehttp.py:157] [basehttp:log_message] [WARNING]- "GET /sys/api/user/role/?username=gzc&application=automation&type=menu HTTP/1.1" 403 24
[2020-07-10 17:15:30,284] [log.py:222] [log:log_response] [WARNING]- Unauthorized: /sys/api/auth/
[2020-07-10 17:15:30,285] [basehttp.py:157] [basehttp:log_message] [WARNING]- "POST /sys/api/auth/ HTTP/1.1" 401 39
[2020-07-10 17:15:30,308] [log.py:222] [log:log_response] [WARNING]- Forbidden: /sys/api/user/role/
[2020-07-10 17:15:30,310] [basehttp.py:157] [basehttp:log_message] [WARNING]- "GET /sys/api/user/role/?username=gzc&application=automation&type=menu HTTP/1.1" 403 24
[2020-07-10 17:15:30,323] [log.py:222] [log:log_response] [WARNING]- Forbidden: /sys/api/user/role/
[2020-07-10 17:15:30,324] [basehttp.py:157] [basehttp:log_message] [WARNING]- "GET /sys/api/user/role/?username=gzc&application=automation&type=button HTTP/1.1" 403 24
[2020-07-10 17:15:42,790] [log.py:222] [log:log_response] [WARNING]- Forbidden: /sys/api/user/role/
[2020-07-10 17:15:42,792] [basehttp.py:157] [basehttp:log_message] [WARNING]- "GET /sys/api/user/role/?username=gzc&application=automation&type=menu HTTP/1.1" 403 24
[2020-07-10 17:15:42,815] [log.py:222] [log:log_response] [WARNING]- Forbidden: /sys/api/user/role/
[2020-07-10 17:15:42,818] [log.py:222] [log:log_response] [WARNING]- Unauthorized: /sys/api/auth/
[2020-07-10 17:15:42,818] [basehttp.py:157] [basehttp:log_message] [WARNING]- "GET /sys/api/user/role/?username=gzc&application=automation&type=button HTTP/1.1" 403 24
[2020-07-10 17:15:42,820] [basehttp.py:157] [basehttp:log_message] [WARNING]- "POST /sys/api/auth/ HTTP/1.1" 401 39
[2020-07-10 17:47:06,046] [log.py:222] [log:log_response] [WARNING]- Unauthorized: /sys/api/auth/
[2020-07-10 17:47:06,050] [basehttp.py:157] [basehttp:log_message] [WARNING]- "POST /sys/api/auth/ HTTP/1.1" 401 39
[2020-07-10 17:47:09,599] [log.py:222] [log:log_response] [WARNING]- Unauthorized: /sys/api/auth/
[2020-07-10 17:47:09,600] [basehttp.py:157] [basehttp:log_message] [WARNING]- "POST /sys/api/auth/ HTTP/1.1" 401 39
[2020-07-10 17:47:09,604] [log.py:222] [log:log_response] [WARNING]- Forbidden: /sys/api/user/role/
[2020-07-10 17:47:09,606] [basehttp.py:157] [basehttp:log_message] [WARNING]- "GET /sys/api/user/role/?username=gzc&application=automation&type=menu HTTP/1.1" 403 24
[2020-07-10 17:47:09,630] [log.py:222] [log:log_response] [WARNING]- Forbidden: /sys/api/user/role/
[2020-07-10 17:47:09,631] [basehttp.py:157] [basehttp:log_message] [WARNING]- "GET /sys/api/user/role/?username=gzc&application=automation&type=button HTTP/1.1" 403 24
[2020-07-10 17:47:25,286] [log.py:222] [log:log_response] [WARNING]- Unauthorized: /sys/api/auth/
[2020-07-10 17:47:25,287] [basehttp.py:157] [basehttp:log_message] [WARNING]- "POST /sys/api/auth/ HTTP/1.1" 401 39
[2020-07-10 17:47:25,299] [log.py:222] [log:log_response] [WARNING]- Forbidden: /sys/api/user/role/
[2020-07-10 17:47:25,300] [basehttp.py:157] [basehttp:log_message] [WARNING]- "GET /sys/api/user/role/?username=gzc&application=automation&type=menu HTTP/1.1" 403 24
[2020-07-10 17:47:25,312] [log.py:222] [log:log_response] [WARNING]- Forbidden: /sys/api/user/role/
[2020-07-10 17:47:25,313] [basehttp.py:157] [basehttp:log_message] [WARNING]- "GET /sys/api/user/role/?username=gzc&application=automation&type=button HTTP/1.1" 403 24
[2020-07-10 17:48:02,206] [log.py:222] [log:log_response] [WARNING]- Unauthorized: /sys/api/auth/
[2020-07-10 17:48:02,207] [basehttp.py:157] [basehttp:log_message] [WARNING]- "POST /sys/api/auth/ HTTP/1.1" 401 39
[2020-07-10 17:48:02,219] [log.py:222] [log:log_response] [WARNING]- Forbidden: /sys/api/user/role/
[2020-07-10 17:48:02,220] [log.py:222] [log:log_response] [WARNING]- Forbidden: /sys/api/user/role/
[2020-07-10 17:48:02,221] [basehttp.py:157] [basehttp:log_message] [WARNING]- "GET /sys/api/user/role/?username=gzc&application=automation&type=menu HTTP/1.1" 403 24
[2020-07-10 17:48:02,221] [basehttp.py:157] [basehttp:log_message] [WARNING]- "GET /sys/api/user/role/?username=gzc&application=automation&type=button HTTP/1.1" 403 24
[2020-07-10 17:48:05,591] [log.py:222] [log:log_response] [WARNING]- Unauthorized: /sys/api/auth/
[2020-07-10 17:48:05,592] [basehttp.py:157] [basehttp:log_message] [WARNING]- "POST /sys/api/auth/ HTTP/1.1" 401 39
[2020-07-10 17:48:05,608] [log.py:222] [log:log_response] [WARNING]- Forbidden: /sys/api/user/role/
[2020-07-10 17:48:05,611] [basehttp.py:157] [basehttp:log_message] [WARNING]- "GET /sys/api/user/role/?username=gzc&application=automation&type=menu HTTP/1.1" 403 24
[2020-07-10 17:48:05,633] [log.py:222] [log:log_response] [WARNING]- Forbidden: /sys/api/user/role/
[2020-07-10 17:48:05,634] [basehttp.py:157] [basehttp:log_message] [WARNING]- "GET /sys/api/user/role/?username=gzc&application=automation&type=button HTTP/1.1" 403 24
[2020-07-10 17:57:21,065] [autoreload.py:598] [autoreload:run_with_reloader] [INFO]- Watching for file changes with StatReloader
[2020-07-10 18:06:45,580] [log.py:222] [log:log_response] [WARNING]- Forbidden: /sys/api/user/role/
[2020-07-10 18:06:45,581] [log.py:222] [log:log_response] [WARNING]- Unauthorized: /sys/api/auth/
[2020-07-10 18:06:45,583] [log.py:222] [log:log_response] [WARNING]- Forbidden: /sys/api/user/role/
[2020-07-10 18:06:45,585] [basehttp.py:157] [basehttp:log_message] [WARNING]- "GET /sys/api/user/role/?username=gzc&application=automation&type=button HTTP/1.1" 403 24
[2020-07-10 18:06:45,585] [basehttp.py:157] [basehttp:log_message] [WARNING]- "POST /sys/api/auth/ HTTP/1.1" 401 39
[2020-07-10 18:06:45,586] [basehttp.py:157] [basehttp:log_message] [WARNING]- "GET /sys/api/user/role/?username=gzc&application=automation&type=menu HTTP/1.1" 403 24
[2020-07-10 18:19:17,549] [basehttp.py:157] [basehttp:log_message] [INFO]- "POST /sys/api/auth/ HTTP/1.1" 200 65
[2020-07-10 18:19:22,046] [basehttp.py:157] [basehttp:log_message] [INFO]- "GET /sys/api/user/role/?username=gzc&application=automation&type=menu HTTP/1.1" 200 3307
[2020-07-10 18:19:22,061] [basehttp.py:157] [basehttp:log_message] [INFO]- "GET /sys/api/user/role/?username=gzc&application=automation&type=button HTTP/1.1" 200 2
[2020-07-10 18:19:28,324] [basehttp.py:157] [basehttp:log_message] [INFO]- "POST /sys/api/auth/ HTTP/1.1" 200 65
[2020-07-10 18:19:31,834] [basehttp.py:157] [basehttp:log_message] [INFO]- "POST /sys/api/auth/ HTTP/1.1" 200 65
[2020-07-10 18:19:46,110] [basehttp.py:157] [basehttp:log_message] [INFO]- "POST /sys/api/auth/ HTTP/1.1" 200 65
[2020-07-10 18:19:46,565] [basehttp.py:157] [basehttp:log_message] [INFO]- "POST /sys/api/auth/ HTTP/1.1" 200 65
[2020-07-10 18:19:49,366] [basehttp.py:157] [basehttp:log_message] [INFO]- "POST /sys/api/auth/ HTTP/1.1" 200 65
[2020-07-10 18:19:53,665] [basehttp.py:157] [basehttp:log_message] [INFO]- "POST /sys/api/auth/ HTTP/1.1" 200 65
[2020-07-10 18:20:02,868] [basehttp.py:157] [basehttp:log_message] [INFO]- "POST /sys/api/auth/ HTTP/1.1" 200 65
[2020-07-10 18:20:03,339] [basehttp.py:157] [basehttp:log_message] [INFO]- "POST /sys/api/auth/ HTTP/1.1" 200 65
[2020-07-10 18:20:27,794] [basehttp.py:157] [basehttp:log_message] [INFO]- "POST /sys/api/auth/ HTTP/1.1" 200 65
[2020-07-10 18:20:27,944] [basehttp.py:157] [basehttp:log_message] [INFO]- "GET /sys/api/user/role/?username=gzc&application=automation&type=menu HTTP/1.1" 200 3307
[2020-07-10 18:20:27,968] [basehttp.py:157] [basehttp:log_message] [INFO]- "GET /sys/api/user/role/?username=gzc&application=automation&type=button HTTP/1.1" 200 2
[2020-07-10 18:20:38,652] [basehttp.py:157] [basehttp:log_message] [INFO]- "POST /sys/api/auth/ HTTP/1.1" 200 65
[2020-07-10 18:20:38,908] [basehttp.py:157] [basehttp:log_message] [INFO]- "GET /sys/api/user/role/?username=gzc&application=automation&type=button HTTP/1.1" 200 2
[2020-07-10 18:20:38,909] [basehttp.py:157] [basehttp:log_message] [INFO]- "GET /sys/api/user/role/?username=gzc&application=automation&type=menu HTTP/1.1" 200 3307
[2020-07-10 18:22:27,743] [basehttp.py:157] [basehttp:log_message] [INFO]- "POST /sys/api/auth/ HTTP/1.1" 200 65
[2020-07-10 18:22:51,050] [basehttp.py:157] [basehttp:log_message] [INFO]- "POST /sys/api/auth/ HTTP/1.1" 200 65
[2020-07-10 18:22:51,247] [basehttp.py:157] [basehttp:log_message] [INFO]- "GET /sys/api/user/role/?username=gzc&application=automation&type=button HTTP/1.1" 200 2
[2020-07-10 18:22:51,248] [basehttp.py:157] [basehttp:log_message] [INFO]- "GET /sys/api/user/role/?username=gzc&application=automation&type=menu HTTP/1.1" 200 3307
[2020-07-10 18:22:53,484] [basehttp.py:157] [basehttp:log_message] [INFO]- "POST /sys/api/auth/ HTTP/1.1" 200 65
[2020-07-10 18:23:04,468] [basehttp.py:157] [basehttp:log_message] [INFO]- "POST /sys/api/auth/ HTTP/1.1" 200 65
[2020-07-10 18:23:04,889] [basehttp.py:157] [basehttp:log_message] [INFO]- "POST /sys/api/auth/ HTTP/1.1" 200 65
[2020-07-10 18:23:50,680] [basehttp.py:157] [basehttp:log_message] [INFO]- "POST /sys/api/auth/ HTTP/1.1" 200 65
[2020-07-10 18:23:50,873] [basehttp.py:157] [basehttp:log_message] [INFO]- "GET /sys/api/user/role/?username=gzc&application=automation&type=menu HTTP/1.1" 200 3307
[2020-07-10 18:23:50,898] [basehttp.py:157] [basehttp:log_message] [INFO]- "GET /sys/api/user/role/?username=gzc&application=automation&type=button HTTP/1.1" 200 2
[2020-07-10 18:23:54,401] [basehttp.py:157] [basehttp:log_message] [INFO]- "POST /sys/api/auth/ HTTP/1.1" 200 65
[2020-07-10 18:23:54,623] [basehttp.py:157] [basehttp:log_message] [INFO]- "GET /sys/api/user/role/?username=gzc&application=automation&type=menu HTTP/1.1" 200 3307
[2020-07-10 18:23:54,655] [basehttp.py:157] [basehttp:log_message] [INFO]- "GET /sys/api/user/role/?username=gzc&application=automation&type=button HTTP/1.1" 200 2
[2020-07-10 18:23:57,748] [basehttp.py:157] [basehttp:log_message] [INFO]- "POST /sys/api/auth/ HTTP/1.1" 200 65
[2020-07-10 18:23:57,919] [basehttp.py:157] [basehttp:log_message] [INFO]- "GET /sys/api/user/role/?username=gzc&application=automation&type=menu HTTP/1.1" 200 3307
[2020-07-10 18:23:57,937] [basehttp.py:157] [basehttp:log_message] [INFO]- "GET /sys/api/user/role/?username=gzc&application=automation&type=button HTTP/1.1" 200 2
[2020-07-10 18:24:01,087] [basehttp.py:157] [basehttp:log_message] [INFO]- "POST /sys/api/auth/ HTTP/1.1" 200 65
[2020-07-10 18:24:01,282] [basehttp.py:157] [basehttp:log_message] [INFO]- "GET /sys/api/user/role/?username=gzc&application=automation&type=button HTTP/1.1" 200 2
[2020-07-10 18:24:01,286] [basehttp.py:157] [basehttp:log_message] [INFO]- "GET /sys/api/user/role/?username=gzc&application=automation&type=menu HTTP/1.1" 200 3307
[2020-07-10 18:24:38,873] [basehttp.py:157] [basehttp:log_message] [INFO]- "POST /sys/api/auth/ HTTP/1.1" 200 65
[2020-07-10 18:24:39,018] [basehttp.py:157] [basehttp:log_message] [INFO]- "GET /sys/api/user/role/?username=gzc&application=automation&type=menu HTTP/1.1" 200 3307
[2020-07-10 18:24:39,050] [basehttp.py:157] [basehttp:log_message] [INFO]- "GET /sys/api/user/role/?username=gzc&application=automation&type=button HTTP/1.1" 200 2
[2020-07-10 18:24:41,496] [basehttp.py:157] [basehttp:log_message] [INFO]- "POST /sys/api/auth/ HTTP/1.1" 200 65
[2020-07-10 18:24:43,782] [basehttp.py:157] [basehttp:log_message] [INFO]- "POST /sys/api/auth/ HTTP/1.1" 200 65
[2020-07-10 18:25:31,803] [basehttp.py:157] [basehttp:log_message] [INFO]- "POST /sys/api/auth/ HTTP/1.1" 200 65
[2020-07-10 18:25:32,120] [basehttp.py:157] [basehttp:log_message] [INFO]- "POST /sys/api/auth/ HTTP/1.1" 200 65
[2020-07-10 18:26:03,800] [basehttp.py:157] [basehttp:log_message] [INFO]- "POST /sys/api/auth/ HTTP/1.1" 200 65
[2020-07-10 18:26:04,020] [basehttp.py:157] [basehttp:log_message] [INFO]- "GET /sys/api/user/role/?username=gzc&application=automation&type=menu HTTP/1.1" 200 3307
[2020-07-10 18:26:04,031] [basehttp.py:157] [basehttp:log_message] [INFO]- "GET /sys/api/user/role/?username=gzc&application=automation&type=button HTTP/1.1" 200 2
[2020-07-10 18:26:06,921] [basehttp.py:157] [basehttp:log_message] [INFO]- "POST /sys/api/auth/ HTTP/1.1" 200 65
[2020-07-10 18:26:07,113] [basehttp.py:157] [basehttp:log_message] [INFO]- "GET /sys/api/user/role/?username=gzc&application=automation&type=menu HTTP/1.1" 200 3307
[2020-07-10 18:26:07,148] [basehttp.py:157] [basehttp:log_message] [INFO]- "GET /sys/api/user/role/?username=gzc&application=automation&type=button HTTP/1.1" 200 2
[2020-07-10 18:26:14,421] [basehttp.py:157] [basehttp:log_message] [INFO]- "POST /sys/api/auth/ HTTP/1.1" 200 65
[2020-07-10 18:26:14,664] [basehttp.py:157] [basehttp:log_message] [INFO]- "GET /sys/api/user/role/?username=gzc&application=automation&type=button HTTP/1.1" 200 2
[2020-07-10 18:26:14,666] [basehttp.py:157] [basehttp:log_message] [INFO]- "GET /sys/api/user/role/?username=gzc&application=automation&type=menu HTTP/1.1" 200 3307
[2020-07-10 18:26:46,673] [basehttp.py:157] [basehttp:log_message] [INFO]- "POST /sys/api/auth/ HTTP/1.1" 200 65
[2020-07-10 18:26:46,904] [basehttp.py:157] [basehttp:log_message] [INFO]- "GET /sys/api/user/role/?username=gzc&application=automation&type=menu HTTP/1.1" 200 3307
[2020-07-10 18:26:46,958] [basehttp.py:157] [basehttp:log_message] [INFO]- "GET /sys/api/user/role/?username=gzc&application=automation&type=button HTTP/1.1" 200 2
[2020-07-10 18:26:49,091] [basehttp.py:157] [basehttp:log_message] [INFO]- "POST /sys/api/auth/ HTTP/1.1" 200 65
[2020-07-10 18:26:51,968] [basehttp.py:157] [basehttp:log_message] [INFO]- "POST /sys/api/auth/ HTTP/1.1" 200 65
[2020-07-10 18:26:58,576] [basehttp.py:157] [basehttp:log_message] [INFO]- "POST /sys/api/auth/ HTTP/1.1" 200 65
[2020-07-10 18:26:58,920] [basehttp.py:157] [basehttp:log_message] [INFO]- "POST /sys/api/auth/ HTTP/1.1" 200 65
[2020-07-10 18:29:16,293] [basehttp.py:157] [basehttp:log_message] [INFO]- "POST /sys/api/auth/ HTTP/1.1" 200 65
[2020-07-10 18:29:27,761] [basehttp.py:157] [basehttp:log_message] [INFO]- "POST /sys/api/auth/ HTTP/1.1" 200 65
[2020-07-10 18:29:28,039] [basehttp.py:157] [basehttp:log_message] [INFO]- "GET /sys/api/user/role/?username=gzc&application=automation&type=menu HTTP/1.1" 200 3307
[2020-07-10 18:29:28,054] [basehttp.py:157] [basehttp:log_message] [INFO]- "GET /sys/api/user/role/?username=gzc&application=automation&type=button HTTP/1.1" 200 2
[2020-07-10 18:29:29,723] [basehttp.py:157] [basehttp:log_message] [INFO]- "POST /sys/api/auth/ HTTP/1.1" 200 65
[2020-07-10 18:29:35,943] [basehttp.py:157] [basehttp:log_message] [INFO]- "POST /sys/api/auth/ HTTP/1.1" 200 65
[2020-07-10 18:29:36,284] [basehttp.py:157] [basehttp:log_message] [INFO]- "POST /sys/api/auth/ HTTP/1.1" 200 65
[2020-07-10 18:30:04,897] [basehttp.py:157] [basehttp:log_message] [INFO]- "POST /sys/api/auth/ HTTP/1.1" 200 65
[2020-07-10 18:30:05,055] [basehttp.py:157] [basehttp:log_message] [INFO]- "GET /sys/api/user/role/?username=gzc&application=automation&type=button HTTP/1.1" 200 2
[2020-07-10 18:30:05,066] [basehttp.py:157] [basehttp:log_message] [INFO]- "GET /sys/api/user/role/?username=gzc&application=automation&type=menu HTTP/1.1" 200 3307
[2020-07-10 18:30:08,176] [basehttp.py:157] [basehttp:log_message] [INFO]- "POST /sys/api/auth/ HTTP/1.1" 200 65
[2020-07-10 18:30:08,359] [basehttp.py:157] [basehttp:log_message] [INFO]- "GET /sys/api/user/role/?username=gzc&application=automation&type=button HTTP/1.1" 200 2
[2020-07-10 18:30:08,359] [basehttp.py:157] [basehttp:log_message] [INFO]- "GET /sys/api/user/role/?username=gzc&application=automation&type=menu HTTP/1.1" 200 3307
[2020-07-10 18:30:11,953] [basehttp.py:157] [basehttp:log_message] [INFO]- "POST /sys/api/auth/ HTTP/1.1" 200 65
[2020-07-10 18:30:12,171] [basehttp.py:157] [basehttp:log_message] [INFO]- "GET /sys/api/user/role/?username=gzc&application=automation&type=button HTTP/1.1" 200 2
[2020-07-10 18:30:12,173] [basehttp.py:157] [basehttp:log_message] [INFO]- "GET /sys/api/user/role/?username=gzc&application=automation&type=menu HTTP/1.1" 200 3307
[2020-07-10 18:30:15,040] [basehttp.py:157] [basehttp:log_message] [INFO]- "POST /sys/api/auth/ HTTP/1.1" 200 65
[2020-07-10 18:30:15,162] [basehttp.py:157] [basehttp:log_message] [INFO]- "GET /sys/api/user/role/?username=gzc&application=automation&type=menu HTTP/1.1" 200 3307
[2020-07-10 18:30:15,183] [basehttp.py:157] [basehttp:log_message] [INFO]- "GET /sys/api/user/role/?username=gzc&application=automation&type=button HTTP/1.1" 200 2
[2020-07-10 18:30:36,363] [basehttp.py:157] [basehttp:log_message] [INFO]- "POST /sys/api/auth/ HTTP/1.1" 200 65
[2020-07-10 18:30:38,763] [basehttp.py:157] [basehttp:log_message] [INFO]- "POST /sys/api/auth/ HTTP/1.1" 200 65
[2020-07-10 18:30:56,409] [basehttp.py:157] [basehttp:log_message] [INFO]- "POST /sys/api/auth/ HTTP/1.1" 200 65
[2020-07-10 18:30:56,689] [basehttp.py:157] [basehttp:log_message] [INFO]- "POST /sys/api/auth/ HTTP/1.1" 200 65
[2020-07-10 18:31:23,540] [basehttp.py:157] [basehttp:log_message] [INFO]- "POST /sys/api/auth/ HTTP/1.1" 200 65
[2020-07-10 18:31:23,781] [basehttp.py:157] [basehttp:log_message] [INFO]- "GET /sys/api/user/role/?username=gzc&application=automation&type=button HTTP/1.1" 200 2
[2020-07-10 18:31:23,781] [basehttp.py:157] [basehttp:log_message] [INFO]- "GET /sys/api/user/role/?username=gzc&application=automation&type=menu HTTP/1.1" 200 3307
[2020-07-10 18:31:49,342] [basehttp.py:157] [basehttp:log_message] [INFO]- "POST /sys/api/auth/ HTTP/1.1" 200 65
[2020-07-10 18:31:49,552] [basehttp.py:157] [basehttp:log_message] [INFO]- "GET /sys/api/user/role/?username=gzc&application=automation&type=menu HTTP/1.1" 200 3307
[2020-07-10 18:31:49,554] [basehttp.py:157] [basehttp:log_message] [INFO]- "GET /sys/api/user/role/?username=gzc&application=automation&type=button HTTP/1.1" 200 2
[2020-07-10 18:31:51,229] [basehttp.py:157] [basehttp:log_message] [INFO]- "POST /sys/api/auth/ HTTP/1.1" 200 65
[2020-07-10 18:31:53,319] [basehttp.py:157] [basehttp:log_message] [INFO]- "POST /sys/api/auth/ HTTP/1.1" 200 65
[2020-07-10 18:32:01,534] [basehttp.py:157] [basehttp:log_message] [INFO]- "POST /sys/api/auth/ HTTP/1.1" 200 65
[2020-07-10 18:32:01,882] [basehttp.py:157] [basehttp:log_message] [INFO]- "POST /sys/api/auth/ HTTP/1.1" 200 65
[2020-07-10 18:36:01,489] [basehttp.py:157] [basehttp:log_message] [INFO]- "POST /sys/api/auth/ HTTP/1.1" 200 65
[2020-07-10 18:36:01,679] [basehttp.py:157] [basehttp:log_message] [INFO]- "GET /sys/api/user/role/?username=gzc&application=automation&type=menu HTTP/1.1" 200 3307
[2020-07-10 18:36:01,688] [basehttp.py:157] [basehttp:log_message] [INFO]- "GET /sys/api/user/role/?username=gzc&application=automation&type=button HTTP/1.1" 200 2
[2020-07-10 18:36:09,745] [basehttp.py:157] [basehttp:log_message] [INFO]- "POST /sys/api/auth/ HTTP/1.1" 200 65
[2020-07-10 18:36:12,983] [basehttp.py:157] [basehttp:log_message] [INFO]- "POST /sys/api/auth/ HTTP/1.1" 200 65
[2020-07-10 18:36:32,103] [basehttp.py:157] [basehttp:log_message] [INFO]- "POST /sys/api/auth/ HTTP/1.1" 200 65
[2020-07-10 18:36:32,418] [basehttp.py:157] [basehttp:log_message] [INFO]- "POST /sys/api/auth/ HTTP/1.1" 200 65
[2020-07-10 18:41:05,484] [basehttp.py:157] [basehttp:log_message] [INFO]- "POST /sys/api/auth/ HTTP/1.1" 200 65
[2020-07-10 18:41:07,519] [basehttp.py:157] [basehttp:log_message] [INFO]- "POST /sys/api/auth/ HTTP/1.1" 200 65
[2020-07-10 18:41:16,182] [basehttp.py:157] [basehttp:log_message] [INFO]- "POST /sys/api/auth/ HTTP/1.1" 200 65
[2020-07-10 18:41:16,493] [basehttp.py:157] [basehttp:log_message] [INFO]- "POST /sys/api/auth/ HTTP/1.1" 200 65
[2020-07-10 18:42:20,794] [basehttp.py:157] [basehttp:log_message] [INFO]- "POST /sys/api/auth/ HTTP/1.1" 200 65
[2020-07-10 18:42:22,927] [basehttp.py:157] [basehttp:log_message] [INFO]- "POST /sys/api/auth/ HTTP/1.1" 200 65
[2020-07-10 18:42:29,863] [basehttp.py:157] [basehttp:log_message] [INFO]- "POST /sys/api/auth/ HTTP/1.1" 200 65
[2020-07-10 18:42:30,152] [basehttp.py:157] [basehttp:log_message] [INFO]- "POST /sys/api/auth/ HTTP/1.1" 200 65
[2020-07-10 18:45:54,271] [basehttp.py:157] [basehttp:log_message] [INFO]- "POST /sys/api/auth/ HTTP/1.1" 200 65
[2020-07-10 18:45:56,296] [basehttp.py:157] [basehttp:log_message] [INFO]- "POST /sys/api/auth/ HTTP/1.1" 200 65
[2020-07-10 18:46:02,109] [basehttp.py:157] [basehttp:log_message] [INFO]- "POST /sys/api/auth/ HTTP/1.1" 200 65
[2020-07-10 18:46:02,461] [basehttp.py:157] [basehttp:log_message] [INFO]- "POST /sys/api/auth/ HTTP/1.1" 200 65
[2020-07-10 18:46:51,005] [basehttp.py:157] [basehttp:log_message] [INFO]- "POST /sys/api/auth/ HTTP/1.1" 200 65
[2020-07-10 18:46:52,681] [basehttp.py:157] [basehttp:log_message] [INFO]- "POST /sys/api/auth/ HTTP/1.1" 200 65
[2020-07-10 18:46:58,138] [basehttp.py:157] [basehttp:log_message] [INFO]- "POST /sys/api/auth/ HTTP/1.1" 200 65
[2020-07-10 18:46:58,427] [basehttp.py:157] [basehttp:log_message] [INFO]- "POST /sys/api/auth/ HTTP/1.1" 200 65
[2020-07-10 18:47:40,663] [basehttp.py:157] [basehttp:log_message] [INFO]- "POST /sys/api/auth/ HTTP/1.1" 200 65
[2020-07-10 18:47:42,392] [basehttp.py:157] [basehttp:log_message] [INFO]- "POST /sys/api/auth/ HTTP/1.1" 200 65
[2020-07-10 18:47:48,175] [basehttp.py:157] [basehttp:log_message] [INFO]- "POST /sys/api/auth/ HTTP/1.1" 200 65
[2020-07-10 18:47:48,498] [basehttp.py:157] [basehttp:log_message] [INFO]- "POST /sys/api/auth/ HTTP/1.1" 200 65
[2020-07-10 18:51:29,471] [log.py:222] [log:log_response] [WARNING]- Unauthorized: /sys/api/auth/
[2020-07-10 18:51:29,472] [basehttp.py:157] [basehttp:log_message] [WARNING]- "POST /sys/api/auth/ HTTP/1.1" 401 39
[2020-07-10 18:51:36,851] [basehttp.py:157] [basehttp:log_message] [INFO]- "POST /sys/api/auth/ HTTP/1.1" 200 65
[2020-07-10 18:51:40,512] [basehttp.py:157] [basehttp:log_message] [INFO]- "GET /sys/api/user/role/?username=gzc&application=automation&type=button HTTP/1.1" 200 2
[2020-07-10 18:51:40,514] [basehttp.py:157] [basehttp:log_message] [INFO]- "GET /sys/api/user/role/?username=gzc&application=automation&type=menu HTTP/1.1" 200 3307
[2020-07-10 18:51:42,485] [basehttp.py:157] [basehttp:log_message] [INFO]- "POST /sys/api/auth/ HTTP/1.1" 200 65
[2020-07-10 18:51:44,626] [basehttp.py:157] [basehttp:log_message] [INFO]- "POST /sys/api/auth/ HTTP/1.1" 200 65
[2020-07-10 18:51:51,536] [basehttp.py:157] [basehttp:log_message] [INFO]- "POST /sys/api/auth/ HTTP/1.1" 200 65
[2020-07-10 18:51:51,856] [basehttp.py:157] [basehttp:log_message] [INFO]- "POST /sys/api/auth/ HTTP/1.1" 200 65
[2020-07-10 18:52:33,767] [basehttp.py:157] [basehttp:log_message] [INFO]- "POST /sys/api/auth/ HTTP/1.1" 200 65
[2020-07-10 18:52:33,901] [basehttp.py:157] [basehttp:log_message] [INFO]- "GET /sys/api/user/role/?username=gzc&application=automation&type=menu HTTP/1.1" 200 3307
[2020-07-10 18:52:33,902] [basehttp.py:157] [basehttp:log_message] [INFO]- "GET /sys/api/user/role/?username=gzc&application=automation&type=button HTTP/1.1" 200 2
[2020-07-10 18:52:37,646] [basehttp.py:157] [basehttp:log_message] [INFO]- "POST /sys/api/auth/ HTTP/1.1" 200 65
[2020-07-10 18:52:40,474] [basehttp.py:157] [basehttp:log_message] [INFO]- "POST /sys/api/auth/ HTTP/1.1" 200 65
[2020-07-10 18:52:46,595] [basehttp.py:157] [basehttp:log_message] [INFO]- "POST /sys/api/auth/ HTTP/1.1" 200 65
[2020-07-10 18:52:46,953] [basehttp.py:157] [basehttp:log_message] [INFO]- "POST /sys/api/auth/ HTTP/1.1" 200 65
[2020-07-10 18:53:32,320] [basehttp.py:157] [basehttp:log_message] [INFO]- "POST /sys/api/auth/ HTTP/1.1" 200 65
[2020-07-10 18:53:32,507] [basehttp.py:157] [basehttp:log_message] [INFO]- "GET /sys/api/user/role/?username=gzc&application=automation&type=menu HTTP/1.1" 200 3307
[2020-07-10 18:53:32,509] [basehttp.py:157] [basehttp:log_message] [INFO]- "GET /sys/api/user/role/?username=gzc&application=automation&type=button HTTP/1.1" 200 2
[2020-07-10 18:53:35,572] [basehttp.py:157] [basehttp:log_message] [INFO]- "POST /sys/api/auth/ HTTP/1.1" 200 65
[2020-07-10 18:53:35,733] [basehttp.py:157] [basehttp:log_message] [INFO]- "GET /sys/api/user/role/?username=gzc&application=automation&type=menu HTTP/1.1" 200 3307
[2020-07-10 18:53:35,764] [basehttp.py:157] [basehttp:log_message] [INFO]- "GET /sys/api/user/role/?username=gzc&application=automation&type=button HTTP/1.1" 200 2
[2020-07-10 18:53:38,407] [basehttp.py:157] [basehttp:log_message] [INFO]- "POST /sys/api/auth/ HTTP/1.1" 200 65
[2020-07-10 18:53:38,627] [basehttp.py:157] [basehttp:log_message] [INFO]- "GET /sys/api/user/role/?username=gzc&application=automation&type=menu HTTP/1.1" 200 3307
[2020-07-10 18:53:38,629] [basehttp.py:157] [basehttp:log_message] [INFO]- "GET /sys/api/user/role/?username=gzc&application=automation&type=button HTTP/1.1" 200 2
[2020-07-10 18:55:06,682] [basehttp.py:157] [basehttp:log_message] [INFO]- "POST /sys/api/auth/ HTTP/1.1" 200 65
[2020-07-10 18:55:09,654] [basehttp.py:157] [basehttp:log_message] [INFO]- "POST /sys/api/auth/ HTTP/1.1" 200 65
[2020-07-10 18:55:14,259] [basehttp.py:157] [basehttp:log_message] [INFO]- "POST /sys/api/auth/ HTTP/1.1" 200 65
[2020-07-10 18:55:14,590] [basehttp.py:157] [basehttp:log_message] [INFO]- "POST /sys/api/auth/ HTTP/1.1" 200 65
[2020-07-10 18:55:36,403] [basehttp.py:157] [basehttp:log_message] [INFO]- "POST /sys/api/auth/ HTTP/1.1" 200 65
[2020-07-10 18:55:36,589] [basehttp.py:157] [basehttp:log_message] [INFO]- "GET /sys/api/user/role/?username=gzc&application=automation&type=menu HTTP/1.1" 200 3307
[2020-07-10 18:55:36,598] [basehttp.py:157] [basehttp:log_message] [INFO]- "GET /sys/api/user/role/?username=gzc&application=automation&type=button HTTP/1.1" 200 2
[2020-07-10 18:56:11,346] [basehttp.py:157] [basehttp:log_message] [INFO]- "POST /sys/api/auth/ HTTP/1.1" 200 65
[2020-07-10 18:56:13,362] [basehttp.py:157] [basehttp:log_message] [INFO]- "POST /sys/api/auth/ HTTP/1.1" 200 65
[2020-07-10 18:56:18,271] [basehttp.py:157] [basehttp:log_message] [INFO]- "POST /sys/api/auth/ HTTP/1.1" 200 65
[2020-07-10 18:56:18,614] [basehttp.py:157] [basehttp:log_message] [INFO]- "POST /sys/api/auth/ HTTP/1.1" 200 65
[2020-07-10 18:58:38,719] [basehttp.py:157] [basehttp:log_message] [INFO]- "POST /sys/api/auth/ HTTP/1.1" 200 65
[2020-07-10 18:58:40,384] [basehttp.py:157] [basehttp:log_message] [INFO]- "POST /sys/api/auth/ HTTP/1.1" 200 65
[2020-07-10 18:58:46,813] [basehttp.py:157] [basehttp:log_message] [INFO]- "POST /sys/api/auth/ HTTP/1.1" 200 65
[2020-07-10 18:58:47,128] [basehttp.py:157] [basehttp:log_message] [INFO]- "POST /sys/api/auth/ HTTP/1.1" 200 65
[2020-07-10 18:59:20,983] [basehttp.py:157] [basehttp:log_message] [INFO]- "POST /sys/api/auth/ HTTP/1.1" 200 65
[2020-07-10 18:59:21,188] [basehttp.py:157] [basehttp:log_message] [INFO]- "GET /sys/api/user/role/?username=gzc&application=automation&type=menu HTTP/1.1" 200 3307
[2020-07-10 18:59:21,263] [basehttp.py:157] [basehttp:log_message] [INFO]- "GET /sys/api/user/role/?username=gzc&application=automation&type=button HTTP/1.1" 200 2
[2020-07-10 19:03:29,114] [basehttp.py:157] [basehttp:log_message] [INFO]- "POST /sys/api/auth/ HTTP/1.1" 200 65
[2020-07-10 19:03:31,615] [basehttp.py:157] [basehttp:log_message] [INFO]- "POST /sys/api/auth/ HTTP/1.1" 200 65
[2020-07-10 19:03:36,087] [basehttp.py:157] [basehttp:log_message] [INFO]- "POST /sys/api/auth/ HTTP/1.1" 200 65
[2020-07-10 19:03:36,446] [basehttp.py:157] [basehttp:log_message] [INFO]- "POST /sys/api/auth/ HTTP/1.1" 200 65
[2020-07-10 19:04:05,875] [basehttp.py:157] [basehttp:log_message] [INFO]- "POST /sys/api/auth/ HTTP/1.1" 200 65
[2020-07-10 19:04:06,112] [basehttp.py:157] [basehttp:log_message] [INFO]- "GET /sys/api/user/role/?username=gzc&application=automation&type=menu HTTP/1.1" 200 3307
[2020-07-10 19:04:06,128] [basehttp.py:157] [basehttp:log_message] [INFO]- "GET /sys/api/user/role/?username=gzc&application=automation&type=button HTTP/1.1" 200 2
[2020-07-10 19:04:11,151] [basehttp.py:157] [basehttp:log_message] [INFO]- "POST /sys/api/auth/ HTTP/1.1" 200 65
[2020-07-10 19:04:11,403] [basehttp.py:157] [basehttp:log_message] [INFO]- "GET /sys/api/user/role/?username=gzc&application=automation&type=button HTTP/1.1" 200 2
[2020-07-10 19:04:11,418] [basehttp.py:157] [basehttp:log_message] [INFO]- "GET /sys/api/user/role/?username=gzc&application=automation&type=menu HTTP/1.1" 200 3307
[2020-07-10 19:05:54,500] [basehttp.py:157] [basehttp:log_message] [INFO]- "POST /sys/api/auth/ HTTP/1.1" 200 65
[2020-07-10 19:05:57,259] [basehttp.py:157] [basehttp:log_message] [INFO]- "POST /sys/api/auth/ HTTP/1.1" 200 65
[2020-07-10 19:06:01,754] [basehttp.py:157] [basehttp:log_message] [INFO]- "POST /sys/api/auth/ HTTP/1.1" 200 65
[2020-07-10 19:06:02,089] [basehttp.py:157] [basehttp:log_message] [INFO]- "POST /sys/api/auth/ HTTP/1.1" 200 65
[2020-07-10 19:10:14,741] [basehttp.py:157] [basehttp:log_message] [INFO]- "POST /sys/api/auth/ HTTP/1.1" 200 65
[2020-07-10 19:10:14,922] [basehttp.py:157] [basehttp:log_message] [INFO]- "GET /sys/api/user/role/?username=gzc&application=automation&type=button HTTP/1.1" 200 2
[2020-07-10 19:10:14,944] [basehttp.py:157] [basehttp:log_message] [INFO]- "GET /sys/api/user/role/?username=gzc&application=automation&type=menu HTTP/1.1" 200 3307
[2020-07-10 19:10:17,198] [basehttp.py:157] [basehttp:log_message] [INFO]- "POST /sys/api/auth/ HTTP/1.1" 200 65
[2020-07-10 19:10:19,566] [basehttp.py:157] [basehttp:log_message] [INFO]- "POST /sys/api/auth/ HTTP/1.1" 200 65
[2020-07-10 19:10:25,245] [basehttp.py:157] [basehttp:log_message] [INFO]- "POST /sys/api/auth/ HTTP/1.1" 200 65
[2020-07-10 19:10:25,444] [basehttp.py:157] [basehttp:log_message] [INFO]- "GET /sys/api/user/role/?username=gzc&application=automation&type=button HTTP/1.1" 200 2
[2020-07-10 19:10:25,444] [basehttp.py:157] [basehttp:log_message] [INFO]- "GET /sys/api/user/role/?username=gzc&application=automation&type=menu HTTP/1.1" 200 3307
[2020-07-10 19:10:28,011] [basehttp.py:157] [basehttp:log_message] [INFO]- "POST /sys/api/auth/ HTTP/1.1" 200 65
[2020-07-10 19:10:39,170] [basehttp.py:157] [basehttp:log_message] [INFO]- "POST /sys/api/auth/ HTTP/1.1" 200 65
[2020-07-10 19:10:39,480] [basehttp.py:157] [basehttp:log_message] [INFO]- "POST /sys/api/auth/ HTTP/1.1" 200 65
[2020-07-10 19:13:44,566] [basehttp.py:157] [basehttp:log_message] [INFO]- "POST /sys/api/auth/ HTTP/1.1" 200 65
[2020-07-10 19:13:46,604] [basehttp.py:157] [basehttp:log_message] [INFO]- "POST /sys/api/auth/ HTTP/1.1" 200 65
[2020-07-10 19:13:53,022] [basehttp.py:157] [basehttp:log_message] [INFO]- "POST /sys/api/auth/ HTTP/1.1" 200 65
[2020-07-10 19:13:53,360] [basehttp.py:157] [basehttp:log_message] [INFO]- "POST /sys/api/auth/ HTTP/1.1" 200 65
[2020-07-10 19:14:48,755] [basehttp.py:157] [basehttp:log_message] [INFO]- "POST /sys/api/auth/ HTTP/1.1" 200 65
[2020-07-10 19:14:49,021] [basehttp.py:157] [basehttp:log_message] [INFO]- "GET /sys/api/user/role/?username=gzc&application=automation&type=menu HTTP/1.1" 200 3307
[2020-07-10 19:14:49,022] [basehttp.py:157] [basehttp:log_message] [INFO]- "GET /sys/api/user/role/?username=gzc&application=automation&type=button HTTP/1.1" 200 2
[2020-07-10 19:14:51,531] [basehttp.py:157] [basehttp:log_message] [INFO]- "POST /sys/api/auth/ HTTP/1.1" 200 65
[2020-07-10 19:14:53,706] [basehttp.py:157] [basehttp:log_message] [INFO]- "POST /sys/api/auth/ HTTP/1.1" 200 65
[2020-07-10 19:14:58,136] [basehttp.py:157] [basehttp:log_message] [INFO]- "POST /sys/api/auth/ HTTP/1.1" 200 65
[2020-07-10 19:14:58,622] [basehttp.py:157] [basehttp:log_message] [INFO]- "POST /sys/api/auth/ HTTP/1.1" 200 65
[2020-07-10 19:15:19,882] [basehttp.py:157] [basehttp:log_message] [INFO]- "POST /sys/api/auth/ HTTP/1.1" 200 65
[2020-07-10 19:15:20,083] [basehttp.py:157] [basehttp:log_message] [INFO]- "GET /sys/api/user/role/?username=gzc&application=automation&type=menu HTTP/1.1" 200 3307
[2020-07-10 19:15:20,103] [basehttp.py:157] [basehttp:log_message] [INFO]- "GET /sys/api/user/role/?username=gzc&application=automation&type=button HTTP/1.1" 200 2
[2020-07-10 19:15:29,484] [basehttp.py:157] [basehttp:log_message] [INFO]- "POST /sys/api/auth/ HTTP/1.1" 200 65
[2020-07-10 19:15:34,660] [basehttp.py:157] [basehttp:log_message] [INFO]- "POST /sys/api/auth/ HTTP/1.1" 200 65
[2020-07-10 19:15:39,337] [basehttp.py:157] [basehttp:log_message] [INFO]- "POST /sys/api/auth/ HTTP/1.1" 200 65
[2020-07-10 19:15:39,682] [basehttp.py:157] [basehttp:log_message] [INFO]- "POST /sys/api/auth/ HTTP/1.1" 200 65
[2020-07-10 19:16:03,924] [basehttp.py:157] [basehttp:log_message] [INFO]- "POST /sys/api/auth/ HTTP/1.1" 200 65
[2020-07-10 19:16:04,110] [basehttp.py:157] [basehttp:log_message] [INFO]- "GET /sys/api/user/role/?username=gzc&application=automation&type=menu HTTP/1.1" 200 3307
[2020-07-10 19:16:04,112] [basehttp.py:157] [basehttp:log_message] [INFO]- "GET /sys/api/user/role/?username=gzc&application=automation&type=button HTTP/1.1" 200 2
[2020-07-10 19:16:07,650] [basehttp.py:157] [basehttp:log_message] [INFO]- "POST /sys/api/auth/ HTTP/1.1" 200 65
[2020-07-10 19:16:07,909] [basehttp.py:157] [basehttp:log_message] [INFO]- "GET /sys/api/user/role/?username=gzc&application=automation&type=button HTTP/1.1" 200 2
[2020-07-10 19:16:07,915] [basehttp.py:157] [basehttp:log_message] [INFO]- "GET /sys/api/user/role/?username=gzc&application=automation&type=menu HTTP/1.1" 200 3307
[2020-07-10 19:19:56,371] [basehttp.py:157] [basehttp:log_message] [INFO]- "POST /sys/api/auth/ HTTP/1.1" 200 65
[2020-07-10 19:19:56,603] [basehttp.py:157] [basehttp:log_message] [INFO]- "GET /sys/api/user/role/?username=gzc&application=automation&type=menu HTTP/1.1" 200 3307
[2020-07-10 19:19:56,617] [basehttp.py:157] [basehttp:log_message] [INFO]- "GET /sys/api/user/role/?username=gzc&application=automation&type=button HTTP/1.1" 200 2
[2020-07-10 19:20:55,620] [basehttp.py:157] [basehttp:log_message] [INFO]- "POST /sys/api/auth/ HTTP/1.1" 200 65
[2020-07-10 19:20:55,869] [basehttp.py:157] [basehttp:log_message] [INFO]- "GET /sys/api/user/role/?username=gzc&application=automation&type=button HTTP/1.1" 200 2
[2020-07-10 19:20:55,875] [basehttp.py:157] [basehttp:log_message] [INFO]- "GET /sys/api/user/role/?username=gzc&application=automation&type=menu HTTP/1.1" 200 3307
[2020-07-10 19:21:00,381] [basehttp.py:157] [basehttp:log_message] [INFO]- "POST /sys/api/auth/ HTTP/1.1" 200 65
[2020-07-10 19:21:11,156] [basehttp.py:157] [basehttp:log_message] [INFO]- "POST /sys/api/auth/ HTTP/1.1" 200 65
[2020-07-10 19:21:11,537] [basehttp.py:157] [basehttp:log_message] [INFO]- "POST /sys/api/auth/ HTTP/1.1" 200 65
