[2020-12-01 09:08:33,020] [autoreload.py:598] [autoreload:run_with_reloader] [INFO]- Watching for file changes with StatReloader
[2020-12-01 09:10:08,122] [basehttp.py:157] [basehttp:log_message] [INFO]- "POST /sys/api/auth/ HTTP/1.1" 200 65
[2020-12-01 09:10:30,922] [basehttp.py:157] [basehttp:log_message] [INFO]- "GET /sys/api/user/role/?username=admin&application=monitor&type=menu HTTP/1.1" 200 10057
[2020-12-01 09:10:30,929] [basehttp.py:157] [basehttp:log_message] [INFO]- "GET /sys/api/user/role/?username=admin&application=monitor&type=button HTTP/1.1" 200 2
[2020-12-01 10:17:43,645] [basehttp.py:157] [basehttp:log_message] [INFO]- "POST /sys/api/auth/ HTTP/1.1" 200 65
[2020-12-01 10:17:48,119] [basehttp.py:157] [basehttp:log_message] [INFO]- "GET /sys/api/user/role/?username=admin&application=monitor&type=menu HTTP/1.1" 200 10058
[2020-12-01 10:17:48,129] [basehttp.py:157] [basehttp:log_message] [INFO]- "GET /sys/api/user/role/?username=admin&application=monitor&type=button HTTP/1.1" 200 2
[2020-12-01 10:22:34,505] [basehttp.py:157] [basehttp:log_message] [INFO]- "GET /sys/api/user/role/?username=admin&application=monitor&type=menu HTTP/1.1" 200 10058
[2020-12-01 10:22:34,506] [basehttp.py:157] [basehttp:log_message] [INFO]- "GET /sys/api/user/role/?username=admin&application=monitor&type=button HTTP/1.1" 200 2
[2020-12-01 10:25:04,446] [basehttp.py:157] [basehttp:log_message] [INFO]- "POST /sys/api/auth/ HTTP/1.1" 200 65
[2020-12-01 10:25:08,970] [basehttp.py:157] [basehttp:log_message] [INFO]- "GET /sys/api/user/role/?username=admin&application=monitor&type=menu HTTP/1.1" 200 10058
[2020-12-01 10:25:08,971] [basehttp.py:157] [basehttp:log_message] [INFO]- "GET /sys/api/user/role/?username=admin&application=monitor&type=button HTTP/1.1" 200 2
[2020-12-01 10:27:42,889] [basehttp.py:157] [basehttp:log_message] [INFO]- "GET /sys/api/user/role/?username=admin&application=monitor&type=menu HTTP/1.1" 200 10058
[2020-12-01 10:27:42,897] [basehttp.py:157] [basehttp:log_message] [INFO]- "GET /sys/api/user/role/?username=admin&application=monitor&type=button HTTP/1.1" 200 2
[2020-12-01 10:29:21,481] [basehttp.py:157] [basehttp:log_message] [INFO]- "GET /sys/api/user/role/?username=admin&application=monitor&type=button HTTP/1.1" 200 2
[2020-12-01 10:29:21,482] [basehttp.py:157] [basehttp:log_message] [INFO]- "GET /sys/api/user/role/?username=admin&application=monitor&type=menu HTTP/1.1" 200 10058
[2020-12-01 10:29:27,295] [basehttp.py:157] [basehttp:log_message] [INFO]- "GET /sys/api/user/role/?username=admin&application=monitor&type=menu HTTP/1.1" 200 10058
[2020-12-01 10:29:27,295] [basehttp.py:157] [basehttp:log_message] [INFO]- "GET /sys/api/user/role/?username=admin&application=monitor&type=button HTTP/1.1" 200 2
[2020-12-01 10:29:57,597] [basehttp.py:157] [basehttp:log_message] [INFO]- "GET /sys/api/user/role/?username=admin&application=monitor&type=menu HTTP/1.1" 200 10058
[2020-12-01 10:29:57,616] [basehttp.py:157] [basehttp:log_message] [INFO]- "GET /sys/api/user/role/?username=admin&application=monitor&type=button HTTP/1.1" 200 2
[2020-12-01 10:30:17,203] [basehttp.py:157] [basehttp:log_message] [INFO]- "GET /sys/api/user/role/?username=admin&application=monitor&type=menu HTTP/1.1" 200 10058
[2020-12-01 10:30:17,204] [basehttp.py:157] [basehttp:log_message] [INFO]- "GET /sys/api/user/role/?username=admin&application=monitor&type=button HTTP/1.1" 200 2
[2020-12-01 10:31:12,133] [basehttp.py:157] [basehttp:log_message] [INFO]- "GET /sys/api/user/role/?username=admin&application=sys&type=button HTTP/1.1" 200 291
[2020-12-01 10:31:12,134] [basehttp.py:157] [basehttp:log_message] [INFO]- "GET /sys/api/user/role/?username=admin&application=sys&type=menu HTTP/1.1" 200 1159
[2020-12-01 10:31:13,767] [basehttp.py:157] [basehttp:log_message] [INFO]- "GET /sys/api/menu/ HTTP/1.1" 200 31996
[2020-12-01 10:31:23,551] [basehttp.py:157] [basehttp:log_message] [INFO]- "GET /sys/api/menu/app_list/ HTTP/1.1" 200 38
[2020-12-01 10:31:36,331] [basehttp.py:157] [basehttp:log_message] [INFO]- "PUT /sys/api/menu/113/ HTTP/1.1" 200 299
[2020-12-01 10:31:40,871] [basehttp.py:157] [basehttp:log_message] [INFO]- "GET /sys/api/user/role/?username=admin&application=monitor&type=menu HTTP/1.1" 200 10059
[2020-12-01 10:31:40,909] [basehttp.py:157] [basehttp:log_message] [INFO]- "GET /sys/api/user/role/?username=admin&application=monitor&type=button HTTP/1.1" 200 2
[2020-12-01 11:08:49,442] [basehttp.py:157] [basehttp:log_message] [INFO]- "POST /sys/api/auth/ HTTP/1.1" 200 65
[2020-12-01 11:09:07,345] [basehttp.py:157] [basehttp:log_message] [INFO]- "GET /sys/api/user/role/?username=admin&application=monitor&type=menu HTTP/1.1" 200 10059
[2020-12-01 11:09:07,347] [basehttp.py:157] [basehttp:log_message] [INFO]- "GET /sys/api/user/role/?username=admin&application=monitor&type=button HTTP/1.1" 200 2
[2020-12-01 11:19:21,762] [basehttp.py:157] [basehttp:log_message] [INFO]- "GET /sys/api/user/role/?username=admin&application=monitor&type=menu HTTP/1.1" 200 10059
[2020-12-01 11:19:21,763] [basehttp.py:157] [basehttp:log_message] [INFO]- "GET /sys/api/user/role/?username=admin&application=monitor&type=button HTTP/1.1" 200 2
[2020-12-01 11:22:04,133] [basehttp.py:157] [basehttp:log_message] [INFO]- "POST /sys/api/auth/ HTTP/1.1" 200 65
[2020-12-01 11:22:10,344] [basehttp.py:157] [basehttp:log_message] [INFO]- "GET /sys/api/user/role/?username=admin&application=monitor&type=menu HTTP/1.1" 200 10059
[2020-12-01 11:22:10,391] [basehttp.py:157] [basehttp:log_message] [INFO]- "GET /sys/api/user/role/?username=admin&application=monitor&type=button HTTP/1.1" 200 2
[2020-12-01 11:42:51,317] [log.py:222] [log:log_response] [WARNING]- Forbidden: /sys/api/user/role/
[2020-12-01 11:42:51,322] [log.py:222] [log:log_response] [WARNING]- Forbidden: /sys/api/user/role/
[2020-12-01 11:42:51,801] [basehttp.py:157] [basehttp:log_message] [WARNING]- "GET /sys/api/user/role/?username=admin&application=monitor&type=menu HTTP/1.1" 403 31
[2020-12-01 11:42:51,802] [basehttp.py:157] [basehttp:log_message] [WARNING]- "GET /sys/api/user/role/?username=admin&application=monitor&type=button HTTP/1.1" 403 31
[2020-12-01 11:44:07,517] [basehttp.py:157] [basehttp:log_message] [INFO]- "POST /sys/api/auth/ HTTP/1.1" 200 65
[2020-12-01 11:44:13,721] [basehttp.py:157] [basehttp:log_message] [INFO]- "GET /sys/api/user/role/?username=admin&application=monitor&type=menu HTTP/1.1" 200 10059
[2020-12-01 11:44:13,776] [basehttp.py:157] [basehttp:log_message] [INFO]- "GET /sys/api/user/role/?username=admin&application=monitor&type=button HTTP/1.1" 200 2
[2020-12-01 13:22:53,768] [log.py:222] [log:log_response] [WARNING]- Forbidden: /sys/api/user/role/
[2020-12-01 13:22:53,772] [log.py:222] [log:log_response] [WARNING]- Forbidden: /sys/api/user/role/
[2020-12-01 13:22:53,789] [basehttp.py:157] [basehttp:log_message] [WARNING]- "GET /sys/api/user/role/?username=admin&application=monitor&type=button HTTP/1.1" 403 31
[2020-12-01 13:22:53,795] [basehttp.py:157] [basehttp:log_message] [WARNING]- "GET /sys/api/user/role/?username=admin&application=monitor&type=menu HTTP/1.1" 403 31
[2020-12-01 13:50:52,702] [autoreload.py:598] [autoreload:run_with_reloader] [INFO]- Watching for file changes with StatReloader
[2020-12-01 13:52:30,561] [autoreload.py:598] [autoreload:run_with_reloader] [INFO]- Watching for file changes with StatReloader
[2020-12-01 13:52:35,449] [basehttp.py:157] [basehttp:log_message] [INFO]- "POST /sys/api/auth/ HTTP/1.1" 200 65
[2020-12-01 13:53:17,370] [basehttp.py:157] [basehttp:log_message] [INFO]- "GET /sys/api/user/role/?username=admin&application=monitor&type=menu HTTP/1.1" 200 10059
[2020-12-01 13:53:17,371] [basehttp.py:157] [basehttp:log_message] [INFO]- "GET /sys/api/user/role/?username=admin&application=monitor&type=button HTTP/1.1" 200 2
[2020-12-01 14:06:18,246] [basehttp.py:157] [basehttp:log_message] [INFO]- "GET /sys/api/user/role/?username=admin&application=monitor&type=menu HTTP/1.1" 200 10059
[2020-12-01 14:06:18,259] [basehttp.py:157] [basehttp:log_message] [INFO]- "GET /sys/api/user/role/?username=admin&application=monitor&type=button HTTP/1.1" 200 2
[2020-12-01 14:07:25,372] [basehttp.py:157] [basehttp:log_message] [INFO]- "GET /sys/api/user/role/?username=admin&application=monitor&type=menu HTTP/1.1" 200 10059
[2020-12-01 14:07:25,383] [basehttp.py:157] [basehttp:log_message] [INFO]- "GET /sys/api/user/role/?username=admin&application=monitor&type=button HTTP/1.1" 200 2
[2020-12-01 14:25:06,714] [log.py:222] [log:log_response] [WARNING]- Forbidden: /sys/api/user/role/
[2020-12-01 14:25:06,715] [basehttp.py:157] [basehttp:log_message] [WARNING]- "GET /sys/api/user/role/?username=admin&application=monitor&type=menu HTTP/1.1" 403 31
[2020-12-01 14:25:06,718] [log.py:222] [log:log_response] [WARNING]- Forbidden: /sys/api/user/role/
[2020-12-01 14:25:06,719] [basehttp.py:157] [basehttp:log_message] [WARNING]- "GET /sys/api/user/role/?username=admin&application=monitor&type=button HTTP/1.1" 403 31
[2020-12-01 14:25:34,968] [basehttp.py:157] [basehttp:log_message] [INFO]- "POST /sys/api/auth/ HTTP/1.1" 200 65
[2020-12-01 14:25:41,301] [basehttp.py:157] [basehttp:log_message] [INFO]- "GET /sys/api/user/role/?username=test&application=monitor&type=menu HTTP/1.1" 200 10059
[2020-12-01 14:25:41,340] [basehttp.py:157] [basehttp:log_message] [INFO]- "GET /sys/api/user/role/?username=test&application=monitor&type=button HTTP/1.1" 200 2
[2020-12-01 14:37:09,683] [basehttp.py:157] [basehttp:log_message] [INFO]- "GET /sys/api/user/role/?username=test&application=monitor&type=menu HTTP/1.1" 200 10059
[2020-12-01 14:37:09,692] [basehttp.py:157] [basehttp:log_message] [INFO]- "GET /sys/api/user/role/?username=test&application=monitor&type=button HTTP/1.1" 200 2
[2020-12-01 14:38:05,745] [basehttp.py:157] [basehttp:log_message] [INFO]- "GET /sys/api/user/role/?username=test&application=monitor&type=menu HTTP/1.1" 200 10059
[2020-12-01 14:38:05,792] [basehttp.py:157] [basehttp:log_message] [INFO]- "GET /sys/api/user/role/?username=test&application=monitor&type=button HTTP/1.1" 200 2
[2020-12-01 14:39:06,527] [basehttp.py:157] [basehttp:log_message] [INFO]- "GET /sys/api/user/role/?username=test&application=monitor&type=menu HTTP/1.1" 200 10059
[2020-12-01 14:39:06,535] [basehttp.py:157] [basehttp:log_message] [INFO]- "GET /sys/api/user/role/?username=test&application=monitor&type=button HTTP/1.1" 200 2
[2020-12-01 14:40:05,460] [basehttp.py:157] [basehttp:log_message] [INFO]- "GET /sys/api/user/role/?username=test&application=monitor&type=menu HTTP/1.1" 200 10059
[2020-12-01 14:40:05,537] [basehttp.py:157] [basehttp:log_message] [INFO]- "GET /sys/api/user/role/?username=test&application=monitor&type=button HTTP/1.1" 200 2
[2020-12-01 14:40:45,357] [basehttp.py:157] [basehttp:log_message] [INFO]- "GET /sys/api/user/role/?username=test&application=sys&type=menu HTTP/1.1" 200 1159
[2020-12-01 14:40:45,366] [basehttp.py:157] [basehttp:log_message] [INFO]- "GET /sys/api/user/role/?username=test&application=sys&type=button HTTP/1.1" 200 291
[2020-12-01 14:40:48,745] [basehttp.py:157] [basehttp:log_message] [INFO]- "GET /sys/api/role/?current_page=1&pre_page=10 HTTP/1.1" 200 36437
[2020-12-01 14:40:50,917] [basehttp.py:157] [basehttp:log_message] [INFO]- "GET /sys/api/menu/ HTTP/1.1" 200 31997
[2020-12-01 14:41:24,970] [basehttp.py:157] [basehttp:log_message] [INFO]- "GET /sys/api/menu/app_list/ HTTP/1.1" 200 38
[2020-12-01 14:42:05,064] [basehttp.py:157] [basehttp:log_message] [INFO]- "POST /sys/api/menu/ HTTP/1.1" 201 278
[2020-12-01 14:42:05,200] [basehttp.py:157] [basehttp:log_message] [INFO]- "GET /sys/api/menu/ HTTP/1.1" 200 32276
[2020-12-01 14:42:09,668] [basehttp.py:157] [basehttp:log_message] [INFO]- "GET /sys/api/menu/app_list/ HTTP/1.1" 200 38
[2020-12-01 14:42:30,108] [basehttp.py:157] [basehttp:log_message] [INFO]- "PUT /sys/api/menu/141/ HTTP/1.1" 200 303
[2020-12-01 14:42:35,505] [basehttp.py:157] [basehttp:log_message] [INFO]- "GET /sys/api/menu/app_list/ HTTP/1.1" 200 38
[2020-12-01 14:42:43,849] [basehttp.py:157] [basehttp:log_message] [INFO]- "PUT /sys/api/menu/157/ HTTP/1.1" 200 300
[2020-12-01 14:42:48,851] [basehttp.py:157] [basehttp:log_message] [INFO]- "GET /sys/api/menu/app_list/ HTTP/1.1" 200 38
[2020-12-01 14:42:52,882] [basehttp.py:157] [basehttp:log_message] [INFO]- "GET /sys/api/menu/app_list/ HTTP/1.1" 200 38
[2020-12-01 14:42:55,220] [basehttp.py:157] [basehttp:log_message] [INFO]- "GET /sys/api/menu/app_list/ HTTP/1.1" 200 38
[2020-12-01 14:43:38,574] [basehttp.py:157] [basehttp:log_message] [INFO]- "GET /sys/api/user/role/?username=test&application=sys&type=button HTTP/1.1" 200 291
[2020-12-01 14:43:38,610] [basehttp.py:157] [basehttp:log_message] [INFO]- "GET /sys/api/user/role/?username=test&application=sys&type=menu HTTP/1.1" 200 1159
[2020-12-01 14:43:38,610] [basehttp.py:157] [basehttp:log_message] [INFO]- "GET /sys/api/menu/ HTTP/1.1" 200 32301
[2020-12-01 14:43:43,286] [basehttp.py:157] [basehttp:log_message] [INFO]- "GET /sys/api/user/role/?username=test&application=monitor&type=menu HTTP/1.1" 200 10062
[2020-12-01 14:43:43,299] [basehttp.py:157] [basehttp:log_message] [INFO]- "GET /sys/api/user/role/?username=test&application=monitor&type=button HTTP/1.1" 200 2
[2020-12-01 14:44:05,696] [basehttp.py:157] [basehttp:log_message] [INFO]- "GET /sys/api/user/role/?username=test&application=sys&type=menu HTTP/1.1" 200 1159
[2020-12-01 14:44:05,736] [basehttp.py:157] [basehttp:log_message] [INFO]- "GET /sys/api/user/role/?username=test&application=sys&type=button HTTP/1.1" 200 291
[2020-12-01 14:44:10,303] [basehttp.py:157] [basehttp:log_message] [INFO]- "GET /sys/api/role/?current_page=1&pre_page=10 HTTP/1.1" 200 36440
[2020-12-01 14:44:13,118] [basehttp.py:157] [basehttp:log_message] [INFO]- "GET /sys/api/role/1/menu/ HTTP/1.1" 200 32000
[2020-12-01 14:44:13,137] [basehttp.py:157] [basehttp:log_message] [INFO]- "GET /sys/api/role/1/to_menu/ HTTP/1.1" 200 869
[2020-12-01 14:44:17,892] [basehttp.py:157] [basehttp:log_message] [INFO]- "PUT /sys/api/role/1/assign_menu/ HTTP/1.1" 200 32437
[2020-12-01 14:44:18,053] [basehttp.py:157] [basehttp:log_message] [INFO]- "GET /sys/api/role/1/menu/ HTTP/1.1" 200 32301
[2020-12-01 14:44:18,088] [basehttp.py:157] [basehttp:log_message] [INFO]- "GET /sys/api/role/1/to_menu/ HTTP/1.1" 200 2
[2020-12-01 14:44:22,077] [basehttp.py:157] [basehttp:log_message] [INFO]- "GET /sys/api/user/role/?username=test&application=monitor&type=button HTTP/1.1" 200 2
[2020-12-01 14:44:22,078] [basehttp.py:157] [basehttp:log_message] [INFO]- "GET /sys/api/user/role/?username=test&application=monitor&type=menu HTTP/1.1" 200 10363
