[2020-09-05 08:49:27,202] [autoreload.py:598] [autoreload:run_with_reloader] [INFO]- Watching for file changes with StatReloader
[2020-09-05 08:56:42,445] [basehttp.py:157] [basehttp:log_message] [INFO]- "GET /sys/api/user/role/?username=wl&application=automation&type=menu HTTP/1.1" 200 5077
[2020-09-05 08:56:42,451] [basehttp.py:157] [basehttp:log_message] [INFO]- "GET /sys/api/user/role/?username=wl&application=automation&type=button HTTP/1.1" 200 2
[2020-09-05 08:57:29,407] [basehttp.py:157] [basehttp:log_message] [INFO]- "POST /sys/api/auth/ HTTP/1.1" 200 65
[2020-09-05 08:57:46,225] [basehttp.py:157] [basehttp:log_message] [INFO]- "POST /sys/api/auth/ HTTP/1.1" 200 65
[2020-09-05 08:57:46,247] [basehttp.py:157] [basehttp:log_message] [INFO]- "GET /sys/api/user/role/?username=wl&application=automation&type=button HTTP/1.1" 200 2
[2020-09-05 08:57:46,276] [basehttp.py:157] [basehttp:log_message] [INFO]- "GET /sys/api/user/role/?username=wl&application=automation&type=menu HTTP/1.1" 200 5077
[2020-09-05 08:59:46,162] [basehttp.py:157] [basehttp:log_message] [INFO]- "POST /sys/api/auth/ HTTP/1.1" 200 65
[2020-09-05 08:59:46,392] [basehttp.py:157] [basehttp:log_message] [INFO]- "POST /sys/api/auth/ HTTP/1.1" 200 65
[2020-09-05 08:59:46,404] [basehttp.py:157] [basehttp:log_message] [INFO]- "POST /sys/api/auth/ HTTP/1.1" 200 65
[2020-09-05 08:59:52,253] [basehttp.py:157] [basehttp:log_message] [INFO]- "POST /sys/api/auth/ HTTP/1.1" 200 65
[2020-09-05 09:00:16,925] [basehttp.py:157] [basehttp:log_message] [INFO]- "POST /sys/api/auth/ HTTP/1.1" 200 65
[2020-09-05 09:20:11,442] [basehttp.py:157] [basehttp:log_message] [INFO]- "POST /sys/api/auth/ HTTP/1.1" 200 65
[2020-09-05 09:20:19,589] [basehttp.py:157] [basehttp:log_message] [INFO]- "POST /sys/api/auth/ HTTP/1.1" 200 65
[2020-09-05 09:20:19,615] [basehttp.py:157] [basehttp:log_message] [INFO]- "GET /sys/api/user/role/?username=wl&application=automation&type=menu HTTP/1.1" 200 5077
[2020-09-05 09:20:19,616] [basehttp.py:157] [basehttp:log_message] [INFO]- "GET /sys/api/user/role/?username=wl&application=automation&type=button HTTP/1.1" 200 2
[2020-09-05 09:20:22,372] [basehttp.py:157] [basehttp:log_message] [INFO]- "POST /sys/api/auth/ HTTP/1.1" 200 65
[2020-09-05 09:20:22,383] [basehttp.py:157] [basehttp:log_message] [INFO]- "POST /sys/api/auth/ HTTP/1.1" 200 65
[2020-09-05 09:22:19,581] [basehttp.py:157] [basehttp:log_message] [INFO]- "POST /sys/api/auth/ HTTP/1.1" 200 65
[2020-09-05 09:22:22,387] [basehttp.py:157] [basehttp:log_message] [INFO]- "POST /sys/api/auth/ HTTP/1.1" 200 65
[2020-09-05 09:22:22,388] [basehttp.py:157] [basehttp:log_message] [INFO]- "POST /sys/api/auth/ HTTP/1.1" 200 65
[2020-09-05 09:23:28,469] [basehttp.py:157] [basehttp:log_message] [INFO]- "GET /sys/api/user/role/?username=wl&application=automation&type=menu HTTP/1.1" 200 5077
[2020-09-05 09:23:28,471] [basehttp.py:157] [basehttp:log_message] [INFO]- "GET /sys/api/user/role/?username=wl&application=automation&type=button HTTP/1.1" 200 2
[2020-09-05 09:23:37,554] [basehttp.py:157] [basehttp:log_message] [INFO]- "POST /sys/api/auth/ HTTP/1.1" 200 65
[2020-09-05 09:23:38,741] [basehttp.py:157] [basehttp:log_message] [INFO]- "POST /sys/api/auth/ HTTP/1.1" 200 65
[2020-09-05 09:23:38,750] [basehttp.py:157] [basehttp:log_message] [INFO]- "POST /sys/api/auth/ HTTP/1.1" 200 65
[2020-09-05 09:26:57,519] [basehttp.py:157] [basehttp:log_message] [INFO]- "POST /sys/api/auth/ HTTP/1.1" 200 65
[2020-09-05 09:26:59,644] [basehttp.py:157] [basehttp:log_message] [INFO]- "POST /sys/api/auth/ HTTP/1.1" 200 65
[2020-09-05 09:26:59,646] [basehttp.py:157] [basehttp:log_message] [INFO]- "POST /sys/api/auth/ HTTP/1.1" 200 65
[2020-09-05 09:28:57,528] [basehttp.py:157] [basehttp:log_message] [INFO]- "POST /sys/api/auth/ HTTP/1.1" 200 65
[2020-09-05 09:33:24,876] [basehttp.py:157] [basehttp:log_message] [INFO]- "POST /sys/api/auth/ HTTP/1.1" 200 65
[2020-09-05 09:33:32,646] [basehttp.py:157] [basehttp:log_message] [INFO]- "POST /sys/api/auth/ HTTP/1.1" 200 65
[2020-09-05 09:33:32,649] [basehttp.py:157] [basehttp:log_message] [INFO]- "POST /sys/api/auth/ HTTP/1.1" 200 65
[2020-09-05 09:35:24,880] [basehttp.py:157] [basehttp:log_message] [INFO]- "POST /sys/api/auth/ HTTP/1.1" 200 65
[2020-09-05 09:38:11,015] [basehttp.py:157] [basehttp:log_message] [INFO]- "POST /sys/api/auth/ HTTP/1.1" 200 65
[2020-09-05 09:40:10,981] [basehttp.py:157] [basehttp:log_message] [INFO]- "POST /sys/api/auth/ HTTP/1.1" 200 65
[2020-09-05 09:47:37,667] [basehttp.py:157] [basehttp:log_message] [INFO]- "POST /sys/api/auth/ HTTP/1.1" 200 65
[2020-09-05 09:47:37,719] [basehttp.py:157] [basehttp:log_message] [INFO]- "GET /sys/api/user/role/?username=wl&application=automation&type=menu HTTP/1.1" 200 5077
[2020-09-05 09:47:37,720] [basehttp.py:157] [basehttp:log_message] [INFO]- "GET /sys/api/user/role/?username=wl&application=automation&type=button HTTP/1.1" 200 2
[2020-09-05 09:47:38,949] [basehttp.py:157] [basehttp:log_message] [INFO]- "POST /sys/api/auth/ HTTP/1.1" 200 65
[2020-09-05 09:47:38,949] [basehttp.py:157] [basehttp:log_message] [INFO]- "POST /sys/api/auth/ HTTP/1.1" 200 65
[2020-09-05 09:49:37,694] [basehttp.py:157] [basehttp:log_message] [INFO]- "POST /sys/api/auth/ HTTP/1.1" 200 65
[2020-09-05 09:49:38,953] [basehttp.py:157] [basehttp:log_message] [INFO]- "POST /sys/api/auth/ HTTP/1.1" 200 65
[2020-09-05 09:49:38,957] [basehttp.py:157] [basehttp:log_message] [INFO]- "POST /sys/api/auth/ HTTP/1.1" 200 65
[2020-09-05 10:00:58,299] [basehttp.py:157] [basehttp:log_message] [INFO]- "POST /sys/api/auth/ HTTP/1.1" 200 65
[2020-09-05 10:00:59,643] [basehttp.py:157] [basehttp:log_message] [INFO]- "POST /sys/api/auth/ HTTP/1.1" 200 65
[2020-09-05 10:00:59,654] [basehttp.py:157] [basehttp:log_message] [INFO]- "POST /sys/api/auth/ HTTP/1.1" 200 65
[2020-09-05 10:02:58,327] [basehttp.py:157] [basehttp:log_message] [INFO]- "POST /sys/api/auth/ HTTP/1.1" 200 65
[2020-09-05 10:12:56,212] [basehttp.py:157] [basehttp:log_message] [INFO]- "POST /sys/api/auth/ HTTP/1.1" 200 65
[2020-09-05 10:12:59,622] [basehttp.py:157] [basehttp:log_message] [INFO]- "POST /sys/api/auth/ HTTP/1.1" 200 65
[2020-09-05 10:12:59,666] [basehttp.py:157] [basehttp:log_message] [INFO]- "GET /sys/api/user/role/?username=wl&application=automation&type=button HTTP/1.1" 200 2
[2020-09-05 10:12:59,707] [basehttp.py:157] [basehttp:log_message] [INFO]- "GET /sys/api/user/role/?username=wl&application=automation&type=menu HTTP/1.1" 200 5077
[2020-09-05 10:13:01,162] [basehttp.py:157] [basehttp:log_message] [INFO]- "POST /sys/api/auth/ HTTP/1.1" 200 65
[2020-09-05 10:13:01,167] [basehttp.py:157] [basehttp:log_message] [INFO]- "POST /sys/api/auth/ HTTP/1.1" 200 65
[2020-09-05 10:13:55,282] [basehttp.py:157] [basehttp:log_message] [INFO]- "POST /sys/api/auth/ HTTP/1.1" 200 65
[2020-09-05 10:14:09,397] [basehttp.py:157] [basehttp:log_message] [INFO]- "POST /sys/api/auth/ HTTP/1.1" 200 65
[2020-09-05 10:14:09,409] [basehttp.py:157] [basehttp:log_message] [INFO]- "POST /sys/api/auth/ HTTP/1.1" 200 65
[2020-09-05 10:14:59,596] [basehttp.py:157] [basehttp:log_message] [INFO]- "POST /sys/api/auth/ HTTP/1.1" 200 65
[2020-09-05 10:15:01,174] [basehttp.py:157] [basehttp:log_message] [INFO]- "POST /sys/api/auth/ HTTP/1.1" 200 65
[2020-09-05 10:15:01,182] [basehttp.py:157] [basehttp:log_message] [INFO]- "POST /sys/api/auth/ HTTP/1.1" 200 65
[2020-09-05 10:18:19,420] [basehttp.py:157] [basehttp:log_message] [INFO]- "POST /sys/api/auth/ HTTP/1.1" 200 65
[2020-09-05 10:18:19,467] [basehttp.py:157] [basehttp:log_message] [INFO]- "GET /sys/api/user/role/?username=wl&application=automation&type=menu HTTP/1.1" 200 5077
[2020-09-05 10:18:19,479] [basehttp.py:157] [basehttp:log_message] [INFO]- "GET /sys/api/user/role/?username=wl&application=automation&type=button HTTP/1.1" 200 2
[2020-09-05 10:18:20,587] [basehttp.py:157] [basehttp:log_message] [INFO]- "POST /sys/api/auth/ HTTP/1.1" 200 65
[2020-09-05 10:18:20,589] [basehttp.py:157] [basehttp:log_message] [INFO]- "POST /sys/api/auth/ HTTP/1.1" 200 65
[2020-09-05 10:20:19,396] [basehttp.py:157] [basehttp:log_message] [INFO]- "POST /sys/api/auth/ HTTP/1.1" 200 65
[2020-09-05 10:20:20,623] [basehttp.py:157] [basehttp:log_message] [INFO]- "POST /sys/api/auth/ HTTP/1.1" 200 65
[2020-09-05 10:20:20,630] [basehttp.py:157] [basehttp:log_message] [INFO]- "POST /sys/api/auth/ HTTP/1.1" 200 65
[2020-09-05 11:23:33,837] [autoreload.py:598] [autoreload:run_with_reloader] [INFO]- Watching for file changes with StatReloader
[2020-09-05 11:24:17,674] [basehttp.py:157] [basehttp:log_message] [INFO]- "GET /sys/api/user/role/?username=wl&application=automation&type=button HTTP/1.1" 200 2
[2020-09-05 11:24:17,691] [basehttp.py:157] [basehttp:log_message] [INFO]- "GET /sys/api/user/role/?username=wl&application=automation&type=menu HTTP/1.1" 200 5077
[2020-09-05 11:28:02,269] [basehttp.py:157] [basehttp:log_message] [INFO]- "POST /sys/api/auth/ HTTP/1.1" 200 65
[2020-09-05 11:28:02,295] [basehttp.py:157] [basehttp:log_message] [INFO]- "GET /sys/api/user/role/?username=wl&application=automation&type=button HTTP/1.1" 200 2
[2020-09-05 11:28:02,296] [basehttp.py:157] [basehttp:log_message] [INFO]- "GET /sys/api/user/role/?username=wl&application=automation&type=menu HTTP/1.1" 200 5077
[2020-09-05 11:28:03,611] [basehttp.py:157] [basehttp:log_message] [INFO]- "POST /sys/api/auth/ HTTP/1.1" 200 65
[2020-09-05 11:28:03,654] [basehttp.py:157] [basehttp:log_message] [INFO]- "POST /sys/api/auth/ HTTP/1.1" 200 65
[2020-09-05 11:28:15,041] [basehttp.py:157] [basehttp:log_message] [INFO]- "POST /sys/api/auth/ HTTP/1.1" 200 65
[2020-09-05 11:30:02,279] [basehttp.py:157] [basehttp:log_message] [INFO]- "POST /sys/api/auth/ HTTP/1.1" 200 65
[2020-09-05 11:30:03,621] [basehttp.py:157] [basehttp:log_message] [INFO]- "POST /sys/api/auth/ HTTP/1.1" 200 65
[2020-09-05 11:30:03,623] [basehttp.py:157] [basehttp:log_message] [INFO]- "POST /sys/api/auth/ HTTP/1.1" 200 65
[2020-09-05 11:32:24,578] [basehttp.py:157] [basehttp:log_message] [INFO]- "POST /sys/api/auth/ HTTP/1.1" 200 65
[2020-09-05 11:32:29,916] [basehttp.py:157] [basehttp:log_message] [INFO]- "POST /sys/api/auth/ HTTP/1.1" 200 65
[2020-09-05 11:32:29,923] [basehttp.py:157] [basehttp:log_message] [INFO]- "POST /sys/api/auth/ HTTP/1.1" 200 65
[2020-09-05 11:34:24,038] [basehttp.py:157] [basehttp:log_message] [INFO]- "POST /sys/api/auth/ HTTP/1.1" 200 65
[2020-09-05 11:34:29,958] [basehttp.py:157] [basehttp:log_message] [INFO]- "POST /sys/api/auth/ HTTP/1.1" 200 65
[2020-09-05 11:34:29,961] [basehttp.py:157] [basehttp:log_message] [INFO]- "POST /sys/api/auth/ HTTP/1.1" 200 65
[2020-09-05 11:34:30,233] [basehttp.py:157] [basehttp:log_message] [INFO]- "POST /sys/api/auth/ HTTP/1.1" 200 65
[2020-09-05 11:35:05,383] [basehttp.py:157] [basehttp:log_message] [INFO]- "POST /sys/api/auth/ HTTP/1.1" 200 65
[2020-09-05 11:35:13,277] [basehttp.py:157] [basehttp:log_message] [INFO]- "POST /sys/api/auth/ HTTP/1.1" 200 65
[2020-09-05 11:36:25,329] [basehttp.py:157] [basehttp:log_message] [INFO]- "POST /sys/api/auth/ HTTP/1.1" 200 65
[2020-09-05 11:36:25,424] [basehttp.py:157] [basehttp:log_message] [INFO]- "GET /sys/api/user/role/?username=wl&application=automation&type=menu HTTP/1.1" 200 5077
[2020-09-05 11:36:25,451] [basehttp.py:157] [basehttp:log_message] [INFO]- "GET /sys/api/user/role/?username=wl&application=automation&type=button HTTP/1.1" 200 2
[2020-09-05 11:36:29,287] [basehttp.py:157] [basehttp:log_message] [INFO]- "POST /sys/api/auth/ HTTP/1.1" 200 65
[2020-09-05 11:37:42,039] [basehttp.py:157] [basehttp:log_message] [INFO]- "POST /sys/api/auth/ HTTP/1.1" 200 65
[2020-09-05 11:37:47,188] [basehttp.py:157] [basehttp:log_message] [INFO]- "POST /sys/api/auth/ HTTP/1.1" 200 65
[2020-09-05 11:38:03,889] [basehttp.py:157] [basehttp:log_message] [INFO]- "POST /sys/api/auth/ HTTP/1.1" 200 65
[2020-09-05 11:38:09,742] [basehttp.py:157] [basehttp:log_message] [INFO]- "POST /sys/api/auth/ HTTP/1.1" 200 65
[2020-09-05 11:38:25,323] [basehttp.py:157] [basehttp:log_message] [INFO]- "POST /sys/api/auth/ HTTP/1.1" 200 65
[2020-09-05 11:38:29,324] [basehttp.py:157] [basehttp:log_message] [INFO]- "POST /sys/api/auth/ HTTP/1.1" 200 65
[2020-09-05 11:39:42,076] [basehttp.py:157] [basehttp:log_message] [INFO]- "POST /sys/api/auth/ HTTP/1.1" 200 65
[2020-09-05 11:39:47,212] [basehttp.py:157] [basehttp:log_message] [INFO]- "POST /sys/api/auth/ HTTP/1.1" 200 65
[2020-09-05 11:40:03,890] [basehttp.py:157] [basehttp:log_message] [INFO]- "POST /sys/api/auth/ HTTP/1.1" 200 65
[2020-09-05 11:40:09,752] [basehttp.py:157] [basehttp:log_message] [INFO]- "POST /sys/api/auth/ HTTP/1.1" 200 65
[2020-09-05 11:40:25,369] [basehttp.py:157] [basehttp:log_message] [INFO]- "POST /sys/api/auth/ HTTP/1.1" 200 65
[2020-09-05 11:40:29,338] [basehttp.py:157] [basehttp:log_message] [INFO]- "POST /sys/api/auth/ HTTP/1.1" 200 65
[2020-09-05 11:41:42,092] [basehttp.py:157] [basehttp:log_message] [INFO]- "POST /sys/api/auth/ HTTP/1.1" 200 65
[2020-09-07 09:06:14,673] [basehttp.py:157] [basehttp:log_message] [INFO]- "POST /sys/api/auth/ HTTP/1.1" 200 65
[2020-09-07 09:06:14,710] [basehttp.py:157] [basehttp:log_message] [INFO]- "GET /sys/api/user/role/?username=wl&application=automation&type=menu HTTP/1.1" 200 5077
[2020-09-07 09:06:14,710] [basehttp.py:157] [basehttp:log_message] [INFO]- "GET /sys/api/user/role/?username=wl&application=automation&type=button HTTP/1.1" 200 2
[2020-09-07 09:06:19,607] [basehttp.py:157] [basehttp:log_message] [INFO]- "POST /sys/api/auth/ HTTP/1.1" 200 65
[2020-09-07 09:06:19,608] [basehttp.py:157] [basehttp:log_message] [INFO]- "GET /sys/api/user/role/?username=wl&application=automation&type=menu HTTP/1.1" 200 5077
[2020-09-07 09:06:19,626] [basehttp.py:157] [basehttp:log_message] [INFO]- "GET /sys/api/user/role/?username=wl&application=automation&type=button HTTP/1.1" 200 2
[2020-09-07 09:06:53,903] [basehttp.py:157] [basehttp:log_message] [INFO]- "POST /sys/api/auth/ HTTP/1.1" 200 65
[2020-09-07 09:06:53,983] [basehttp.py:157] [basehttp:log_message] [INFO]- "GET /sys/api/user/role/?username=wl&application=automation&type=menu HTTP/1.1" 200 5077
[2020-09-07 09:06:53,983] [basehttp.py:157] [basehttp:log_message] [INFO]- "GET /sys/api/user/role/?username=wl&application=automation&type=button HTTP/1.1" 200 2
[2020-09-07 09:07:04,435] [basehttp.py:157] [basehttp:log_message] [INFO]- "POST /sys/api/auth/ HTTP/1.1" 200 65
[2020-09-07 09:07:04,435] [basehttp.py:157] [basehttp:log_message] [INFO]- "POST /sys/api/auth/ HTTP/1.1" 200 65
[2020-09-07 09:07:15,130] [basehttp.py:157] [basehttp:log_message] [INFO]- "POST /sys/api/auth/ HTTP/1.1" 200 65
[2020-09-07 09:07:17,377] [basehttp.py:157] [basehttp:log_message] [INFO]- "POST /sys/api/auth/ HTTP/1.1" 200 65
[2020-09-07 09:32:07,190] [basehttp.py:157] [basehttp:log_message] [INFO]- "POST /sys/api/auth/ HTTP/1.1" 200 65
[2020-09-07 09:43:31,113] [basehttp.py:157] [basehttp:log_message] [INFO]- "POST /sys/api/auth/ HTTP/1.1" 200 65
[2020-09-07 09:43:31,135] [basehttp.py:157] [basehttp:log_message] [INFO]- "GET /sys/api/user/role/?username=wl&application=automation&type=menu HTTP/1.1" 200 5077
[2020-09-07 09:43:31,136] [basehttp.py:157] [basehttp:log_message] [INFO]- "GET /sys/api/user/role/?username=wl&application=automation&type=button HTTP/1.1" 200 2
[2020-09-07 09:43:32,704] [basehttp.py:157] [basehttp:log_message] [INFO]- "POST /sys/api/auth/ HTTP/1.1" 200 65
[2020-09-07 09:43:32,705] [basehttp.py:157] [basehttp:log_message] [INFO]- "POST /sys/api/auth/ HTTP/1.1" 200 65
[2020-09-07 09:43:51,079] [basehttp.py:157] [basehttp:log_message] [INFO]- "POST /sys/api/auth/ HTTP/1.1" 200 65
[2020-09-07 09:43:51,130] [basehttp.py:157] [basehttp:log_message] [INFO]- "GET /sys/api/user/role/?username=wl&application=automation&type=menu HTTP/1.1" 200 5077
[2020-09-07 09:43:51,145] [basehttp.py:157] [basehttp:log_message] [INFO]- "GET /sys/api/user/role/?username=wl&application=automation&type=button HTTP/1.1" 200 2
[2020-09-07 09:43:52,345] [basehttp.py:157] [basehttp:log_message] [INFO]- "POST /sys/api/auth/ HTTP/1.1" 200 65
[2020-09-07 09:43:52,348] [basehttp.py:157] [basehttp:log_message] [INFO]- "POST /sys/api/auth/ HTTP/1.1" 200 65
[2020-09-07 09:44:54,086] [basehttp.py:157] [basehttp:log_message] [INFO]- "POST /sys/api/auth/ HTTP/1.1" 200 65
[2020-09-07 09:44:54,095] [basehttp.py:157] [basehttp:log_message] [INFO]- "GET /sys/api/user/role/?username=wl&application=automation&type=menu HTTP/1.1" 200 5077
[2020-09-07 09:44:54,112] [basehttp.py:157] [basehttp:log_message] [INFO]- "GET /sys/api/user/role/?username=wl&application=automation&type=button HTTP/1.1" 200 2
[2020-09-07 09:44:55,408] [basehttp.py:157] [basehttp:log_message] [INFO]- "POST /sys/api/auth/ HTTP/1.1" 200 65
[2020-09-07 09:44:55,409] [basehttp.py:157] [basehttp:log_message] [INFO]- "POST /sys/api/auth/ HTTP/1.1" 200 65
[2020-09-07 09:47:11,117] [basehttp.py:157] [basehttp:log_message] [INFO]- "POST /sys/api/auth/ HTTP/1.1" 200 65
[2020-09-07 09:47:22,961] [basehttp.py:157] [basehttp:log_message] [INFO]- "POST /sys/api/auth/ HTTP/1.1" 200 65
[2020-09-07 09:48:25,301] [basehttp.py:157] [basehttp:log_message] [INFO]- "POST /sys/api/auth/ HTTP/1.1" 200 65
[2020-09-07 09:48:25,344] [basehttp.py:157] [basehttp:log_message] [INFO]- "GET /sys/api/user/role/?username=wl&application=automation&type=menu HTTP/1.1" 200 5077
[2020-09-07 09:48:25,361] [basehttp.py:157] [basehttp:log_message] [INFO]- "GET /sys/api/user/role/?username=wl&application=automation&type=button HTTP/1.1" 200 2
[2020-09-07 09:48:26,984] [basehttp.py:157] [basehttp:log_message] [INFO]- "POST /sys/api/auth/ HTTP/1.1" 200 65
[2020-09-07 09:48:26,990] [basehttp.py:157] [basehttp:log_message] [INFO]- "POST /sys/api/auth/ HTTP/1.1" 200 65
[2020-09-07 09:49:36,715] [basehttp.py:157] [basehttp:log_message] [INFO]- "POST /sys/api/auth/ HTTP/1.1" 200 65
[2020-09-07 09:49:41,303] [basehttp.py:157] [basehttp:log_message] [INFO]- "POST /sys/api/auth/ HTTP/1.1" 200 65
[2020-09-07 09:50:01,175] [basehttp.py:157] [basehttp:log_message] [INFO]- "POST /sys/api/auth/ HTTP/1.1" 200 65
[2020-09-07 09:50:30,681] [basehttp.py:157] [basehttp:log_message] [INFO]- "POST /sys/api/auth/ HTTP/1.1" 200 65
[2020-09-07 09:50:54,587] [basehttp.py:157] [basehttp:log_message] [INFO]- "POST /sys/api/auth/ HTTP/1.1" 200 65
[2020-09-07 09:51:32,913] [basehttp.py:157] [basehttp:log_message] [INFO]- "POST /sys/api/auth/ HTTP/1.1" 200 65
[2020-09-07 09:51:32,914] [basehttp.py:157] [basehttp:log_message] [INFO]- "GET /sys/api/user/role/?username=wl&application=automation&type=menu HTTP/1.1" 200 5077
[2020-09-07 09:51:32,916] [basehttp.py:157] [basehttp:log_message] [INFO]- "GET /sys/api/user/role/?username=wl&application=automation&type=button HTTP/1.1" 200 2
[2020-09-07 09:51:33,730] [basehttp.py:157] [basehttp:log_message] [INFO]- "POST /sys/api/auth/ HTTP/1.1" 200 65
[2020-09-07 09:51:33,783] [basehttp.py:157] [basehttp:log_message] [INFO]- "POST /sys/api/auth/ HTTP/1.1" 200 65
[2020-09-07 09:52:18,046] [basehttp.py:157] [basehttp:log_message] [INFO]- "POST /sys/api/auth/ HTTP/1.1" 200 65
[2020-09-07 09:52:18,262] [basehttp.py:157] [basehttp:log_message] [INFO]- "GET /sys/api/user/role/?username=wl&application=automation&type=menu HTTP/1.1" 200 5077
[2020-09-07 09:52:18,262] [basehttp.py:157] [basehttp:log_message] [INFO]- "GET /sys/api/user/role/?username=wl&application=automation&type=button HTTP/1.1" 200 2
[2020-09-07 09:52:19,443] [basehttp.py:157] [basehttp:log_message] [INFO]- "POST /sys/api/auth/ HTTP/1.1" 200 65
[2020-09-07 09:52:19,443] [basehttp.py:157] [basehttp:log_message] [INFO]- "POST /sys/api/auth/ HTTP/1.1" 200 65
[2020-09-07 09:55:23,660] [log.py:222] [log:log_response] [WARNING]- Forbidden: /sys/api/user/role/
[2020-09-07 09:55:23,664] [log.py:222] [log:log_response] [WARNING]- Forbidden: /sys/api/user/role/
[2020-09-07 09:55:23,665] [basehttp.py:157] [basehttp:log_message] [WARNING]- "GET /sys/api/user/role/?username=wl&application=automation&type=button HTTP/1.1" 403 24
[2020-09-07 09:55:23,668] [basehttp.py:157] [basehttp:log_message] [WARNING]- "GET /sys/api/user/role/?username=wl&application=automation&type=menu HTTP/1.1" 403 24
[2020-09-07 09:55:23,671] [log.py:222] [log:log_response] [WARNING]- Unauthorized: /sys/api/auth/
[2020-09-07 09:55:23,671] [basehttp.py:157] [basehttp:log_message] [WARNING]- "POST /sys/api/auth/ HTTP/1.1" 401 39
[2020-09-07 09:55:33,609] [basehttp.py:157] [basehttp:log_message] [INFO]- "POST /sys/api/auth/ HTTP/1.1" 200 65
[2020-09-07 09:55:36,724] [basehttp.py:157] [basehttp:log_message] [INFO]- "GET /sys/api/user/role/?username=wl&application=automation&type=menu HTTP/1.1" 200 5077
[2020-09-07 09:55:36,724] [basehttp.py:157] [basehttp:log_message] [INFO]- "GET /sys/api/user/role/?username=wl&application=automation&type=button HTTP/1.1" 200 2
[2020-09-07 09:55:39,708] [basehttp.py:157] [basehttp:log_message] [INFO]- "POST /sys/api/auth/ HTTP/1.1" 200 65
[2020-09-07 09:55:40,914] [basehttp.py:157] [basehttp:log_message] [INFO]- "POST /sys/api/auth/ HTTP/1.1" 200 65
[2020-09-07 09:55:40,916] [basehttp.py:157] [basehttp:log_message] [INFO]- "POST /sys/api/auth/ HTTP/1.1" 200 65
[2020-09-07 10:04:46,233] [basehttp.py:157] [basehttp:log_message] [INFO]- "POST /sys/api/auth/ HTTP/1.1" 200 65
[2020-09-07 10:04:46,233] [basehttp.py:157] [basehttp:log_message] [INFO]- "GET /sys/api/user/role/?username=wl&application=automation&type=menu HTTP/1.1" 200 5077
[2020-09-07 10:04:46,291] [basehttp.py:157] [basehttp:log_message] [INFO]- "GET /sys/api/user/role/?username=wl&application=automation&type=button HTTP/1.1" 200 2
[2020-09-07 10:04:50,131] [basehttp.py:157] [basehttp:log_message] [INFO]- "POST /sys/api/auth/ HTTP/1.1" 200 65
[2020-09-07 10:04:50,192] [basehttp.py:157] [basehttp:log_message] [INFO]- "GET /sys/api/user/role/?username=wl&application=automation&type=button HTTP/1.1" 200 2
[2020-09-07 10:04:50,196] [basehttp.py:157] [basehttp:log_message] [INFO]- "GET /sys/api/user/role/?username=wl&application=automation&type=menu HTTP/1.1" 200 5077
[2020-09-07 10:04:51,028] [basehttp.py:157] [basehttp:log_message] [INFO]- "POST /sys/api/auth/ HTTP/1.1" 200 65
[2020-09-07 10:04:51,029] [basehttp.py:157] [basehttp:log_message] [INFO]- "POST /sys/api/auth/ HTTP/1.1" 200 65
[2020-09-07 10:39:16,466] [basehttp.py:157] [basehttp:log_message] [INFO]- "POST /sys/api/auth/ HTTP/1.1" 200 65
[2020-09-07 10:39:16,509] [basehttp.py:157] [basehttp:log_message] [INFO]- "GET /sys/api/user/role/?username=wl&application=automation&type=button HTTP/1.1" 200 2
[2020-09-07 10:39:16,509] [basehttp.py:157] [basehttp:log_message] [INFO]- "GET /sys/api/user/role/?username=wl&application=automation&type=menu HTTP/1.1" 200 5077
[2020-09-07 10:39:17,976] [basehttp.py:157] [basehttp:log_message] [INFO]- "POST /sys/api/auth/ HTTP/1.1" 200 65
[2020-09-07 10:39:17,988] [basehttp.py:157] [basehttp:log_message] [INFO]- "POST /sys/api/auth/ HTTP/1.1" 200 65
[2020-09-07 10:40:22,575] [basehttp.py:157] [basehttp:log_message] [INFO]- "POST /sys/api/auth/ HTTP/1.1" 200 65
[2020-09-07 10:40:22,580] [basehttp.py:157] [basehttp:log_message] [INFO]- "GET /sys/api/user/role/?username=wl&application=automation&type=button HTTP/1.1" 200 2
[2020-09-07 10:40:22,591] [basehttp.py:157] [basehttp:log_message] [INFO]- "GET /sys/api/user/role/?username=wl&application=automation&type=menu HTTP/1.1" 200 5077
[2020-09-07 10:40:23,974] [basehttp.py:157] [basehttp:log_message] [INFO]- "POST /sys/api/auth/ HTTP/1.1" 200 65
[2020-09-07 10:40:23,981] [basehttp.py:157] [basehttp:log_message] [INFO]- "POST /sys/api/auth/ HTTP/1.1" 200 65
[2020-09-07 10:46:30,347] [basehttp.py:157] [basehttp:log_message] [INFO]- "POST /sys/api/auth/ HTTP/1.1" 200 65
[2020-09-07 10:46:30,361] [basehttp.py:157] [basehttp:log_message] [INFO]- "GET /sys/api/user/role/?username=wl&application=automation&type=menu HTTP/1.1" 200 5077
[2020-09-07 10:46:30,368] [basehttp.py:157] [basehttp:log_message] [INFO]- "GET /sys/api/user/role/?username=wl&application=automation&type=button HTTP/1.1" 200 2
[2020-09-07 10:46:32,354] [basehttp.py:157] [basehttp:log_message] [INFO]- "POST /sys/api/auth/ HTTP/1.1" 200 65
[2020-09-07 10:46:32,354] [basehttp.py:157] [basehttp:log_message] [INFO]- "POST /sys/api/auth/ HTTP/1.1" 200 65
[2020-09-07 10:48:05,412] [basehttp.py:157] [basehttp:log_message] [INFO]- "POST /sys/api/auth/ HTTP/1.1" 200 65
[2020-09-07 10:48:05,437] [basehttp.py:157] [basehttp:log_message] [INFO]- "GET /sys/api/user/role/?username=wl&application=automation&type=button HTTP/1.1" 200 2
[2020-09-07 10:48:05,437] [basehttp.py:157] [basehttp:log_message] [INFO]- "GET /sys/api/user/role/?username=wl&application=automation&type=menu HTTP/1.1" 200 5077
[2020-09-07 10:48:06,684] [basehttp.py:157] [basehttp:log_message] [INFO]- "POST /sys/api/auth/ HTTP/1.1" 200 65
[2020-09-07 10:48:06,694] [basehttp.py:157] [basehttp:log_message] [INFO]- "POST /sys/api/auth/ HTTP/1.1" 200 65
[2020-09-07 10:54:37,193] [basehttp.py:157] [basehttp:log_message] [INFO]- "POST /sys/api/auth/ HTTP/1.1" 200 65
[2020-09-07 10:54:37,271] [basehttp.py:157] [basehttp:log_message] [INFO]- "GET /sys/api/user/role/?username=wl&application=automation&type=button HTTP/1.1" 200 2
[2020-09-07 10:54:37,315] [basehttp.py:157] [basehttp:log_message] [INFO]- "GET /sys/api/user/role/?username=wl&application=automation&type=menu HTTP/1.1" 200 5077
[2020-09-07 10:54:38,383] [basehttp.py:157] [basehttp:log_message] [INFO]- "POST /sys/api/auth/ HTTP/1.1" 200 65
[2020-09-07 10:54:38,384] [basehttp.py:157] [basehttp:log_message] [INFO]- "POST /sys/api/auth/ HTTP/1.1" 200 65
[2020-09-07 11:12:57,101] [basehttp.py:157] [basehttp:log_message] [INFO]- "POST /sys/api/auth/ HTTP/1.1" 200 65
[2020-09-07 11:12:57,145] [basehttp.py:157] [basehttp:log_message] [INFO]- "GET /sys/api/user/role/?username=wl&application=automation&type=menu HTTP/1.1" 200 5077
[2020-09-07 11:12:57,146] [basehttp.py:157] [basehttp:log_message] [INFO]- "GET /sys/api/user/role/?username=wl&application=automation&type=button HTTP/1.1" 200 2
[2020-09-07 11:12:59,431] [basehttp.py:157] [basehttp:log_message] [INFO]- "POST /sys/api/auth/ HTTP/1.1" 200 65
[2020-09-07 11:12:59,432] [basehttp.py:157] [basehttp:log_message] [INFO]- "POST /sys/api/auth/ HTTP/1.1" 200 65
[2020-09-07 11:16:26,031] [basehttp.py:157] [basehttp:log_message] [INFO]- "POST /sys/api/auth/ HTTP/1.1" 200 65
[2020-09-07 11:16:26,087] [basehttp.py:157] [basehttp:log_message] [INFO]- "GET /sys/api/user/role/?username=wl&application=automation&type=menu HTTP/1.1" 200 5077
[2020-09-07 11:16:26,087] [basehttp.py:157] [basehttp:log_message] [INFO]- "GET /sys/api/user/role/?username=wl&application=automation&type=button HTTP/1.1" 200 2
[2020-09-07 11:16:27,191] [basehttp.py:157] [basehttp:log_message] [INFO]- "POST /sys/api/auth/ HTTP/1.1" 200 65
[2020-09-07 11:16:27,194] [basehttp.py:157] [basehttp:log_message] [INFO]- "POST /sys/api/auth/ HTTP/1.1" 200 65
[2020-09-07 11:16:47,496] [basehttp.py:157] [basehttp:log_message] [INFO]- "POST /sys/api/auth/ HTTP/1.1" 200 65
[2020-09-07 11:16:47,506] [basehttp.py:157] [basehttp:log_message] [INFO]- "GET /sys/api/user/role/?username=wl&application=automation&type=menu HTTP/1.1" 200 5077
[2020-09-07 11:16:47,507] [basehttp.py:157] [basehttp:log_message] [INFO]- "GET /sys/api/user/role/?username=wl&application=automation&type=button HTTP/1.1" 200 2
[2020-09-07 11:16:48,932] [basehttp.py:157] [basehttp:log_message] [INFO]- "POST /sys/api/auth/ HTTP/1.1" 200 65
[2020-09-07 11:16:48,939] [basehttp.py:157] [basehttp:log_message] [INFO]- "POST /sys/api/auth/ HTTP/1.1" 200 65
[2020-09-07 11:17:20,572] [basehttp.py:157] [basehttp:log_message] [INFO]- "POST /sys/api/auth/ HTTP/1.1" 200 65
[2020-09-07 11:17:20,579] [basehttp.py:157] [basehttp:log_message] [INFO]- "GET /sys/api/user/role/?username=wl&application=automation&type=menu HTTP/1.1" 200 5077
[2020-09-07 11:17:20,583] [basehttp.py:157] [basehttp:log_message] [INFO]- "GET /sys/api/user/role/?username=wl&application=automation&type=button HTTP/1.1" 200 2
[2020-09-07 11:17:24,629] [basehttp.py:157] [basehttp:log_message] [INFO]- "POST /sys/api/auth/ HTTP/1.1" 200 65
[2020-09-07 11:17:24,637] [basehttp.py:157] [basehttp:log_message] [INFO]- "POST /sys/api/auth/ HTTP/1.1" 200 65
[2020-09-07 11:17:41,564] [basehttp.py:157] [basehttp:log_message] [INFO]- "POST /sys/api/auth/ HTTP/1.1" 200 65
[2020-09-07 11:17:41,609] [basehttp.py:157] [basehttp:log_message] [INFO]- "GET /sys/api/user/role/?username=wl&application=automation&type=button HTTP/1.1" 200 2
[2020-09-07 11:17:41,612] [basehttp.py:157] [basehttp:log_message] [INFO]- "GET /sys/api/user/role/?username=wl&application=automation&type=menu HTTP/1.1" 200 5077
[2020-09-07 11:20:45,038] [basehttp.py:157] [basehttp:log_message] [INFO]- "POST /sys/api/auth/ HTTP/1.1" 200 65
[2020-09-07 11:20:45,068] [basehttp.py:157] [basehttp:log_message] [INFO]- "GET /sys/api/user/role/?username=wl&application=automation&type=menu HTTP/1.1" 200 5077
[2020-09-07 11:20:45,069] [basehttp.py:157] [basehttp:log_message] [INFO]- "GET /sys/api/user/role/?username=wl&application=automation&type=button HTTP/1.1" 200 2
[2020-09-07 11:20:46,250] [basehttp.py:157] [basehttp:log_message] [INFO]- "POST /sys/api/auth/ HTTP/1.1" 200 65
[2020-09-07 11:20:46,257] [basehttp.py:157] [basehttp:log_message] [INFO]- "POST /sys/api/auth/ HTTP/1.1" 200 65
[2020-09-07 11:21:01,119] [basehttp.py:157] [basehttp:log_message] [INFO]- "POST /sys/api/auth/ HTTP/1.1" 200 65
[2020-09-07 11:21:01,137] [basehttp.py:157] [basehttp:log_message] [INFO]- "GET /sys/api/user/role/?username=wl&application=automation&type=menu HTTP/1.1" 200 5077
[2020-09-07 11:21:01,162] [basehttp.py:157] [basehttp:log_message] [INFO]- "GET /sys/api/user/role/?username=wl&application=automation&type=button HTTP/1.1" 200 2
[2020-09-07 11:21:02,336] [basehttp.py:157] [basehttp:log_message] [INFO]- "POST /sys/api/auth/ HTTP/1.1" 200 65
[2020-09-07 11:21:02,341] [basehttp.py:157] [basehttp:log_message] [INFO]- "POST /sys/api/auth/ HTTP/1.1" 200 65
[2020-09-07 11:27:30,951] [basehttp.py:157] [basehttp:log_message] [INFO]- "POST /sys/api/auth/ HTTP/1.1" 200 65
[2020-09-07 11:27:30,970] [basehttp.py:157] [basehttp:log_message] [INFO]- "GET /sys/api/user/role/?username=wl&application=automation&type=menu HTTP/1.1" 200 5077
[2020-09-07 11:27:30,986] [basehttp.py:157] [basehttp:log_message] [INFO]- "GET /sys/api/user/role/?username=wl&application=automation&type=button HTTP/1.1" 200 2
[2020-09-07 11:27:32,276] [basehttp.py:157] [basehttp:log_message] [INFO]- "POST /sys/api/auth/ HTTP/1.1" 200 65
[2020-09-07 11:27:32,300] [basehttp.py:157] [basehttp:log_message] [INFO]- "POST /sys/api/auth/ HTTP/1.1" 200 65
[2020-09-07 11:27:43,606] [basehttp.py:157] [basehttp:log_message] [INFO]- "GET /sys/api/user/role/?username=wl&application=automation&type=menu HTTP/1.1" 200 5077
[2020-09-07 11:27:43,607] [basehttp.py:157] [basehttp:log_message] [INFO]- "POST /sys/api/auth/ HTTP/1.1" 200 65
[2020-09-07 11:27:43,619] [basehttp.py:157] [basehttp:log_message] [INFO]- "GET /sys/api/user/role/?username=wl&application=automation&type=button HTTP/1.1" 200 2
[2020-09-07 11:27:44,872] [basehttp.py:157] [basehttp:log_message] [INFO]- "POST /sys/api/auth/ HTTP/1.1" 200 65
[2020-09-07 11:27:44,886] [basehttp.py:157] [basehttp:log_message] [INFO]- "POST /sys/api/auth/ HTTP/1.1" 200 65
[2020-09-07 11:28:04,586] [basehttp.py:157] [basehttp:log_message] [INFO]- "POST /sys/api/auth/ HTTP/1.1" 200 65
[2020-09-07 11:28:04,613] [basehttp.py:157] [basehttp:log_message] [INFO]- "GET /sys/api/user/role/?username=wl&application=automation&type=button HTTP/1.1" 200 2
[2020-09-07 11:28:04,614] [basehttp.py:157] [basehttp:log_message] [INFO]- "GET /sys/api/user/role/?username=wl&application=automation&type=menu HTTP/1.1" 200 5077
[2020-09-07 11:28:05,946] [basehttp.py:157] [basehttp:log_message] [INFO]- "POST /sys/api/auth/ HTTP/1.1" 200 65
[2020-09-07 11:28:05,950] [basehttp.py:157] [basehttp:log_message] [INFO]- "POST /sys/api/auth/ HTTP/1.1" 200 65
[2020-09-07 11:30:22,192] [basehttp.py:157] [basehttp:log_message] [INFO]- "POST /sys/api/auth/ HTTP/1.1" 200 65
[2020-09-07 11:30:22,217] [basehttp.py:157] [basehttp:log_message] [INFO]- "GET /sys/api/user/role/?username=wl&application=automation&type=menu HTTP/1.1" 200 5077
[2020-09-07 11:30:22,253] [basehttp.py:157] [basehttp:log_message] [INFO]- "GET /sys/api/user/role/?username=wl&application=automation&type=button HTTP/1.1" 200 2
[2020-09-07 11:30:23,476] [basehttp.py:157] [basehttp:log_message] [INFO]- "POST /sys/api/auth/ HTTP/1.1" 200 65
[2020-09-07 11:30:23,480] [basehttp.py:157] [basehttp:log_message] [INFO]- "POST /sys/api/auth/ HTTP/1.1" 200 65
[2020-09-07 11:30:43,377] [basehttp.py:157] [basehttp:log_message] [INFO]- "POST /sys/api/auth/ HTTP/1.1" 200 65
[2020-09-07 11:30:43,403] [basehttp.py:157] [basehttp:log_message] [INFO]- "GET /sys/api/user/role/?username=wl&application=automation&type=button HTTP/1.1" 200 2
[2020-09-07 11:30:43,403] [basehttp.py:157] [basehttp:log_message] [INFO]- "GET /sys/api/user/role/?username=wl&application=automation&type=menu HTTP/1.1" 200 5077
[2020-09-07 11:30:44,847] [basehttp.py:157] [basehttp:log_message] [INFO]- "POST /sys/api/auth/ HTTP/1.1" 200 65
[2020-09-07 11:30:44,849] [basehttp.py:157] [basehttp:log_message] [INFO]- "POST /sys/api/auth/ HTTP/1.1" 200 65
[2020-09-07 11:31:04,363] [basehttp.py:157] [basehttp:log_message] [INFO]- "GET /sys/api/user/role/?username=wl&application=automation&type=button HTTP/1.1" 200 2
[2020-09-07 11:31:04,373] [basehttp.py:157] [basehttp:log_message] [INFO]- "POST /sys/api/auth/ HTTP/1.1" 200 65
[2020-09-07 11:31:04,374] [basehttp.py:157] [basehttp:log_message] [INFO]- "GET /sys/api/user/role/?username=wl&application=automation&type=menu HTTP/1.1" 200 5077
[2020-09-07 11:31:05,679] [basehttp.py:157] [basehttp:log_message] [INFO]- "POST /sys/api/auth/ HTTP/1.1" 200 65
[2020-09-07 11:31:05,689] [basehttp.py:157] [basehttp:log_message] [INFO]- "POST /sys/api/auth/ HTTP/1.1" 200 65
[2020-09-07 11:31:30,864] [basehttp.py:157] [basehttp:log_message] [INFO]- "POST /sys/api/auth/ HTTP/1.1" 200 65
[2020-09-07 11:31:30,911] [basehttp.py:157] [basehttp:log_message] [INFO]- "GET /sys/api/user/role/?username=wl&application=automation&type=menu HTTP/1.1" 200 5077
[2020-09-07 11:31:30,911] [basehttp.py:157] [basehttp:log_message] [INFO]- "GET /sys/api/user/role/?username=wl&application=automation&type=button HTTP/1.1" 200 2
[2020-09-07 11:31:32,230] [basehttp.py:157] [basehttp:log_message] [INFO]- "POST /sys/api/auth/ HTTP/1.1" 200 65
[2020-09-07 11:31:32,239] [basehttp.py:157] [basehttp:log_message] [INFO]- "POST /sys/api/auth/ HTTP/1.1" 200 65
[2020-09-07 11:31:47,750] [basehttp.py:157] [basehttp:log_message] [INFO]- "POST /sys/api/auth/ HTTP/1.1" 200 65
[2020-09-07 11:31:47,773] [basehttp.py:157] [basehttp:log_message] [INFO]- "GET /sys/api/user/role/?username=wl&application=automation&type=button HTTP/1.1" 200 2
[2020-09-07 11:31:47,773] [basehttp.py:157] [basehttp:log_message] [INFO]- "GET /sys/api/user/role/?username=wl&application=automation&type=menu HTTP/1.1" 200 5077
[2020-09-07 11:31:49,219] [basehttp.py:157] [basehttp:log_message] [INFO]- "POST /sys/api/auth/ HTTP/1.1" 200 65
[2020-09-07 11:31:49,232] [basehttp.py:157] [basehttp:log_message] [INFO]- "POST /sys/api/auth/ HTTP/1.1" 200 65
[2020-09-07 11:32:14,759] [basehttp.py:157] [basehttp:log_message] [INFO]- "POST /sys/api/auth/ HTTP/1.1" 200 65
[2020-09-07 11:32:14,805] [basehttp.py:157] [basehttp:log_message] [INFO]- "GET /sys/api/user/role/?username=wl&application=automation&type=menu HTTP/1.1" 200 5077
[2020-09-07 11:32:14,817] [basehttp.py:157] [basehttp:log_message] [INFO]- "GET /sys/api/user/role/?username=wl&application=automation&type=button HTTP/1.1" 200 2
[2020-09-07 11:32:16,059] [basehttp.py:157] [basehttp:log_message] [INFO]- "POST /sys/api/auth/ HTTP/1.1" 200 65
[2020-09-07 11:32:16,071] [basehttp.py:157] [basehttp:log_message] [INFO]- "POST /sys/api/auth/ HTTP/1.1" 200 65
[2020-09-07 11:32:28,968] [basehttp.py:157] [basehttp:log_message] [INFO]- "GET /sys/api/user/role/?username=wl&application=automation&type=menu HTTP/1.1" 200 5077
[2020-09-07 11:32:28,968] [basehttp.py:157] [basehttp:log_message] [INFO]- "POST /sys/api/auth/ HTTP/1.1" 200 65
[2020-09-07 11:32:29,003] [basehttp.py:157] [basehttp:log_message] [INFO]- "GET /sys/api/user/role/?username=wl&application=automation&type=button HTTP/1.1" 200 2
[2020-09-07 11:32:30,128] [basehttp.py:157] [basehttp:log_message] [INFO]- "POST /sys/api/auth/ HTTP/1.1" 200 65
[2020-09-07 11:32:30,132] [basehttp.py:157] [basehttp:log_message] [INFO]- "POST /sys/api/auth/ HTTP/1.1" 200 65
[2020-09-07 11:32:43,029] [basehttp.py:157] [basehttp:log_message] [INFO]- "GET /sys/api/user/role/?username=wl&application=automation&type=button HTTP/1.1" 200 2
[2020-09-07 11:32:43,030] [basehttp.py:157] [basehttp:log_message] [INFO]- "POST /sys/api/auth/ HTTP/1.1" 200 65
[2020-09-07 11:32:43,031] [basehttp.py:157] [basehttp:log_message] [INFO]- "GET /sys/api/user/role/?username=wl&application=automation&type=menu HTTP/1.1" 200 5077
[2020-09-07 11:32:44,557] [basehttp.py:157] [basehttp:log_message] [INFO]- "POST /sys/api/auth/ HTTP/1.1" 200 65
[2020-09-07 11:32:44,558] [basehttp.py:157] [basehttp:log_message] [INFO]- "POST /sys/api/auth/ HTTP/1.1" 200 65
[2020-09-07 11:32:55,213] [basehttp.py:157] [basehttp:log_message] [INFO]- "POST /sys/api/auth/ HTTP/1.1" 200 65
[2020-09-07 11:32:55,242] [basehttp.py:157] [basehttp:log_message] [INFO]- "GET /sys/api/user/role/?username=wl&application=automation&type=menu HTTP/1.1" 200 5077
[2020-09-07 11:32:55,259] [basehttp.py:157] [basehttp:log_message] [INFO]- "GET /sys/api/user/role/?username=wl&application=automation&type=button HTTP/1.1" 200 2
[2020-09-07 11:32:56,726] [basehttp.py:157] [basehttp:log_message] [INFO]- "POST /sys/api/auth/ HTTP/1.1" 200 65
[2020-09-07 11:32:56,733] [basehttp.py:157] [basehttp:log_message] [INFO]- "POST /sys/api/auth/ HTTP/1.1" 200 65
[2020-09-07 11:33:27,396] [basehttp.py:157] [basehttp:log_message] [INFO]- "GET /sys/api/user/role/?username=wl&application=automation&type=menu HTTP/1.1" 200 5077
[2020-09-07 11:33:27,397] [basehttp.py:157] [basehttp:log_message] [INFO]- "POST /sys/api/auth/ HTTP/1.1" 200 65
[2020-09-07 11:33:27,399] [basehttp.py:157] [basehttp:log_message] [INFO]- "GET /sys/api/user/role/?username=wl&application=automation&type=button HTTP/1.1" 200 2
[2020-09-07 11:33:28,678] [basehttp.py:157] [basehttp:log_message] [INFO]- "POST /sys/api/auth/ HTTP/1.1" 200 65
[2020-09-07 11:33:28,684] [basehttp.py:157] [basehttp:log_message] [INFO]- "POST /sys/api/auth/ HTTP/1.1" 200 65
[2020-09-07 11:34:45,789] [basehttp.py:157] [basehttp:log_message] [INFO]- "POST /sys/api/auth/ HTTP/1.1" 200 65
[2020-09-07 11:34:45,825] [basehttp.py:157] [basehttp:log_message] [INFO]- "GET /sys/api/user/role/?username=wl&application=automation&type=menu HTTP/1.1" 200 5077
[2020-09-07 11:34:45,840] [basehttp.py:157] [basehttp:log_message] [INFO]- "GET /sys/api/user/role/?username=wl&application=automation&type=button HTTP/1.1" 200 2
[2020-09-07 11:34:47,339] [basehttp.py:157] [basehttp:log_message] [INFO]- "POST /sys/api/auth/ HTTP/1.1" 200 65
[2020-09-07 11:34:47,346] [basehttp.py:157] [basehttp:log_message] [INFO]- "POST /sys/api/auth/ HTTP/1.1" 200 65
[2020-09-07 11:35:34,577] [basehttp.py:157] [basehttp:log_message] [INFO]- "POST /sys/api/auth/ HTTP/1.1" 200 65
[2020-09-07 11:35:34,618] [basehttp.py:157] [basehttp:log_message] [INFO]- "GET /sys/api/user/role/?username=wl&application=automation&type=menu HTTP/1.1" 200 5077
[2020-09-07 11:35:34,619] [basehttp.py:157] [basehttp:log_message] [INFO]- "GET /sys/api/user/role/?username=wl&application=automation&type=button HTTP/1.1" 200 2
[2020-09-07 11:35:35,859] [basehttp.py:157] [basehttp:log_message] [INFO]- "POST /sys/api/auth/ HTTP/1.1" 200 65
[2020-09-07 11:35:35,866] [basehttp.py:157] [basehttp:log_message] [INFO]- "POST /sys/api/auth/ HTTP/1.1" 200 65
[2020-09-07 11:35:48,105] [basehttp.py:157] [basehttp:log_message] [INFO]- "POST /sys/api/auth/ HTTP/1.1" 200 65
[2020-09-07 11:35:48,140] [basehttp.py:157] [basehttp:log_message] [INFO]- "GET /sys/api/user/role/?username=wl&application=automation&type=menu HTTP/1.1" 200 5077
[2020-09-07 11:35:48,140] [basehttp.py:157] [basehttp:log_message] [INFO]- "GET /sys/api/user/role/?username=wl&application=automation&type=button HTTP/1.1" 200 2
[2020-09-07 11:35:50,128] [basehttp.py:157] [basehttp:log_message] [INFO]- "POST /sys/api/auth/ HTTP/1.1" 200 65
[2020-09-07 11:35:50,134] [basehttp.py:157] [basehttp:log_message] [INFO]- "POST /sys/api/auth/ HTTP/1.1" 200 65
[2020-09-07 11:36:21,486] [basehttp.py:157] [basehttp:log_message] [INFO]- "POST /sys/api/auth/ HTTP/1.1" 200 65
[2020-09-07 11:36:21,521] [basehttp.py:157] [basehttp:log_message] [INFO]- "GET /sys/api/user/role/?username=wl&application=automation&type=menu HTTP/1.1" 200 5077
[2020-09-07 11:36:21,538] [basehttp.py:157] [basehttp:log_message] [INFO]- "GET /sys/api/user/role/?username=wl&application=automation&type=button HTTP/1.1" 200 2
[2020-09-07 11:36:23,590] [basehttp.py:157] [basehttp:log_message] [INFO]- "POST /sys/api/auth/ HTTP/1.1" 200 65
[2020-09-07 11:36:23,599] [basehttp.py:157] [basehttp:log_message] [INFO]- "POST /sys/api/auth/ HTTP/1.1" 200 65
[2020-09-07 12:16:22,943] [basehttp.py:157] [basehttp:log_message] [INFO]- "POST /sys/api/auth/ HTTP/1.1" 200 65
[2020-09-07 12:16:22,968] [basehttp.py:157] [basehttp:log_message] [INFO]- "GET /sys/api/user/role/?username=wl&application=automation&type=menu HTTP/1.1" 200 5077
[2020-09-07 12:16:22,990] [basehttp.py:157] [basehttp:log_message] [INFO]- "GET /sys/api/user/role/?username=wl&application=automation&type=button HTTP/1.1" 200 2
[2020-09-07 12:16:24,813] [basehttp.py:157] [basehttp:log_message] [INFO]- "POST /sys/api/auth/ HTTP/1.1" 200 65
[2020-09-07 12:16:24,817] [basehttp.py:157] [basehttp:log_message] [INFO]- "POST /sys/api/auth/ HTTP/1.1" 200 65
[2020-09-07 12:18:13,743] [basehttp.py:157] [basehttp:log_message] [INFO]- "POST /sys/api/auth/ HTTP/1.1" 200 65
[2020-09-07 12:18:13,765] [basehttp.py:157] [basehttp:log_message] [INFO]- "GET /sys/api/user/role/?username=wl&application=automation&type=button HTTP/1.1" 200 2
[2020-09-07 12:18:13,780] [basehttp.py:157] [basehttp:log_message] [INFO]- "GET /sys/api/user/role/?username=wl&application=automation&type=menu HTTP/1.1" 200 5077
[2020-09-07 12:18:15,259] [basehttp.py:157] [basehttp:log_message] [INFO]- "POST /sys/api/auth/ HTTP/1.1" 200 65
[2020-09-07 12:18:15,270] [basehttp.py:157] [basehttp:log_message] [INFO]- "POST /sys/api/auth/ HTTP/1.1" 200 65
[2020-09-07 13:26:08,084] [basehttp.py:157] [basehttp:log_message] [INFO]- "POST /sys/api/auth/ HTTP/1.1" 200 65
[2020-09-07 13:26:08,146] [basehttp.py:157] [basehttp:log_message] [INFO]- "GET /sys/api/user/role/?username=wl&application=automation&type=button HTTP/1.1" 200 2
[2020-09-07 13:26:08,147] [basehttp.py:157] [basehttp:log_message] [INFO]- "GET /sys/api/user/role/?username=wl&application=automation&type=menu HTTP/1.1" 200 5077
[2020-09-07 13:26:09,366] [basehttp.py:157] [basehttp:log_message] [INFO]- "POST /sys/api/auth/ HTTP/1.1" 200 65
[2020-09-07 13:26:09,374] [basehttp.py:157] [basehttp:log_message] [INFO]- "POST /sys/api/auth/ HTTP/1.1" 200 65
[2020-09-07 13:54:06,564] [basehttp.py:157] [basehttp:log_message] [INFO]- "POST /sys/api/auth/ HTTP/1.1" 200 65
[2020-09-07 13:54:06,609] [basehttp.py:157] [basehttp:log_message] [INFO]- "GET /sys/api/user/role/?username=wl&application=automation&type=button HTTP/1.1" 200 2
[2020-09-07 13:54:06,610] [basehttp.py:157] [basehttp:log_message] [INFO]- "GET /sys/api/user/role/?username=wl&application=automation&type=menu HTTP/1.1" 200 5077
[2020-09-07 13:54:08,040] [basehttp.py:157] [basehttp:log_message] [INFO]- "POST /sys/api/auth/ HTTP/1.1" 200 65
[2020-09-07 13:54:08,046] [basehttp.py:157] [basehttp:log_message] [INFO]- "POST /sys/api/auth/ HTTP/1.1" 200 65
[2020-09-07 13:55:09,235] [basehttp.py:157] [basehttp:log_message] [INFO]- "POST /sys/api/auth/ HTTP/1.1" 200 65
[2020-09-07 13:55:09,236] [basehttp.py:157] [basehttp:log_message] [INFO]- "GET /sys/api/user/role/?username=wl&application=automation&type=button HTTP/1.1" 200 2
[2020-09-07 13:55:09,269] [basehttp.py:157] [basehttp:log_message] [INFO]- "GET /sys/api/user/role/?username=wl&application=automation&type=menu HTTP/1.1" 200 5077
[2020-09-07 13:55:10,411] [basehttp.py:157] [basehttp:log_message] [INFO]- "POST /sys/api/auth/ HTTP/1.1" 200 65
[2020-09-07 13:55:10,429] [basehttp.py:157] [basehttp:log_message] [INFO]- "POST /sys/api/auth/ HTTP/1.1" 200 65
[2020-09-07 13:57:08,995] [basehttp.py:157] [basehttp:log_message] [INFO]- "POST /sys/api/auth/ HTTP/1.1" 200 65
[2020-09-07 13:57:08,996] [basehttp.py:157] [basehttp:log_message] [INFO]- "GET /sys/api/user/role/?username=wl&application=automation&type=menu HTTP/1.1" 200 5077
[2020-09-07 13:57:09,008] [basehttp.py:157] [basehttp:log_message] [INFO]- "GET /sys/api/user/role/?username=wl&application=automation&type=button HTTP/1.1" 200 2
[2020-09-07 13:57:10,097] [basehttp.py:157] [basehttp:log_message] [INFO]- "POST /sys/api/auth/ HTTP/1.1" 200 65
[2020-09-07 13:57:10,099] [basehttp.py:157] [basehttp:log_message] [INFO]- "POST /sys/api/auth/ HTTP/1.1" 200 65
[2020-09-07 13:57:27,344] [basehttp.py:157] [basehttp:log_message] [INFO]- "POST /sys/api/auth/ HTTP/1.1" 200 65
[2020-09-07 13:57:27,408] [basehttp.py:157] [basehttp:log_message] [INFO]- "GET /sys/api/user/role/?username=wl&application=automation&type=button HTTP/1.1" 200 2
[2020-09-07 13:57:27,408] [basehttp.py:157] [basehttp:log_message] [INFO]- "GET /sys/api/user/role/?username=wl&application=automation&type=menu HTTP/1.1" 200 5077
[2020-09-07 13:57:30,171] [basehttp.py:157] [basehttp:log_message] [INFO]- "POST /sys/api/auth/ HTTP/1.1" 200 65
[2020-09-07 13:57:30,175] [basehttp.py:157] [basehttp:log_message] [INFO]- "POST /sys/api/auth/ HTTP/1.1" 200 65
[2020-09-07 13:57:46,867] [basehttp.py:157] [basehttp:log_message] [INFO]- "POST /sys/api/auth/ HTTP/1.1" 200 65
[2020-09-07 13:57:46,887] [basehttp.py:157] [basehttp:log_message] [INFO]- "GET /sys/api/user/role/?username=wl&application=automation&type=menu HTTP/1.1" 200 5077
[2020-09-07 13:57:46,888] [basehttp.py:157] [basehttp:log_message] [INFO]- "GET /sys/api/user/role/?username=wl&application=automation&type=button HTTP/1.1" 200 2
[2020-09-07 13:57:49,547] [basehttp.py:157] [basehttp:log_message] [INFO]- "POST /sys/api/auth/ HTTP/1.1" 200 65
[2020-09-07 13:57:49,575] [basehttp.py:157] [basehttp:log_message] [INFO]- "GET /sys/api/user/role/?username=wl&application=automation&type=menu HTTP/1.1" 200 5077
[2020-09-07 13:57:49,576] [basehttp.py:157] [basehttp:log_message] [INFO]- "GET /sys/api/user/role/?username=wl&application=automation&type=button HTTP/1.1" 200 2
[2020-09-07 13:57:51,949] [basehttp.py:157] [basehttp:log_message] [INFO]- "POST /sys/api/auth/ HTTP/1.1" 200 65
[2020-09-07 13:57:51,962] [basehttp.py:157] [basehttp:log_message] [INFO]- "GET /sys/api/user/role/?username=wl&application=automation&type=menu HTTP/1.1" 200 5077
[2020-09-07 13:57:51,963] [basehttp.py:157] [basehttp:log_message] [INFO]- "GET /sys/api/user/role/?username=wl&application=automation&type=button HTTP/1.1" 200 2
[2020-09-07 13:57:53,145] [basehttp.py:157] [basehttp:log_message] [INFO]- "POST /sys/api/auth/ HTTP/1.1" 200 65
[2020-09-07 13:57:53,148] [basehttp.py:157] [basehttp:log_message] [INFO]- "POST /sys/api/auth/ HTTP/1.1" 200 65
[2020-09-07 13:58:15,250] [basehttp.py:157] [basehttp:log_message] [INFO]- "POST /sys/api/auth/ HTTP/1.1" 200 65
[2020-09-07 13:58:15,290] [basehttp.py:157] [basehttp:log_message] [INFO]- "GET /sys/api/user/role/?username=wl&application=automation&type=button HTTP/1.1" 200 2
[2020-09-07 13:58:15,290] [basehttp.py:157] [basehttp:log_message] [INFO]- "GET /sys/api/user/role/?username=wl&application=automation&type=menu HTTP/1.1" 200 5077
[2020-09-07 13:58:18,251] [basehttp.py:157] [basehttp:log_message] [INFO]- "POST /sys/api/auth/ HTTP/1.1" 200 65
[2020-09-07 13:58:18,464] [basehttp.py:157] [basehttp:log_message] [INFO]- "GET /sys/api/user/role/?username=wl&application=automation&type=menu HTTP/1.1" 200 5077
[2020-09-07 13:58:18,639] [basehttp.py:157] [basehttp:log_message] [INFO]- "GET /sys/api/user/role/?username=wl&application=automation&type=button HTTP/1.1" 200 2
[2020-09-07 13:58:19,319] [basehttp.py:157] [basehttp:log_message] [INFO]- "POST /sys/api/auth/ HTTP/1.1" 200 65
[2020-09-07 13:58:19,400] [basehttp.py:157] [basehttp:log_message] [INFO]- "GET /sys/api/user/role/?username=wl&application=automation&type=button HTTP/1.1" 200 2
[2020-09-07 13:58:19,400] [basehttp.py:157] [basehttp:log_message] [INFO]- "GET /sys/api/user/role/?username=wl&application=automation&type=menu HTTP/1.1" 200 5077
[2020-09-07 13:58:20,556] [basehttp.py:157] [basehttp:log_message] [INFO]- "POST /sys/api/auth/ HTTP/1.1" 200 65
[2020-09-07 13:58:20,659] [basehttp.py:157] [basehttp:log_message] [INFO]- "GET /sys/api/user/role/?username=wl&application=automation&type=menu HTTP/1.1" 200 5077
[2020-09-07 13:58:20,660] [basehttp.py:157] [basehttp:log_message] [INFO]- "GET /sys/api/user/role/?username=wl&application=automation&type=button HTTP/1.1" 200 2
[2020-09-07 13:58:21,647] [basehttp.py:157] [basehttp:log_message] [INFO]- "POST /sys/api/auth/ HTTP/1.1" 200 65
[2020-09-07 13:58:21,656] [basehttp.py:157] [basehttp:log_message] [INFO]- "POST /sys/api/auth/ HTTP/1.1" 200 65
[2020-09-07 13:58:29,983] [basehttp.py:157] [basehttp:log_message] [INFO]- "POST /sys/api/auth/ HTTP/1.1" 200 65
[2020-09-07 13:58:29,983] [basehttp.py:157] [basehttp:log_message] [INFO]- "GET /sys/api/user/role/?username=wl&application=automation&type=button HTTP/1.1" 200 2
[2020-09-07 13:58:29,984] [basehttp.py:157] [basehttp:log_message] [INFO]- "GET /sys/api/user/role/?username=wl&application=automation&type=menu HTTP/1.1" 200 5077
[2020-09-07 13:58:31,384] [basehttp.py:157] [basehttp:log_message] [INFO]- "POST /sys/api/auth/ HTTP/1.1" 200 65
[2020-09-07 13:58:31,412] [basehttp.py:157] [basehttp:log_message] [INFO]- "GET /sys/api/user/role/?username=wl&application=automation&type=button HTTP/1.1" 200 2
[2020-09-07 13:58:31,414] [basehttp.py:157] [basehttp:log_message] [INFO]- "GET /sys/api/user/role/?username=wl&application=automation&type=menu HTTP/1.1" 200 5077
[2020-09-07 13:58:32,422] [basehttp.py:157] [basehttp:log_message] [INFO]- "POST /sys/api/auth/ HTTP/1.1" 200 65
[2020-09-07 13:58:32,480] [basehttp.py:157] [basehttp:log_message] [INFO]- "GET /sys/api/user/role/?username=wl&application=automation&type=button HTTP/1.1" 200 2
[2020-09-07 13:58:32,493] [basehttp.py:157] [basehttp:log_message] [INFO]- "GET /sys/api/user/role/?username=wl&application=automation&type=menu HTTP/1.1" 200 5077
[2020-09-07 13:58:33,343] [basehttp.py:157] [basehttp:log_message] [INFO]- "POST /sys/api/auth/ HTTP/1.1" 200 65
[2020-09-07 13:58:33,361] [basehttp.py:157] [basehttp:log_message] [INFO]- "GET /sys/api/user/role/?username=wl&application=automation&type=button HTTP/1.1" 200 2
[2020-09-07 13:58:33,363] [basehttp.py:157] [basehttp:log_message] [INFO]- "GET /sys/api/user/role/?username=wl&application=automation&type=menu HTTP/1.1" 200 5077
[2020-09-07 13:58:34,200] [basehttp.py:157] [basehttp:log_message] [INFO]- "POST /sys/api/auth/ HTTP/1.1" 200 65
[2020-09-07 13:58:34,258] [basehttp.py:157] [basehttp:log_message] [INFO]- "GET /sys/api/user/role/?username=wl&application=automation&type=menu HTTP/1.1" 200 5077
[2020-09-07 13:58:34,282] [basehttp.py:157] [basehttp:log_message] [INFO]- "GET /sys/api/user/role/?username=wl&application=automation&type=button HTTP/1.1" 200 2
[2020-09-07 13:58:35,144] [basehttp.py:157] [basehttp:log_message] [INFO]- "POST /sys/api/auth/ HTTP/1.1" 200 65
[2020-09-07 13:58:35,146] [basehttp.py:157] [basehttp:log_message] [INFO]- "POST /sys/api/auth/ HTTP/1.1" 200 65
[2020-09-07 14:12:44,039] [basehttp.py:157] [basehttp:log_message] [INFO]- "GET /sys/api/user/role/?username=wl&application=automation&type=menu HTTP/1.1" 200 5077
[2020-09-07 14:12:44,040] [basehttp.py:157] [basehttp:log_message] [INFO]- "POST /sys/api/auth/ HTTP/1.1" 200 65
[2020-09-07 14:12:44,060] [basehttp.py:157] [basehttp:log_message] [INFO]- "GET /sys/api/user/role/?username=wl&application=automation&type=button HTTP/1.1" 200 2
[2020-09-07 14:12:52,717] [basehttp.py:157] [basehttp:log_message] [INFO]- "POST /sys/api/auth/ HTTP/1.1" 200 65
[2020-09-07 14:12:52,738] [basehttp.py:157] [basehttp:log_message] [INFO]- "POST /sys/api/auth/ HTTP/1.1" 200 65
[2020-09-07 14:42:30,724] [basehttp.py:157] [basehttp:log_message] [INFO]- "POST /sys/api/auth/ HTTP/1.1" 200 65
[2020-09-07 14:42:30,724] [basehttp.py:157] [basehttp:log_message] [INFO]- "GET /sys/api/user/role/?username=wl&application=automation&type=menu HTTP/1.1" 200 5077
[2020-09-07 14:42:30,740] [basehttp.py:157] [basehttp:log_message] [INFO]- "GET /sys/api/user/role/?username=wl&application=automation&type=button HTTP/1.1" 200 2
[2020-09-07 14:42:32,559] [basehttp.py:157] [basehttp:log_message] [INFO]- "POST /sys/api/auth/ HTTP/1.1" 200 65
[2020-09-07 14:42:32,563] [basehttp.py:157] [basehttp:log_message] [INFO]- "POST /sys/api/auth/ HTTP/1.1" 200 65
[2020-09-07 14:44:24,530] [basehttp.py:157] [basehttp:log_message] [INFO]- "POST /sys/api/auth/ HTTP/1.1" 200 65
[2020-09-07 14:44:24,597] [basehttp.py:157] [basehttp:log_message] [INFO]- "GET /sys/api/user/role/?username=wl&application=automation&type=button HTTP/1.1" 200 2
[2020-09-07 14:44:24,598] [basehttp.py:157] [basehttp:log_message] [INFO]- "GET /sys/api/user/role/?username=wl&application=automation&type=menu HTTP/1.1" 200 5077
[2020-09-07 14:44:25,877] [basehttp.py:157] [basehttp:log_message] [INFO]- "POST /sys/api/auth/ HTTP/1.1" 200 65
[2020-09-07 14:44:25,884] [basehttp.py:157] [basehttp:log_message] [INFO]- "POST /sys/api/auth/ HTTP/1.1" 200 65
[2020-09-07 15:09:26,094] [basehttp.py:157] [basehttp:log_message] [INFO]- "POST /sys/api/auth/ HTTP/1.1" 200 65
[2020-09-07 15:09:26,138] [basehttp.py:157] [basehttp:log_message] [INFO]- "GET /sys/api/user/role/?username=wl&application=automation&type=menu HTTP/1.1" 200 5077
[2020-09-07 15:09:26,152] [basehttp.py:157] [basehttp:log_message] [INFO]- "GET /sys/api/user/role/?username=wl&application=automation&type=button HTTP/1.1" 200 2
[2020-09-07 15:09:27,389] [basehttp.py:157] [basehttp:log_message] [INFO]- "POST /sys/api/auth/ HTTP/1.1" 200 65
[2020-09-07 15:09:27,400] [basehttp.py:157] [basehttp:log_message] [INFO]- "POST /sys/api/auth/ HTTP/1.1" 200 65
[2020-09-07 15:15:06,560] [basehttp.py:157] [basehttp:log_message] [INFO]- "POST /sys/api/auth/ HTTP/1.1" 200 65
[2020-09-07 15:15:06,646] [basehttp.py:157] [basehttp:log_message] [INFO]- "GET /sys/api/user/role/?username=wl&application=automation&type=menu HTTP/1.1" 200 5077
[2020-09-07 15:15:06,678] [basehttp.py:157] [basehttp:log_message] [INFO]- "GET /sys/api/user/role/?username=wl&application=automation&type=button HTTP/1.1" 200 2
[2020-09-07 15:15:07,612] [basehttp.py:157] [basehttp:log_message] [INFO]- "POST /sys/api/auth/ HTTP/1.1" 200 65
[2020-09-07 15:15:07,721] [basehttp.py:157] [basehttp:log_message] [INFO]- "POST /sys/api/auth/ HTTP/1.1" 200 65
[2020-09-07 15:19:27,782] [basehttp.py:157] [basehttp:log_message] [INFO]- "POST /sys/api/auth/ HTTP/1.1" 200 65
[2020-09-07 15:19:27,847] [basehttp.py:157] [basehttp:log_message] [INFO]- "GET /sys/api/user/role/?username=wl&application=automation&type=menu HTTP/1.1" 200 5077
[2020-09-07 15:19:27,874] [basehttp.py:157] [basehttp:log_message] [INFO]- "GET /sys/api/user/role/?username=wl&application=automation&type=button HTTP/1.1" 200 2
[2020-09-07 15:19:29,021] [basehttp.py:157] [basehttp:log_message] [INFO]- "POST /sys/api/auth/ HTTP/1.1" 200 65
[2020-09-07 15:19:29,024] [basehttp.py:157] [basehttp:log_message] [INFO]- "POST /sys/api/auth/ HTTP/1.1" 200 65
[2020-09-07 15:20:32,522] [basehttp.py:157] [basehttp:log_message] [INFO]- "POST /sys/api/auth/ HTTP/1.1" 200 65
[2020-09-07 15:20:32,551] [basehttp.py:157] [basehttp:log_message] [INFO]- "GET /sys/api/user/role/?username=wl&application=automation&type=menu HTTP/1.1" 200 5077
[2020-09-07 15:20:32,602] [basehttp.py:157] [basehttp:log_message] [INFO]- "GET /sys/api/user/role/?username=wl&application=automation&type=button HTTP/1.1" 200 2
[2020-09-07 15:20:34,288] [basehttp.py:157] [basehttp:log_message] [INFO]- "POST /sys/api/auth/ HTTP/1.1" 200 65
[2020-09-07 15:20:34,312] [basehttp.py:157] [basehttp:log_message] [INFO]- "POST /sys/api/auth/ HTTP/1.1" 200 65
[2020-09-07 15:29:33,486] [basehttp.py:157] [basehttp:log_message] [INFO]- "POST /sys/api/auth/ HTTP/1.1" 200 65
[2020-09-07 15:29:33,536] [basehttp.py:157] [basehttp:log_message] [INFO]- "GET /sys/api/user/role/?username=wl&application=automation&type=menu HTTP/1.1" 200 5077
[2020-09-07 15:29:33,540] [basehttp.py:157] [basehttp:log_message] [INFO]- "GET /sys/api/user/role/?username=wl&application=automation&type=button HTTP/1.1" 200 2
[2020-09-07 15:29:35,805] [basehttp.py:157] [basehttp:log_message] [INFO]- "POST /sys/api/auth/ HTTP/1.1" 200 65
[2020-09-07 15:29:35,824] [basehttp.py:157] [basehttp:log_message] [INFO]- "POST /sys/api/auth/ HTTP/1.1" 200 65
[2020-09-07 15:30:30,235] [basehttp.py:157] [basehttp:log_message] [INFO]- "POST /sys/api/auth/ HTTP/1.1" 200 65
[2020-09-07 15:30:30,287] [basehttp.py:157] [basehttp:log_message] [INFO]- "GET /sys/api/user/role/?username=wl&application=automation&type=menu HTTP/1.1" 200 5077
[2020-09-07 15:30:30,288] [basehttp.py:157] [basehttp:log_message] [INFO]- "GET /sys/api/user/role/?username=wl&application=automation&type=button HTTP/1.1" 200 2
[2020-09-07 15:30:31,485] [basehttp.py:157] [basehttp:log_message] [INFO]- "POST /sys/api/auth/ HTTP/1.1" 200 65
[2020-09-07 15:30:31,491] [basehttp.py:157] [basehttp:log_message] [INFO]- "POST /sys/api/auth/ HTTP/1.1" 200 65
[2020-09-07 15:46:18,252] [basehttp.py:157] [basehttp:log_message] [INFO]- "POST /sys/api/auth/ HTTP/1.1" 200 65
[2020-09-07 15:46:18,463] [basehttp.py:157] [basehttp:log_message] [INFO]- "GET /sys/api/user/role/?username=wl&application=automation&type=button HTTP/1.1" 200 2
[2020-09-07 15:46:18,483] [basehttp.py:157] [basehttp:log_message] [INFO]- "GET /sys/api/user/role/?username=wl&application=automation&type=menu HTTP/1.1" 200 5077
[2020-09-07 15:46:19,088] [basehttp.py:157] [basehttp:log_message] [INFO]- "POST /sys/api/auth/ HTTP/1.1" 200 65
[2020-09-07 15:46:19,090] [basehttp.py:157] [basehttp:log_message] [INFO]- "POST /sys/api/auth/ HTTP/1.1" 200 65
[2020-09-07 15:48:35,496] [basehttp.py:157] [basehttp:log_message] [INFO]- "POST /sys/api/auth/ HTTP/1.1" 200 65
[2020-09-07 15:48:35,539] [basehttp.py:157] [basehttp:log_message] [INFO]- "GET /sys/api/user/role/?username=wl&application=automation&type=menu HTTP/1.1" 200 5077
[2020-09-07 15:48:35,539] [basehttp.py:157] [basehttp:log_message] [INFO]- "GET /sys/api/user/role/?username=wl&application=automation&type=button HTTP/1.1" 200 2
[2020-09-07 15:48:36,573] [basehttp.py:157] [basehttp:log_message] [INFO]- "POST /sys/api/auth/ HTTP/1.1" 200 65
[2020-09-07 15:48:36,579] [basehttp.py:157] [basehttp:log_message] [INFO]- "POST /sys/api/auth/ HTTP/1.1" 200 65
[2020-09-07 15:48:39,767] [basehttp.py:157] [basehttp:log_message] [INFO]- "POST /sys/api/auth/ HTTP/1.1" 200 65
[2020-09-07 15:48:39,826] [basehttp.py:157] [basehttp:log_message] [INFO]- "GET /sys/api/user/role/?username=wl&application=automation&type=menu HTTP/1.1" 200 5077
[2020-09-07 15:48:39,826] [basehttp.py:157] [basehttp:log_message] [INFO]- "GET /sys/api/user/role/?username=wl&application=automation&type=button HTTP/1.1" 200 2
[2020-09-07 15:48:41,192] [basehttp.py:157] [basehttp:log_message] [INFO]- "POST /sys/api/auth/ HTTP/1.1" 200 65
[2020-09-07 15:48:41,197] [basehttp.py:157] [basehttp:log_message] [INFO]- "POST /sys/api/auth/ HTTP/1.1" 200 65
[2020-09-07 15:49:33,180] [basehttp.py:157] [basehttp:log_message] [INFO]- "POST /sys/api/auth/ HTTP/1.1" 200 65
[2020-09-07 15:49:33,203] [basehttp.py:157] [basehttp:log_message] [INFO]- "GET /sys/api/user/role/?username=wl&application=automation&type=menu HTTP/1.1" 200 5077
[2020-09-07 15:49:33,229] [basehttp.py:157] [basehttp:log_message] [INFO]- "GET /sys/api/user/role/?username=wl&application=automation&type=button HTTP/1.1" 200 2
[2020-09-07 15:49:34,137] [basehttp.py:157] [basehttp:log_message] [INFO]- "POST /sys/api/auth/ HTTP/1.1" 200 65
[2020-09-07 15:49:34,137] [basehttp.py:157] [basehttp:log_message] [INFO]- "POST /sys/api/auth/ HTTP/1.1" 200 65
[2020-09-07 15:52:33,779] [basehttp.py:157] [basehttp:log_message] [INFO]- "POST /sys/api/auth/ HTTP/1.1" 200 65
[2020-09-07 15:52:33,813] [basehttp.py:157] [basehttp:log_message] [INFO]- "GET /sys/api/user/role/?username=wl&application=automation&type=button HTTP/1.1" 200 2
[2020-09-07 15:52:33,814] [basehttp.py:157] [basehttp:log_message] [INFO]- "GET /sys/api/user/role/?username=wl&application=automation&type=menu HTTP/1.1" 200 5077
[2020-09-07 15:52:37,236] [basehttp.py:157] [basehttp:log_message] [INFO]- "POST /sys/api/auth/ HTTP/1.1" 200 65
[2020-09-07 15:52:37,242] [basehttp.py:157] [basehttp:log_message] [INFO]- "GET /sys/api/user/role/?username=wl&application=automation&type=menu HTTP/1.1" 200 5077
[2020-09-07 15:52:37,246] [basehttp.py:157] [basehttp:log_message] [INFO]- "GET /sys/api/user/role/?username=wl&application=automation&type=button HTTP/1.1" 200 2
[2020-09-07 15:52:38,295] [basehttp.py:157] [basehttp:log_message] [INFO]- "POST /sys/api/auth/ HTTP/1.1" 200 65
[2020-09-07 15:52:38,298] [basehttp.py:157] [basehttp:log_message] [INFO]- "POST /sys/api/auth/ HTTP/1.1" 200 65
[2020-09-07 16:04:08,095] [basehttp.py:157] [basehttp:log_message] [INFO]- "POST /sys/api/auth/ HTTP/1.1" 200 65
[2020-09-07 16:04:08,126] [basehttp.py:157] [basehttp:log_message] [INFO]- "GET /sys/api/user/role/?username=wl&application=automation&type=menu HTTP/1.1" 200 5077
[2020-09-07 16:04:08,127] [basehttp.py:157] [basehttp:log_message] [INFO]- "GET /sys/api/user/role/?username=wl&application=automation&type=button HTTP/1.1" 200 2
[2020-09-07 16:04:09,399] [basehttp.py:157] [basehttp:log_message] [INFO]- "POST /sys/api/auth/ HTTP/1.1" 200 65
[2020-09-07 16:04:09,399] [basehttp.py:157] [basehttp:log_message] [INFO]- "POST /sys/api/auth/ HTTP/1.1" 200 65
[2020-09-07 16:07:08,477] [basehttp.py:157] [basehttp:log_message] [INFO]- "POST /sys/api/auth/ HTTP/1.1" 200 65
[2020-09-07 16:07:08,508] [basehttp.py:157] [basehttp:log_message] [INFO]- "GET /sys/api/user/role/?username=wl&application=automation&type=menu HTTP/1.1" 200 5077
[2020-09-07 16:07:08,529] [basehttp.py:157] [basehttp:log_message] [INFO]- "GET /sys/api/user/role/?username=wl&application=automation&type=button HTTP/1.1" 200 2
[2020-09-07 16:07:09,878] [basehttp.py:157] [basehttp:log_message] [INFO]- "POST /sys/api/auth/ HTTP/1.1" 200 65
[2020-09-07 16:07:09,878] [basehttp.py:157] [basehttp:log_message] [INFO]- "POST /sys/api/auth/ HTTP/1.1" 200 65
[2020-09-07 16:21:17,277] [basehttp.py:157] [basehttp:log_message] [INFO]- "POST /sys/api/auth/ HTTP/1.1" 200 65
[2020-09-07 16:21:17,351] [basehttp.py:157] [basehttp:log_message] [INFO]- "GET /sys/api/user/role/?username=wl&application=automation&type=menu HTTP/1.1" 200 5077
[2020-09-07 16:21:17,352] [basehttp.py:157] [basehttp:log_message] [INFO]- "GET /sys/api/user/role/?username=wl&application=automation&type=button HTTP/1.1" 200 2
[2020-09-07 16:21:18,576] [basehttp.py:157] [basehttp:log_message] [INFO]- "POST /sys/api/auth/ HTTP/1.1" 200 65
[2020-09-07 16:21:18,579] [basehttp.py:157] [basehttp:log_message] [INFO]- "POST /sys/api/auth/ HTTP/1.1" 200 65
[2020-09-07 16:34:41,523] [basehttp.py:157] [basehttp:log_message] [INFO]- "POST /sys/api/auth/ HTTP/1.1" 200 65
[2020-09-07 16:34:41,532] [basehttp.py:157] [basehttp:log_message] [INFO]- "GET /sys/api/user/role/?username=wl&application=automation&type=menu HTTP/1.1" 200 5077
[2020-09-07 16:34:41,533] [basehttp.py:157] [basehttp:log_message] [INFO]- "GET /sys/api/user/role/?username=wl&application=automation&type=button HTTP/1.1" 200 2
[2020-09-07 16:34:42,639] [basehttp.py:157] [basehttp:log_message] [INFO]- "POST /sys/api/auth/ HTTP/1.1" 200 65
[2020-09-07 16:34:42,654] [basehttp.py:157] [basehttp:log_message] [INFO]- "POST /sys/api/auth/ HTTP/1.1" 200 65
[2020-09-07 16:35:34,775] [basehttp.py:157] [basehttp:log_message] [INFO]- "POST /sys/api/auth/ HTTP/1.1" 200 65
[2020-09-07 16:35:34,784] [basehttp.py:157] [basehttp:log_message] [INFO]- "GET /sys/api/user/role/?username=wl&application=automation&type=menu HTTP/1.1" 200 5077
[2020-09-07 16:35:34,798] [basehttp.py:157] [basehttp:log_message] [INFO]- "GET /sys/api/user/role/?username=wl&application=automation&type=button HTTP/1.1" 200 2
[2020-09-07 16:35:44,975] [basehttp.py:157] [basehttp:log_message] [INFO]- "POST /sys/api/auth/ HTTP/1.1" 200 65
[2020-09-07 16:35:44,976] [basehttp.py:157] [basehttp:log_message] [INFO]- "POST /sys/api/auth/ HTTP/1.1" 200 65
[2020-09-07 16:37:21,156] [basehttp.py:157] [basehttp:log_message] [INFO]- "POST /sys/api/auth/ HTTP/1.1" 200 65
[2020-09-07 16:37:21,196] [basehttp.py:157] [basehttp:log_message] [INFO]- "GET /sys/api/user/role/?username=wl&application=automation&type=menu HTTP/1.1" 200 5077
[2020-09-07 16:37:21,210] [basehttp.py:157] [basehttp:log_message] [INFO]- "GET /sys/api/user/role/?username=wl&application=automation&type=button HTTP/1.1" 200 2
[2020-09-07 16:37:23,367] [basehttp.py:157] [basehttp:log_message] [INFO]- "POST /sys/api/auth/ HTTP/1.1" 200 65
[2020-09-07 16:37:23,369] [basehttp.py:157] [basehttp:log_message] [INFO]- "POST /sys/api/auth/ HTTP/1.1" 200 65
[2020-09-07 16:37:27,257] [basehttp.py:157] [basehttp:log_message] [INFO]- "POST /sys/api/auth/ HTTP/1.1" 200 65
[2020-09-07 16:37:27,285] [basehttp.py:157] [basehttp:log_message] [INFO]- "GET /sys/api/user/role/?username=wl&application=automation&type=menu HTTP/1.1" 200 5077
[2020-09-07 16:37:27,302] [basehttp.py:157] [basehttp:log_message] [INFO]- "GET /sys/api/user/role/?username=wl&application=automation&type=button HTTP/1.1" 200 2
[2020-09-07 16:37:28,363] [basehttp.py:157] [basehttp:log_message] [INFO]- "POST /sys/api/auth/ HTTP/1.1" 200 65
[2020-09-07 16:37:28,365] [basehttp.py:157] [basehttp:log_message] [INFO]- "POST /sys/api/auth/ HTTP/1.1" 200 65
[2020-09-07 16:41:23,202] [basehttp.py:157] [basehttp:log_message] [INFO]- "POST /sys/api/auth/ HTTP/1.1" 200 65
[2020-09-07 16:41:23,222] [basehttp.py:157] [basehttp:log_message] [INFO]- "GET /sys/api/user/role/?username=wl&application=automation&type=menu HTTP/1.1" 200 5077
[2020-09-07 16:41:23,244] [basehttp.py:157] [basehttp:log_message] [INFO]- "GET /sys/api/user/role/?username=wl&application=automation&type=button HTTP/1.1" 200 2
[2020-09-07 16:41:31,522] [basehttp.py:157] [basehttp:log_message] [INFO]- "POST /sys/api/auth/ HTTP/1.1" 200 65
[2020-09-07 16:41:31,569] [basehttp.py:157] [basehttp:log_message] [INFO]- "GET /sys/api/user/role/?username=wl&application=automation&type=menu HTTP/1.1" 200 5077
[2020-09-07 16:41:31,570] [basehttp.py:157] [basehttp:log_message] [INFO]- "GET /sys/api/user/role/?username=wl&application=automation&type=button HTTP/1.1" 200 2
[2020-09-07 16:41:32,466] [basehttp.py:157] [basehttp:log_message] [INFO]- "POST /sys/api/auth/ HTTP/1.1" 200 65
[2020-09-07 16:41:32,477] [basehttp.py:157] [basehttp:log_message] [INFO]- "POST /sys/api/auth/ HTTP/1.1" 200 65
[2020-09-07 16:42:37,802] [basehttp.py:157] [basehttp:log_message] [INFO]- "POST /sys/api/auth/ HTTP/1.1" 200 65
[2020-09-07 16:42:37,863] [basehttp.py:157] [basehttp:log_message] [INFO]- "GET /sys/api/user/role/?username=wl&application=automation&type=button HTTP/1.1" 200 2
[2020-09-07 16:42:37,863] [basehttp.py:157] [basehttp:log_message] [INFO]- "GET /sys/api/user/role/?username=wl&application=automation&type=menu HTTP/1.1" 200 5077
[2020-09-07 16:42:40,659] [basehttp.py:157] [basehttp:log_message] [INFO]- "POST /sys/api/auth/ HTTP/1.1" 200 65
[2020-09-07 16:42:40,672] [basehttp.py:157] [basehttp:log_message] [INFO]- "POST /sys/api/auth/ HTTP/1.1" 200 65
[2020-09-07 16:43:56,485] [basehttp.py:157] [basehttp:log_message] [INFO]- "POST /sys/api/auth/ HTTP/1.1" 200 65
[2020-09-07 16:43:56,519] [basehttp.py:157] [basehttp:log_message] [INFO]- "GET /sys/api/user/role/?username=wl&application=automation&type=menu HTTP/1.1" 200 5077
[2020-09-07 16:43:56,542] [basehttp.py:157] [basehttp:log_message] [INFO]- "GET /sys/api/user/role/?username=wl&application=automation&type=button HTTP/1.1" 200 2
[2020-09-07 16:43:57,202] [basehttp.py:157] [basehttp:log_message] [INFO]- "POST /sys/api/auth/ HTTP/1.1" 200 65
[2020-09-07 16:43:57,223] [basehttp.py:157] [basehttp:log_message] [INFO]- "POST /sys/api/auth/ HTTP/1.1" 200 65
[2020-09-07 17:14:19,703] [basehttp.py:157] [basehttp:log_message] [INFO]- "POST /sys/api/auth/ HTTP/1.1" 200 65
[2020-09-07 17:14:19,758] [basehttp.py:157] [basehttp:log_message] [INFO]- "GET /sys/api/user/role/?username=wl&application=automation&type=menu HTTP/1.1" 200 5077
[2020-09-07 17:14:19,758] [basehttp.py:157] [basehttp:log_message] [INFO]- "GET /sys/api/user/role/?username=wl&application=automation&type=button HTTP/1.1" 200 2
[2020-09-07 17:14:21,273] [basehttp.py:157] [basehttp:log_message] [INFO]- "POST /sys/api/auth/ HTTP/1.1" 200 65
[2020-09-07 17:14:21,281] [basehttp.py:157] [basehttp:log_message] [INFO]- "POST /sys/api/auth/ HTTP/1.1" 200 65
[2020-09-07 17:14:45,861] [basehttp.py:157] [basehttp:log_message] [INFO]- "POST /sys/api/auth/ HTTP/1.1" 200 65
[2020-09-07 17:14:45,891] [basehttp.py:157] [basehttp:log_message] [INFO]- "GET /sys/api/user/role/?username=wl&application=automation&type=button HTTP/1.1" 200 2
[2020-09-07 17:14:45,891] [basehttp.py:157] [basehttp:log_message] [INFO]- "GET /sys/api/user/role/?username=wl&application=automation&type=menu HTTP/1.1" 200 5077
[2020-09-07 17:14:46,770] [basehttp.py:157] [basehttp:log_message] [INFO]- "POST /sys/api/auth/ HTTP/1.1" 200 65
[2020-09-07 17:14:46,785] [basehttp.py:157] [basehttp:log_message] [INFO]- "POST /sys/api/auth/ HTTP/1.1" 200 65
[2020-09-07 17:21:51,083] [basehttp.py:157] [basehttp:log_message] [INFO]- "POST /sys/api/auth/ HTTP/1.1" 200 65
[2020-09-07 17:21:51,140] [basehttp.py:157] [basehttp:log_message] [INFO]- "GET /sys/api/user/role/?username=wl&application=automation&type=button HTTP/1.1" 200 2
[2020-09-07 17:21:51,140] [basehttp.py:157] [basehttp:log_message] [INFO]- "GET /sys/api/user/role/?username=wl&application=automation&type=menu HTTP/1.1" 200 5077
[2020-09-07 17:21:52,662] [basehttp.py:157] [basehttp:log_message] [INFO]- "POST /sys/api/auth/ HTTP/1.1" 200 65
[2020-09-07 17:21:52,669] [basehttp.py:157] [basehttp:log_message] [INFO]- "POST /sys/api/auth/ HTTP/1.1" 200 65
[2020-09-07 17:22:19,879] [basehttp.py:157] [basehttp:log_message] [INFO]- "POST /sys/api/auth/ HTTP/1.1" 200 65
[2020-09-07 17:22:19,928] [basehttp.py:157] [basehttp:log_message] [INFO]- "GET /sys/api/user/role/?username=wl&application=automation&type=menu HTTP/1.1" 200 5077
[2020-09-07 17:22:19,938] [basehttp.py:157] [basehttp:log_message] [INFO]- "GET /sys/api/user/role/?username=wl&application=automation&type=button HTTP/1.1" 200 2
[2020-09-07 17:22:23,257] [basehttp.py:157] [basehttp:log_message] [INFO]- "POST /sys/api/auth/ HTTP/1.1" 200 65
[2020-09-07 17:22:23,260] [basehttp.py:157] [basehttp:log_message] [INFO]- "POST /sys/api/auth/ HTTP/1.1" 200 65
[2020-09-07 17:22:30,144] [basehttp.py:157] [basehttp:log_message] [INFO]- "POST /sys/api/auth/ HTTP/1.1" 200 65
[2020-09-07 17:22:30,369] [basehttp.py:157] [basehttp:log_message] [INFO]- "POST /sys/api/auth/ HTTP/1.1" 200 65
[2020-09-07 17:22:30,611] [basehttp.py:157] [basehttp:log_message] [INFO]- "POST /sys/api/auth/ HTTP/1.1" 200 65
[2020-09-07 17:22:30,626] [basehttp.py:157] [basehttp:log_message] [INFO]- "POST /sys/api/auth/ HTTP/1.1" 200 65
[2020-09-07 17:36:23,814] [basehttp.py:157] [basehttp:log_message] [INFO]- "POST /sys/api/auth/ HTTP/1.1" 200 65
