[2020-06-15 13:11:44,755] [autoreload.py:598] [autoreload:run_with_reloader] [INFO]- Watching for file changes with StatReloader
[2020-06-15 13:11:54,712] [basehttp.py:157] [basehttp:log_message] [INFO]- "OPTIONS /user/role?username=admin&application=sys HTTP/1.1" 200 0
[2020-06-15 13:11:54,724] [basehttp.py:157] [basehttp:log_message] [INFO]- "OPTIONS /user/role/?username=admin&application=sys HTTP/1.1" 200 0
[2020-06-15 13:11:54,798] [basehttp.py:157] [basehttp:log_message] [INFO]- "GET /user/role/?username=admin&application=sys HTTP/1.1" 200 997
[2020-06-15 13:12:24,687] [basehttp.py:157] [basehttp:log_message] [INFO]- "GET /role/?current_page=1&pre_page=10 HTTP/1.1" 200 3379
[2020-06-15 13:13:18,461] [autoreload.py:598] [autoreload:run_with_reloader] [INFO]- Watching for file changes with StatReloader
[2020-06-15 13:13:25,917] [basehttp.py:157] [basehttp:log_message] [INFO]- "GET /role/?current_page=1&pre_page=10 HTTP/1.1" 200 3379
[2020-06-15 13:13:28,748] [basehttp.py:157] [basehttp:log_message] [INFO]- "GET /role/?current_page=1&pre_page=10 HTTP/1.1" 200 3379
[2020-06-15 13:13:28,765] [basehttp.py:157] [basehttp:log_message] [INFO]- "GET /user/role/?username=admin&application=sys HTTP/1.1" 200 997
[2020-06-15 13:13:30,781] [basehttp.py:157] [basehttp:log_message] [INFO]- "OPTIONS /role?%E8%B6%85%E7%BA%A7%E7%AE%A1%E7%90%86%E5%91%98 HTTP/1.1" 200 0
[2020-06-15 13:13:30,800] [basehttp.py:157] [basehttp:log_message] [INFO]- "GET /menu/ HTTP/1.1" 200 1763
[2020-06-15 13:13:30,801] [basehttp.py:157] [basehttp:log_message] [INFO]- "GET /role?%E8%B6%85%E7%BA%A7%E7%AE%A1%E7%90%86%E5%91%98 HTTP/1.1" 301 0
[2020-06-15 13:13:30,904] [basehttp.py:157] [basehttp:log_message] [INFO]- "GET /role/?%E8%B6%85%E7%BA%A7%E7%AE%A1%E7%90%86%E5%91%98 HTTP/1.1" 200 3308
[2020-06-15 13:14:18,625] [autoreload.py:598] [autoreload:run_with_reloader] [INFO]- Watching for file changes with StatReloader
[2020-06-15 13:14:25,146] [basehttp.py:157] [basehttp:log_message] [INFO]- "GET /role/?current_page=1&pre_page=10 HTTP/1.1" 200 3379
[2020-06-15 13:14:25,164] [basehttp.py:157] [basehttp:log_message] [INFO]- "GET /user/role/?username=admin&application=sys HTTP/1.1" 200 997
[2020-06-15 13:14:27,680] [basehttp.py:157] [basehttp:log_message] [INFO]- "GET /role/?current_page=1&pre_page=10 HTTP/1.1" 200 3379
[2020-06-15 13:14:27,688] [basehttp.py:157] [basehttp:log_message] [INFO]- "GET /user/role/?username=admin&application=sys HTTP/1.1" 200 997
[2020-06-15 13:14:29,200] [basehttp.py:157] [basehttp:log_message] [INFO]- "OPTIONS /role/?name=%E8%B6%85%E7%BA%A7%E7%AE%A1%E7%90%86%E5%91%98 HTTP/1.1" 200 0
[2020-06-15 13:14:29,233] [basehttp.py:157] [basehttp:log_message] [INFO]- "GET /menu/ HTTP/1.1" 200 1763
[2020-06-15 13:14:29,259] [basehttp.py:157] [basehttp:log_message] [INFO]- "GET /role/?name=%E8%B6%85%E7%BA%A7%E7%AE%A1%E7%90%86%E5%91%98 HTTP/1.1" 200 1901
[2020-06-15 13:15:15,668] [basehttp.py:157] [basehttp:log_message] [INFO]- "OPTIONS /role/?current_page=1&pre_page=10 HTTP/1.1" 200 0
[2020-06-15 13:15:15,725] [basehttp.py:157] [basehttp:log_message] [INFO]- "GET /role/?current_page=1&pre_page=10 HTTP/1.1" 200 3379
[2020-06-15 13:15:21,359] [basehttp.py:157] [basehttp:log_message] [INFO]- "GET /role/?current_page=1&pre_page=10 HTTP/1.1" 200 3379
[2020-06-15 13:15:21,382] [basehttp.py:157] [basehttp:log_message] [INFO]- "GET /user/role/?username=admin&application=sys HTTP/1.1" 200 997
[2020-06-15 13:15:22,900] [basehttp.py:157] [basehttp:log_message] [INFO]- "GET /menu/ HTTP/1.1" 200 1763
[2020-06-15 13:15:22,908] [basehttp.py:157] [basehttp:log_message] [INFO]- "GET /role/?name=%E8%B6%85%E7%BA%A7%E7%AE%A1%E7%90%86%E5%91%98 HTTP/1.1" 200 1901
[2020-06-15 13:15:56,453] [basehttp.py:157] [basehttp:log_message] [INFO]- "GET /role/?current_page=1&pre_page=10 HTTP/1.1" 200 3379
[2020-06-15 13:15:59,102] [basehttp.py:157] [basehttp:log_message] [INFO]- "GET /role/?current_page=1&pre_page=10 HTTP/1.1" 200 3379
[2020-06-15 13:15:59,133] [basehttp.py:157] [basehttp:log_message] [INFO]- "GET /user/role/?username=admin&application=sys HTTP/1.1" 200 997
[2020-06-15 13:16:00,829] [basehttp.py:157] [basehttp:log_message] [INFO]- "GET /role/?name=%E8%B6%85%E7%BA%A7%E7%AE%A1%E7%90%86%E5%91%98 HTTP/1.1" 200 1901
[2020-06-15 13:16:00,831] [basehttp.py:157] [basehttp:log_message] [INFO]- "GET /menu/ HTTP/1.1" 200 1763
[2020-06-15 13:16:56,844] [basehttp.py:157] [basehttp:log_message] [INFO]- "GET /role/?current_page=1&pre_page=10 HTTP/1.1" 200 3379
[2020-06-15 13:16:56,868] [basehttp.py:157] [basehttp:log_message] [INFO]- "GET /user/role/?username=admin&application=sys HTTP/1.1" 200 997
[2020-06-15 13:16:58,432] [basehttp.py:157] [basehttp:log_message] [INFO]- "OPTIONS /role/?name=%E7%AE%A1%E7%90%86%E5%91%98 HTTP/1.1" 200 0
[2020-06-15 13:16:58,456] [basehttp.py:157] [basehttp:log_message] [INFO]- "GET /menu/ HTTP/1.1" 200 1763
[2020-06-15 13:16:58,480] [basehttp.py:157] [basehttp:log_message] [INFO]- "GET /role/?name=%E7%AE%A1%E7%90%86%E5%91%98 HTTP/1.1" 200 879
[2020-06-15 13:17:03,285] [basehttp.py:157] [basehttp:log_message] [INFO]- "OPTIONS /role/?name=%E5%BC%80%E5%8F%91%E4%BA%BA%E5%91%98 HTTP/1.1" 200 0
[2020-06-15 13:17:03,310] [basehttp.py:157] [basehttp:log_message] [INFO]- "GET /menu/ HTTP/1.1" 200 1763
[2020-06-15 13:17:03,335] [basehttp.py:157] [basehttp:log_message] [INFO]- "GET /role/?name=%E5%BC%80%E5%8F%91%E4%BA%BA%E5%91%98 HTTP/1.1" 200 395
[2020-06-15 13:17:06,852] [basehttp.py:157] [basehttp:log_message] [INFO]- "OPTIONS /role/?name=%E6%99%AE%E9%80%9A%E7%94%A8%E6%88%B7 HTTP/1.1" 200 0
[2020-06-15 13:17:06,873] [basehttp.py:157] [basehttp:log_message] [INFO]- "GET /menu/ HTTP/1.1" 200 1763
[2020-06-15 13:17:06,898] [basehttp.py:157] [basehttp:log_message] [INFO]- "GET /role/?name=%E6%99%AE%E9%80%9A%E7%94%A8%E6%88%B7 HTTP/1.1" 200 136
[2020-06-15 13:18:35,008] [autoreload.py:598] [autoreload:run_with_reloader] [INFO]- Watching for file changes with StatReloader
[2020-06-15 13:19:18,411] [basehttp.py:157] [basehttp:log_message] [INFO]- "GET /role/?current_page=1&pre_page=10 HTTP/1.1" 200 3379
[2020-06-15 13:19:20,871] [basehttp.py:157] [basehttp:log_message] [INFO]- "GET /menu/ HTTP/1.1" 200 1763
[2020-06-15 13:19:20,893] [basehttp.py:157] [basehttp:log_message] [INFO]- "GET /role/?name=%E5%BC%80%E5%8F%91%E4%BA%BA%E5%91%98 HTTP/1.1" 200 395
[2020-06-15 13:20:34,283] [basehttp.py:157] [basehttp:log_message] [INFO]- "GET /role/?current_page=1&pre_page=10 HTTP/1.1" 200 3379
[2020-06-15 13:20:35,471] [basehttp.py:157] [basehttp:log_message] [INFO]- "OPTIONS /menu/ HTTP/1.1" 200 0
[2020-06-15 13:20:35,491] [basehttp.py:157] [basehttp:log_message] [INFO]- "GET /role/?name=%E8%B6%85%E7%BA%A7%E7%AE%A1%E7%90%86%E5%91%98 HTTP/1.1" 200 1901
[2020-06-15 13:20:35,500] [basehttp.py:157] [basehttp:log_message] [INFO]- "GET /menu/ HTTP/1.1" 200 1763
[2020-06-15 13:20:39,059] [basehttp.py:157] [basehttp:log_message] [INFO]- "GET /menu/ HTTP/1.1" 200 1763
[2020-06-15 13:20:39,066] [basehttp.py:157] [basehttp:log_message] [INFO]- "GET /role/?name=%E5%BC%80%E5%8F%91%E4%BA%BA%E5%91%98 HTTP/1.1" 200 395
[2020-06-15 13:20:55,961] [basehttp.py:157] [basehttp:log_message] [INFO]- "OPTIONS /user/?current_page=1&pre_page=10 HTTP/1.1" 200 0
[2020-06-15 13:20:56,094] [basehttp.py:157] [basehttp:log_message] [INFO]- "GET /user/?current_page=1&pre_page=10 HTTP/1.1" 200 16888
[2020-06-15 13:20:57,533] [basehttp.py:157] [basehttp:log_message] [INFO]- "OPTIONS /role/ HTTP/1.1" 200 0
[2020-06-15 13:20:57,586] [basehttp.py:157] [basehttp:log_message] [INFO]- "GET /role/ HTTP/1.1" 200 3308
[2020-06-15 13:21:00,362] [basehttp.py:157] [basehttp:log_message] [INFO]- "GET /role/?current_page=1&pre_page=10 HTTP/1.1" 200 3379
[2020-06-15 13:21:01,893] [basehttp.py:157] [basehttp:log_message] [INFO]- "GET /menu/ HTTP/1.1" 200 1763
[2020-06-15 13:21:01,894] [basehttp.py:157] [basehttp:log_message] [INFO]- "GET /role/?name=%E7%AE%A1%E7%90%86%E5%91%98 HTTP/1.1" 200 879
[2020-06-15 13:22:00,396] [basehttp.py:157] [basehttp:log_message] [INFO]- "OPTIONS /user/role?username=admin&application=sys HTTP/1.1" 200 0
[2020-06-15 13:22:00,439] [basehttp.py:157] [basehttp:log_message] [INFO]- "OPTIONS /user/role/?username=admin&application=sys HTTP/1.1" 200 0
[2020-06-15 13:22:00,442] [basehttp.py:157] [basehttp:log_message] [INFO]- "GET /role/?current_page=1&pre_page=10 HTTP/1.1" 200 3379
[2020-06-15 13:22:00,561] [basehttp.py:157] [basehttp:log_message] [INFO]- "GET /user/role/?username=admin&application=sys HTTP/1.1" 200 997
[2020-06-15 13:22:26,755] [basehttp.py:157] [basehttp:log_message] [INFO]- "GET /role/?current_page=1&pre_page=10 HTTP/1.1" 200 3379
[2020-06-15 13:22:26,792] [basehttp.py:157] [basehttp:log_message] [INFO]- "GET /user/role/?username=admin&application=sys HTTP/1.1" 200 997
[2020-06-15 13:22:42,466] [basehttp.py:157] [basehttp:log_message] [INFO]- "GET /role/?current_page=1&pre_page=10 HTTP/1.1" 200 3379
[2020-06-15 13:22:42,484] [basehttp.py:157] [basehttp:log_message] [INFO]- "GET /user/role/?username=admin&application=sys HTTP/1.1" 200 997
[2020-06-15 13:23:06,941] [autoreload.py:598] [autoreload:run_with_reloader] [INFO]- Watching for file changes with StatReloader
[2020-06-15 13:24:20,817] [basehttp.py:157] [basehttp:log_message] [INFO]- "GET /role/?current_page=1&pre_page=10 HTTP/1.1" 200 3379
[2020-06-15 13:24:20,851] [basehttp.py:157] [basehttp:log_message] [INFO]- "GET /user/role/?username=admin&application=sys HTTP/1.1" 200 997
[2020-06-15 13:24:24,861] [basehttp.py:157] [basehttp:log_message] [INFO]- "GET /user/?current_page=1&pre_page=10 HTTP/1.1" 200 16888
[2020-06-15 13:24:25,945] [basehttp.py:157] [basehttp:log_message] [INFO]- "GET /role/?current_page=1&pre_page=10 HTTP/1.1" 200 3379
[2020-06-15 13:24:51,690] [basehttp.py:157] [basehttp:log_message] [INFO]- "GET /role/?current_page=1&pre_page=10 HTTP/1.1" 200 3379
[2020-06-15 13:24:51,731] [basehttp.py:157] [basehttp:log_message] [INFO]- "GET /user/role/?username=admin&application=sys HTTP/1.1" 200 997
[2020-06-15 13:25:15,007] [basehttp.py:157] [basehttp:log_message] [INFO]- "GET /role/?current_page=1&pre_page=10 HTTP/1.1" 200 3379
[2020-06-15 13:25:15,015] [basehttp.py:157] [basehttp:log_message] [INFO]- "GET /user/role/?username=admin&application=sys HTTP/1.1" 200 997
[2020-06-15 13:25:19,065] [basehttp.py:157] [basehttp:log_message] [INFO]- "OPTIONS /role/?current_page=1&pre_page=10 HTTP/1.1" 200 0
[2020-06-15 13:25:19,143] [basehttp.py:157] [basehttp:log_message] [INFO]- "GET /user/role/?username=admin&application=sys HTTP/1.1" 200 997
[2020-06-15 13:25:19,160] [basehttp.py:157] [basehttp:log_message] [INFO]- "GET /role/?current_page=1&pre_page=10 HTTP/1.1" 200 3379
[2020-06-15 13:25:22,861] [basehttp.py:157] [basehttp:log_message] [INFO]- "GET /role/?current_page=1&pre_page=10 HTTP/1.1" 200 3379
[2020-06-15 13:25:22,886] [basehttp.py:157] [basehttp:log_message] [INFO]- "GET /user/role/?username=admin&application=sys HTTP/1.1" 200 997
[2020-06-15 13:25:23,830] [basehttp.py:157] [basehttp:log_message] [INFO]- "GET /user/?current_page=1&pre_page=10 HTTP/1.1" 200 16888
[2020-06-15 13:25:24,731] [basehttp.py:157] [basehttp:log_message] [INFO]- "GET /role/?current_page=1&pre_page=10 HTTP/1.1" 200 3379
[2020-06-15 13:25:26,352] [basehttp.py:157] [basehttp:log_message] [INFO]- "GET /user/?current_page=1&pre_page=10 HTTP/1.1" 200 16888
[2020-06-15 13:25:27,058] [basehttp.py:157] [basehttp:log_message] [INFO]- "GET /role/?current_page=1&pre_page=10 HTTP/1.1" 200 3379
[2020-06-15 13:25:28,282] [basehttp.py:157] [basehttp:log_message] [INFO]- "GET /menu/ HTTP/1.1" 200 1763
[2020-06-15 13:25:28,291] [basehttp.py:157] [basehttp:log_message] [INFO]- "GET /role/?name=%E7%AE%A1%E7%90%86%E5%91%98 HTTP/1.1" 200 879
[2020-06-15 13:25:49,825] [basehttp.py:157] [basehttp:log_message] [INFO]- "GET /menu/ HTTP/1.1" 200 1763
[2020-06-15 13:25:49,841] [basehttp.py:157] [basehttp:log_message] [INFO]- "GET /role/?name=%E7%AE%A1%E7%90%86%E5%91%98 HTTP/1.1" 200 879
[2020-06-15 13:26:03,274] [basehttp.py:157] [basehttp:log_message] [INFO]- "GET /menu/ HTTP/1.1" 200 1763
[2020-06-15 13:26:03,279] [basehttp.py:157] [basehttp:log_message] [INFO]- "GET /role/?name=%E7%AE%A1%E7%90%86%E5%91%98 HTTP/1.1" 200 879
[2020-06-15 13:26:06,579] [basehttp.py:157] [basehttp:log_message] [INFO]- "GET /menu/ HTTP/1.1" 200 1763
[2020-06-15 13:26:06,589] [basehttp.py:157] [basehttp:log_message] [INFO]- "GET /role/?name=%E6%99%AE%E9%80%9A%E7%94%A8%E6%88%B7 HTTP/1.1" 200 136
[2020-06-15 13:26:10,442] [basehttp.py:157] [basehttp:log_message] [INFO]- "OPTIONS /role/?name=%E8%B6%85%E7%BA%A7%E7%AE%A1%E7%90%86%E5%91%98 HTTP/1.1" 200 0
[2020-06-15 13:26:10,467] [basehttp.py:157] [basehttp:log_message] [INFO]- "GET /menu/ HTTP/1.1" 200 1763
[2020-06-15 13:26:10,485] [basehttp.py:157] [basehttp:log_message] [INFO]- "GET /role/?name=%E8%B6%85%E7%BA%A7%E7%AE%A1%E7%90%86%E5%91%98 HTTP/1.1" 200 1901
[2020-06-15 13:26:13,045] [basehttp.py:157] [basehttp:log_message] [INFO]- "GET /menu/ HTTP/1.1" 200 1763
[2020-06-15 13:26:13,048] [basehttp.py:157] [basehttp:log_message] [INFO]- "GET /role/?name=%E5%BC%80%E5%8F%91%E4%BA%BA%E5%91%98 HTTP/1.1" 200 395
[2020-06-15 13:26:15,835] [basehttp.py:157] [basehttp:log_message] [INFO]- "GET /menu/ HTTP/1.1" 200 1763
[2020-06-15 13:26:15,838] [basehttp.py:157] [basehttp:log_message] [INFO]- "GET /role/?name=%E6%99%AE%E9%80%9A%E7%94%A8%E6%88%B7 HTTP/1.1" 200 136
[2020-06-15 13:26:33,655] [basehttp.py:157] [basehttp:log_message] [INFO]- "GET /menu/ HTTP/1.1" 200 1763
[2020-06-15 13:26:33,658] [basehttp.py:157] [basehttp:log_message] [INFO]- "GET /role/?name=%E6%99%AE%E9%80%9A%E7%94%A8%E6%88%B7 HTTP/1.1" 200 136
[2020-06-15 13:26:39,872] [basehttp.py:157] [basehttp:log_message] [INFO]- "GET /menu/ HTTP/1.1" 200 1763
[2020-06-15 13:26:39,887] [basehttp.py:157] [basehttp:log_message] [INFO]- "GET /role/?name=%E7%AE%A1%E7%90%86%E5%91%98 HTTP/1.1" 200 879
[2020-06-15 13:27:09,120] [basehttp.py:157] [basehttp:log_message] [INFO]- "GET /menu/ HTTP/1.1" 200 1763
[2020-06-15 13:27:09,129] [basehttp.py:157] [basehttp:log_message] [INFO]- "GET /role/?name=%E8%B6%85%E7%BA%A7%E7%AE%A1%E7%90%86%E5%91%98 HTTP/1.1" 200 1901
[2020-06-15 13:27:29,582] [basehttp.py:157] [basehttp:log_message] [INFO]- "OPTIONS /role/?name=%E6%99%AE%E9%80%9A%E7%94%A8%E6%88%B7 HTTP/1.1" 200 0
[2020-06-15 13:27:29,606] [basehttp.py:157] [basehttp:log_message] [INFO]- "GET /menu/ HTTP/1.1" 200 1763
[2020-06-15 13:27:29,619] [basehttp.py:157] [basehttp:log_message] [INFO]- "GET /role/?name=%E6%99%AE%E9%80%9A%E7%94%A8%E6%88%B7 HTTP/1.1" 200 136
[2020-06-15 13:27:37,469] [basehttp.py:157] [basehttp:log_message] [INFO]- "OPTIONS /role/3/assign_menu/ HTTP/1.1" 200 0
[2020-06-15 13:27:37,600] [basehttp.py:157] [basehttp:log_message] [INFO]- "PUT /role/3/assign_menu/ HTTP/1.1" 200 389
[2020-06-15 13:27:37,729] [basehttp.py:157] [basehttp:log_message] [INFO]- "GET /role/?current_page=1&pre_page=10 HTTP/1.1" 200 3634
[2020-06-15 13:27:40,449] [basehttp.py:157] [basehttp:log_message] [INFO]- "GET /menu/ HTTP/1.1" 200 1763
[2020-06-15 13:27:40,459] [basehttp.py:157] [basehttp:log_message] [INFO]- "GET /role/?name=%E6%99%AE%E9%80%9A%E7%94%A8%E6%88%B7 HTTP/1.1" 200 391
[2020-06-15 13:33:07,531] [basehttp.py:157] [basehttp:log_message] [INFO]- "GET /role/?current_page=1&pre_page=10 HTTP/1.1" 200 3634
[2020-06-15 13:33:37,774] [basehttp.py:157] [basehttp:log_message] [INFO]- "OPTIONS /user/role?username=admin&application=sys HTTP/1.1" 200 0
[2020-06-15 13:33:37,820] [basehttp.py:157] [basehttp:log_message] [INFO]- "OPTIONS /user/role/?username=admin&application=sys HTTP/1.1" 200 0
[2020-06-15 13:33:37,822] [basehttp.py:157] [basehttp:log_message] [INFO]- "GET /role/?current_page=1&pre_page=10 HTTP/1.1" 200 3634
[2020-06-15 13:33:37,857] [basehttp.py:157] [basehttp:log_message] [INFO]- "GET /user/role/?username=admin&application=sys HTTP/1.1" 200 997
[2020-06-15 13:33:41,340] [basehttp.py:157] [basehttp:log_message] [INFO]- "OPTIONS /user/?current_page=1&pre_page=10 HTTP/1.1" 200 0
[2020-06-15 13:33:41,485] [basehttp.py:157] [basehttp:log_message] [INFO]- "GET /user/?current_page=1&pre_page=10 HTTP/1.1" 200 17908
[2020-06-15 13:33:43,262] [basehttp.py:157] [basehttp:log_message] [INFO]- "GET /user/?current_page=1&pre_page=10 HTTP/1.1" 200 17908
[2020-06-15 13:33:43,930] [basehttp.py:157] [basehttp:log_message] [INFO]- "GET /role/?current_page=1&pre_page=10 HTTP/1.1" 200 3634
[2020-06-15 13:33:45,079] [basehttp.py:157] [basehttp:log_message] [INFO]- "OPTIONS /menu/?current_page=1&pre_page=10 HTTP/1.1" 200 0
[2020-06-15 13:33:45,103] [basehttp.py:157] [basehttp:log_message] [INFO]- "GET /menu/?current_page=1&pre_page=10 HTTP/1.1" 200 1834
[2020-06-15 13:33:46,156] [basehttp.py:157] [basehttp:log_message] [INFO]- "GET /role/?current_page=1&pre_page=10 HTTP/1.1" 200 3634
[2020-06-15 13:35:13,965] [basehttp.py:157] [basehttp:log_message] [INFO]- "GET /role/?current_page=1&pre_page=10 HTTP/1.1" 200 3634
[2020-06-15 13:35:16,458] [basehttp.py:157] [basehttp:log_message] [INFO]- "GET /role/?current_page=1&pre_page=10 HTTP/1.1" 200 3634
[2020-06-15 13:35:16,466] [basehttp.py:157] [basehttp:log_message] [INFO]- "GET /user/role/?username=admin&application=sys HTTP/1.1" 200 997
[2020-06-15 13:35:20,079] [basehttp.py:157] [basehttp:log_message] [INFO]- "GET /menu/?current_page=1&pre_page=10 HTTP/1.1" 200 1834
[2020-06-15 13:35:20,877] [basehttp.py:157] [basehttp:log_message] [INFO]- "OPTIONS /role/?current_page=1&pre_page=10 HTTP/1.1" 200 0
[2020-06-15 13:35:20,927] [basehttp.py:157] [basehttp:log_message] [INFO]- "GET /role/?current_page=1&pre_page=10 HTTP/1.1" 200 3634
[2020-06-15 13:35:22,167] [basehttp.py:157] [basehttp:log_message] [INFO]- "GET /menu/?current_page=1&pre_page=10 HTTP/1.1" 200 1834
[2020-06-15 13:35:22,878] [basehttp.py:157] [basehttp:log_message] [INFO]- "GET /role/?current_page=1&pre_page=10 HTTP/1.1" 200 3634
[2020-06-15 13:35:24,512] [basehttp.py:157] [basehttp:log_message] [INFO]- "OPTIONS /menu/ HTTP/1.1" 200 0
[2020-06-15 13:35:24,533] [basehttp.py:157] [basehttp:log_message] [INFO]- "GET /role/?name=%E8%B6%85%E7%BA%A7%E7%AE%A1%E7%90%86%E5%91%98 HTTP/1.1" 200 1901
[2020-06-15 13:35:24,546] [basehttp.py:157] [basehttp:log_message] [INFO]- "GET /menu/ HTTP/1.1" 200 1763
[2020-06-15 13:35:45,143] [basehttp.py:157] [basehttp:log_message] [INFO]- "GET /menu/?current_page=1&pre_page=10 HTTP/1.1" 200 1834
[2020-06-15 13:35:45,937] [basehttp.py:157] [basehttp:log_message] [INFO]- "GET /role/?current_page=1&pre_page=10 HTTP/1.1" 200 3634
[2020-06-15 13:36:43,077] [basehttp.py:157] [basehttp:log_message] [INFO]- "GET /role/?current_page=1&pre_page=10 HTTP/1.1" 200 3634
[2020-06-15 13:36:43,111] [basehttp.py:157] [basehttp:log_message] [INFO]- "GET /user/role/?username=admin&application=sys HTTP/1.1" 200 997
[2020-06-15 13:37:01,990] [basehttp.py:157] [basehttp:log_message] [INFO]- "OPTIONS /role/?name=%E7%AE%A1%E7%90%86%E5%91%98 HTTP/1.1" 200 0
[2020-06-15 13:37:02,007] [basehttp.py:157] [basehttp:log_message] [INFO]- "GET /menu/ HTTP/1.1" 200 1763
[2020-06-15 13:37:02,023] [basehttp.py:157] [basehttp:log_message] [INFO]- "GET /role/?name=%E7%AE%A1%E7%90%86%E5%91%98 HTTP/1.1" 200 879
[2020-06-15 13:38:05,239] [basehttp.py:157] [basehttp:log_message] [INFO]- "GET /role/?current_page=1&pre_page=10 HTTP/1.1" 200 3634
[2020-06-15 13:38:05,266] [basehttp.py:157] [basehttp:log_message] [INFO]- "GET /user/role/?username=admin&application=sys HTTP/1.1" 200 997
[2020-06-15 13:38:08,412] [basehttp.py:157] [basehttp:log_message] [INFO]- "GET /role/?name=%E7%AE%A1%E7%90%86%E5%91%98 HTTP/1.1" 200 879
[2020-06-15 13:38:08,413] [basehttp.py:157] [basehttp:log_message] [INFO]- "GET /menu/ HTTP/1.1" 200 1763
[2020-06-15 13:40:13,754] [basehttp.py:157] [basehttp:log_message] [INFO]- "GET /role/?current_page=1&pre_page=10 HTTP/1.1" 200 3634
[2020-06-15 13:40:13,763] [basehttp.py:157] [basehttp:log_message] [INFO]- "GET /user/role/?username=admin&application=sys HTTP/1.1" 200 997
[2020-06-15 13:40:15,149] [basehttp.py:157] [basehttp:log_message] [INFO]- "GET /user/?current_page=1&pre_page=10 HTTP/1.1" 200 17908
[2020-06-15 13:40:16,824] [basehttp.py:157] [basehttp:log_message] [INFO]- "OPTIONS /role/ HTTP/1.1" 200 0
[2020-06-15 13:40:16,873] [basehttp.py:157] [basehttp:log_message] [INFO]- "GET /role/ HTTP/1.1" 200 3563
[2020-06-15 13:40:20,376] [basehttp.py:157] [basehttp:log_message] [INFO]- "GET /role/ HTTP/1.1" 200 3563
[2020-06-15 13:40:37,296] [basehttp.py:157] [basehttp:log_message] [INFO]- "GET /user/role/?username=admin&application=sys HTTP/1.1" 200 997
[2020-06-15 13:40:37,365] [basehttp.py:157] [basehttp:log_message] [INFO]- "GET /user/?current_page=1&pre_page=10 HTTP/1.1" 200 17908
[2020-06-15 13:40:40,532] [basehttp.py:157] [basehttp:log_message] [INFO]- "GET /role/ HTTP/1.1" 200 3563
[2020-06-15 13:40:43,355] [basehttp.py:157] [basehttp:log_message] [INFO]- "GET /role/ HTTP/1.1" 200 3563
[2020-06-15 13:41:01,659] [basehttp.py:157] [basehttp:log_message] [INFO]- "GET /user/role/?username=admin&application=sys HTTP/1.1" 200 997
[2020-06-15 13:41:01,751] [basehttp.py:157] [basehttp:log_message] [INFO]- "GET /user/?current_page=1&pre_page=10 HTTP/1.1" 200 17908
[2020-06-15 13:41:04,828] [basehttp.py:157] [basehttp:log_message] [INFO]- "GET /role/?current_page=1&pre_page=10 HTTP/1.1" 200 3634
[2020-06-15 13:41:06,227] [basehttp.py:157] [basehttp:log_message] [INFO]- "GET /user/?current_page=1&pre_page=10 HTTP/1.1" 200 17908
[2020-06-15 13:41:07,988] [basehttp.py:157] [basehttp:log_message] [INFO]- "GET /user/?current_page=1&pre_page=10 HTTP/1.1" 200 17908
[2020-06-15 13:41:16,964] [basehttp.py:157] [basehttp:log_message] [INFO]- "GET /user/role/?username=admin&application=sys HTTP/1.1" 200 997
[2020-06-15 13:41:17,030] [basehttp.py:157] [basehttp:log_message] [INFO]- "GET /user/?current_page=1&pre_page=10 HTTP/1.1" 200 17908
[2020-06-15 13:41:20,859] [basehttp.py:157] [basehttp:log_message] [INFO]- "GET /role/?current_page=1&pre_page=10 HTTP/1.1" 200 3634
[2020-06-15 13:41:21,916] [basehttp.py:157] [basehttp:log_message] [INFO]- "GET /menu/?current_page=1&pre_page=10 HTTP/1.1" 200 1834
[2020-06-15 13:43:36,790] [basehttp.py:157] [basehttp:log_message] [INFO]- "GET /menu/?current_page=1&pre_page=10 HTTP/1.1" 200 1834
[2020-06-15 13:43:36,838] [basehttp.py:157] [basehttp:log_message] [INFO]- "GET /user/role/?username=admin&application=sys HTTP/1.1" 200 997
[2020-06-15 13:43:37,813] [basehttp.py:157] [basehttp:log_message] [INFO]- "GET /user/?current_page=1&pre_page=10 HTTP/1.1" 200 17908
[2020-06-15 13:43:39,041] [basehttp.py:157] [basehttp:log_message] [INFO]- "GET /role/ HTTP/1.1" 200 3563
[2020-06-15 13:43:45,031] [basehttp.py:157] [basehttp:log_message] [INFO]- "GET /role/?current_page=1&pre_page=10 HTTP/1.1" 200 3634
[2020-06-15 13:43:46,431] [basehttp.py:157] [basehttp:log_message] [INFO]- "OPTIONS /role/?name=%E8%B6%85%E7%BA%A7%E7%AE%A1%E7%90%86%E5%91%98 HTTP/1.1" 200 0
[2020-06-15 13:43:46,450] [basehttp.py:157] [basehttp:log_message] [INFO]- "GET /menu/ HTTP/1.1" 200 1763
[2020-06-15 13:43:46,480] [basehttp.py:157] [basehttp:log_message] [INFO]- "GET /role/?name=%E8%B6%85%E7%BA%A7%E7%AE%A1%E7%90%86%E5%91%98 HTTP/1.1" 200 1901
[2020-06-15 13:44:02,675] [basehttp.py:157] [basehttp:log_message] [INFO]- "OPTIONS /user/role?username=admin&application=sys HTTP/1.1" 200 0
[2020-06-15 13:44:02,720] [basehttp.py:157] [basehttp:log_message] [INFO]- "OPTIONS /user/role/?username=admin&application=sys HTTP/1.1" 200 0
[2020-06-15 13:44:02,728] [basehttp.py:157] [basehttp:log_message] [INFO]- "GET /role/?current_page=1&pre_page=10 HTTP/1.1" 200 3634
[2020-06-15 13:44:02,856] [basehttp.py:157] [basehttp:log_message] [INFO]- "GET /user/role/?username=admin&application=sys HTTP/1.1" 200 997
[2020-06-15 13:44:05,308] [basehttp.py:157] [basehttp:log_message] [INFO]- "OPTIONS /user/?current_page=1&pre_page=10 HTTP/1.1" 200 0
[2020-06-15 13:44:05,453] [basehttp.py:157] [basehttp:log_message] [INFO]- "GET /user/?current_page=1&pre_page=10 HTTP/1.1" 200 17908
[2020-06-15 13:44:06,536] [basehttp.py:157] [basehttp:log_message] [INFO]- "GET /role/?current_page=1&pre_page=10 HTTP/1.1" 200 3634
[2020-06-15 13:45:01,671] [basehttp.py:157] [basehttp:log_message] [INFO]- "GET /user/?current_page=1&pre_page=10 HTTP/1.1" 200 17908
[2020-06-15 13:45:02,956] [basehttp.py:157] [basehttp:log_message] [INFO]- "OPTIONS /menu/?current_page=1&pre_page=10 HTTP/1.1" 200 0
[2020-06-15 13:45:02,980] [basehttp.py:157] [basehttp:log_message] [INFO]- "GET /menu/?current_page=1&pre_page=10 HTTP/1.1" 200 1834
[2020-06-15 13:45:04,119] [basehttp.py:157] [basehttp:log_message] [INFO]- "GET /role/?current_page=1&pre_page=10 HTTP/1.1" 200 3634
[2020-06-15 13:46:02,714] [basehttp.py:157] [basehttp:log_message] [INFO]- "OPTIONS /role/?current_page=1&pre_page=10 HTTP/1.1" 200 0
[2020-06-15 13:46:02,766] [basehttp.py:157] [basehttp:log_message] [INFO]- "GET /role/?current_page=1&pre_page=10 HTTP/1.1" 200 3634
[2020-06-15 13:46:04,860] [basehttp.py:157] [basehttp:log_message] [INFO]- "GET /role/?current_page=1&pre_page=10 HTTP/1.1" 200 3634
[2020-06-15 13:46:04,877] [basehttp.py:157] [basehttp:log_message] [INFO]- "GET /user/role/?username=admin&application=sys HTTP/1.1" 200 997
[2020-06-15 13:46:13,862] [basehttp.py:157] [basehttp:log_message] [INFO]- "GET /role/?current_page=1&pre_page=10 HTTP/1.1" 200 3634
[2020-06-15 13:49:00,983] [basehttp.py:157] [basehttp:log_message] [INFO]- "GET /menu/?current_page=1&pre_page=10 HTTP/1.1" 200 1834
[2020-06-15 13:49:04,801] [basehttp.py:157] [basehttp:log_message] [INFO]- "GET /user/?current_page=1&pre_page=10 HTTP/1.1" 200 17908
[2020-06-15 13:49:07,284] [basehttp.py:157] [basehttp:log_message] [INFO]- "GET /menu/?current_page=1&pre_page=10 HTTP/1.1" 200 1834
[2020-06-15 13:49:08,517] [basehttp.py:157] [basehttp:log_message] [INFO]- "GET /role/?current_page=1&pre_page=10 HTTP/1.1" 200 3634
[2020-06-15 13:49:10,261] [basehttp.py:157] [basehttp:log_message] [INFO]- "GET /user/?current_page=1&pre_page=10 HTTP/1.1" 200 17908
[2020-06-15 13:49:12,091] [basehttp.py:157] [basehttp:log_message] [INFO]- "GET /role/?current_page=1&pre_page=10 HTTP/1.1" 200 3634
[2020-06-15 13:49:12,951] [basehttp.py:157] [basehttp:log_message] [INFO]- "GET /menu/?current_page=1&pre_page=10 HTTP/1.1" 200 1834
[2020-06-15 13:49:13,814] [basehttp.py:157] [basehttp:log_message] [INFO]- "GET /role/?current_page=1&pre_page=10 HTTP/1.1" 200 3634
[2020-06-15 13:49:14,624] [basehttp.py:157] [basehttp:log_message] [INFO]- "GET /user/?current_page=1&pre_page=10 HTTP/1.1" 200 17908
[2020-06-15 13:49:15,209] [basehttp.py:157] [basehttp:log_message] [INFO]- "GET /role/?current_page=1&pre_page=10 HTTP/1.1" 200 3634
[2020-06-15 13:49:16,577] [basehttp.py:157] [basehttp:log_message] [INFO]- "OPTIONS /menu/ HTTP/1.1" 200 0
[2020-06-15 13:49:16,578] [basehttp.py:157] [basehttp:log_message] [INFO]- "OPTIONS /role/?name=%E7%AE%A1%E7%90%86%E5%91%98 HTTP/1.1" 200 0
[2020-06-15 13:49:16,612] [basehttp.py:157] [basehttp:log_message] [INFO]- "GET /menu/ HTTP/1.1" 200 1763
[2020-06-15 13:49:16,625] [basehttp.py:157] [basehttp:log_message] [INFO]- "GET /role/?name=%E7%AE%A1%E7%90%86%E5%91%98 HTTP/1.1" 200 879
[2020-06-15 13:49:19,248] [basehttp.py:157] [basehttp:log_message] [INFO]- "GET /menu/ HTTP/1.1" 200 1763
[2020-06-15 13:49:19,259] [basehttp.py:157] [basehttp:log_message] [INFO]- "GET /role/?name=%E8%B6%85%E7%BA%A7%E7%AE%A1%E7%90%86%E5%91%98 HTTP/1.1" 200 1901
[2020-06-15 13:49:21,522] [basehttp.py:157] [basehttp:log_message] [INFO]- "OPTIONS /role/?name=%E6%99%AE%E9%80%9A%E7%94%A8%E6%88%B7 HTTP/1.1" 200 0
[2020-06-15 13:49:21,539] [basehttp.py:157] [basehttp:log_message] [INFO]- "GET /menu/ HTTP/1.1" 200 1763
[2020-06-15 13:49:21,554] [basehttp.py:157] [basehttp:log_message] [INFO]- "GET /role/?name=%E6%99%AE%E9%80%9A%E7%94%A8%E6%88%B7 HTTP/1.1" 200 391
[2020-06-15 13:49:25,420] [basehttp.py:157] [basehttp:log_message] [INFO]- "GET /role/?current_page=1&pre_page=10 HTTP/1.1" 200 3634
[2020-06-15 13:49:25,444] [basehttp.py:157] [basehttp:log_message] [INFO]- "GET /user/role/?username=admin&application=sys HTTP/1.1" 200 997
[2020-06-15 13:49:28,818] [basehttp.py:157] [basehttp:log_message] [INFO]- "GET /menu/ HTTP/1.1" 200 1763
[2020-06-15 13:49:28,827] [basehttp.py:157] [basehttp:log_message] [INFO]- "GET /role/?name=%E6%99%AE%E9%80%9A%E7%94%A8%E6%88%B7 HTTP/1.1" 200 391
[2020-06-15 13:49:31,156] [basehttp.py:157] [basehttp:log_message] [INFO]- "GET /user/?current_page=1&pre_page=10 HTTP/1.1" 200 17908
[2020-06-15 13:49:34,136] [basehttp.py:157] [basehttp:log_message] [INFO]- "GET /user/role/?username=admin&application=sys HTTP/1.1" 200 997
[2020-06-15 13:49:34,212] [basehttp.py:157] [basehttp:log_message] [INFO]- "GET /user/?current_page=1&pre_page=10 HTTP/1.1" 200 17908
[2020-06-15 13:50:08,858] [basehttp.py:157] [basehttp:log_message] [INFO]- "GET /user/role/?username=admin&application=sys HTTP/1.1" 200 997
[2020-06-15 13:50:08,920] [basehttp.py:157] [basehttp:log_message] [INFO]- "GET /user/?current_page=1&pre_page=10 HTTP/1.1" 200 17908
[2020-06-15 13:50:15,411] [basehttp.py:157] [basehttp:log_message] [INFO]- "GET /user/role/?username=admin&application=sys HTTP/1.1" 200 997
[2020-06-15 13:50:15,496] [basehttp.py:157] [basehttp:log_message] [INFO]- "GET /user/?current_page=1&pre_page=10 HTTP/1.1" 200 17908
[2020-06-15 13:50:16,807] [basehttp.py:157] [basehttp:log_message] [INFO]- "GET /role/?current_page=1&pre_page=10 HTTP/1.1" 200 3634
[2020-06-15 13:51:35,337] [basehttp.py:157] [basehttp:log_message] [INFO]- "GET /user/role/?username=admin&application=sys HTTP/1.1" 200 997
[2020-06-15 13:51:35,339] [basehttp.py:157] [basehttp:log_message] [INFO]- "GET /role/?current_page=1&pre_page=10 HTTP/1.1" 200 3634
[2020-06-15 13:51:42,142] [basehttp.py:157] [basehttp:log_message] [INFO]- "GET /role/?current_page=1&pre_page=10 HTTP/1.1" 200 3634
[2020-06-15 13:51:42,162] [basehttp.py:157] [basehttp:log_message] [INFO]- "GET /user/role/?username=admin&application=sys HTTP/1.1" 200 997
[2020-06-15 13:51:44,683] [basehttp.py:157] [basehttp:log_message] [INFO]- "GET /role/?current_page=1&pre_page=10 HTTP/1.1" 200 3634
[2020-06-15 13:51:44,692] [basehttp.py:157] [basehttp:log_message] [INFO]- "GET /user/role/?username=admin&application=sys HTTP/1.1" 200 997
[2020-06-15 13:51:47,804] [basehttp.py:157] [basehttp:log_message] [INFO]- "GET /user/?current_page=1&pre_page=10 HTTP/1.1" 200 17908
[2020-06-15 13:51:48,770] [basehttp.py:157] [basehttp:log_message] [INFO]- "GET /role/?current_page=1&pre_page=10 HTTP/1.1" 200 3634
[2020-06-15 13:51:49,797] [basehttp.py:157] [basehttp:log_message] [INFO]- "GET /user/?current_page=1&pre_page=10 HTTP/1.1" 200 17908
[2020-06-15 14:07:22,526] [basehttp.py:157] [basehttp:log_message] [INFO]- "OPTIONS /user/role?username=admin&application=sys HTTP/1.1" 200 0
[2020-06-15 14:07:22,538] [basehttp.py:157] [basehttp:log_message] [INFO]- "OPTIONS /user/?current_page=1&pre_page=10 HTTP/1.1" 200 0
[2020-06-15 14:07:22,575] [basehttp.py:157] [basehttp:log_message] [INFO]- "OPTIONS /user/role/?username=admin&application=sys HTTP/1.1" 200 0
[2020-06-15 14:07:22,653] [basehttp.py:157] [basehttp:log_message] [INFO]- "GET /user/role/?username=admin&application=sys HTTP/1.1" 200 997
[2020-06-15 14:07:22,727] [basehttp.py:157] [basehttp:log_message] [INFO]- "GET /user/?current_page=1&pre_page=10 HTTP/1.1" 200 17908
[2020-06-15 14:07:28,002] [basehttp.py:157] [basehttp:log_message] [INFO]- "OPTIONS /role/?current_page=1&pre_page=10 HTTP/1.1" 200 0
[2020-06-15 14:07:28,049] [basehttp.py:157] [basehttp:log_message] [INFO]- "GET /role/?current_page=1&pre_page=10 HTTP/1.1" 200 3634
[2020-06-15 14:07:30,464] [basehttp.py:157] [basehttp:log_message] [INFO]- "OPTIONS /menu/ HTTP/1.1" 200 0
[2020-06-15 14:07:30,465] [basehttp.py:157] [basehttp:log_message] [INFO]- "OPTIONS /role/?name=%E8%B6%85%E7%BA%A7%E7%AE%A1%E7%90%86%E5%91%98 HTTP/1.1" 200 0
[2020-06-15 14:07:30,518] [basehttp.py:157] [basehttp:log_message] [INFO]- "GET /menu/ HTTP/1.1" 200 1763
[2020-06-15 14:07:30,519] [basehttp.py:157] [basehttp:log_message] [INFO]- "GET /role/?name=%E8%B6%85%E7%BA%A7%E7%AE%A1%E7%90%86%E5%91%98 HTTP/1.1" 200 1901
[2020-06-15 14:14:02,942] [basehttp.py:157] [basehttp:log_message] [INFO]- "GET /role/?current_page=1&pre_page=10 HTTP/1.1" 200 3634
[2020-06-15 14:14:30,657] [basehttp.py:157] [basehttp:log_message] [INFO]- "GET /role/?current_page=1&pre_page=10 HTTP/1.1" 200 3634
[2020-06-15 14:14:30,669] [basehttp.py:157] [basehttp:log_message] [INFO]- "GET /user/role/?username=admin&application=sys HTTP/1.1" 200 997
[2020-06-15 14:15:30,181] [basehttp.py:157] [basehttp:log_message] [INFO]- "GET /user/?current_page=1&pre_page=10 HTTP/1.1" 200 17908
[2020-06-15 14:15:36,156] [basehttp.py:157] [basehttp:log_message] [INFO]- "GET /role/?current_page=1&pre_page=10 HTTP/1.1" 200 3634
[2020-06-15 14:23:27,485] [basehttp.py:157] [basehttp:log_message] [INFO]- "OPTIONS /user/role?username=admin&application=sys HTTP/1.1" 200 0
[2020-06-15 14:23:27,486] [basehttp.py:157] [basehttp:log_message] [INFO]- "OPTIONS /role/?current_page=1&pre_page=10 HTTP/1.1" 200 0
[2020-06-15 14:23:27,535] [basehttp.py:157] [basehttp:log_message] [INFO]- "OPTIONS /user/role/?username=admin&application=sys HTTP/1.1" 200 0
[2020-06-15 14:23:27,560] [basehttp.py:157] [basehttp:log_message] [INFO]- "GET /role/?current_page=1&pre_page=10 HTTP/1.1" 200 3634
[2020-06-15 14:23:27,628] [basehttp.py:157] [basehttp:log_message] [INFO]- "GET /user/role/?username=admin&application=sys HTTP/1.1" 200 997
[2020-06-15 14:30:36,853] [basehttp.py:157] [basehttp:log_message] [INFO]- "GET /role/?current_page=1&pre_page=10 HTTP/1.1" 200 3634
[2020-06-15 14:30:36,893] [basehttp.py:157] [basehttp:log_message] [INFO]- "GET /user/role/?username=admin&application=sys HTTP/1.1" 200 997
[2020-06-15 14:31:57,117] [basehttp.py:157] [basehttp:log_message] [INFO]- "GET /menu?current_page=1&pre_page=10 HTTP/1.1" 301 0
[2020-06-15 14:31:57,140] [basehttp.py:157] [basehttp:log_message] [INFO]- "GET /menu/?current_page=1&pre_page=10 HTTP/1.1" 200 1834
[2020-06-15 14:32:18,483] [basehttp.py:157] [basehttp:log_message] [INFO]- "GET /role/?current_page=1&pre_page=10 HTTP/1.1" 200 3634
[2020-06-15 14:32:18,507] [basehttp.py:157] [basehttp:log_message] [INFO]- "GET /user/role/?username=admin&application=sys HTTP/1.1" 200 997
[2020-06-15 14:32:21,579] [basehttp.py:157] [basehttp:log_message] [INFO]- "GET /role/?current_page=1&pre_page=10 HTTP/1.1" 200 3634
[2020-06-15 14:32:21,593] [basehttp.py:157] [basehttp:log_message] [INFO]- "GET /user/role/?username=admin&application=sys HTTP/1.1" 200 997
[2020-06-15 14:32:24,602] [basehttp.py:157] [basehttp:log_message] [INFO]- "OPTIONS /menu/?current_page=1&pre_page=10 HTTP/1.1" 200 0
[2020-06-15 14:32:24,638] [basehttp.py:157] [basehttp:log_message] [INFO]- "GET /menu/?current_page=1&pre_page=10 HTTP/1.1" 200 1834
[2020-06-15 14:32:29,869] [basehttp.py:157] [basehttp:log_message] [INFO]- "GET /role/?current_page=1&pre_page=10 HTTP/1.1" 200 3634
[2020-06-15 14:32:32,231] [basehttp.py:157] [basehttp:log_message] [INFO]- "GET /menu/?current_page=1&pre_page=10 HTTP/1.1" 200 1834
[2020-06-15 14:32:38,746] [basehttp.py:157] [basehttp:log_message] [INFO]- "GET /role/?current_page=1&pre_page=10 HTTP/1.1" 200 3634
[2020-06-15 14:32:40,069] [basehttp.py:157] [basehttp:log_message] [INFO]- "OPTIONS /menu/ HTTP/1.1" 200 0
[2020-06-15 14:32:40,071] [basehttp.py:157] [basehttp:log_message] [INFO]- "OPTIONS /role/?name=%E8%B6%85%E7%BA%A7%E7%AE%A1%E7%90%86%E5%91%98 HTTP/1.1" 200 0
[2020-06-15 14:32:40,113] [basehttp.py:157] [basehttp:log_message] [INFO]- "GET /menu/ HTTP/1.1" 200 1763
[2020-06-15 14:32:40,143] [basehttp.py:157] [basehttp:log_message] [INFO]- "GET /role/?name=%E8%B6%85%E7%BA%A7%E7%AE%A1%E7%90%86%E5%91%98 HTTP/1.1" 200 1901
[2020-06-15 14:33:23,477] [basehttp.py:157] [basehttp:log_message] [INFO]- "GET /role/?current_page=1&pre_page=10 HTTP/1.1" 200 3634
[2020-06-15 14:33:23,479] [basehttp.py:157] [basehttp:log_message] [INFO]- "GET /user/role/?username=admin&application=sys HTTP/1.1" 200 997
[2020-06-15 14:33:24,515] [basehttp.py:157] [basehttp:log_message] [INFO]- "OPTIONS /role/?name=%E7%AE%A1%E7%90%86%E5%91%98 HTTP/1.1" 200 0
[2020-06-15 14:33:24,538] [basehttp.py:157] [basehttp:log_message] [INFO]- "GET /menu/ HTTP/1.1" 200 1763
[2020-06-15 14:33:24,557] [basehttp.py:157] [basehttp:log_message] [INFO]- "GET /role/?name=%E7%AE%A1%E7%90%86%E5%91%98 HTTP/1.1" 200 879
[2020-06-15 14:33:31,000] [basehttp.py:157] [basehttp:log_message] [INFO]- "OPTIONS /role/?name=%E5%BC%80%E5%8F%91%E4%BA%BA%E5%91%98 HTTP/1.1" 200 0
[2020-06-15 14:33:31,034] [basehttp.py:157] [basehttp:log_message] [INFO]- "GET /menu/ HTTP/1.1" 200 1763
[2020-06-15 14:33:31,052] [basehttp.py:157] [basehttp:log_message] [INFO]- "GET /role/?name=%E5%BC%80%E5%8F%91%E4%BA%BA%E5%91%98 HTTP/1.1" 200 395
[2020-06-15 14:33:35,539] [basehttp.py:157] [basehttp:log_message] [INFO]- "OPTIONS /role/?name=%E6%99%AE%E9%80%9A%E7%94%A8%E6%88%B7 HTTP/1.1" 200 0
[2020-06-15 14:33:35,568] [basehttp.py:157] [basehttp:log_message] [INFO]- "GET /menu/ HTTP/1.1" 200 1763
[2020-06-15 14:33:35,597] [basehttp.py:157] [basehttp:log_message] [INFO]- "GET /role/?name=%E6%99%AE%E9%80%9A%E7%94%A8%E6%88%B7 HTTP/1.1" 200 391
[2020-06-15 14:33:44,620] [basehttp.py:157] [basehttp:log_message] [INFO]- "GET /menu/ HTTP/1.1" 200 1763
[2020-06-15 14:33:44,643] [basehttp.py:157] [basehttp:log_message] [INFO]- "GET /role/?name=%E5%BC%80%E5%8F%91%E4%BA%BA%E5%91%98 HTTP/1.1" 200 395
[2020-06-15 14:33:58,303] [basehttp.py:157] [basehttp:log_message] [INFO]- "GET /menu/ HTTP/1.1" 200 1763
[2020-06-15 14:33:58,319] [basehttp.py:157] [basehttp:log_message] [INFO]- "GET /role/?name=%E6%99%AE%E9%80%9A%E7%94%A8%E6%88%B7 HTTP/1.1" 200 391
[2020-06-15 14:34:03,905] [basehttp.py:157] [basehttp:log_message] [INFO]- "GET /menu/ HTTP/1.1" 200 1763
[2020-06-15 14:34:03,905] [basehttp.py:157] [basehttp:log_message] [INFO]- "GET /role/?name=%E7%AE%A1%E7%90%86%E5%91%98 HTTP/1.1" 200 879
[2020-06-15 14:34:06,424] [basehttp.py:157] [basehttp:log_message] [INFO]- "GET /menu/ HTTP/1.1" 200 1763
[2020-06-15 14:34:06,433] [basehttp.py:157] [basehttp:log_message] [INFO]- "GET /role/?name=%E6%99%AE%E9%80%9A%E7%94%A8%E6%88%B7 HTTP/1.1" 200 391
[2020-06-15 14:34:12,002] [basehttp.py:157] [basehttp:log_message] [INFO]- "OPTIONS /role/3/assign_menu/ HTTP/1.1" 200 0
[2020-06-15 14:34:12,653] [basehttp.py:157] [basehttp:log_message] [INFO]- "PUT /role/3/assign_menu/ HTTP/1.1" 200 879
[2020-06-15 14:34:12,737] [basehttp.py:157] [basehttp:log_message] [INFO]- "OPTIONS /role/?current_page=1&pre_page=10 HTTP/1.1" 200 0
[2020-06-15 14:34:12,827] [basehttp.py:157] [basehttp:log_message] [INFO]- "GET /role/?current_page=1&pre_page=10 HTTP/1.1" 200 4124
[2020-06-15 14:34:14,433] [basehttp.py:157] [basehttp:log_message] [INFO]- "GET /menu/ HTTP/1.1" 200 1763
[2020-06-15 14:34:14,447] [basehttp.py:157] [basehttp:log_message] [INFO]- "GET /role/?name=%E6%99%AE%E9%80%9A%E7%94%A8%E6%88%B7 HTTP/1.1" 200 881
[2020-06-15 14:34:29,822] [basehttp.py:157] [basehttp:log_message] [INFO]- "GET /menu/?current_page=1&pre_page=10 HTTP/1.1" 200 1834
[2020-06-15 15:06:55,459] [basehttp.py:157] [basehttp:log_message] [INFO]- "OPTIONS /user/role?username=admin&application=sys HTTP/1.1" 200 0
[2020-06-15 15:06:55,460] [basehttp.py:157] [basehttp:log_message] [INFO]- "OPTIONS /menu/?current_page=1&pre_page=10 HTTP/1.1" 200 0
[2020-06-15 15:06:55,806] [basehttp.py:157] [basehttp:log_message] [INFO]- "OPTIONS /user/role/?username=admin&application=sys HTTP/1.1" 200 0
[2020-06-15 15:06:56,946] [basehttp.py:157] [basehttp:log_message] [INFO]- "GET /menu/?current_page=1&pre_page=10 HTTP/1.1" 200 1834
[2020-06-15 15:06:56,967] [basehttp.py:157] [basehttp:log_message] [INFO]- "GET /user/role/?username=admin&application=sys HTTP/1.1" 200 997
[2020-06-15 15:06:58,150] [basehttp.py:157] [basehttp:log_message] [INFO]- "OPTIONS /role/?current_page=1&pre_page=10 HTTP/1.1" 200 0
[2020-06-15 15:06:58,211] [basehttp.py:157] [basehttp:log_message] [INFO]- "GET /role/?current_page=1&pre_page=10 HTTP/1.1" 200 4124
[2020-06-15 15:06:58,941] [basehttp.py:157] [basehttp:log_message] [INFO]- "OPTIONS /user/?current_page=1&pre_page=10 HTTP/1.1" 200 0
[2020-06-15 15:06:59,222] [basehttp.py:157] [basehttp:log_message] [INFO]- "GET /user/?current_page=1&pre_page=10 HTTP/1.1" 200 19868
[2020-06-15 15:07:00,031] [basehttp.py:157] [basehttp:log_message] [INFO]- "GET /role/?current_page=1&pre_page=10 HTTP/1.1" 200 4124
[2020-06-15 15:07:03,665] [basehttp.py:157] [basehttp:log_message] [INFO]- "GET /user/?current_page=1&pre_page=10 HTTP/1.1" 200 19868
[2020-06-15 15:07:07,579] [basehttp.py:157] [basehttp:log_message] [INFO]- "OPTIONS /role/ HTTP/1.1" 200 0
[2020-06-15 15:07:07,628] [basehttp.py:157] [basehttp:log_message] [INFO]- "GET /role/ HTTP/1.1" 200 4053
[2020-06-15 15:07:11,526] [basehttp.py:157] [basehttp:log_message] [INFO]- "GET /role/ HTTP/1.1" 200 4053
[2020-06-15 15:07:13,954] [basehttp.py:157] [basehttp:log_message] [INFO]- "GET /role/?current_page=1&pre_page=10 HTTP/1.1" 200 4124
[2020-06-15 15:07:15,117] [basehttp.py:157] [basehttp:log_message] [INFO]- "OPTIONS /menu/ HTTP/1.1" 200 0
[2020-06-15 15:07:15,119] [basehttp.py:157] [basehttp:log_message] [INFO]- "OPTIONS /role/?name=%E7%AE%A1%E7%90%86%E5%91%98 HTTP/1.1" 200 0
[2020-06-15 15:07:15,155] [basehttp.py:157] [basehttp:log_message] [INFO]- "GET /menu/ HTTP/1.1" 200 1763
[2020-06-15 15:07:15,165] [basehttp.py:157] [basehttp:log_message] [INFO]- "GET /role/?name=%E7%AE%A1%E7%90%86%E5%91%98 HTTP/1.1" 200 879
[2020-06-15 15:07:29,976] [basehttp.py:157] [basehttp:log_message] [INFO]- "OPTIONS /role/?name=%E8%B6%85%E7%BA%A7%E7%AE%A1%E7%90%86%E5%91%98 HTTP/1.1" 200 0
[2020-06-15 15:07:29,995] [basehttp.py:157] [basehttp:log_message] [INFO]- "GET /menu/ HTTP/1.1" 200 1763
[2020-06-15 15:07:30,013] [basehttp.py:157] [basehttp:log_message] [INFO]- "GET /role/?name=%E8%B6%85%E7%BA%A7%E7%AE%A1%E7%90%86%E5%91%98 HTTP/1.1" 200 1901
[2020-06-15 15:08:32,616] [basehttp.py:157] [basehttp:log_message] [INFO]- "GET /user/?current_page=1&pre_page=10 HTTP/1.1" 200 19868
[2020-06-15 15:08:46,001] [basehttp.py:157] [basehttp:log_message] [INFO]- "GET /menu/?current_page=1&pre_page=10 HTTP/1.1" 200 1834
[2020-06-15 15:08:47,405] [basehttp.py:157] [basehttp:log_message] [INFO]- "GET /user/?current_page=1&pre_page=10 HTTP/1.1" 200 19868
[2020-06-15 15:09:23,932] [basehttp.py:157] [basehttp:log_message] [INFO]- "GET /user/role/?username=admin&application=sys HTTP/1.1" 200 997
[2020-06-15 15:09:24,017] [basehttp.py:157] [basehttp:log_message] [INFO]- "GET /user/?current_page=1&pre_page=10 HTTP/1.1" 200 19868
[2020-06-15 15:09:29,743] [basehttp.py:157] [basehttp:log_message] [INFO]- "OPTIONS /user/?username=ad&current_page=1&pre_page=10 HTTP/1.1" 200 0
[2020-06-15 15:09:29,924] [basehttp.py:157] [basehttp:log_message] [INFO]- "GET /user/?username=ad&current_page=1&pre_page=10 HTTP/1.1" 200 2152
[2020-06-15 15:09:34,284] [basehttp.py:157] [basehttp:log_message] [INFO]- "OPTIONS /user/?username=a&current_page=1&pre_page=10 HTTP/1.1" 200 0
[2020-06-15 15:09:34,360] [basehttp.py:157] [basehttp:log_message] [INFO]- "GET /user/?username=a&current_page=1&pre_page=10 HTTP/1.1" 200 6383
[2020-06-15 15:09:39,091] [basehttp.py:157] [basehttp:log_message] [INFO]- "OPTIONS /user/?username=m&current_page=1&pre_page=10 HTTP/1.1" 200 0
[2020-06-15 15:09:39,157] [basehttp.py:157] [basehttp:log_message] [INFO]- "GET /user/?username=m&current_page=1&pre_page=10 HTTP/1.1" 200 5994
[2020-06-15 15:09:52,896] [basehttp.py:157] [basehttp:log_message] [INFO]- "GET /user/role/?username=admin&application=sys HTTP/1.1" 200 997
[2020-06-15 15:09:52,977] [basehttp.py:157] [basehttp:log_message] [INFO]- "GET /user/?current_page=1&pre_page=10 HTTP/1.1" 200 19868
[2020-06-15 15:09:55,902] [basehttp.py:157] [basehttp:log_message] [INFO]- "GET /user/role/?username=admin&application=sys HTTP/1.1" 200 997
[2020-06-15 15:09:55,960] [basehttp.py:157] [basehttp:log_message] [INFO]- "GET /user/?current_page=1&pre_page=10 HTTP/1.1" 200 19868
[2020-06-15 15:17:19,777] [basehttp.py:157] [basehttp:log_message] [INFO]- "OPTIONS /user/?current_page=1&pre_page=10 HTTP/1.1" 200 0
[2020-06-15 15:17:20,721] [basehttp.py:157] [basehttp:log_message] [INFO]- "GET /user/?current_page=1&pre_page=10 HTTP/1.1" 200 19868
[2020-06-15 15:17:28,566] [basehttp.py:157] [basehttp:log_message] [INFO]- "GET /user/?current_page=1&pre_page=10 HTTP/1.1" 200 19868
[2020-06-15 16:32:08,893] [basehttp.py:157] [basehttp:log_message] [INFO]- "OPTIONS /user/?current_page=1&pre_page=10 HTTP/1.1" 200 0
[2020-06-15 16:32:08,895] [basehttp.py:157] [basehttp:log_message] [INFO]- "OPTIONS /user/role?username=admin&application=sys HTTP/1.1" 200 0
[2020-06-15 16:32:09,558] [basehttp.py:157] [basehttp:log_message] [INFO]- "OPTIONS /user/role/?username=admin&application=sys HTTP/1.1" 200 0
[2020-06-15 16:32:09,987] [basehttp.py:157] [basehttp:log_message] [INFO]- "GET /user/role/?username=admin&application=sys HTTP/1.1" 200 997
[2020-06-15 16:32:10,093] [basehttp.py:157] [basehttp:log_message] [INFO]- "GET /user/?current_page=1&pre_page=10 HTTP/1.1" 200 19868
[2020-06-15 16:32:13,000] [basehttp.py:157] [basehttp:log_message] [INFO]- "OPTIONS /role/?current_page=1&pre_page=10 HTTP/1.1" 200 0
[2020-06-15 16:32:13,044] [basehttp.py:157] [basehttp:log_message] [INFO]- "GET /role/?current_page=1&pre_page=10 HTTP/1.1" 200 4124
[2020-06-15 16:32:14,757] [basehttp.py:157] [basehttp:log_message] [INFO]- "GET /user/?current_page=1&pre_page=10 HTTP/1.1" 200 19868
[2020-06-15 16:32:18,260] [basehttp.py:157] [basehttp:log_message] [INFO]- "GET /user/?current_page=1&pre_page=10 HTTP/1.1" 200 19868
[2020-06-15 16:32:18,814] [basehttp.py:157] [basehttp:log_message] [INFO]- "OPTIONS /menu/?current_page=1&pre_page=10 HTTP/1.1" 200 0
[2020-06-15 16:32:18,841] [basehttp.py:157] [basehttp:log_message] [INFO]- "GET /menu/?current_page=1&pre_page=10 HTTP/1.1" 200 1834
[2020-06-15 16:32:20,002] [basehttp.py:157] [basehttp:log_message] [INFO]- "GET /role/?current_page=1&pre_page=10 HTTP/1.1" 200 4124
[2020-06-15 16:32:21,408] [basehttp.py:157] [basehttp:log_message] [INFO]- "GET /user/?current_page=1&pre_page=10 HTTP/1.1" 200 19868
[2020-06-15 16:32:22,667] [basehttp.py:157] [basehttp:log_message] [INFO]- "GET /role/?current_page=1&pre_page=10 HTTP/1.1" 200 4124
[2020-06-15 16:32:25,204] [basehttp.py:157] [basehttp:log_message] [INFO]- "GET /user/?current_page=1&pre_page=10 HTTP/1.1" 200 19868
[2020-06-15 16:32:26,715] [basehttp.py:157] [basehttp:log_message] [INFO]- "OPTIONS /role/ HTTP/1.1" 200 0
[2020-06-15 16:32:26,760] [basehttp.py:157] [basehttp:log_message] [INFO]- "GET /role/ HTTP/1.1" 200 4053
[2020-06-15 16:32:29,389] [basehttp.py:157] [basehttp:log_message] [INFO]- "GET /role/ HTTP/1.1" 200 4053
[2020-06-15 16:32:31,873] [basehttp.py:157] [basehttp:log_message] [INFO]- "GET /role/ HTTP/1.1" 200 4053
[2020-06-15 16:33:22,351] [basehttp.py:157] [basehttp:log_message] [INFO]- "GET /user/role/?username=admin&application=sys HTTP/1.1" 200 997
[2020-06-15 16:33:22,423] [basehttp.py:157] [basehttp:log_message] [INFO]- "GET /user/?current_page=1&pre_page=10 HTTP/1.1" 200 19868
[2020-06-15 16:33:54,539] [basehttp.py:157] [basehttp:log_message] [INFO]- "GET /role/ HTTP/1.1" 200 4053
[2020-06-15 16:34:01,665] [basehttp.py:157] [basehttp:log_message] [INFO]- "GET /role/ HTTP/1.1" 200 4053
[2020-06-15 16:34:04,112] [basehttp.py:157] [basehttp:log_message] [INFO]- "GET /role/?current_page=1&pre_page=10 HTTP/1.1" 200 4124
[2020-06-15 16:34:05,337] [basehttp.py:157] [basehttp:log_message] [INFO]- "OPTIONS /menu/ HTTP/1.1" 200 0
[2020-06-15 16:34:05,340] [basehttp.py:157] [basehttp:log_message] [INFO]- "OPTIONS /role/?name=%E7%AE%A1%E7%90%86%E5%91%98 HTTP/1.1" 200 0
[2020-06-15 16:34:05,377] [basehttp.py:157] [basehttp:log_message] [INFO]- "GET /menu/ HTTP/1.1" 200 1763
[2020-06-15 16:34:05,382] [basehttp.py:157] [basehttp:log_message] [INFO]- "GET /role/?name=%E7%AE%A1%E7%90%86%E5%91%98 HTTP/1.1" 200 879
[2020-06-15 16:34:09,258] [basehttp.py:157] [basehttp:log_message] [INFO]- "GET /user/?current_page=1&pre_page=10 HTTP/1.1" 200 19868
[2020-06-15 16:35:08,299] [basehttp.py:157] [basehttp:log_message] [INFO]- "GET /role/?current_page=1&pre_page=10 HTTP/1.1" 200 4124
[2020-06-15 16:35:09,792] [basehttp.py:157] [basehttp:log_message] [INFO]- "GET /user/?current_page=1&pre_page=10 HTTP/1.1" 200 19868
[2020-06-15 16:35:13,349] [basehttp.py:157] [basehttp:log_message] [INFO]- "GET /role/ HTTP/1.1" 200 4053
[2020-06-15 16:35:17,965] [basehttp.py:157] [basehttp:log_message] [INFO]- "GET /role/ HTTP/1.1" 200 4053
[2020-06-15 16:35:24,099] [basehttp.py:157] [basehttp:log_message] [INFO]- "GET /role/?current_page=1&pre_page=10 HTTP/1.1" 200 4124
[2020-06-15 16:35:25,718] [basehttp.py:157] [basehttp:log_message] [INFO]- "OPTIONS /role/?name=%E8%B6%85%E7%BA%A7%E7%AE%A1%E7%90%86%E5%91%98 HTTP/1.1" 200 0
[2020-06-15 16:35:25,733] [basehttp.py:157] [basehttp:log_message] [INFO]- "GET /menu/ HTTP/1.1" 200 1763
[2020-06-15 16:35:25,754] [basehttp.py:157] [basehttp:log_message] [INFO]- "GET /role/?name=%E8%B6%85%E7%BA%A7%E7%AE%A1%E7%90%86%E5%91%98 HTTP/1.1" 200 1901
[2020-06-15 16:35:38,951] [basehttp.py:157] [basehttp:log_message] [INFO]- "GET /menu/ HTTP/1.1" 200 1763
[2020-06-15 16:35:38,963] [basehttp.py:157] [basehttp:log_message] [INFO]- "GET /role/?name=%E7%AE%A1%E7%90%86%E5%91%98 HTTP/1.1" 200 879
[2020-06-15 16:37:28,226] [basehttp.py:157] [basehttp:log_message] [INFO]- "GET /user/?current_page=1&pre_page=10 HTTP/1.1" 200 19868
[2020-06-15 16:37:29,414] [basehttp.py:157] [basehttp:log_message] [INFO]- "GET /role/ HTTP/1.1" 200 4053
[2020-06-15 16:37:32,608] [basehttp.py:157] [basehttp:log_message] [INFO]- "GET /role/ HTTP/1.1" 200 4053
[2020-06-15 16:37:35,877] [basehttp.py:157] [basehttp:log_message] [INFO]- "GET /role/ HTTP/1.1" 200 4053
[2020-06-15 16:37:38,036] [basehttp.py:157] [basehttp:log_message] [INFO]- "GET /role/ HTTP/1.1" 200 4053
[2020-06-15 16:37:43,281] [basehttp.py:157] [basehttp:log_message] [INFO]- "GET /role/ HTTP/1.1" 200 4053
[2020-06-15 16:37:47,605] [basehttp.py:157] [basehttp:log_message] [INFO]- "OPTIONS /user/?current_page=2&pre_page=10 HTTP/1.1" 200 0
[2020-06-15 16:37:47,681] [basehttp.py:157] [basehttp:log_message] [INFO]- "GET /user/?current_page=2&pre_page=10 HTTP/1.1" 200 10157
[2020-06-15 16:37:48,915] [basehttp.py:157] [basehttp:log_message] [INFO]- "GET /role/ HTTP/1.1" 200 4053
[2020-06-15 16:37:54,584] [basehttp.py:157] [basehttp:log_message] [INFO]- "GET /role/ HTTP/1.1" 200 4053
[2020-06-15 16:37:57,391] [basehttp.py:157] [basehttp:log_message] [INFO]- "GET /role/ HTTP/1.1" 200 4053
[2020-06-15 16:37:59,686] [basehttp.py:157] [basehttp:log_message] [INFO]- "GET /role/ HTTP/1.1" 200 4053
[2020-06-15 16:41:23,399] [autoreload.py:222] [autoreload:trigger_reload] [INFO]- /home/rock/quality_inspection/python-workspace/project-sys/sys_auth/models.py changed, reloading.
[2020-06-15 16:41:35,790] [autoreload.py:598] [autoreload:run_with_reloader] [INFO]- Watching for file changes with StatReloader
[2020-06-15 16:50:36,862] [autoreload.py:598] [autoreload:run_with_reloader] [INFO]- Watching for file changes with StatReloader
[2020-06-15 16:50:43,900] [basehttp.py:157] [basehttp:log_message] [INFO]- "OPTIONS /role/?current_page=1&pre_page=10 HTTP/1.1" 200 0
[2020-06-15 16:50:43,901] [basehttp.py:157] [basehttp:log_message] [INFO]- "OPTIONS /user/role?username=admin&application=sys HTTP/1.1" 200 0
[2020-06-15 16:50:43,926] [basehttp.py:157] [basehttp:log_message] [INFO]- "OPTIONS /user/role/?username=admin&application=sys HTTP/1.1" 200 0
[2020-06-15 16:50:43,974] [basehttp.py:157] [basehttp:log_message] [INFO]- "GET /role/?current_page=1&pre_page=10 HTTP/1.1" 200 4330
[2020-06-15 16:50:43,993] [basehttp.py:157] [basehttp:log_message] [INFO]- "GET /user/role/?username=admin&application=sys HTTP/1.1" 200 1054
[2020-06-15 16:50:54,223] [basehttp.py:157] [basehttp:log_message] [INFO]- "OPTIONS /user/?current_page=1&pre_page=10 HTTP/1.1" 200 0
[2020-06-15 16:50:54,371] [basehttp.py:157] [basehttp:log_message] [INFO]- "GET /user/?current_page=1&pre_page=10 HTTP/1.1" 200 20754
[2020-06-15 16:53:22,881] [basehttp.py:157] [basehttp:log_message] [INFO]- "GET /role/?current_page=1&pre_page=10 HTTP/1.1" 200 4330
[2020-06-15 16:53:24,683] [basehttp.py:157] [basehttp:log_message] [INFO]- "GET /user/?current_page=1&pre_page=10 HTTP/1.1" 200 20754
[2020-06-15 16:53:26,174] [basehttp.py:157] [basehttp:log_message] [INFO]- "GET /role/?current_page=1&pre_page=10 HTTP/1.1" 200 4330
[2020-06-15 16:55:36,720] [basehttp.py:157] [basehttp:log_message] [INFO]- "OPTIONS /menu/?current_page=1&pre_page=10 HTTP/1.1" 200 0
[2020-06-15 16:55:36,753] [basehttp.py:157] [basehttp:log_message] [INFO]- "GET /menu/?current_page=1&pre_page=10 HTTP/1.1" 200 2686
[2020-06-15 17:12:35,859] [basehttp.py:157] [basehttp:log_message] [INFO]- "OPTIONS /user/role?username=admin&application=sys HTTP/1.1" 200 0
[2020-06-15 17:12:35,860] [basehttp.py:157] [basehttp:log_message] [INFO]- "OPTIONS /menu/?current_page=1&pre_page=10 HTTP/1.1" 200 0
[2020-06-15 17:12:35,900] [basehttp.py:157] [basehttp:log_message] [INFO]- "OPTIONS /user/role/?username=admin&application=sys HTTP/1.1" 200 0
[2020-06-15 17:12:35,917] [basehttp.py:157] [basehttp:log_message] [INFO]- "GET /menu/?current_page=1&pre_page=10 HTTP/1.1" 200 2686
[2020-06-15 17:12:35,968] [basehttp.py:157] [basehttp:log_message] [INFO]- "GET /user/role/?username=admin&application=sys HTTP/1.1" 200 1054
[2020-06-15 17:12:37,551] [basehttp.py:157] [basehttp:log_message] [INFO]- "OPTIONS /role/?current_page=1&pre_page=10 HTTP/1.1" 200 0
[2020-06-15 17:12:37,597] [basehttp.py:157] [basehttp:log_message] [INFO]- "GET /role/?current_page=1&pre_page=10 HTTP/1.1" 200 4330
[2020-06-15 17:12:39,132] [basehttp.py:157] [basehttp:log_message] [INFO]- "OPTIONS /user/?current_page=1&pre_page=10 HTTP/1.1" 200 0
[2020-06-15 17:12:39,275] [basehttp.py:157] [basehttp:log_message] [INFO]- "GET /user/?current_page=1&pre_page=10 HTTP/1.1" 200 20754
[2020-06-15 17:12:43,675] [basehttp.py:157] [basehttp:log_message] [INFO]- "GET /user/?current_page=1&pre_page=10 HTTP/1.1" 200 20754
[2020-06-15 17:12:45,256] [basehttp.py:157] [basehttp:log_message] [INFO]- "OPTIONS /role/ HTTP/1.1" 200 0
[2020-06-15 17:12:45,310] [basehttp.py:157] [basehttp:log_message] [INFO]- "GET /role/ HTTP/1.1" 200 4259
[2020-06-15 17:12:48,866] [basehttp.py:157] [basehttp:log_message] [INFO]- "GET /role/?current_page=1&pre_page=10 HTTP/1.1" 200 4330
[2020-06-15 17:12:50,503] [basehttp.py:157] [basehttp:log_message] [INFO]- "OPTIONS /menu/ HTTP/1.1" 200 0
[2020-06-15 17:12:50,504] [basehttp.py:157] [basehttp:log_message] [INFO]- "OPTIONS /role/?name=%E8%B6%85%E7%BA%A7%E7%AE%A1%E7%90%86%E5%91%98 HTTP/1.1" 200 0
[2020-06-15 17:12:50,551] [basehttp.py:157] [basehttp:log_message] [INFO]- "GET /menu/ HTTP/1.1" 200 5441
[2020-06-15 17:12:50,565] [basehttp.py:157] [basehttp:log_message] [INFO]- "GET /role/?name=%E8%B6%85%E7%BA%A7%E7%AE%A1%E7%90%86%E5%91%98 HTTP/1.1" 200 1991
[2020-06-15 17:12:53,708] [basehttp.py:157] [basehttp:log_message] [INFO]- "OPTIONS /role/?name=%E6%99%AE%E9%80%9A%E7%94%A8%E6%88%B7 HTTP/1.1" 200 0
[2020-06-15 17:12:53,733] [basehttp.py:157] [basehttp:log_message] [INFO]- "GET /menu/ HTTP/1.1" 200 5441
[2020-06-15 17:12:53,746] [basehttp.py:157] [basehttp:log_message] [INFO]- "GET /role/?name=%E6%99%AE%E9%80%9A%E7%94%A8%E6%88%B7 HTTP/1.1" 200 927
[2020-06-15 17:12:57,413] [basehttp.py:157] [basehttp:log_message] [INFO]- "OPTIONS /role/?name=%E5%BC%80%E5%8F%91%E4%BA%BA%E5%91%98 HTTP/1.1" 200 0
[2020-06-15 17:12:57,449] [basehttp.py:157] [basehttp:log_message] [INFO]- "GET /menu/ HTTP/1.1" 200 5441
[2020-06-15 17:12:57,451] [basehttp.py:157] [basehttp:log_message] [INFO]- "GET /role/?name=%E5%BC%80%E5%8F%91%E4%BA%BA%E5%91%98 HTTP/1.1" 200 419
[2020-06-15 17:13:03,062] [basehttp.py:157] [basehttp:log_message] [INFO]- "GET /menu/ HTTP/1.1" 200 5441
[2020-06-15 17:13:03,065] [basehttp.py:157] [basehttp:log_message] [INFO]- "GET /role/?name=%E6%99%AE%E9%80%9A%E7%94%A8%E6%88%B7 HTTP/1.1" 200 927
[2020-06-15 17:13:11,689] [basehttp.py:157] [basehttp:log_message] [INFO]- "GET /menu/?current_page=1&pre_page=10 HTTP/1.1" 200 2686
[2020-06-15 22:49:04,477] [basehttp.py:157] [basehttp:log_message] [INFO]- "OPTIONS /role/?current_page=1&pre_page=10 HTTP/1.1" 200 0
[2020-06-15 22:49:05,341] [basehttp.py:157] [basehttp:log_message] [INFO]- "GET /role/?current_page=1&pre_page=10 HTTP/1.1" 200 4330
[2020-06-15 22:49:06,679] [basehttp.py:157] [basehttp:log_message] [INFO]- "OPTIONS /user/?current_page=1&pre_page=10 HTTP/1.1" 200 0
[2020-06-15 22:49:06,846] [basehttp.py:157] [basehttp:log_message] [INFO]- "GET /user/?current_page=1&pre_page=10 HTTP/1.1" 200 20754
[2020-06-15 22:49:07,958] [basehttp.py:157] [basehttp:log_message] [INFO]- "GET /role/?current_page=1&pre_page=10 HTTP/1.1" 200 4330
[2020-06-15 22:49:14,705] [basehttp.py:157] [basehttp:log_message] [INFO]- "OPTIONS /menu/?current_page=1&pre_page=10 HTTP/1.1" 200 0
[2020-06-15 22:49:14,735] [basehttp.py:157] [basehttp:log_message] [INFO]- "GET /menu/?current_page=1&pre_page=10 HTTP/1.1" 200 2686
[2020-06-15 23:21:27,506] [basehttp.py:157] [basehttp:log_message] [INFO]- "OPTIONS /user/role?username=admin&application=sys HTTP/1.1" 200 0
[2020-06-15 23:21:27,507] [basehttp.py:157] [basehttp:log_message] [INFO]- "OPTIONS /menu/?current_page=1&pre_page=10 HTTP/1.1" 200 0
[2020-06-15 23:21:27,561] [basehttp.py:157] [basehttp:log_message] [INFO]- "OPTIONS /user/role/?username=admin&application=sys HTTP/1.1" 200 0
[2020-06-15 23:21:27,562] [basehttp.py:157] [basehttp:log_message] [INFO]- "GET /menu/?current_page=1&pre_page=10 HTTP/1.1" 200 2686
[2020-06-15 23:21:27,588] [basehttp.py:157] [basehttp:log_message] [INFO]- "GET /user/role/?username=admin&application=sys HTTP/1.1" 200 1054
[2020-06-15 23:21:30,232] [basehttp.py:157] [basehttp:log_message] [INFO]- "OPTIONS /role/?current_page=1&pre_page=10 HTTP/1.1" 200 0
[2020-06-15 23:21:30,289] [basehttp.py:157] [basehttp:log_message] [INFO]- "GET /role/?current_page=1&pre_page=10 HTTP/1.1" 200 4330
[2020-06-15 23:21:32,410] [basehttp.py:157] [basehttp:log_message] [INFO]- "OPTIONS /menu/ HTTP/1.1" 200 0
[2020-06-15 23:21:32,411] [basehttp.py:157] [basehttp:log_message] [INFO]- "OPTIONS /role/?name=%E8%B6%85%E7%BA%A7%E7%AE%A1%E7%90%86%E5%91%98 HTTP/1.1" 200 0
[2020-06-15 23:21:32,469] [basehttp.py:157] [basehttp:log_message] [INFO]- "GET /menu/ HTTP/1.1" 200 5441
[2020-06-15 23:21:32,474] [basehttp.py:157] [basehttp:log_message] [INFO]- "GET /role/?name=%E8%B6%85%E7%BA%A7%E7%AE%A1%E7%90%86%E5%91%98 HTTP/1.1" 200 1991
[2020-06-15 23:22:00,819] [basehttp.py:157] [basehttp:log_message] [INFO]- "OPTIONS /role/1/assign_menu/ HTTP/1.1" 200 0
[2020-06-15 23:22:02,254] [basehttp.py:157] [basehttp:log_message] [INFO]- "PUT /role/1/assign_menu/ HTTP/1.1" 200 5324
[2020-06-15 23:22:02,409] [basehttp.py:157] [basehttp:log_message] [INFO]- "GET /role/?current_page=1&pre_page=10 HTTP/1.1" 200 7665
[2020-06-15 23:22:20,694] [basehttp.py:157] [basehttp:log_message] [INFO]- "OPTIONS /role/?name=%E7%AE%A1%E7%90%86%E5%91%98 HTTP/1.1" 200 0
[2020-06-15 23:22:20,729] [basehttp.py:157] [basehttp:log_message] [INFO]- "GET /menu/ HTTP/1.1" 200 5441
[2020-06-15 23:22:20,739] [basehttp.py:157] [basehttp:log_message] [INFO]- "GET /role/?name=%E7%AE%A1%E7%90%86%E5%91%98 HTTP/1.1" 200 925
[2020-06-15 23:22:51,189] [basehttp.py:157] [basehttp:log_message] [INFO]- "OPTIONS /role/2/assign_menu/ HTTP/1.1" 200 0
[2020-06-15 23:22:51,542] [basehttp.py:157] [basehttp:log_message] [INFO]- "PUT /role/2/assign_menu/ HTTP/1.1" 200 1943
[2020-06-15 23:22:51,718] [basehttp.py:157] [basehttp:log_message] [INFO]- "GET /role/?current_page=1&pre_page=10 HTTP/1.1" 200 8685
[2020-06-15 23:22:54,424] [basehttp.py:157] [basehttp:log_message] [INFO]- "OPTIONS /role/?name=%E6%99%AE%E9%80%9A%E7%94%A8%E6%88%B7 HTTP/1.1" 200 0
[2020-06-15 23:22:54,464] [basehttp.py:157] [basehttp:log_message] [INFO]- "GET /menu/ HTTP/1.1" 200 5441
[2020-06-15 23:22:54,480] [basehttp.py:157] [basehttp:log_message] [INFO]- "GET /role/?name=%E6%99%AE%E9%80%9A%E7%94%A8%E6%88%B7 HTTP/1.1" 200 927
[2020-06-15 23:23:07,596] [basehttp.py:157] [basehttp:log_message] [INFO]- "OPTIONS /role/3/assign_menu/ HTTP/1.1" 200 0
[2020-06-15 23:23:07,934] [basehttp.py:157] [basehttp:log_message] [INFO]- "PUT /role/3/assign_menu/ HTTP/1.1" 200 1431
[2020-06-15 23:23:08,092] [basehttp.py:157] [basehttp:log_message] [INFO]- "GET /role/?current_page=1&pre_page=10 HTTP/1.1" 200 9191
[2020-06-15 23:23:13,968] [basehttp.py:157] [basehttp:log_message] [INFO]- "OPTIONS /role/?name=%E5%BC%80%E5%8F%91%E4%BA%BA%E5%91%98 HTTP/1.1" 200 0
[2020-06-15 23:23:14,023] [basehttp.py:157] [basehttp:log_message] [INFO]- "GET /menu/ HTTP/1.1" 200 5441
[2020-06-15 23:23:14,035] [basehttp.py:157] [basehttp:log_message] [INFO]- "GET /role/?name=%E5%BC%80%E5%8F%91%E4%BA%BA%E5%91%98 HTTP/1.1" 200 419
[2020-06-15 23:23:18,538] [basehttp.py:157] [basehttp:log_message] [INFO]- "GET /menu/ HTTP/1.1" 200 5441
[2020-06-15 23:23:18,548] [basehttp.py:157] [basehttp:log_message] [INFO]- "GET /role/?name=%E6%99%AE%E9%80%9A%E7%94%A8%E6%88%B7 HTTP/1.1" 200 1433
[2020-06-15 23:23:23,586] [basehttp.py:157] [basehttp:log_message] [INFO]- "GET /menu/ HTTP/1.1" 200 5441
[2020-06-15 23:23:23,601] [basehttp.py:157] [basehttp:log_message] [INFO]- "GET /role/?name=%E8%B6%85%E7%BA%A7%E7%AE%A1%E7%90%86%E5%91%98 HTTP/1.1" 200 5326
[2020-06-15 23:23:29,321] [basehttp.py:157] [basehttp:log_message] [INFO]- "GET /menu/ HTTP/1.1" 200 5441
[2020-06-15 23:23:29,341] [basehttp.py:157] [basehttp:log_message] [INFO]- "GET /role/?name=%E8%B6%85%E7%BA%A7%E7%AE%A1%E7%90%86%E5%91%98 HTTP/1.1" 200 5326
[2020-06-15 23:23:51,225] [basehttp.py:157] [basehttp:log_message] [INFO]- "OPTIONS /user/?current_page=1&pre_page=10 HTTP/1.1" 200 0
[2020-06-15 23:23:51,447] [basehttp.py:157] [basehttp:log_message] [INFO]- "GET /user/?current_page=1&pre_page=10 HTTP/1.1" 200 45848
[2020-06-15 23:24:50,272] [basehttp.py:157] [basehttp:log_message] [INFO]- "OPTIONS /user/?current_page=2&pre_page=10 HTTP/1.1" 200 0
[2020-06-15 23:24:50,354] [basehttp.py:157] [basehttp:log_message] [INFO]- "GET /user/?current_page=2&pre_page=10 HTTP/1.1" 200 20795
[2020-06-15 23:24:51,102] [basehttp.py:157] [basehttp:log_message] [INFO]- "OPTIONS /user/?current_page=3&pre_page=10 HTTP/1.1" 200 0
[2020-06-15 23:24:51,157] [basehttp.py:157] [basehttp:log_message] [INFO]- "GET /user/?current_page=3&pre_page=10 HTTP/1.1" 200 1945
[2020-06-15 23:24:51,599] [basehttp.py:157] [basehttp:log_message] [INFO]- "OPTIONS /user/?current_page=4&pre_page=10 HTTP/1.1" 200 0
[2020-06-15 23:24:51,687] [basehttp.py:157] [basehttp:log_message] [INFO]- "GET /user/?current_page=4&pre_page=10 HTTP/1.1" 200 12554
[2020-06-15 23:24:52,051] [basehttp.py:157] [basehttp:log_message] [INFO]- "OPTIONS /user/?current_page=5&pre_page=10 HTTP/1.1" 200 0
[2020-06-15 23:24:52,097] [basehttp.py:157] [basehttp:log_message] [INFO]- "GET /user/?current_page=5&pre_page=10 HTTP/1.1" 200 2623
[2020-06-15 23:24:55,152] [basehttp.py:157] [basehttp:log_message] [INFO]- "GET /user/?current_page=4&pre_page=10 HTTP/1.1" 200 12554
[2020-06-15 23:24:57,306] [basehttp.py:157] [basehttp:log_message] [INFO]- "GET /user/?current_page=3&pre_page=10 HTTP/1.1" 200 1945
[2020-06-15 23:24:57,868] [basehttp.py:157] [basehttp:log_message] [INFO]- "GET /user/?current_page=2&pre_page=10 HTTP/1.1" 200 20795
[2020-06-15 23:24:58,330] [basehttp.py:157] [basehttp:log_message] [INFO]- "GET /user/?current_page=1&pre_page=10 HTTP/1.1" 200 45848
[2020-06-15 23:24:59,659] [basehttp.py:157] [basehttp:log_message] [INFO]- "GET /user/?current_page=2&pre_page=10 HTTP/1.1" 200 20795
[2020-06-15 23:24:59,911] [basehttp.py:157] [basehttp:log_message] [INFO]- "GET /user/?current_page=3&pre_page=10 HTTP/1.1" 200 1945
[2020-06-15 23:25:00,234] [basehttp.py:157] [basehttp:log_message] [INFO]- "GET /user/?current_page=4&pre_page=10 HTTP/1.1" 200 12554
[2020-06-15 23:25:00,305] [basehttp.py:157] [basehttp:log_message] [INFO]- "GET /user/?current_page=5&pre_page=10 HTTP/1.1" 200 2623
[2020-06-15 23:25:02,000] [basehttp.py:157] [basehttp:log_message] [INFO]- "GET /user/?current_page=4&pre_page=10 HTTP/1.1" 200 12554
[2020-06-15 23:25:04,424] [basehttp.py:157] [basehttp:log_message] [INFO]- "GET /user/?current_page=3&pre_page=10 HTTP/1.1" 200 1945
[2020-06-15 23:25:04,670] [basehttp.py:157] [basehttp:log_message] [INFO]- "GET /user/?current_page=2&pre_page=10 HTTP/1.1" 200 20795
[2020-06-15 23:25:04,854] [basehttp.py:157] [basehttp:log_message] [INFO]- "GET /user/?current_page=1&pre_page=10 HTTP/1.1" 200 45848
[2020-06-15 23:25:06,445] [basehttp.py:157] [basehttp:log_message] [INFO]- "GET /menu/?current_page=1&pre_page=10 HTTP/1.1" 200 2686
[2020-06-15 23:25:35,210] [basehttp.py:157] [basehttp:log_message] [INFO]- "GET /menu/?current_page=1&pre_page=10 HTTP/1.1" 200 2686
[2020-06-15 23:25:35,245] [basehttp.py:157] [basehttp:log_message] [INFO]- "GET /user/role/?username=admin&application=sys HTTP/1.1" 200 4389
[2020-06-15 23:25:50,056] [basehttp.py:157] [basehttp:log_message] [INFO]- "GET /role/?current_page=1&pre_page=10 HTTP/1.1" 200 9191
[2020-06-15 23:25:51,276] [basehttp.py:157] [basehttp:log_message] [INFO]- "GET /user/?current_page=1&pre_page=10 HTTP/1.1" 200 45848
[2020-06-15 23:25:52,944] [basehttp.py:157] [basehttp:log_message] [INFO]- "GET /menu/?current_page=1&pre_page=10 HTTP/1.1" 200 2686
[2020-06-15 23:25:57,658] [basehttp.py:157] [basehttp:log_message] [INFO]- "GET /user/?current_page=1&pre_page=10 HTTP/1.1" 200 45848
[2020-06-15 23:27:52,747] [basehttp.py:157] [basehttp:log_message] [INFO]- "GET /user/role/?username=admin&application=sys HTTP/1.1" 200 1311
[2020-06-15 23:27:52,838] [basehttp.py:157] [basehttp:log_message] [INFO]- "GET /user/?current_page=1&pre_page=10 HTTP/1.1" 200 45572
[2020-06-15 23:28:01,274] [basehttp.py:157] [basehttp:log_message] [INFO]- "GET /user/role/?username=admin&application=sys HTTP/1.1" 200 1054
[2020-06-15 23:28:01,375] [basehttp.py:157] [basehttp:log_message] [INFO]- "GET /user/?current_page=1&pre_page=10 HTTP/1.1" 200 45554
[2020-06-15 23:28:05,059] [basehttp.py:157] [basehttp:log_message] [INFO]- "GET /menu/?current_page=1&pre_page=10 HTTP/1.1" 200 2677
[2020-06-15 23:33:42,541] [basehttp.py:157] [basehttp:log_message] [INFO]- "OPTIONS /role/?current_page=1&pre_page=10 HTTP/1.1" 200 0
[2020-06-15 23:33:43,219] [basehttp.py:157] [basehttp:log_message] [INFO]- "GET /role/?current_page=1&pre_page=10 HTTP/1.1" 200 9134
[2020-06-15 23:33:45,033] [basehttp.py:157] [basehttp:log_message] [INFO]- "OPTIONS /menu/?current_page=1&pre_page=10 HTTP/1.1" 200 0
[2020-06-15 23:33:45,068] [basehttp.py:157] [basehttp:log_message] [INFO]- "GET /menu/?current_page=1&pre_page=10 HTTP/1.1" 200 2677
[2020-06-15 23:37:15,490] [basehttp.py:157] [basehttp:log_message] [INFO]- "GET /menu/?current_page=1&pre_page=10 HTTP/1.1" 200 2677
[2020-06-15 23:37:19,176] [basehttp.py:157] [basehttp:log_message] [INFO]- "OPTIONS /menu/?current_page=2&pre_page=10 HTTP/1.1" 200 0
[2020-06-15 23:37:19,224] [basehttp.py:157] [basehttp:log_message] [INFO]- "GET /menu/?current_page=2&pre_page=10 HTTP/1.1" 200 2613
[2020-06-15 23:37:20,428] [basehttp.py:157] [basehttp:log_message] [INFO]- "OPTIONS /menu/?current_page=3&pre_page=10 HTTP/1.1" 200 0
[2020-06-15 23:37:20,476] [basehttp.py:157] [basehttp:log_message] [INFO]- "GET /menu/?current_page=3&pre_page=10 HTTP/1.1" 200 327
[2020-06-15 23:37:23,810] [basehttp.py:157] [basehttp:log_message] [INFO]- "GET /menu/?current_page=1&pre_page=10 HTTP/1.1" 200 2677
[2020-06-15 23:37:39,588] [basehttp.py:157] [basehttp:log_message] [INFO]- "GET /menu/?current_page=2&pre_page=10 HTTP/1.1" 200 2613
[2020-06-15 23:37:42,127] [basehttp.py:157] [basehttp:log_message] [INFO]- "GET /menu/?current_page=1&pre_page=10 HTTP/1.1" 200 2677
[2020-06-15 23:41:14,708] [basehttp.py:157] [basehttp:log_message] [INFO]- "GET /menu/?current_page=2&pre_page=10 HTTP/1.1" 200 2613
[2020-06-15 23:41:15,946] [basehttp.py:157] [basehttp:log_message] [INFO]- "GET /menu/?current_page=3&pre_page=10 HTTP/1.1" 200 327
[2020-06-15 23:41:17,662] [basehttp.py:157] [basehttp:log_message] [INFO]- "GET /menu/?current_page=1&pre_page=10 HTTP/1.1" 200 2677
[2020-06-15 23:41:19,271] [basehttp.py:157] [basehttp:log_message] [INFO]- "GET /menu/?current_page=2&pre_page=10 HTTP/1.1" 200 2613
[2020-06-15 23:41:20,816] [basehttp.py:157] [basehttp:log_message] [INFO]- "GET /menu/?current_page=3&pre_page=10 HTTP/1.1" 200 327
[2020-06-15 23:41:22,083] [basehttp.py:157] [basehttp:log_message] [INFO]- "GET /menu/?current_page=1&pre_page=10 HTTP/1.1" 200 2677
[2020-06-15 23:42:41,449] [basehttp.py:157] [basehttp:log_message] [INFO]- "OPTIONS /user/?current_page=1&pre_page=10 HTTP/1.1" 200 0
[2020-06-15 23:42:41,864] [basehttp.py:157] [basehttp:log_message] [INFO]- "GET /user/?current_page=1&pre_page=10 HTTP/1.1" 200 45554
[2020-06-15 23:42:49,332] [basehttp.py:157] [basehttp:log_message] [INFO]- "GET /menu/?current_page=1&pre_page=10 HTTP/1.1" 200 2677
[2020-06-15 23:43:01,121] [basehttp.py:157] [basehttp:log_message] [INFO]- "GET /menu/?current_page=2&pre_page=10 HTTP/1.1" 200 2613
[2020-06-15 23:43:02,556] [basehttp.py:157] [basehttp:log_message] [INFO]- "GET /menu/?current_page=3&pre_page=10 HTTP/1.1" 200 327
[2020-06-15 23:43:04,945] [basehttp.py:157] [basehttp:log_message] [INFO]- "GET /menu/?current_page=1&pre_page=10 HTTP/1.1" 200 2677
[2020-06-15 23:43:07,301] [basehttp.py:157] [basehttp:log_message] [INFO]- "GET /role/?current_page=1&pre_page=10 HTTP/1.1" 200 9134
[2020-06-16 00:08:02,993] [basehttp.py:157] [basehttp:log_message] [INFO]- "OPTIONS /user/role?username=admin&application=sys HTTP/1.1" 200 0
[2020-06-16 00:08:03,029] [basehttp.py:157] [basehttp:log_message] [INFO]- "OPTIONS /user/role/?username=admin&application=sys HTTP/1.1" 200 0
[2020-06-16 00:08:03,239] [basehttp.py:157] [basehttp:log_message] [INFO]- "GET /user/role/?username=admin&application=sys HTTP/1.1" 200 1054
[2020-06-16 00:08:17,401] [basehttp.py:157] [basehttp:log_message] [INFO]- "GET /user/role/?username=admin&application=sys HTTP/1.1" 200 1054
[2020-06-16 00:08:31,164] [basehttp.py:157] [basehttp:log_message] [INFO]- "GET /user/role/?username=admin&application=sys HTTP/1.1" 200 1054
[2020-06-16 00:08:49,288] [basehttp.py:157] [basehttp:log_message] [INFO]- "GET /user/role/?username=admin&application=sys HTTP/1.1" 200 1054
[2020-06-16 00:09:38,756] [basehttp.py:157] [basehttp:log_message] [INFO]- "OPTIONS /role/?current_page=1&pre_page=10 HTTP/1.1" 200 0
[2020-06-16 00:09:38,804] [basehttp.py:157] [basehttp:log_message] [INFO]- "GET /user/role/?username=admin&application=sys HTTP/1.1" 200 1054
[2020-06-16 00:09:38,835] [basehttp.py:157] [basehttp:log_message] [INFO]- "GET /role/?current_page=1&pre_page=10 HTTP/1.1" 200 9134
[2020-06-16 00:13:27,693] [basehttp.py:157] [basehttp:log_message] [INFO]- "OPTIONS /auth/ HTTP/1.1" 200 0
[2020-06-16 00:13:28,411] [basehttp.py:157] [basehttp:log_message] [INFO]- "POST /auth/ HTTP/1.1" 200 65
[2020-06-16 00:13:30,610] [basehttp.py:157] [basehttp:log_message] [INFO]- "GET /user/role/?username=admin&application=sys HTTP/1.1" 200 1054
[2020-06-16 00:13:32,419] [basehttp.py:157] [basehttp:log_message] [INFO]- "OPTIONS /user/?current_page=1&pre_page=10 HTTP/1.1" 200 0
[2020-06-16 00:13:32,702] [basehttp.py:157] [basehttp:log_message] [INFO]- "GET /user/?current_page=1&pre_page=10 HTTP/1.1" 200 45554
[2020-06-16 00:13:47,938] [basehttp.py:157] [basehttp:log_message] [INFO]- "GET /role/?current_page=1&pre_page=10 HTTP/1.1" 200 9134
[2020-06-16 00:13:49,158] [basehttp.py:157] [basehttp:log_message] [INFO]- "GET /user/?current_page=1&pre_page=10 HTTP/1.1" 200 45554
[2020-06-16 00:14:39,308] [basehttp.py:157] [basehttp:log_message] [INFO]- "GET /user/role/?username=admin&application=sys HTTP/1.1" 200 1054
[2020-06-16 00:14:39,476] [basehttp.py:157] [basehttp:log_message] [INFO]- "GET /user/?current_page=1&pre_page=10 HTTP/1.1" 200 45554
[2020-06-16 09:06:28,303] [basehttp.py:157] [basehttp:log_message] [INFO]- "OPTIONS /user/role?username=admin&application=sys HTTP/1.1" 200 0
[2020-06-16 09:06:28,420] [basehttp.py:157] [basehttp:log_message] [INFO]- "OPTIONS /user/role/?username=admin&application=sys HTTP/1.1" 200 0
[2020-06-16 09:06:28,524] [basehttp.py:157] [basehttp:log_message] [INFO]- "GET /user/role/?username=admin&application=sys HTTP/1.1" 200 1054
[2020-06-16 09:06:49,993] [basehttp.py:157] [basehttp:log_message] [INFO]- "GET /user/role/?username=admin&application=sys HTTP/1.1" 200 1054
[2020-06-16 09:06:50,516] [basehttp.py:157] [basehttp:log_message] [INFO]- "GET /user/?current_page=1&pre_page=10 HTTP/1.1" 200 45554
[2020-06-16 09:16:21,130] [basehttp.py:157] [basehttp:log_message] [INFO]- "OPTIONS /menu/?current_page=1&pre_page=10 HTTP/1.1" 200 0
[2020-06-16 09:16:21,683] [basehttp.py:157] [basehttp:log_message] [INFO]- "GET /menu/?current_page=1&pre_page=10 HTTP/1.1" 200 2677
[2020-06-16 09:16:24,307] [basehttp.py:157] [basehttp:log_message] [INFO]- "OPTIONS /role/?current_page=1&pre_page=10 HTTP/1.1" 200 0
[2020-06-16 09:16:24,398] [basehttp.py:157] [basehttp:log_message] [INFO]- "GET /role/?current_page=1&pre_page=10 HTTP/1.1" 200 9134
[2020-06-16 09:16:25,676] [basehttp.py:157] [basehttp:log_message] [INFO]- "GET /menu/?current_page=1&pre_page=10 HTTP/1.1" 200 2677
[2020-06-16 09:16:28,353] [basehttp.py:157] [basehttp:log_message] [INFO]- "OPTIONS /user/?current_page=1&pre_page=10 HTTP/1.1" 200 0
[2020-06-16 09:16:28,549] [basehttp.py:157] [basehttp:log_message] [INFO]- "GET /user/?current_page=1&pre_page=10 HTTP/1.1" 200 45554
[2020-06-16 09:16:29,629] [basehttp.py:157] [basehttp:log_message] [INFO]- "GET /menu/?current_page=1&pre_page=10 HTTP/1.1" 200 2677
[2020-06-16 09:16:30,764] [basehttp.py:157] [basehttp:log_message] [INFO]- "GET /user/?current_page=1&pre_page=10 HTTP/1.1" 200 45554
[2020-06-16 09:16:33,085] [basehttp.py:157] [basehttp:log_message] [INFO]- "GET /role/?current_page=1&pre_page=10 HTTP/1.1" 200 9134
[2020-06-16 09:16:34,058] [basehttp.py:157] [basehttp:log_message] [INFO]- "GET /user/?current_page=1&pre_page=10 HTTP/1.1" 200 45554
[2020-06-16 09:16:37,550] [basehttp.py:157] [basehttp:log_message] [INFO]- "GET /role/?current_page=1&pre_page=10 HTTP/1.1" 200 9134
[2020-06-16 09:16:38,600] [basehttp.py:157] [basehttp:log_message] [INFO]- "GET /user/?current_page=1&pre_page=10 HTTP/1.1" 200 45554
[2020-06-16 09:16:39,994] [basehttp.py:157] [basehttp:log_message] [INFO]- "GET /role/?current_page=1&pre_page=10 HTTP/1.1" 200 9134
[2020-06-16 09:16:41,491] [basehttp.py:157] [basehttp:log_message] [INFO]- "GET /user/?current_page=1&pre_page=10 HTTP/1.1" 200 45554
[2020-06-16 09:16:42,797] [basehttp.py:157] [basehttp:log_message] [INFO]- "GET /menu/?current_page=1&pre_page=10 HTTP/1.1" 200 2677
[2020-06-16 09:16:43,929] [basehttp.py:157] [basehttp:log_message] [INFO]- "GET /user/?current_page=1&pre_page=10 HTTP/1.1" 200 45554
[2020-06-16 09:16:45,345] [basehttp.py:157] [basehttp:log_message] [INFO]- "GET /menu/?current_page=1&pre_page=10 HTTP/1.1" 200 2677
[2020-06-16 09:16:46,821] [basehttp.py:157] [basehttp:log_message] [INFO]- "GET /user/?current_page=1&pre_page=10 HTTP/1.1" 200 45554
[2020-06-16 09:16:48,068] [basehttp.py:157] [basehttp:log_message] [INFO]- "GET /menu/?current_page=1&pre_page=10 HTTP/1.1" 200 2677
[2020-06-16 09:16:48,995] [basehttp.py:157] [basehttp:log_message] [INFO]- "GET /user/?current_page=1&pre_page=10 HTTP/1.1" 200 45554
[2020-06-16 09:16:50,176] [basehttp.py:157] [basehttp:log_message] [INFO]- "GET /menu/?current_page=1&pre_page=10 HTTP/1.1" 200 2677
[2020-06-16 09:16:51,360] [basehttp.py:157] [basehttp:log_message] [INFO]- "GET /user/?current_page=1&pre_page=10 HTTP/1.1" 200 45554
[2020-06-16 09:16:52,974] [basehttp.py:157] [basehttp:log_message] [INFO]- "GET /menu/?current_page=1&pre_page=10 HTTP/1.1" 200 2677
[2020-06-16 09:16:54,220] [basehttp.py:157] [basehttp:log_message] [INFO]- "GET /user/?current_page=1&pre_page=10 HTTP/1.1" 200 45554
[2020-06-16 09:17:01,003] [basehttp.py:157] [basehttp:log_message] [INFO]- "GET /role/?current_page=1&pre_page=10 HTTP/1.1" 200 9134
[2020-06-16 09:17:02,302] [basehttp.py:157] [basehttp:log_message] [INFO]- "GET /user/?current_page=1&pre_page=10 HTTP/1.1" 200 45554
[2020-06-16 09:17:03,420] [basehttp.py:157] [basehttp:log_message] [INFO]- "GET /menu/?current_page=1&pre_page=10 HTTP/1.1" 200 2677
[2020-06-16 09:17:14,449] [basehttp.py:157] [basehttp:log_message] [INFO]- "GET /user/?current_page=1&pre_page=10 HTTP/1.1" 200 45554
[2020-06-16 09:17:16,011] [basehttp.py:157] [basehttp:log_message] [INFO]- "GET /role/?current_page=1&pre_page=10 HTTP/1.1" 200 9134
[2020-06-16 09:17:17,371] [basehttp.py:157] [basehttp:log_message] [INFO]- "GET /user/?current_page=1&pre_page=10 HTTP/1.1" 200 45554
[2020-06-16 09:17:19,843] [basehttp.py:157] [basehttp:log_message] [INFO]- "GET /role/?current_page=1&pre_page=10 HTTP/1.1" 200 9134
[2020-06-16 09:17:20,817] [basehttp.py:157] [basehttp:log_message] [INFO]- "GET /user/?current_page=1&pre_page=10 HTTP/1.1" 200 45554
[2020-06-16 09:18:02,111] [basehttp.py:157] [basehttp:log_message] [INFO]- "GET /menu/?current_page=1&pre_page=10 HTTP/1.1" 200 2677
[2020-06-16 09:23:41,899] [basehttp.py:157] [basehttp:log_message] [INFO]- "OPTIONS /user/role?username=admin&application=sys HTTP/1.1" 200 0
[2020-06-16 09:23:41,994] [basehttp.py:157] [basehttp:log_message] [INFO]- "GET /menu/?current_page=1&pre_page=10 HTTP/1.1" 200 2686
[2020-06-16 09:23:42,245] [basehttp.py:157] [basehttp:log_message] [INFO]- "OPTIONS /user/role/?username=admin&application=sys HTTP/1.1" 200 0
[2020-06-16 09:23:42,376] [basehttp.py:157] [basehttp:log_message] [INFO]- "GET /user/role/?username=admin&application=sys HTTP/1.1" 200 4132
[2020-06-16 09:34:21,061] [basehttp.py:157] [basehttp:log_message] [INFO]- "OPTIONS /user/role?username=admin&%20%20%20%20%20%20%20%20%20%20%20%20application=sys&type=menu HTTP/1.1" 200 0
[2020-06-16 09:34:21,068] [basehttp.py:157] [basehttp:log_message] [INFO]- "GET /user/role?username=admin&%20%20%20%20%20%20%20%20%20%20%20%20application=sys&type=menu HTTP/1.1" 301 0
[2020-06-16 09:34:21,111] [basehttp.py:157] [basehttp:log_message] [INFO]- "OPTIONS /user/role/?username=admin&%20%20%20%20%20%20%20%20%20%20%20%20application=sys&type=menu HTTP/1.1" 200 0
[2020-06-16 09:34:21,298] [basehttp.py:157] [basehttp:log_message] [INFO]- "GET /user/role/?username=admin&%20%20%20%20%20%20%20%20%20%20%20%20application=sys&type=menu HTTP/1.1" 200 2
