[2020-06-07 12:09:03,067] [autoreload.py:598] [autoreload:run_with_reloader] [INFO]- Watching for file changes with StatReloader
[2020-06-07 12:09:18,507] [basehttp.py:157] [basehttp:log_message] [INFO]- "OPTIONS /menu/?current_page=1&pre_page=10 HTTP/1.1" 200 0
[2020-06-07 12:09:18,538] [basehttp.py:157] [basehttp:log_message] [INFO]- "GET /menu/?current_page=1&pre_page=10 HTTP/1.1" 200 870
[2020-06-07 12:21:42,565] [basehttp.py:157] [basehttp:log_message] [INFO]- "OPTIONS /user/?current_page=1&pre_page=10 HTTP/1.1" 200 0
[2020-06-07 12:21:42,601] [basehttp.py:157] [basehttp:log_message] [INFO]- "GET /user/?current_page=1&pre_page=10 HTTP/1.1" 200 592
[2020-06-07 12:23:12,262] [basehttp.py:157] [basehttp:log_message] [INFO]- "OPTIONS /role/?current_page=1&pre_page=10 HTTP/1.1" 200 0
[2020-06-07 12:23:12,315] [basehttp.py:157] [basehttp:log_message] [INFO]- "GET /role/?current_page=1&pre_page=10 HTTP/1.1" 200 492
[2020-06-07 13:27:51,904] [basehttp.py:157] [basehttp:log_message] [INFO]- "OPTIONS /menu/?current_page=1&pre_page=10 HTTP/1.1" 200 0
[2020-06-07 13:27:51,930] [basehttp.py:157] [basehttp:log_message] [INFO]- "GET /menu/?current_page=1&pre_page=10 HTTP/1.1" 200 870
[2020-06-07 13:28:28,060] [basehttp.py:157] [basehttp:log_message] [INFO]- "GET /menu/?current_page=1&pre_page=10 HTTP/1.1" 200 870
[2020-06-07 13:30:55,775] [basehttp.py:157] [basehttp:log_message] [INFO]- "GET /menu/?current_page=1&pre_page=10 HTTP/1.1" 200 870
[2020-06-07 13:31:47,376] [basehttp.py:157] [basehttp:log_message] [INFO]- "GET /menu/?current_page=1&pre_page=10 HTTP/1.1" 200 870
[2020-06-07 13:33:17,922] [basehttp.py:157] [basehttp:log_message] [INFO]- "OPTIONS /role/?current_page=1&pre_page=10 HTTP/1.1" 200 0
[2020-06-07 13:33:17,956] [basehttp.py:157] [basehttp:log_message] [INFO]- "GET /role/?current_page=1&pre_page=10 HTTP/1.1" 200 492
[2020-06-07 21:08:48,675] [basehttp.py:157] [basehttp:log_message] [INFO]- "GET /menu/?current_page=1&pre_page=10 HTTP/1.1" 200 870
[2020-06-08 09:05:55,362] [basehttp.py:157] [basehttp:log_message] [INFO]- "OPTIONS /menu/?current_page=1&pre_page=10 HTTP/1.1" 200 0
[2020-06-08 09:05:55,377] [basehttp.py:157] [basehttp:log_message] [INFO]- "GET /menu/?current_page=1&pre_page=10 HTTP/1.1" 200 2071
[2020-06-08 09:18:56,124] [basehttp.py:157] [basehttp:log_message] [INFO]- "GET /menu/ HTTP/1.1" 200 2402
[2020-06-08 09:30:25,059] [basehttp.py:157] [basehttp:log_message] [INFO]- "OPTIONS /menu/?current_page=1&pre_page=10 HTTP/1.1" 200 0
[2020-06-08 09:30:25,108] [basehttp.py:157] [basehttp:log_message] [INFO]- "GET /menu/?current_page=1&pre_page=10 HTTP/1.1" 200 2071
[2020-06-08 09:31:04,513] [basehttp.py:157] [basehttp:log_message] [INFO]- "GET /menu/?current_page=1&pre_page=10 HTTP/1.1" 200 2071
[2020-06-08 09:31:30,363] [basehttp.py:157] [basehttp:log_message] [INFO]- "GET /menu/?current_page=1&pre_page=10 HTTP/1.1" 200 2071
[2020-06-08 09:35:00,143] [basehttp.py:157] [basehttp:log_message] [INFO]- "GET /menu/?current_page=1&pre_page=10 HTTP/1.1" 200 2071
[2020-06-08 09:40:08,351] [basehttp.py:157] [basehttp:log_message] [INFO]- "GET /menu/?current_page=1&pre_page=10 HTTP/1.1" 200 2071
[2020-06-08 09:41:37,550] [basehttp.py:157] [basehttp:log_message] [INFO]- "OPTIONS /menu/?current_page=1&pre_page=10 HTTP/1.1" 200 0
[2020-06-08 09:41:37,603] [basehttp.py:157] [basehttp:log_message] [INFO]- "GET /menu/?current_page=1&pre_page=10 HTTP/1.1" 200 2071
[2020-06-08 09:49:16,845] [basehttp.py:157] [basehttp:log_message] [INFO]- "GET /menu/?current_page=1&pre_page=10 HTTP/1.1" 200 2081
[2020-06-08 09:53:16,411] [basehttp.py:157] [basehttp:log_message] [INFO]- "OPTIONS /menu/?current_page=1&pre_page=10 HTTP/1.1" 200 0
[2020-06-08 09:53:16,466] [basehttp.py:157] [basehttp:log_message] [INFO]- "GET /menu/?current_page=1&pre_page=10 HTTP/1.1" 200 2081
[2020-06-08 09:57:21,614] [basehttp.py:157] [basehttp:log_message] [INFO]- "GET /menu/?current_page=1&pre_page=10 HTTP/1.1" 200 2081
[2020-06-08 09:59:50,804] [basehttp.py:157] [basehttp:log_message] [INFO]- "GET /menu/?current_page=1&pre_page=10 HTTP/1.1" 200 2081
[2020-06-08 10:01:12,957] [autoreload.py:222] [autoreload:trigger_reload] [INFO]- /home/rock/quality_inspection/python-workspace/project-sys/sys_auth/models.py changed, reloading.
