[2020-10-28 19:11:31,082] [autoreload.py:598] [autoreload:run_with_reloader] [INFO]- Watching for file changes with StatReloader
[2020-10-28 19:14:22,100] [basehttp.py:157] [basehttp:log_message] [INFO]- "POST /sys/api/auth/ HTTP/1.1" 200 65
[2020-10-28 19:14:26,658] [basehttp.py:157] [basehttp:log_message] [INFO]- "GET /sys/api/user/role/?username=wl&application=monitor&type=button HTTP/1.1" 200 2
[2020-10-28 19:14:26,658] [basehttp.py:157] [basehttp:log_message] [INFO]- "GET /sys/api/user/role/?username=wl&application=monitor&type=menu HTTP/1.1" 200 10059
[2020-10-28 19:28:38,387] [log.py:222] [log:log_response] [WARNING]- Unauthorized: /sys/api/auth/
[2020-10-28 19:28:38,405] [basehttp.py:157] [basehttp:log_message] [WARNING]- "POST /sys/api/auth/ HTTP/1.1" 401 28
[2020-10-28 19:29:01,465] [log.py:222] [log:log_response] [WARNING]- Unauthorized: /sys/api/auth/
[2020-10-28 19:29:01,465] [basehttp.py:157] [basehttp:log_message] [WARNING]- "POST /sys/api/auth/ HTTP/1.1" 401 28
[2020-10-28 19:29:36,182] [basehttp.py:157] [basehttp:log_message] [INFO]- "POST /sys/api/auth/ HTTP/1.1" 200 65
[2020-10-28 19:29:37,993] [basehttp.py:157] [basehttp:log_message] [INFO]- "POST /sys/api/auth/ HTTP/1.1" 200 65
[2020-10-28 19:30:02,605] [basehttp.py:157] [basehttp:log_message] [INFO]- "POST /sys/api/auth/ HTTP/1.1" 200 65
[2020-10-28 19:37:00,551] [basehttp.py:157] [basehttp:log_message] [INFO]- "POST /sys/api/auth/ HTTP/1.1" 200 65
[2020-10-28 19:37:11,530] [basehttp.py:157] [basehttp:log_message] [INFO]- "POST /sys/api/auth/ HTTP/1.1" 200 65
[2020-10-28 19:41:05,502] [basehttp.py:157] [basehttp:log_message] [INFO]- "POST /sys/api/auth/ HTTP/1.1" 200 65
[2020-10-28 19:41:07,696] [basehttp.py:157] [basehttp:log_message] [INFO]- "POST /sys/api/auth/ HTTP/1.1" 200 65
[2020-10-28 19:50:22,474] [basehttp.py:157] [basehttp:log_message] [INFO]- "GET /sys/api/user/role/?username=wl&application=monitor&type=menu HTTP/1.1" 200 10059
[2020-10-28 19:50:22,475] [basehttp.py:157] [basehttp:log_message] [INFO]- "GET /sys/api/user/role/?username=wl&application=monitor&type=button HTTP/1.1" 200 2
[2020-10-28 19:51:20,841] [basehttp.py:157] [basehttp:log_message] [INFO]- "GET /sys/api/user/role/?username=wl&application=monitor&type=menu HTTP/1.1" 200 10059
[2020-10-28 19:51:20,841] [basehttp.py:157] [basehttp:log_message] [INFO]- "GET /sys/api/user/role/?username=wl&application=monitor&type=button HTTP/1.1" 200 2
[2020-10-28 19:51:51,552] [basehttp.py:157] [basehttp:log_message] [INFO]- "GET /sys/api/user/role/?username=wl&application=monitor&type=button HTTP/1.1" 200 2
[2020-10-28 19:51:51,553] [basehttp.py:157] [basehttp:log_message] [INFO]- "GET /sys/api/user/role/?username=wl&application=monitor&type=menu HTTP/1.1" 200 10059
[2020-10-28 19:52:10,273] [basehttp.py:157] [basehttp:log_message] [INFO]- "GET /sys/api/user/role/?username=wl&application=monitor&type=button HTTP/1.1" 200 2
[2020-10-28 19:52:10,273] [basehttp.py:157] [basehttp:log_message] [INFO]- "GET /sys/api/user/role/?username=wl&application=monitor&type=menu HTTP/1.1" 200 10059
[2020-10-28 19:52:25,098] [basehttp.py:157] [basehttp:log_message] [INFO]- "GET /sys/api/user/role/?username=wl&application=monitor&type=button HTTP/1.1" 200 2
[2020-10-28 19:52:25,098] [basehttp.py:157] [basehttp:log_message] [INFO]- "GET /sys/api/user/role/?username=wl&application=monitor&type=menu HTTP/1.1" 200 10059
[2020-10-28 19:54:21,195] [basehttp.py:157] [basehttp:log_message] [INFO]- "GET /sys/api/user/role/?username=wl&application=monitor&type=button HTTP/1.1" 200 2
[2020-10-28 19:54:21,195] [basehttp.py:157] [basehttp:log_message] [INFO]- "GET /sys/api/user/role/?username=wl&application=monitor&type=menu HTTP/1.1" 200 10059
[2020-10-28 19:54:40,011] [basehttp.py:157] [basehttp:log_message] [INFO]- "GET /sys/api/user/role/?username=wl&application=monitor&type=menu HTTP/1.1" 200 10059
[2020-10-28 19:54:40,036] [basehttp.py:157] [basehttp:log_message] [INFO]- "GET /sys/api/user/role/?username=wl&application=monitor&type=button HTTP/1.1" 200 2
[2020-10-28 19:58:48,798] [basehttp.py:157] [basehttp:log_message] [INFO]- "GET /sys/api/user/role/?username=wl&application=monitor&type=menu HTTP/1.1" 200 10059
[2020-10-28 19:58:48,802] [basehttp.py:157] [basehttp:log_message] [INFO]- "GET /sys/api/user/role/?username=wl&application=monitor&type=button HTTP/1.1" 200 2
[2020-10-28 20:16:04,633] [basehttp.py:157] [basehttp:log_message] [INFO]- "POST /sys/api/auth/ HTTP/1.1" 200 65
[2020-10-28 20:16:17,157] [basehttp.py:157] [basehttp:log_message] [INFO]- "POST /sys/api/auth/ HTTP/1.1" 200 65
[2020-10-28 20:16:53,238] [basehttp.py:157] [basehttp:log_message] [INFO]- "POST /sys/api/auth/ HTTP/1.1" 200 65
[2020-10-28 20:17:09,602] [basehttp.py:157] [basehttp:log_message] [INFO]- "POST /sys/api/auth/ HTTP/1.1" 200 65
[2020-10-28 20:17:09,681] [basehttp.py:157] [basehttp:log_message] [INFO]- "GET /sys/api/user/role/?username=wl&application=monitor&type=menu HTTP/1.1" 200 10059
[2020-10-28 20:17:09,681] [basehttp.py:157] [basehttp:log_message] [INFO]- "GET /sys/api/user/role/?username=wl&application=monitor&type=button HTTP/1.1" 200 2
[2020-10-28 20:17:50,105] [basehttp.py:157] [basehttp:log_message] [INFO]- "POST /sys/api/auth/ HTTP/1.1" 200 65
[2020-10-28 20:21:47,276] [basehttp.py:157] [basehttp:log_message] [INFO]- "GET /sys/api/user/role/?username=wl&application=monitor&type=menu HTTP/1.1" 200 10059
[2020-10-28 20:21:47,276] [basehttp.py:157] [basehttp:log_message] [INFO]- "GET /sys/api/user/role/?username=wl&application=monitor&type=button HTTP/1.1" 200 2
[2020-10-28 20:23:09,404] [basehttp.py:157] [basehttp:log_message] [INFO]- "POST /sys/api/auth/ HTTP/1.1" 200 65
[2020-10-28 20:24:56,909] [basehttp.py:157] [basehttp:log_message] [INFO]- "POST /sys/api/auth/ HTTP/1.1" 200 65
[2020-10-28 20:28:22,875] [basehttp.py:157] [basehttp:log_message] [INFO]- "POST /sys/api/auth/ HTTP/1.1" 200 65
[2020-10-28 20:29:07,891] [basehttp.py:157] [basehttp:log_message] [INFO]- "POST /sys/api/auth/ HTTP/1.1" 200 65
[2020-10-28 20:41:04,582] [basehttp.py:157] [basehttp:log_message] [INFO]- "GET /sys/api/user/role/?username=wl&application=monitor&type=button HTTP/1.1" 200 2
[2020-10-28 20:41:04,583] [basehttp.py:157] [basehttp:log_message] [INFO]- "GET /sys/api/user/role/?username=wl&application=monitor&type=menu HTTP/1.1" 200 10059
[2020-10-28 20:41:43,385] [basehttp.py:157] [basehttp:log_message] [INFO]- "GET /sys/api/user/role/?username=wl&application=monitor&type=menu HTTP/1.1" 200 10059
[2020-10-28 20:41:43,391] [basehttp.py:157] [basehttp:log_message] [INFO]- "GET /sys/api/user/role/?username=wl&application=monitor&type=button HTTP/1.1" 200 2
[2020-10-28 20:43:13,208] [basehttp.py:157] [basehttp:log_message] [INFO]- "POST /sys/api/auth/ HTTP/1.1" 200 65
[2020-10-28 20:43:29,535] [basehttp.py:157] [basehttp:log_message] [INFO]- "GET /sys/api/user/role/?username=wl&application=monitor&type=button HTTP/1.1" 200 2
[2020-10-28 20:43:29,535] [basehttp.py:157] [basehttp:log_message] [INFO]- "GET /sys/api/user/role/?username=wl&application=monitor&type=menu HTTP/1.1" 200 10059
[2020-10-28 20:46:21,710] [basehttp.py:157] [basehttp:log_message] [INFO]- "GET /sys/api/user/role/?username=wl&application=monitor&type=menu HTTP/1.1" 200 10059
[2020-10-28 20:46:21,712] [basehttp.py:157] [basehttp:log_message] [INFO]- "GET /sys/api/user/role/?username=wl&application=monitor&type=button HTTP/1.1" 200 2
