[2020-07-14 09:18:30,544] [autoreload.py:598] [autoreload:run_with_reloader] [INFO]- Watching for file changes with StatReloader
[2020-07-14 09:19:36,076] [log.py:222] [log:log_response] [WARNING]- Forbidden: /sys/api/user/role/
[2020-07-14 09:19:36,078] [log.py:222] [log:log_response] [WARNING]- Forbidden: /sys/api/user/role/
[2020-07-14 09:19:36,084] [basehttp.py:157] [basehttp:log_message] [WARNING]- "GET /sys/api/user/role/?username=admin&application=automation&type=menu HTTP/1.1" 403 31
[2020-07-14 09:19:36,087] [basehttp.py:157] [basehttp:log_message] [WARNING]- "GET /sys/api/user/role/?username=admin&application=automation&type=button HTTP/1.1" 403 31
[2020-07-14 09:21:01,171] [basehttp.py:157] [basehttp:log_message] [INFO]- "POST /sys/api/auth/ HTTP/1.1" 200 65
[2020-07-14 09:21:04,578] [basehttp.py:157] [basehttp:log_message] [INFO]- "GET /sys/api/user/role/?username=gzc&application=automation&type=menu HTTP/1.1" 200 3307
[2020-07-14 09:21:04,592] [basehttp.py:157] [basehttp:log_message] [INFO]- "GET /sys/api/user/role/?username=gzc&application=automation&type=button HTTP/1.1" 200 2
[2020-07-14 09:21:36,696] [basehttp.py:157] [basehttp:log_message] [INFO]- "POST /sys/api/auth/ HTTP/1.1" 200 65
[2020-07-14 09:22:36,950] [basehttp.py:157] [basehttp:log_message] [INFO]- "POST /sys/api/auth/ HTTP/1.1" 200 65
[2020-07-14 09:23:40,183] [basehttp.py:157] [basehttp:log_message] [INFO]- "POST /sys/api/auth/ HTTP/1.1" 200 65
[2020-07-14 09:24:19,632] [basehttp.py:157] [basehttp:log_message] [INFO]- "POST /sys/api/auth/ HTTP/1.1" 200 65
[2020-07-14 09:24:38,473] [basehttp.py:157] [basehttp:log_message] [INFO]- "POST /sys/api/auth/ HTTP/1.1" 200 65
[2020-07-14 09:24:38,781] [basehttp.py:157] [basehttp:log_message] [INFO]- "GET /sys/api/user/role/?username=gzc&application=automation&type=menu HTTP/1.1" 200 3307
[2020-07-14 09:24:38,786] [basehttp.py:157] [basehttp:log_message] [INFO]- "GET /sys/api/user/role/?username=gzc&application=automation&type=button HTTP/1.1" 200 2
[2020-07-14 09:24:40,501] [basehttp.py:157] [basehttp:log_message] [INFO]- "POST /sys/api/auth/ HTTP/1.1" 200 65
[2020-07-14 09:25:08,536] [basehttp.py:157] [basehttp:log_message] [INFO]- "POST /sys/api/auth/ HTTP/1.1" 200 65
[2020-07-14 09:26:05,618] [basehttp.py:157] [basehttp:log_message] [INFO]- "POST /sys/api/auth/ HTTP/1.1" 200 65
[2020-07-14 09:28:16,709] [basehttp.py:157] [basehttp:log_message] [INFO]- "POST /sys/api/auth/ HTTP/1.1" 200 65
[2020-07-14 09:29:53,144] [basehttp.py:157] [basehttp:log_message] [INFO]- "POST /sys/api/auth/ HTTP/1.1" 200 65
[2020-07-14 09:33:53,368] [basehttp.py:157] [basehttp:log_message] [INFO]- "POST /sys/api/auth/ HTTP/1.1" 200 65
[2020-07-14 09:34:18,550] [basehttp.py:157] [basehttp:log_message] [INFO]- "POST /sys/api/auth/ HTTP/1.1" 200 65
[2020-07-14 09:39:31,875] [basehttp.py:157] [basehttp:log_message] [INFO]- "POST /sys/api/auth/ HTTP/1.1" 200 65
[2020-07-14 09:39:32,006] [basehttp.py:157] [basehttp:log_message] [INFO]- "GET /sys/api/user/role/?username=gzc&application=automation&type=menu HTTP/1.1" 200 3307
[2020-07-14 09:39:32,009] [basehttp.py:157] [basehttp:log_message] [INFO]- "GET /sys/api/user/role/?username=gzc&application=automation&type=button HTTP/1.1" 200 2
[2020-07-14 09:39:34,173] [basehttp.py:157] [basehttp:log_message] [INFO]- "POST /sys/api/auth/ HTTP/1.1" 200 65
[2020-07-14 09:39:51,664] [basehttp.py:157] [basehttp:log_message] [INFO]- "POST /sys/api/auth/ HTTP/1.1" 200 65
[2020-07-14 10:18:17,201] [log.py:222] [log:log_response] [WARNING]- Forbidden: /sys/api/user/role/
[2020-07-14 10:18:17,204] [log.py:222] [log:log_response] [WARNING]- Forbidden: /sys/api/user/role/
[2020-07-14 10:18:17,206] [basehttp.py:157] [basehttp:log_message] [WARNING]- "GET /sys/api/user/role/?username=gzc&application=automation&type=button HTTP/1.1" 403 24
[2020-07-14 10:18:17,207] [basehttp.py:157] [basehttp:log_message] [WARNING]- "GET /sys/api/user/role/?username=gzc&application=automation&type=menu HTTP/1.1" 403 24
[2020-07-14 10:18:17,217] [log.py:222] [log:log_response] [WARNING]- Unauthorized: /sys/api/auth/
[2020-07-14 10:18:17,218] [basehttp.py:157] [basehttp:log_message] [WARNING]- "POST /sys/api/auth/ HTTP/1.1" 401 39
[2020-07-14 10:18:23,952] [basehttp.py:157] [basehttp:log_message] [INFO]- "POST /sys/api/auth/ HTTP/1.1" 200 65
[2020-07-14 10:18:27,489] [basehttp.py:157] [basehttp:log_message] [INFO]- "GET /sys/api/user/role/?username=gzc&application=automation&type=menu HTTP/1.1" 200 3307
[2020-07-14 10:18:27,496] [basehttp.py:157] [basehttp:log_message] [INFO]- "GET /sys/api/user/role/?username=gzc&application=automation&type=button HTTP/1.1" 200 2
[2020-07-14 10:18:29,521] [basehttp.py:157] [basehttp:log_message] [INFO]- "POST /sys/api/auth/ HTTP/1.1" 200 65
[2020-07-14 10:18:31,992] [basehttp.py:157] [basehttp:log_message] [INFO]- "POST /sys/api/auth/ HTTP/1.1" 200 65
[2020-07-14 10:18:51,944] [basehttp.py:157] [basehttp:log_message] [INFO]- "POST /sys/api/auth/ HTTP/1.1" 200 65
[2020-07-14 10:19:19,437] [basehttp.py:157] [basehttp:log_message] [INFO]- "POST /sys/api/auth/ HTTP/1.1" 200 65
[2020-07-14 10:21:02,653] [basehttp.py:157] [basehttp:log_message] [INFO]- "POST /sys/api/auth/ HTTP/1.1" 200 65
[2020-07-14 10:21:02,754] [basehttp.py:157] [basehttp:log_message] [INFO]- "GET /sys/api/user/role/?username=gzc&application=automation&type=menu HTTP/1.1" 200 3307
[2020-07-14 10:21:02,780] [basehttp.py:157] [basehttp:log_message] [INFO]- "GET /sys/api/user/role/?username=gzc&application=automation&type=button HTTP/1.1" 200 2
[2020-07-14 10:21:05,851] [basehttp.py:157] [basehttp:log_message] [INFO]- "POST /sys/api/auth/ HTTP/1.1" 200 65
[2020-07-14 10:21:36,547] [basehttp.py:157] [basehttp:log_message] [INFO]- "POST /sys/api/auth/ HTTP/1.1" 200 65
[2020-07-14 10:25:43,401] [basehttp.py:157] [basehttp:log_message] [INFO]- "POST /sys/api/auth/ HTTP/1.1" 200 65
[2020-07-14 10:28:33,628] [basehttp.py:157] [basehttp:log_message] [INFO]- "POST /sys/api/auth/ HTTP/1.1" 200 65
[2020-07-14 10:28:33,899] [basehttp.py:157] [basehttp:log_message] [INFO]- "GET /sys/api/user/role/?username=gzc&application=automation&type=button HTTP/1.1" 200 2
[2020-07-14 10:28:33,900] [basehttp.py:157] [basehttp:log_message] [INFO]- "GET /sys/api/user/role/?username=gzc&application=automation&type=menu HTTP/1.1" 200 3307
[2020-07-14 10:36:49,476] [basehttp.py:157] [basehttp:log_message] [INFO]- "POST /sys/api/auth/ HTTP/1.1" 200 65
[2020-07-14 10:36:49,588] [basehttp.py:157] [basehttp:log_message] [INFO]- "GET /sys/api/user/role/?username=gzc&application=automation&type=menu HTTP/1.1" 200 3307
[2020-07-14 10:36:49,617] [basehttp.py:157] [basehttp:log_message] [INFO]- "GET /sys/api/user/role/?username=gzc&application=automation&type=button HTTP/1.1" 200 2
[2020-07-14 10:36:53,274] [basehttp.py:157] [basehttp:log_message] [INFO]- "POST /sys/api/auth/ HTTP/1.1" 200 65
[2020-07-14 10:41:27,469] [basehttp.py:157] [basehttp:log_message] [INFO]- "POST /sys/api/auth/ HTTP/1.1" 200 65
[2020-07-14 10:41:27,970] [basehttp.py:157] [basehttp:log_message] [INFO]- "GET /sys/api/user/role/?username=gzc&application=automation&type=button HTTP/1.1" 200 2
[2020-07-14 10:41:27,970] [basehttp.py:157] [basehttp:log_message] [INFO]- "GET /sys/api/user/role/?username=gzc&application=automation&type=menu HTTP/1.1" 200 3307
[2020-07-14 10:42:38,700] [basehttp.py:157] [basehttp:log_message] [INFO]- "POST /sys/api/auth/ HTTP/1.1" 200 65
[2020-07-14 10:42:38,993] [basehttp.py:157] [basehttp:log_message] [INFO]- "GET /sys/api/user/role/?username=gzc&application=automation&type=button HTTP/1.1" 200 2
[2020-07-14 10:42:38,994] [basehttp.py:157] [basehttp:log_message] [INFO]- "GET /sys/api/user/role/?username=gzc&application=automation&type=menu HTTP/1.1" 200 3307
[2020-07-14 10:44:34,648] [basehttp.py:157] [basehttp:log_message] [INFO]- "POST /sys/api/auth/ HTTP/1.1" 200 65
[2020-07-14 10:45:11,127] [basehttp.py:157] [basehttp:log_message] [INFO]- "POST /sys/api/auth/ HTTP/1.1" 200 65
[2020-07-14 10:45:11,351] [basehttp.py:157] [basehttp:log_message] [INFO]- "GET /sys/api/user/role/?username=gzc&application=automation&type=menu HTTP/1.1" 200 3307
[2020-07-14 10:45:11,354] [basehttp.py:157] [basehttp:log_message] [INFO]- "GET /sys/api/user/role/?username=gzc&application=automation&type=button HTTP/1.1" 200 2
[2020-07-14 10:45:23,956] [basehttp.py:157] [basehttp:log_message] [INFO]- "POST /sys/api/auth/ HTTP/1.1" 200 65
[2020-07-14 10:45:24,999] [basehttp.py:157] [basehttp:log_message] [INFO]- "POST /sys/api/auth/ HTTP/1.1" 200 65
[2020-07-14 10:45:25,252] [basehttp.py:157] [basehttp:log_message] [INFO]- "GET /sys/api/user/role/?username=gzc&application=automation&type=menu HTTP/1.1" 200 3307
[2020-07-14 10:45:25,254] [basehttp.py:157] [basehttp:log_message] [INFO]- "GET /sys/api/user/role/?username=gzc&application=automation&type=button HTTP/1.1" 200 2
[2020-07-14 10:47:11,077] [basehttp.py:157] [basehttp:log_message] [INFO]- "POST /sys/api/auth/ HTTP/1.1" 200 65
[2020-07-14 10:47:11,250] [basehttp.py:157] [basehttp:log_message] [INFO]- "GET /sys/api/user/role/?username=gzc&application=automation&type=menu HTTP/1.1" 200 3307
[2020-07-14 10:47:11,251] [basehttp.py:157] [basehttp:log_message] [INFO]- "GET /sys/api/user/role/?username=gzc&application=automation&type=button HTTP/1.1" 200 2
[2020-07-14 10:47:15,579] [basehttp.py:157] [basehttp:log_message] [INFO]- "POST /sys/api/auth/ HTTP/1.1" 200 65
[2020-07-14 10:47:15,777] [basehttp.py:157] [basehttp:log_message] [INFO]- "GET /sys/api/user/role/?username=gzc&application=automation&type=button HTTP/1.1" 200 2
[2020-07-14 10:47:15,778] [basehttp.py:157] [basehttp:log_message] [INFO]- "GET /sys/api/user/role/?username=gzc&application=automation&type=menu HTTP/1.1" 200 3307
[2020-07-14 10:48:42,666] [log.py:222] [log:log_response] [WARNING]- Unauthorized: /sys/api/auth/
[2020-07-14 10:48:42,668] [basehttp.py:157] [basehttp:log_message] [WARNING]- "POST /sys/api/auth/ HTTP/1.1" 401 39
[2020-07-14 10:48:50,639] [basehttp.py:157] [basehttp:log_message] [INFO]- "POST /sys/api/auth/ HTTP/1.1" 200 65
[2020-07-14 10:48:54,207] [basehttp.py:157] [basehttp:log_message] [INFO]- "GET /sys/api/user/role/?username=gzc&application=automation&type=button HTTP/1.1" 200 2
[2020-07-14 10:48:54,210] [basehttp.py:157] [basehttp:log_message] [INFO]- "GET /sys/api/user/role/?username=gzc&application=automation&type=menu HTTP/1.1" 200 3307
[2020-07-14 10:48:55,892] [basehttp.py:157] [basehttp:log_message] [INFO]- "POST /sys/api/auth/ HTTP/1.1" 200 65
[2020-07-14 10:48:58,351] [basehttp.py:157] [basehttp:log_message] [INFO]- "POST /sys/api/auth/ HTTP/1.1" 200 65
[2020-07-14 10:49:05,205] [basehttp.py:157] [basehttp:log_message] [INFO]- "POST /sys/api/auth/ HTTP/1.1" 200 65
[2020-07-14 10:49:05,448] [basehttp.py:157] [basehttp:log_message] [INFO]- "POST /sys/api/auth/ HTTP/1.1" 200 65
[2020-07-14 10:49:09,078] [basehttp.py:157] [basehttp:log_message] [INFO]- "POST /sys/api/auth/ HTTP/1.1" 200 65
[2020-07-14 10:49:09,295] [basehttp.py:157] [basehttp:log_message] [INFO]- "GET /sys/api/user/role/?username=gzc&application=automation&type=menu HTTP/1.1" 200 3307
[2020-07-14 10:49:09,296] [basehttp.py:157] [basehttp:log_message] [INFO]- "GET /sys/api/user/role/?username=gzc&application=automation&type=button HTTP/1.1" 200 2
[2020-07-14 10:49:16,401] [basehttp.py:157] [basehttp:log_message] [INFO]- "POST /sys/api/auth/ HTTP/1.1" 200 65
[2020-07-14 10:49:19,099] [basehttp.py:157] [basehttp:log_message] [INFO]- "POST /sys/api/auth/ HTTP/1.1" 200 65
[2020-07-14 10:49:36,481] [basehttp.py:157] [basehttp:log_message] [INFO]- "POST /sys/api/auth/ HTTP/1.1" 200 65
[2020-07-14 11:12:53,774] [basehttp.py:157] [basehttp:log_message] [INFO]- "GET /sys/api/user/role/?username=gzc&application=automation&type=menu HTTP/1.1" 200 3307
[2020-07-14 11:12:53,775] [basehttp.py:157] [basehttp:log_message] [INFO]- "GET /sys/api/user/role/?username=gzc&application=automation&type=button HTTP/1.1" 200 2
[2020-07-14 11:13:08,509] [basehttp.py:157] [basehttp:log_message] [INFO]- "POST /sys/api/auth/ HTTP/1.1" 200 65
[2020-07-14 11:13:08,648] [basehttp.py:157] [basehttp:log_message] [INFO]- "GET /sys/api/user/role/?username=gzc&application=automation&type=menu HTTP/1.1" 200 3307
[2020-07-14 11:13:08,688] [basehttp.py:157] [basehttp:log_message] [INFO]- "GET /sys/api/user/role/?username=gzc&application=automation&type=button HTTP/1.1" 200 2
[2020-07-14 11:13:11,591] [basehttp.py:157] [basehttp:log_message] [INFO]- "POST /sys/api/auth/ HTTP/1.1" 200 65
[2020-07-14 11:13:25,448] [basehttp.py:157] [basehttp:log_message] [INFO]- "POST /sys/api/auth/ HTTP/1.1" 200 65
[2020-07-14 11:13:25,782] [basehttp.py:157] [basehttp:log_message] [INFO]- "GET /sys/api/user/role/?username=gzc&application=automation&type=button HTTP/1.1" 200 2
[2020-07-14 11:13:25,951] [basehttp.py:157] [basehttp:log_message] [INFO]- "GET /sys/api/user/role/?username=gzc&application=automation&type=menu HTTP/1.1" 200 3307
[2020-07-14 11:23:29,671] [log.py:222] [log:log_response] [WARNING]- Forbidden: /sys/api/user/role/
[2020-07-14 11:23:29,674] [log.py:222] [log:log_response] [WARNING]- Forbidden: /sys/api/user/role/
[2020-07-14 11:23:29,676] [log.py:222] [log:log_response] [WARNING]- Unauthorized: /sys/api/auth/
[2020-07-14 11:23:29,678] [basehttp.py:157] [basehttp:log_message] [WARNING]- "GET /sys/api/user/role/?username=gzc&application=automation&type=button HTTP/1.1" 403 31
[2020-07-14 11:23:29,679] [basehttp.py:157] [basehttp:log_message] [WARNING]- "POST /sys/api/auth/ HTTP/1.1" 401 28
[2020-07-14 11:23:29,681] [basehttp.py:157] [basehttp:log_message] [WARNING]- "GET /sys/api/user/role/?username=gzc&application=automation&type=menu HTTP/1.1" 403 31
[2020-07-14 11:23:39,882] [basehttp.py:157] [basehttp:log_message] [INFO]- "POST /sys/api/auth/ HTTP/1.1" 200 65
[2020-07-14 11:23:54,633] [basehttp.py:157] [basehttp:log_message] [INFO]- "GET /sys/api/user/role/?username=gzc&application=automation&type=menu HTTP/1.1" 200 3307
[2020-07-14 11:23:54,640] [basehttp.py:157] [basehttp:log_message] [INFO]- "GET /sys/api/user/role/?username=gzc&application=automation&type=button HTTP/1.1" 200 2
[2020-07-14 11:23:57,344] [basehttp.py:157] [basehttp:log_message] [INFO]- "POST /sys/api/auth/ HTTP/1.1" 200 65
[2020-07-14 11:25:59,575] [basehttp.py:157] [basehttp:log_message] [INFO]- "POST /sys/api/auth/ HTTP/1.1" 200 65
[2020-07-14 11:25:59,843] [basehttp.py:157] [basehttp:log_message] [INFO]- "GET /sys/api/user/role/?username=gzc&application=automation&type=menu HTTP/1.1" 200 3307
[2020-07-14 11:25:59,844] [basehttp.py:157] [basehttp:log_message] [INFO]- "GET /sys/api/user/role/?username=gzc&application=automation&type=button HTTP/1.1" 200 2
[2020-07-14 13:35:43,611] [log.py:222] [log:log_response] [WARNING]- Unauthorized: /sys/api/auth/
[2020-07-14 13:35:43,614] [basehttp.py:157] [basehttp:log_message] [WARNING]- "POST /sys/api/auth/ HTTP/1.1" 401 39
[2020-07-14 13:35:43,621] [log.py:222] [log:log_response] [WARNING]- Forbidden: /sys/api/user/role/
[2020-07-14 13:35:43,623] [log.py:222] [log:log_response] [WARNING]- Forbidden: /sys/api/user/role/
[2020-07-14 13:35:43,624] [basehttp.py:157] [basehttp:log_message] [WARNING]- "GET /sys/api/user/role/?username=gzc&application=automation&type=button HTTP/1.1" 403 24
[2020-07-14 13:35:43,625] [basehttp.py:157] [basehttp:log_message] [WARNING]- "GET /sys/api/user/role/?username=gzc&application=automation&type=menu HTTP/1.1" 403 24
[2020-07-14 13:35:52,258] [basehttp.py:157] [basehttp:log_message] [INFO]- "POST /sys/api/auth/ HTTP/1.1" 200 65
[2020-07-14 13:36:02,317] [basehttp.py:157] [basehttp:log_message] [INFO]- "GET /sys/api/user/role/?username=gzc&application=automation&type=menu HTTP/1.1" 200 3307
[2020-07-14 13:36:02,350] [basehttp.py:157] [basehttp:log_message] [INFO]- "GET /sys/api/user/role/?username=gzc&application=automation&type=button HTTP/1.1" 200 2
[2020-07-14 13:36:05,835] [basehttp.py:157] [basehttp:log_message] [INFO]- "POST /sys/api/auth/ HTTP/1.1" 200 65
[2020-07-14 13:36:28,210] [basehttp.py:157] [basehttp:log_message] [INFO]- "POST /sys/api/auth/ HTTP/1.1" 200 65
[2020-07-14 13:36:28,336] [basehttp.py:157] [basehttp:log_message] [INFO]- "GET /sys/api/user/role/?username=gzc&application=automation&type=menu HTTP/1.1" 200 3307
[2020-07-14 13:36:28,340] [basehttp.py:157] [basehttp:log_message] [INFO]- "GET /sys/api/user/role/?username=gzc&application=automation&type=button HTTP/1.1" 200 2
[2020-07-14 13:36:35,695] [basehttp.py:157] [basehttp:log_message] [INFO]- "POST /sys/api/auth/ HTTP/1.1" 200 65
[2020-07-14 13:36:35,846] [basehttp.py:157] [basehttp:log_message] [INFO]- "GET /sys/api/user/role/?username=gzc&application=automation&type=button HTTP/1.1" 200 2
[2020-07-14 13:36:35,847] [basehttp.py:157] [basehttp:log_message] [INFO]- "GET /sys/api/user/role/?username=gzc&application=automation&type=menu HTTP/1.1" 200 3307
[2020-07-14 13:36:41,962] [basehttp.py:157] [basehttp:log_message] [INFO]- "POST /sys/api/auth/ HTTP/1.1" 200 65
[2020-07-14 13:36:42,738] [basehttp.py:157] [basehttp:log_message] [INFO]- "POST /sys/api/auth/ HTTP/1.1" 200 65
[2020-07-14 13:36:43,563] [basehttp.py:157] [basehttp:log_message] [INFO]- "POST /sys/api/auth/ HTTP/1.1" 200 65
[2020-07-14 13:36:44,185] [basehttp.py:157] [basehttp:log_message] [INFO]- "POST /sys/api/auth/ HTTP/1.1" 200 65
[2020-07-14 13:36:44,701] [basehttp.py:157] [basehttp:log_message] [INFO]- "POST /sys/api/auth/ HTTP/1.1" 200 65
[2020-07-14 13:36:45,917] [basehttp.py:157] [basehttp:log_message] [INFO]- "POST /sys/api/auth/ HTTP/1.1" 200 65
[2020-07-14 13:36:46,388] [basehttp.py:157] [basehttp:log_message] [INFO]- "POST /sys/api/auth/ HTTP/1.1" 200 65
[2020-07-14 13:36:47,248] [basehttp.py:157] [basehttp:log_message] [INFO]- "POST /sys/api/auth/ HTTP/1.1" 200 65
[2020-07-14 13:36:47,785] [basehttp.py:157] [basehttp:log_message] [INFO]- "POST /sys/api/auth/ HTTP/1.1" 200 65
[2020-07-14 13:36:48,261] [basehttp.py:157] [basehttp:log_message] [INFO]- "POST /sys/api/auth/ HTTP/1.1" 200 65
[2020-07-14 13:36:48,672] [basehttp.py:157] [basehttp:log_message] [INFO]- "POST /sys/api/auth/ HTTP/1.1" 200 65
[2020-07-14 13:36:54,630] [basehttp.py:157] [basehttp:log_message] [INFO]- "POST /sys/api/auth/ HTTP/1.1" 200 65
[2020-07-14 13:36:57,290] [basehttp.py:157] [basehttp:log_message] [INFO]- "POST /sys/api/auth/ HTTP/1.1" 200 65
[2020-07-14 13:36:57,506] [basehttp.py:157] [basehttp:log_message] [INFO]- "GET /sys/api/user/role/?username=gzc&application=automation&type=menu HTTP/1.1" 200 3307
[2020-07-14 13:36:57,507] [basehttp.py:157] [basehttp:log_message] [INFO]- "GET /sys/api/user/role/?username=gzc&application=automation&type=button HTTP/1.1" 200 2
[2020-07-14 13:37:06,618] [basehttp.py:157] [basehttp:log_message] [INFO]- "POST /sys/api/auth/ HTTP/1.1" 200 65
[2020-07-14 13:37:06,749] [basehttp.py:157] [basehttp:log_message] [INFO]- "GET /sys/api/user/role/?username=gzc&application=automation&type=menu HTTP/1.1" 200 3307
[2020-07-14 13:37:06,750] [basehttp.py:157] [basehttp:log_message] [INFO]- "GET /sys/api/user/role/?username=gzc&application=automation&type=button HTTP/1.1" 200 2
[2020-07-14 13:37:44,703] [basehttp.py:157] [basehttp:log_message] [INFO]- "POST /sys/api/auth/ HTTP/1.1" 200 65
[2020-07-14 13:37:48,426] [basehttp.py:157] [basehttp:log_message] [INFO]- "POST /sys/api/auth/ HTTP/1.1" 200 65
[2020-07-14 13:37:50,860] [basehttp.py:157] [basehttp:log_message] [INFO]- "POST /sys/api/auth/ HTTP/1.1" 200 65
[2020-07-14 13:37:55,988] [basehttp.py:157] [basehttp:log_message] [INFO]- "POST /sys/api/auth/ HTTP/1.1" 200 65
[2020-07-14 13:37:56,139] [basehttp.py:157] [basehttp:log_message] [INFO]- "GET /sys/api/user/role/?username=gzc&application=automation&type=menu HTTP/1.1" 200 3307
[2020-07-14 13:37:56,142] [basehttp.py:157] [basehttp:log_message] [INFO]- "GET /sys/api/user/role/?username=gzc&application=automation&type=button HTTP/1.1" 200 2
[2020-07-14 13:37:59,139] [basehttp.py:157] [basehttp:log_message] [INFO]- "POST /sys/api/auth/ HTTP/1.1" 200 65
[2020-07-14 13:37:59,289] [basehttp.py:157] [basehttp:log_message] [INFO]- "GET /sys/api/user/role/?username=gzc&application=automation&type=menu HTTP/1.1" 200 3307
[2020-07-14 13:37:59,326] [basehttp.py:157] [basehttp:log_message] [INFO]- "GET /sys/api/user/role/?username=gzc&application=automation&type=button HTTP/1.1" 200 2
[2020-07-14 13:47:43,065] [basehttp.py:157] [basehttp:log_message] [INFO]- "POST /sys/api/auth/ HTTP/1.1" 200 65
[2020-07-14 13:47:43,239] [basehttp.py:157] [basehttp:log_message] [INFO]- "GET /sys/api/user/role/?username=gzc&application=automation&type=menu HTTP/1.1" 200 3307
[2020-07-14 13:47:43,240] [basehttp.py:157] [basehttp:log_message] [INFO]- "GET /sys/api/user/role/?username=gzc&application=automation&type=button HTTP/1.1" 200 2
[2020-07-14 13:47:46,296] [basehttp.py:157] [basehttp:log_message] [INFO]- "POST /sys/api/auth/ HTTP/1.1" 200 65
[2020-07-14 13:47:46,583] [basehttp.py:157] [basehttp:log_message] [INFO]- "GET /sys/api/user/role/?username=gzc&application=automation&type=menu HTTP/1.1" 200 3307
[2020-07-14 13:47:46,595] [basehttp.py:157] [basehttp:log_message] [INFO]- "GET /sys/api/user/role/?username=gzc&application=automation&type=button HTTP/1.1" 200 2
[2020-07-14 13:47:50,094] [basehttp.py:157] [basehttp:log_message] [INFO]- "POST /sys/api/auth/ HTTP/1.1" 200 65
[2020-07-14 13:47:52,986] [basehttp.py:157] [basehttp:log_message] [INFO]- "POST /sys/api/auth/ HTTP/1.1" 200 65
[2020-07-14 13:47:55,803] [basehttp.py:157] [basehttp:log_message] [INFO]- "POST /sys/api/auth/ HTTP/1.1" 200 65
[2020-07-14 13:48:00,172] [basehttp.py:157] [basehttp:log_message] [INFO]- "GET /sys/api/user/role/?username=gzc&application=automation&type=menu HTTP/1.1" 200 3307
[2020-07-14 13:48:00,174] [basehttp.py:157] [basehttp:log_message] [INFO]- "POST /sys/api/auth/ HTTP/1.1" 200 65
[2020-07-14 13:48:00,237] [basehttp.py:157] [basehttp:log_message] [INFO]- "GET /sys/api/user/role/?username=gzc&application=automation&type=button HTTP/1.1" 200 2
[2020-07-14 13:48:01,984] [basehttp.py:157] [basehttp:log_message] [INFO]- "POST /sys/api/auth/ HTTP/1.1" 200 65
[2020-07-14 13:48:02,207] [basehttp.py:157] [basehttp:log_message] [INFO]- "GET /sys/api/user/role/?username=gzc&application=automation&type=menu HTTP/1.1" 200 3307
[2020-07-14 13:48:02,224] [basehttp.py:157] [basehttp:log_message] [INFO]- "GET /sys/api/user/role/?username=gzc&application=automation&type=button HTTP/1.1" 200 2
[2020-07-14 13:48:03,707] [basehttp.py:157] [basehttp:log_message] [INFO]- "POST /sys/api/auth/ HTTP/1.1" 200 65
[2020-07-14 13:48:03,898] [basehttp.py:157] [basehttp:log_message] [INFO]- "GET /sys/api/user/role/?username=gzc&application=automation&type=menu HTTP/1.1" 200 3307
[2020-07-14 13:48:03,900] [basehttp.py:157] [basehttp:log_message] [INFO]- "GET /sys/api/user/role/?username=gzc&application=automation&type=button HTTP/1.1" 200 2
[2020-07-14 13:48:05,346] [basehttp.py:157] [basehttp:log_message] [INFO]- "POST /sys/api/auth/ HTTP/1.1" 200 65
[2020-07-14 13:48:05,524] [basehttp.py:157] [basehttp:log_message] [INFO]- "GET /sys/api/user/role/?username=gzc&application=automation&type=menu HTTP/1.1" 200 3307
[2020-07-14 13:48:05,527] [basehttp.py:157] [basehttp:log_message] [INFO]- "GET /sys/api/user/role/?username=gzc&application=automation&type=button HTTP/1.1" 200 2
[2020-07-14 13:48:07,079] [basehttp.py:157] [basehttp:log_message] [INFO]- "POST /sys/api/auth/ HTTP/1.1" 200 65
[2020-07-14 13:48:07,160] [basehttp.py:157] [basehttp:log_message] [INFO]- "GET /sys/api/user/role/?username=gzc&application=automation&type=menu HTTP/1.1" 200 3307
[2020-07-14 13:48:07,194] [basehttp.py:157] [basehttp:log_message] [INFO]- "GET /sys/api/user/role/?username=gzc&application=automation&type=button HTTP/1.1" 200 2
[2020-07-14 13:48:08,882] [basehttp.py:157] [basehttp:log_message] [INFO]- "POST /sys/api/auth/ HTTP/1.1" 200 65
[2020-07-14 13:48:09,052] [basehttp.py:157] [basehttp:log_message] [INFO]- "GET /sys/api/user/role/?username=gzc&application=automation&type=menu HTTP/1.1" 200 3307
[2020-07-14 13:48:09,053] [basehttp.py:157] [basehttp:log_message] [INFO]- "GET /sys/api/user/role/?username=gzc&application=automation&type=button HTTP/1.1" 200 2
[2020-07-14 13:48:10,667] [basehttp.py:157] [basehttp:log_message] [INFO]- "POST /sys/api/auth/ HTTP/1.1" 200 65
[2020-07-14 13:48:10,865] [basehttp.py:157] [basehttp:log_message] [INFO]- "GET /sys/api/user/role/?username=gzc&application=automation&type=menu HTTP/1.1" 200 3307
[2020-07-14 13:48:10,871] [basehttp.py:157] [basehttp:log_message] [INFO]- "GET /sys/api/user/role/?username=gzc&application=automation&type=button HTTP/1.1" 200 2
[2020-07-14 13:48:12,290] [basehttp.py:157] [basehttp:log_message] [INFO]- "POST /sys/api/auth/ HTTP/1.1" 200 65
[2020-07-14 13:48:12,478] [basehttp.py:157] [basehttp:log_message] [INFO]- "GET /sys/api/user/role/?username=gzc&application=automation&type=menu HTTP/1.1" 200 3307
[2020-07-14 13:48:12,494] [basehttp.py:157] [basehttp:log_message] [INFO]- "GET /sys/api/user/role/?username=gzc&application=automation&type=button HTTP/1.1" 200 2
[2020-07-14 13:48:13,931] [basehttp.py:157] [basehttp:log_message] [INFO]- "POST /sys/api/auth/ HTTP/1.1" 200 65
[2020-07-14 13:48:14,084] [basehttp.py:157] [basehttp:log_message] [INFO]- "GET /sys/api/user/role/?username=gzc&application=automation&type=menu HTTP/1.1" 200 3307
[2020-07-14 13:48:14,106] [basehttp.py:157] [basehttp:log_message] [INFO]- "GET /sys/api/user/role/?username=gzc&application=automation&type=button HTTP/1.1" 200 2
[2020-07-14 13:48:15,705] [basehttp.py:157] [basehttp:log_message] [INFO]- "POST /sys/api/auth/ HTTP/1.1" 200 65
[2020-07-14 13:48:15,894] [basehttp.py:157] [basehttp:log_message] [INFO]- "GET /sys/api/user/role/?username=gzc&application=automation&type=menu HTTP/1.1" 200 3307
[2020-07-14 13:48:15,896] [basehttp.py:157] [basehttp:log_message] [INFO]- "GET /sys/api/user/role/?username=gzc&application=automation&type=button HTTP/1.1" 200 2
[2020-07-14 13:48:17,965] [basehttp.py:157] [basehttp:log_message] [INFO]- "POST /sys/api/auth/ HTTP/1.1" 200 65
[2020-07-14 13:48:18,132] [basehttp.py:157] [basehttp:log_message] [INFO]- "GET /sys/api/user/role/?username=gzc&application=automation&type=menu HTTP/1.1" 200 3307
[2020-07-14 13:48:18,154] [basehttp.py:157] [basehttp:log_message] [INFO]- "GET /sys/api/user/role/?username=gzc&application=automation&type=button HTTP/1.1" 200 2
[2020-07-14 13:48:29,785] [basehttp.py:157] [basehttp:log_message] [INFO]- "POST /sys/api/auth/ HTTP/1.1" 200 65
[2020-07-14 13:56:31,088] [basehttp.py:157] [basehttp:log_message] [INFO]- "POST /sys/api/auth/ HTTP/1.1" 200 65
[2020-07-14 13:56:31,362] [basehttp.py:157] [basehttp:log_message] [INFO]- "GET /sys/api/user/role/?username=gzc&application=automation&type=button HTTP/1.1" 200 2
[2020-07-14 13:56:31,366] [basehttp.py:157] [basehttp:log_message] [INFO]- "GET /sys/api/user/role/?username=gzc&application=automation&type=menu HTTP/1.1" 200 3307
[2020-07-14 13:56:35,502] [basehttp.py:157] [basehttp:log_message] [INFO]- "POST /sys/api/auth/ HTTP/1.1" 200 65
[2020-07-14 13:57:03,375] [basehttp.py:157] [basehttp:log_message] [INFO]- "POST /sys/api/auth/ HTTP/1.1" 200 65
[2020-07-14 13:57:14,779] [basehttp.py:157] [basehttp:log_message] [INFO]- "POST /sys/api/auth/ HTTP/1.1" 200 65
[2020-07-14 13:57:20,762] [basehttp.py:157] [basehttp:log_message] [INFO]- "POST /sys/api/auth/ HTTP/1.1" 200 65
[2020-07-14 13:57:21,233] [basehttp.py:157] [basehttp:log_message] [INFO]- "POST /sys/api/auth/ HTTP/1.1" 200 65
[2020-07-14 13:57:28,696] [basehttp.py:157] [basehttp:log_message] [INFO]- "POST /sys/api/auth/ HTTP/1.1" 200 65
[2020-07-14 13:57:29,167] [basehttp.py:157] [basehttp:log_message] [INFO]- "GET /sys/api/user/role/?username=gzc&application=automation&type=button HTTP/1.1" 200 2
[2020-07-14 13:57:29,178] [basehttp.py:157] [basehttp:log_message] [INFO]- "GET /sys/api/user/role/?username=gzc&application=automation&type=menu HTTP/1.1" 200 3307
[2020-07-14 13:59:14,329] [basehttp.py:157] [basehttp:log_message] [INFO]- "POST /sys/api/auth/ HTTP/1.1" 200 65
[2020-07-14 13:59:43,913] [basehttp.py:157] [basehttp:log_message] [INFO]- "POST /sys/api/auth/ HTTP/1.1" 200 65
[2020-07-14 14:00:05,057] [basehttp.py:157] [basehttp:log_message] [INFO]- "POST /sys/api/auth/ HTTP/1.1" 200 65
[2020-07-14 14:06:16,913] [log.py:222] [log:log_response] [WARNING]- Unauthorized: /sys/api/auth/
[2020-07-14 14:06:16,914] [basehttp.py:157] [basehttp:log_message] [WARNING]- "POST /sys/api/auth/ HTTP/1.1" 401 39
[2020-07-14 14:06:29,616] [basehttp.py:157] [basehttp:log_message] [INFO]- "POST /sys/api/auth/ HTTP/1.1" 200 65
[2020-07-14 14:06:33,068] [basehttp.py:157] [basehttp:log_message] [INFO]- "GET /sys/api/user/role/?username=gzc&application=automation&type=menu HTTP/1.1" 200 3307
[2020-07-14 14:06:33,070] [basehttp.py:157] [basehttp:log_message] [INFO]- "GET /sys/api/user/role/?username=gzc&application=automation&type=button HTTP/1.1" 200 2
[2020-07-14 14:06:36,967] [basehttp.py:157] [basehttp:log_message] [INFO]- "POST /sys/api/auth/ HTTP/1.1" 200 65
[2020-07-14 14:08:04,463] [basehttp.py:157] [basehttp:log_message] [INFO]- "POST /sys/api/auth/ HTTP/1.1" 200 65
[2020-07-14 14:57:26,223] [log.py:222] [log:log_response] [WARNING]- Unauthorized: /sys/api/auth/
[2020-07-14 14:57:26,225] [basehttp.py:157] [basehttp:log_message] [WARNING]- "POST /sys/api/auth/ HTTP/1.1" 401 39
[2020-07-14 14:57:55,510] [basehttp.py:157] [basehttp:log_message] [INFO]- "POST /sys/api/auth/ HTTP/1.1" 200 65
[2020-07-14 14:57:59,501] [basehttp.py:157] [basehttp:log_message] [INFO]- "GET /sys/api/user/role?username=gzc&application=sys&type=menu HTTP/1.1" 301 0
[2020-07-14 14:57:59,502] [basehttp.py:157] [basehttp:log_message] [INFO]- "GET /sys/api/user/role?username=gzc&application=sys&type=button HTTP/1.1" 301 0
[2020-07-14 14:57:59,724] [basehttp.py:157] [basehttp:log_message] [INFO]- "GET /sys/api/user/role/?username=gzc&application=sys&type=menu HTTP/1.1" 200 1161
[2020-07-14 14:57:59,750] [basehttp.py:157] [basehttp:log_message] [INFO]- "GET /sys/api/user/role/?username=gzc&application=sys&type=button HTTP/1.1" 200 291
[2020-07-14 14:58:03,173] [basehttp.py:157] [basehttp:log_message] [INFO]- "GET /sys/api/user/?current_page=1&pre_page=10 HTTP/1.1" 200 116239
[2020-07-14 15:25:46,586] [basehttp.py:157] [basehttp:log_message] [INFO]- "GET /sys/api/user/role/?username=gzc&application=automation&type=menu HTTP/1.1" 200 3307
[2020-07-14 15:25:46,608] [basehttp.py:157] [basehttp:log_message] [INFO]- "GET /sys/api/user/role/?username=gzc&application=automation&type=button HTTP/1.1" 200 2
[2020-07-14 15:25:51,836] [basehttp.py:157] [basehttp:log_message] [INFO]- "POST /sys/api/auth/ HTTP/1.1" 200 65
[2020-07-14 15:32:22,084] [log.py:222] [log:log_response] [WARNING]- Unauthorized: /sys/api/auth/
[2020-07-14 15:32:22,086] [basehttp.py:157] [basehttp:log_message] [WARNING]- "POST /sys/api/auth/ HTTP/1.1" 401 39
[2020-07-14 15:36:04,037] [basehttp.py:157] [basehttp:log_message] [INFO]- "POST /sys/api/auth/ HTTP/1.1" 200 65
[2020-07-14 15:36:24,619] [basehttp.py:157] [basehttp:log_message] [INFO]- "GET /sys/api/user/role?username=gzc&application=monitor&type=menu HTTP/1.1" 301 0
[2020-07-14 15:36:24,620] [basehttp.py:157] [basehttp:log_message] [INFO]- "GET /sys/api/user/role?username=gzc&application=monitor&type=button HTTP/1.1" 301 0
[2020-07-14 15:36:24,894] [basehttp.py:157] [basehttp:log_message] [INFO]- "GET /sys/api/user/role/?username=gzc&application=monitor&type=menu HTTP/1.1" 200 5794
[2020-07-14 15:36:24,911] [basehttp.py:157] [basehttp:log_message] [INFO]- "GET /sys/api/user/role/?username=gzc&application=monitor&type=button HTTP/1.1" 200 2
[2020-07-14 15:36:55,705] [basehttp.py:157] [basehttp:log_message] [INFO]- "GET /sys/api/user/role/?username=gzc&application=automation&type=button HTTP/1.1" 200 2
[2020-07-14 15:36:55,849] [basehttp.py:157] [basehttp:log_message] [INFO]- "GET /sys/api/user/role/?username=gzc&application=automation&type=menu HTTP/1.1" 200 3307
[2020-07-14 15:37:01,929] [basehttp.py:157] [basehttp:log_message] [INFO]- "POST /sys/api/auth/ HTTP/1.1" 200 65
[2020-07-14 15:37:04,997] [basehttp.py:157] [basehttp:log_message] [INFO]- "GET /sys/api/user/role/?username=gzc&application=monitor&type=button HTTP/1.1" 200 2
[2020-07-14 15:37:04,997] [basehttp.py:157] [basehttp:log_message] [INFO]- "GET /sys/api/user/role/?username=gzc&application=monitor&type=menu HTTP/1.1" 200 5794
[2020-07-14 15:37:10,573] [basehttp.py:157] [basehttp:log_message] [INFO]- "GET /sys/api/user/role/?username=gzc&application=sys&type=button HTTP/1.1" 200 291
[2020-07-14 15:37:10,573] [basehttp.py:157] [basehttp:log_message] [INFO]- "GET /sys/api/user/role/?username=gzc&application=sys&type=menu HTTP/1.1" 200 1161
[2020-07-14 15:37:25,231] [basehttp.py:157] [basehttp:log_message] [INFO]- "GET /sys/api/user/role/?username=gzc&application=automation&type=button HTTP/1.1" 200 2
[2020-07-14 15:37:25,260] [basehttp.py:157] [basehttp:log_message] [INFO]- "GET /sys/api/user/role/?username=gzc&application=automation&type=menu HTTP/1.1" 200 3307
[2020-07-14 15:37:34,993] [basehttp.py:157] [basehttp:log_message] [INFO]- "POST /sys/api/auth/ HTTP/1.1" 200 65
[2020-07-14 15:37:46,529] [basehttp.py:157] [basehttp:log_message] [INFO]- "POST /sys/api/auth/ HTTP/1.1" 200 65
[2020-07-14 15:39:27,909] [basehttp.py:157] [basehttp:log_message] [INFO]- "POST /sys/api/auth/ HTTP/1.1" 200 65
[2020-07-14 15:40:35,693] [basehttp.py:157] [basehttp:log_message] [INFO]- "POST /sys/api/auth/ HTTP/1.1" 200 65
[2020-07-14 15:40:52,943] [basehttp.py:157] [basehttp:log_message] [INFO]- "POST /sys/api/auth/ HTTP/1.1" 200 65
[2020-07-14 15:40:53,240] [basehttp.py:157] [basehttp:log_message] [INFO]- "POST /sys/api/auth/ HTTP/1.1" 200 65
[2020-07-14 15:41:20,324] [basehttp.py:157] [basehttp:log_message] [INFO]- "POST /sys/api/auth/ HTTP/1.1" 200 65
[2020-07-14 15:41:45,574] [basehttp.py:157] [basehttp:log_message] [INFO]- "POST /sys/api/auth/ HTTP/1.1" 200 65
[2020-07-14 15:41:50,888] [basehttp.py:157] [basehttp:log_message] [INFO]- "POST /sys/api/auth/ HTTP/1.1" 200 65
[2020-07-14 15:41:51,109] [basehttp.py:157] [basehttp:log_message] [INFO]- "GET /sys/api/user/role/?username=gzc&application=automation&type=menu HTTP/1.1" 200 3307
[2020-07-14 15:41:51,114] [basehttp.py:157] [basehttp:log_message] [INFO]- "GET /sys/api/user/role/?username=gzc&application=automation&type=button HTTP/1.1" 200 2
[2020-07-14 15:42:04,890] [basehttp.py:157] [basehttp:log_message] [INFO]- "POST /sys/api/auth/ HTTP/1.1" 200 65
[2020-07-14 15:43:26,571] [basehttp.py:157] [basehttp:log_message] [INFO]- "POST /sys/api/auth/ HTTP/1.1" 200 65
[2020-07-14 15:43:27,210] [basehttp.py:157] [basehttp:log_message] [INFO]- "POST /sys/api/auth/ HTTP/1.1" 200 65
[2020-07-14 15:43:27,695] [basehttp.py:157] [basehttp:log_message] [INFO]- "GET /sys/api/user/role/?username=gzc&application=automation&type=button HTTP/1.1" 200 2
[2020-07-14 15:43:27,697] [basehttp.py:157] [basehttp:log_message] [INFO]- "GET /sys/api/user/role/?username=gzc&application=automation&type=menu HTTP/1.1" 200 3307
[2020-07-14 15:43:28,875] [basehttp.py:157] [basehttp:log_message] [INFO]- "POST /sys/api/auth/ HTTP/1.1" 200 65
[2020-07-14 15:43:29,323] [basehttp.py:157] [basehttp:log_message] [INFO]- "GET /sys/api/user/role/?username=gzc&application=automation&type=menu HTTP/1.1" 200 3307
[2020-07-14 15:43:29,508] [basehttp.py:157] [basehttp:log_message] [INFO]- "GET /sys/api/user/role/?username=gzc&application=automation&type=button HTTP/1.1" 200 2
[2020-07-14 15:43:30,675] [basehttp.py:157] [basehttp:log_message] [INFO]- "POST /sys/api/auth/ HTTP/1.1" 200 65
[2020-07-14 15:43:30,948] [basehttp.py:157] [basehttp:log_message] [INFO]- "GET /sys/api/user/role/?username=gzc&application=automation&type=menu HTTP/1.1" 200 3307
[2020-07-14 15:43:30,949] [basehttp.py:157] [basehttp:log_message] [INFO]- "GET /sys/api/user/role/?username=gzc&application=automation&type=button HTTP/1.1" 200 2
[2020-07-14 15:43:35,175] [basehttp.py:157] [basehttp:log_message] [INFO]- "POST /sys/api/auth/ HTTP/1.1" 200 65
[2020-07-14 15:43:35,301] [basehttp.py:157] [basehttp:log_message] [INFO]- "GET /sys/api/user/role/?username=gzc&application=automation&type=button HTTP/1.1" 200 2
[2020-07-14 15:43:35,303] [basehttp.py:157] [basehttp:log_message] [INFO]- "GET /sys/api/user/role/?username=gzc&application=automation&type=menu HTTP/1.1" 200 3307
[2020-07-14 15:43:55,471] [basehttp.py:157] [basehttp:log_message] [INFO]- "GET /sys/api/user/role/?username=gzc&application=automation&type=button HTTP/1.1" 200 2
[2020-07-14 15:43:55,567] [basehttp.py:157] [basehttp:log_message] [INFO]- "POST /sys/api/auth/ HTTP/1.1" 200 65
[2020-07-14 15:43:55,680] [basehttp.py:157] [basehttp:log_message] [INFO]- "GET /sys/api/user/role/?username=gzc&application=automation&type=menu HTTP/1.1" 200 3307
[2020-07-14 15:44:20,645] [basehttp.py:157] [basehttp:log_message] [INFO]- "POST /sys/api/auth/ HTTP/1.1" 200 65
[2020-07-14 15:44:22,689] [basehttp.py:157] [basehttp:log_message] [INFO]- "POST /sys/api/auth/ HTTP/1.1" 200 65
[2020-07-14 15:44:37,445] [basehttp.py:157] [basehttp:log_message] [INFO]- "POST /sys/api/auth/ HTTP/1.1" 200 65
[2020-07-14 15:44:40,206] [basehttp.py:157] [basehttp:log_message] [INFO]- "POST /sys/api/auth/ HTTP/1.1" 200 65
[2020-07-14 15:45:06,845] [basehttp.py:157] [basehttp:log_message] [INFO]- "POST /sys/api/auth/ HTTP/1.1" 200 65
[2020-07-14 15:45:07,114] [basehttp.py:157] [basehttp:log_message] [INFO]- "GET /sys/api/user/role/?username=gzc&application=automation&type=menu HTTP/1.1" 200 3307
[2020-07-14 15:45:07,131] [basehttp.py:157] [basehttp:log_message] [INFO]- "GET /sys/api/user/role/?username=gzc&application=automation&type=button HTTP/1.1" 200 2
[2020-07-14 15:45:13,930] [basehttp.py:157] [basehttp:log_message] [INFO]- "GET /sys/api/user/role/?username=gzc&application=asset&type=button HTTP/1.1" 200 60
[2020-07-14 15:45:13,942] [basehttp.py:157] [basehttp:log_message] [INFO]- "GET /sys/api/user/role/?username=gzc&application=asset&type=menu HTTP/1.1" 200 6044
[2020-07-14 15:45:17,295] [basehttp.py:157] [basehttp:log_message] [INFO]- "GET /sys/api/user/role/?username=gzc&application=sys&type=menu HTTP/1.1" 200 1161
[2020-07-14 15:45:17,297] [basehttp.py:157] [basehttp:log_message] [INFO]- "GET /sys/api/user/role/?username=gzc&application=sys&type=button HTTP/1.1" 200 291
[2020-07-14 15:45:20,290] [basehttp.py:157] [basehttp:log_message] [INFO]- "GET /sys/api/user/role/?username=gzc&application=automation&type=button HTTP/1.1" 200 2
[2020-07-14 15:45:20,293] [basehttp.py:157] [basehttp:log_message] [INFO]- "GET /sys/api/user/role/?username=gzc&application=automation&type=menu HTTP/1.1" 200 3307
[2020-07-14 15:45:22,060] [basehttp.py:157] [basehttp:log_message] [INFO]- "POST /sys/api/auth/ HTTP/1.1" 200 65
[2020-07-14 15:45:27,842] [basehttp.py:157] [basehttp:log_message] [INFO]- "POST /sys/api/auth/ HTTP/1.1" 200 65
[2020-07-14 15:45:28,517] [basehttp.py:157] [basehttp:log_message] [INFO]- "GET /sys/api/user/role/?username=gzc&application=automation&type=button HTTP/1.1" 200 2
[2020-07-14 15:45:28,518] [basehttp.py:157] [basehttp:log_message] [INFO]- "GET /sys/api/user/role/?username=gzc&application=automation&type=menu HTTP/1.1" 200 3307
[2020-07-14 15:45:41,305] [basehttp.py:157] [basehttp:log_message] [INFO]- "POST /sys/api/auth/ HTTP/1.1" 200 65
[2020-07-14 15:45:45,268] [basehttp.py:157] [basehttp:log_message] [INFO]- "GET /sys/api/user/role/?username=gzc&application=automation&type=menu HTTP/1.1" 200 3307
[2020-07-14 15:45:45,268] [basehttp.py:157] [basehttp:log_message] [INFO]- "GET /sys/api/user/role/?username=gzc&application=automation&type=button HTTP/1.1" 200 2
[2020-07-14 15:45:54,679] [basehttp.py:157] [basehttp:log_message] [INFO]- "POST /sys/api/auth/ HTTP/1.1" 200 65
[2020-07-14 15:46:25,103] [basehttp.py:157] [basehttp:log_message] [INFO]- "POST /sys/api/auth/ HTTP/1.1" 200 65
[2020-07-14 15:46:25,267] [basehttp.py:157] [basehttp:log_message] [INFO]- "GET /sys/api/user/role/?username=gzc&application=automation&type=menu HTTP/1.1" 200 3307
[2020-07-14 15:46:25,290] [basehttp.py:157] [basehttp:log_message] [INFO]- "GET /sys/api/user/role/?username=gzc&application=automation&type=button HTTP/1.1" 200 2
[2020-07-14 15:46:53,341] [basehttp.py:157] [basehttp:log_message] [INFO]- "POST /sys/api/auth/ HTTP/1.1" 200 65
[2020-07-14 15:46:53,455] [basehttp.py:157] [basehttp:log_message] [INFO]- "GET /sys/api/user/role/?username=gzc&application=automation&type=menu HTTP/1.1" 200 3307
[2020-07-14 15:46:53,476] [basehttp.py:157] [basehttp:log_message] [INFO]- "GET /sys/api/user/role/?username=gzc&application=automation&type=button HTTP/1.1" 200 2
[2020-07-14 16:06:52,101] [basehttp.py:157] [basehttp:log_message] [INFO]- "GET /sys/api/user/role/?username=gzc&application=automation&type=menu HTTP/1.1" 200 3307
[2020-07-14 16:06:52,101] [basehttp.py:157] [basehttp:log_message] [INFO]- "GET /sys/api/user/role/?username=gzc&application=automation&type=button HTTP/1.1" 200 2
[2020-07-14 16:06:52,133] [basehttp.py:157] [basehttp:log_message] [INFO]- "POST /sys/api/auth/ HTTP/1.1" 200 65
[2020-07-14 16:08:55,210] [basehttp.py:157] [basehttp:log_message] [INFO]- "POST /sys/api/auth/ HTTP/1.1" 200 65
[2020-07-14 16:11:26,192] [basehttp.py:157] [basehttp:log_message] [INFO]- "POST /sys/api/auth/ HTTP/1.1" 200 65
[2020-07-14 16:17:16,309] [log.py:222] [log:log_response] [WARNING]- Unauthorized: /sys/api/auth/
[2020-07-14 16:17:16,311] [basehttp.py:157] [basehttp:log_message] [WARNING]- "POST /sys/api/auth/ HTTP/1.1" 401 39
[2020-07-14 16:17:31,547] [basehttp.py:157] [basehttp:log_message] [INFO]- "POST /sys/api/auth/ HTTP/1.1" 200 65
[2020-07-14 16:17:41,657] [basehttp.py:157] [basehttp:log_message] [INFO]- "GET /sys/api/user/role/?username=gzc&application=automation&type=menu HTTP/1.1" 200 3307
[2020-07-14 16:17:41,658] [basehttp.py:157] [basehttp:log_message] [INFO]- "GET /sys/api/user/role/?username=gzc&application=automation&type=button HTTP/1.1" 200 2
[2020-07-14 16:17:47,180] [basehttp.py:157] [basehttp:log_message] [INFO]- "POST /sys/api/auth/ HTTP/1.1" 200 65
[2020-07-14 16:19:11,262] [basehttp.py:157] [basehttp:log_message] [INFO]- "POST /sys/api/auth/ HTTP/1.1" 200 65
[2020-07-14 16:19:15,921] [basehttp.py:157] [basehttp:log_message] [INFO]- "GET /sys/api/user/role/?username=gzc&application=monitor&type=menu HTTP/1.1" 200 5794
[2020-07-14 16:19:16,012] [basehttp.py:157] [basehttp:log_message] [INFO]- "GET /sys/api/user/role/?username=gzc&application=monitor&type=button HTTP/1.1" 200 2
[2020-07-14 16:19:19,708] [basehttp.py:157] [basehttp:log_message] [INFO]- "GET /sys/api/user/role/?username=gzc&application=asset&type=button HTTP/1.1" 200 60
[2020-07-14 16:19:19,710] [basehttp.py:157] [basehttp:log_message] [INFO]- "GET /sys/api/user/role/?username=gzc&application=asset&type=menu HTTP/1.1" 200 6044
[2020-07-14 16:19:30,449] [basehttp.py:157] [basehttp:log_message] [INFO]- "GET /sys/api/user/role/?username=gzc&application=sys&type=button HTTP/1.1" 200 291
[2020-07-14 16:19:30,452] [basehttp.py:157] [basehttp:log_message] [INFO]- "GET /sys/api/user/role/?username=gzc&application=sys&type=menu HTTP/1.1" 200 1161
[2020-07-14 16:19:32,257] [basehttp.py:157] [basehttp:log_message] [INFO]- "GET /sys/api/user/role/?username=gzc&application=automation&type=menu HTTP/1.1" 200 3307
[2020-07-14 16:19:32,283] [basehttp.py:157] [basehttp:log_message] [INFO]- "GET /sys/api/user/role/?username=gzc&application=automation&type=button HTTP/1.1" 200 2
[2020-07-14 16:19:37,464] [basehttp.py:157] [basehttp:log_message] [INFO]- "GET /sys/api/user/role/?username=gzc&application=asset&type=button HTTP/1.1" 200 60
[2020-07-14 16:19:37,465] [basehttp.py:157] [basehttp:log_message] [INFO]- "GET /sys/api/user/role/?username=gzc&application=asset&type=menu HTTP/1.1" 200 6044
[2020-07-14 16:27:35,679] [basehttp.py:157] [basehttp:log_message] [INFO]- "GET /sys/api/user/role/?username=gzc&application=asset&type=button HTTP/1.1" 200 60
[2020-07-14 16:27:35,679] [basehttp.py:157] [basehttp:log_message] [INFO]- "GET /sys/api/user/role/?username=gzc&application=asset&type=menu HTTP/1.1" 200 6044
[2020-07-14 16:29:50,738] [basehttp.py:157] [basehttp:log_message] [INFO]- "GET /sys/api/user/role/?username=gzc&application=automation&type=button HTTP/1.1" 200 2
[2020-07-14 16:29:50,740] [basehttp.py:157] [basehttp:log_message] [INFO]- "GET /sys/api/user/role/?username=gzc&application=automation&type=menu HTTP/1.1" 200 3307
[2020-07-14 16:50:22,222] [log.py:222] [log:log_response] [WARNING]- Unauthorized: /sys/api/auth/
[2020-07-14 16:50:22,233] [basehttp.py:157] [basehttp:log_message] [WARNING]- "POST /sys/api/auth/ HTTP/1.1" 401 39
[2020-07-14 16:50:33,871] [basehttp.py:157] [basehttp:log_message] [INFO]- "POST /sys/api/auth/ HTTP/1.1" 200 65
[2020-07-14 16:50:38,256] [basehttp.py:157] [basehttp:log_message] [INFO]- "GET /sys/api/user/role/?username=gzc&application=automation&type=button HTTP/1.1" 200 2
[2020-07-14 16:50:38,269] [basehttp.py:157] [basehttp:log_message] [INFO]- "GET /sys/api/user/role/?username=gzc&application=automation&type=menu HTTP/1.1" 200 3307
[2020-07-14 16:50:40,323] [basehttp.py:157] [basehttp:log_message] [INFO]- "POST /sys/api/auth/ HTTP/1.1" 200 65
[2020-07-14 16:50:43,402] [basehttp.py:157] [basehttp:log_message] [INFO]- "POST /sys/api/auth/ HTTP/1.1" 200 65
[2020-07-14 16:50:52,135] [basehttp.py:157] [basehttp:log_message] [INFO]- "POST /sys/api/auth/ HTTP/1.1" 200 65
[2020-07-14 16:54:18,635] [basehttp.py:157] [basehttp:log_message] [INFO]- "POST /sys/api/auth/ HTTP/1.1" 200 65
[2020-07-14 16:54:50,540] [basehttp.py:157] [basehttp:log_message] [INFO]- "POST /sys/api/auth/ HTTP/1.1" 200 65
[2020-07-14 16:54:50,852] [basehttp.py:157] [basehttp:log_message] [INFO]- "GET /sys/api/user/role/?username=gzc&application=automation&type=menu HTTP/1.1" 200 3307
[2020-07-14 16:54:50,859] [basehttp.py:157] [basehttp:log_message] [INFO]- "GET /sys/api/user/role/?username=gzc&application=automation&type=button HTTP/1.1" 200 2
[2020-07-14 16:54:52,906] [basehttp.py:157] [basehttp:log_message] [INFO]- "POST /sys/api/auth/ HTTP/1.1" 200 65
[2020-07-14 16:54:59,316] [basehttp.py:157] [basehttp:log_message] [INFO]- "POST /sys/api/auth/ HTTP/1.1" 200 65
[2020-07-14 16:57:48,361] [basehttp.py:157] [basehttp:log_message] [INFO]- "POST /sys/api/auth/ HTTP/1.1" 200 65
[2020-07-14 16:57:48,535] [basehttp.py:157] [basehttp:log_message] [INFO]- "GET /sys/api/user/role/?username=gzc&application=automation&type=menu HTTP/1.1" 200 3307
[2020-07-14 16:57:48,551] [basehttp.py:157] [basehttp:log_message] [INFO]- "GET /sys/api/user/role/?username=gzc&application=automation&type=button HTTP/1.1" 200 2
[2020-07-14 16:57:50,573] [basehttp.py:157] [basehttp:log_message] [INFO]- "POST /sys/api/auth/ HTTP/1.1" 200 65
[2020-07-14 16:57:57,807] [basehttp.py:157] [basehttp:log_message] [INFO]- "POST /sys/api/auth/ HTTP/1.1" 200 65
[2020-07-14 16:58:42,498] [basehttp.py:157] [basehttp:log_message] [INFO]- "POST /sys/api/auth/ HTTP/1.1" 200 65
[2020-07-14 16:58:42,710] [basehttp.py:157] [basehttp:log_message] [INFO]- "GET /sys/api/user/role/?username=gzc&application=automation&type=menu HTTP/1.1" 200 3307
[2020-07-14 16:58:42,712] [basehttp.py:157] [basehttp:log_message] [INFO]- "GET /sys/api/user/role/?username=gzc&application=automation&type=button HTTP/1.1" 200 2
[2020-07-14 16:58:44,111] [basehttp.py:157] [basehttp:log_message] [INFO]- "POST /sys/api/auth/ HTTP/1.1" 200 65
[2020-07-14 16:58:50,316] [basehttp.py:157] [basehttp:log_message] [INFO]- "POST /sys/api/auth/ HTTP/1.1" 200 65
[2020-07-14 17:01:15,119] [basehttp.py:157] [basehttp:log_message] [INFO]- "POST /sys/api/auth/ HTTP/1.1" 200 65
[2020-07-14 17:01:15,300] [basehttp.py:157] [basehttp:log_message] [INFO]- "GET /sys/api/user/role/?username=gzc&application=automation&type=menu HTTP/1.1" 200 3307
[2020-07-14 17:01:15,326] [basehttp.py:157] [basehttp:log_message] [INFO]- "GET /sys/api/user/role/?username=gzc&application=automation&type=button HTTP/1.1" 200 2
[2020-07-14 17:01:19,718] [basehttp.py:157] [basehttp:log_message] [INFO]- "POST /sys/api/auth/ HTTP/1.1" 200 65
[2020-07-14 17:01:27,666] [basehttp.py:157] [basehttp:log_message] [INFO]- "POST /sys/api/auth/ HTTP/1.1" 200 65
[2020-07-14 17:06:27,450] [basehttp.py:157] [basehttp:log_message] [INFO]- "POST /sys/api/auth/ HTTP/1.1" 200 65
[2020-07-14 17:06:27,747] [basehttp.py:157] [basehttp:log_message] [INFO]- "GET /sys/api/user/role/?username=gzc&application=automation&type=menu HTTP/1.1" 200 3307
[2020-07-14 17:06:27,748] [basehttp.py:157] [basehttp:log_message] [INFO]- "GET /sys/api/user/role/?username=gzc&application=automation&type=button HTTP/1.1" 200 2
[2020-07-14 17:06:29,721] [basehttp.py:157] [basehttp:log_message] [INFO]- "POST /sys/api/auth/ HTTP/1.1" 200 65
[2020-07-14 17:06:36,292] [basehttp.py:157] [basehttp:log_message] [INFO]- "POST /sys/api/auth/ HTTP/1.1" 200 65
[2020-07-14 17:08:47,313] [basehttp.py:157] [basehttp:log_message] [INFO]- "GET /sys/api/user/role/?username=gzc&application=automation&type=menu HTTP/1.1" 200 3307
[2020-07-14 17:08:47,316] [basehttp.py:157] [basehttp:log_message] [INFO]- "GET /sys/api/user/role/?username=gzc&application=automation&type=button HTTP/1.1" 200 2
[2020-07-14 17:08:58,827] [basehttp.py:157] [basehttp:log_message] [INFO]- "POST /sys/api/auth/ HTTP/1.1" 200 65
[2020-07-14 17:08:59,113] [basehttp.py:157] [basehttp:log_message] [INFO]- "GET /sys/api/user/role/?username=gzc&application=automation&type=menu HTTP/1.1" 200 3307
[2020-07-14 17:08:59,113] [basehttp.py:157] [basehttp:log_message] [INFO]- "GET /sys/api/user/role/?username=gzc&application=automation&type=button HTTP/1.1" 200 2
[2020-07-14 17:09:02,787] [basehttp.py:157] [basehttp:log_message] [INFO]- "POST /sys/api/auth/ HTTP/1.1" 200 65
[2020-07-14 17:09:12,858] [basehttp.py:157] [basehttp:log_message] [INFO]- "POST /sys/api/auth/ HTTP/1.1" 200 65
[2020-07-14 17:11:16,341] [basehttp.py:157] [basehttp:log_message] [INFO]- "POST /sys/api/auth/ HTTP/1.1" 200 65
[2020-07-14 17:11:21,840] [basehttp.py:157] [basehttp:log_message] [INFO]- "POST /sys/api/auth/ HTTP/1.1" 200 65
[2020-07-14 17:11:30,354] [basehttp.py:157] [basehttp:log_message] [INFO]- "POST /sys/api/auth/ HTTP/1.1" 200 65
[2020-07-14 17:13:52,321] [basehttp.py:157] [basehttp:log_message] [INFO]- "POST /sys/api/auth/ HTTP/1.1" 200 65
[2020-07-14 17:13:52,399] [basehttp.py:157] [basehttp:log_message] [INFO]- "GET /sys/api/user/role/?username=gzc&application=automation&type=menu HTTP/1.1" 200 3307
[2020-07-14 17:13:52,439] [basehttp.py:157] [basehttp:log_message] [INFO]- "GET /sys/api/user/role/?username=gzc&application=automation&type=button HTTP/1.1" 200 2
[2020-07-14 17:13:54,254] [basehttp.py:157] [basehttp:log_message] [INFO]- "POST /sys/api/auth/ HTTP/1.1" 200 65
[2020-07-14 17:14:00,395] [basehttp.py:157] [basehttp:log_message] [INFO]- "POST /sys/api/auth/ HTTP/1.1" 200 65
[2020-07-14 17:15:54,681] [basehttp.py:157] [basehttp:log_message] [INFO]- "POST /sys/api/auth/ HTTP/1.1" 200 65
[2020-07-14 17:15:54,787] [basehttp.py:157] [basehttp:log_message] [INFO]- "GET /sys/api/user/role/?username=gzc&application=automation&type=button HTTP/1.1" 200 2
[2020-07-14 17:15:54,789] [basehttp.py:157] [basehttp:log_message] [INFO]- "GET /sys/api/user/role/?username=gzc&application=automation&type=menu HTTP/1.1" 200 3307
[2020-07-14 17:15:58,697] [basehttp.py:157] [basehttp:log_message] [INFO]- "POST /sys/api/auth/ HTTP/1.1" 200 65
[2020-07-14 17:16:06,328] [basehttp.py:157] [basehttp:log_message] [INFO]- "POST /sys/api/auth/ HTTP/1.1" 200 65
[2020-07-14 17:21:04,217] [log.py:222] [log:log_response] [WARNING]- Unauthorized: /sys/api/auth/
[2020-07-14 17:21:04,221] [basehttp.py:157] [basehttp:log_message] [WARNING]- "POST /sys/api/auth/ HTTP/1.1" 401 39
[2020-07-14 17:21:04,244] [log.py:222] [log:log_response] [WARNING]- Forbidden: /sys/api/user/role/
[2020-07-14 17:21:04,247] [basehttp.py:157] [basehttp:log_message] [WARNING]- "GET /sys/api/user/role/?username=gzc&application=automation&type=button HTTP/1.1" 403 24
[2020-07-14 17:21:04,254] [log.py:222] [log:log_response] [WARNING]- Forbidden: /sys/api/user/role/
[2020-07-14 17:21:04,257] [basehttp.py:157] [basehttp:log_message] [WARNING]- "GET /sys/api/user/role/?username=gzc&application=automation&type=menu HTTP/1.1" 403 24
[2020-07-14 17:21:20,267] [basehttp.py:157] [basehttp:log_message] [INFO]- "POST /sys/api/auth/ HTTP/1.1" 200 65
[2020-07-14 17:22:33,889] [basehttp.py:157] [basehttp:log_message] [INFO]- "GET /sys/api/user/role/?username=gzc&application=automation&type=menu HTTP/1.1" 200 3307
[2020-07-14 17:22:33,927] [basehttp.py:157] [basehttp:log_message] [INFO]- "GET /sys/api/user/role/?username=gzc&application=automation&type=button HTTP/1.1" 200 2
[2020-07-14 17:22:35,504] [basehttp.py:157] [basehttp:log_message] [INFO]- "POST /sys/api/auth/ HTTP/1.1" 200 65
[2020-07-14 17:22:37,460] [basehttp.py:157] [basehttp:log_message] [INFO]- "POST /sys/api/auth/ HTTP/1.1" 200 65
[2020-07-14 17:22:45,726] [basehttp.py:157] [basehttp:log_message] [INFO]- "POST /sys/api/auth/ HTTP/1.1" 200 65
[2020-07-14 17:24:01,598] [basehttp.py:157] [basehttp:log_message] [INFO]- "POST /sys/api/auth/ HTTP/1.1" 200 65
[2020-07-14 17:24:12,934] [basehttp.py:157] [basehttp:log_message] [INFO]- "POST /sys/api/auth/ HTTP/1.1" 200 65
[2020-07-14 17:24:13,195] [basehttp.py:157] [basehttp:log_message] [INFO]- "GET /sys/api/user/role/?username=gzc&application=automation&type=menu HTTP/1.1" 200 3307
[2020-07-14 17:24:13,196] [basehttp.py:157] [basehttp:log_message] [INFO]- "GET /sys/api/user/role/?username=gzc&application=automation&type=button HTTP/1.1" 200 2
[2020-07-14 17:24:15,786] [basehttp.py:157] [basehttp:log_message] [INFO]- "POST /sys/api/auth/ HTTP/1.1" 200 65
[2020-07-14 17:24:23,060] [basehttp.py:157] [basehttp:log_message] [INFO]- "POST /sys/api/auth/ HTTP/1.1" 200 65
[2020-07-14 17:25:53,885] [basehttp.py:157] [basehttp:log_message] [INFO]- "POST /sys/api/auth/ HTTP/1.1" 200 65
[2020-07-14 17:25:56,922] [basehttp.py:157] [basehttp:log_message] [INFO]- "POST /sys/api/auth/ HTTP/1.1" 200 65
[2020-07-14 17:25:57,123] [basehttp.py:157] [basehttp:log_message] [INFO]- "GET /sys/api/user/role/?username=gzc&application=automation&type=menu HTTP/1.1" 200 3307
[2020-07-14 17:25:57,126] [basehttp.py:157] [basehttp:log_message] [INFO]- "GET /sys/api/user/role/?username=gzc&application=automation&type=button HTTP/1.1" 200 2
[2020-07-14 17:26:02,999] [basehttp.py:157] [basehttp:log_message] [INFO]- "POST /sys/api/auth/ HTTP/1.1" 200 65
[2020-07-14 17:26:09,117] [basehttp.py:157] [basehttp:log_message] [INFO]- "POST /sys/api/auth/ HTTP/1.1" 200 65
[2020-07-14 17:28:12,389] [basehttp.py:157] [basehttp:log_message] [INFO]- "POST /sys/api/auth/ HTTP/1.1" 200 65
[2020-07-14 17:28:26,767] [basehttp.py:157] [basehttp:log_message] [INFO]- "POST /sys/api/auth/ HTTP/1.1" 200 65
[2020-07-14 17:28:29,470] [basehttp.py:157] [basehttp:log_message] [INFO]- "POST /sys/api/auth/ HTTP/1.1" 200 65
[2020-07-14 17:28:29,715] [basehttp.py:157] [basehttp:log_message] [INFO]- "GET /sys/api/user/role/?username=gzc&application=automation&type=menu HTTP/1.1" 200 3307
[2020-07-14 17:28:29,731] [basehttp.py:157] [basehttp:log_message] [INFO]- "GET /sys/api/user/role/?username=gzc&application=automation&type=button HTTP/1.1" 200 2
[2020-07-14 17:28:35,403] [basehttp.py:157] [basehttp:log_message] [INFO]- "POST /sys/api/auth/ HTTP/1.1" 200 65
[2020-07-14 17:28:42,130] [basehttp.py:157] [basehttp:log_message] [INFO]- "POST /sys/api/auth/ HTTP/1.1" 200 65
[2020-07-14 17:29:02,381] [basehttp.py:157] [basehttp:log_message] [INFO]- "POST /sys/api/auth/ HTTP/1.1" 200 65
[2020-07-14 17:29:06,990] [basehttp.py:157] [basehttp:log_message] [INFO]- "POST /sys/api/auth/ HTTP/1.1" 200 65
[2020-07-14 17:29:07,250] [basehttp.py:157] [basehttp:log_message] [INFO]- "GET /sys/api/user/role/?username=gzc&application=automation&type=menu HTTP/1.1" 200 3307
[2020-07-14 17:29:07,251] [basehttp.py:157] [basehttp:log_message] [INFO]- "GET /sys/api/user/role/?username=gzc&application=automation&type=button HTTP/1.1" 200 2
[2020-07-14 17:29:09,039] [basehttp.py:157] [basehttp:log_message] [INFO]- "POST /sys/api/auth/ HTTP/1.1" 200 65
[2020-07-14 17:29:14,222] [basehttp.py:157] [basehttp:log_message] [INFO]- "POST /sys/api/auth/ HTTP/1.1" 200 65
[2020-07-14 17:29:55,378] [basehttp.py:157] [basehttp:log_message] [INFO]- "POST /sys/api/auth/ HTTP/1.1" 200 65
[2020-07-14 17:29:58,874] [basehttp.py:157] [basehttp:log_message] [INFO]- "POST /sys/api/auth/ HTTP/1.1" 200 65
[2020-07-14 17:30:08,738] [basehttp.py:157] [basehttp:log_message] [INFO]- "POST /sys/api/auth/ HTTP/1.1" 200 65
[2020-07-14 17:30:53,221] [basehttp.py:157] [basehttp:log_message] [INFO]- "POST /sys/api/auth/ HTTP/1.1" 200 65
[2020-07-14 17:31:52,378] [basehttp.py:157] [basehttp:log_message] [INFO]- "POST /sys/api/auth/ HTTP/1.1" 200 65
[2020-07-14 17:31:52,587] [basehttp.py:157] [basehttp:log_message] [INFO]- "GET /sys/api/user/role/?username=gzc&application=automation&type=menu HTTP/1.1" 200 3307
[2020-07-14 17:31:52,618] [basehttp.py:157] [basehttp:log_message] [INFO]- "GET /sys/api/user/role/?username=gzc&application=automation&type=button HTTP/1.1" 200 2
[2020-07-14 17:31:54,356] [basehttp.py:157] [basehttp:log_message] [INFO]- "POST /sys/api/auth/ HTTP/1.1" 200 65
[2020-07-14 17:31:59,982] [basehttp.py:157] [basehttp:log_message] [INFO]- "POST /sys/api/auth/ HTTP/1.1" 200 65
[2020-07-14 17:32:32,279] [basehttp.py:157] [basehttp:log_message] [INFO]- "POST /sys/api/auth/ HTTP/1.1" 200 65
[2020-07-14 17:32:32,520] [basehttp.py:157] [basehttp:log_message] [INFO]- "GET /sys/api/user/role/?username=gzc&application=automation&type=menu HTTP/1.1" 200 3307
[2020-07-14 17:32:32,524] [basehttp.py:157] [basehttp:log_message] [INFO]- "GET /sys/api/user/role/?username=gzc&application=automation&type=button HTTP/1.1" 200 2
[2020-07-14 17:32:34,812] [basehttp.py:157] [basehttp:log_message] [INFO]- "POST /sys/api/auth/ HTTP/1.1" 200 65
[2020-07-14 17:32:40,417] [basehttp.py:157] [basehttp:log_message] [INFO]- "POST /sys/api/auth/ HTTP/1.1" 200 65
[2020-07-14 17:33:30,367] [basehttp.py:157] [basehttp:log_message] [INFO]- "POST /sys/api/auth/ HTTP/1.1" 200 65
[2020-07-14 17:33:30,513] [basehttp.py:157] [basehttp:log_message] [INFO]- "GET /sys/api/user/role/?username=gzc&application=automation&type=button HTTP/1.1" 200 2
[2020-07-14 17:33:30,513] [basehttp.py:157] [basehttp:log_message] [INFO]- "GET /sys/api/user/role/?username=gzc&application=automation&type=menu HTTP/1.1" 200 3307
[2020-07-14 17:33:32,048] [basehttp.py:157] [basehttp:log_message] [INFO]- "POST /sys/api/auth/ HTTP/1.1" 200 65
[2020-07-14 17:33:38,150] [basehttp.py:157] [basehttp:log_message] [INFO]- "POST /sys/api/auth/ HTTP/1.1" 200 65
[2020-07-14 17:35:41,445] [basehttp.py:157] [basehttp:log_message] [INFO]- "POST /sys/api/auth/ HTTP/1.1" 200 65
[2020-07-14 17:35:41,597] [basehttp.py:157] [basehttp:log_message] [INFO]- "GET /sys/api/user/role/?username=gzc&application=automation&type=menu HTTP/1.1" 200 3307
[2020-07-14 17:35:41,599] [basehttp.py:157] [basehttp:log_message] [INFO]- "GET /sys/api/user/role/?username=gzc&application=automation&type=button HTTP/1.1" 200 2
[2020-07-14 17:35:47,605] [basehttp.py:157] [basehttp:log_message] [INFO]- "POST /sys/api/auth/ HTTP/1.1" 200 65
[2020-07-14 17:35:54,326] [basehttp.py:157] [basehttp:log_message] [INFO]- "POST /sys/api/auth/ HTTP/1.1" 200 65
[2020-07-14 17:46:09,227] [basehttp.py:157] [basehttp:log_message] [INFO]- "POST /sys/api/auth/ HTTP/1.1" 200 65
