[2020-06-14 09:20:24,043] [autoreload.py:598] [autoreload:run_with_reloader] [INFO]- Watching for file changes with StatReloader
[2020-06-14 09:31:42,977] [basehttp.py:157] [basehttp:log_message] [INFO]- "OPTIONS /user/role?username=admin&application=sys HTTP/1.1" 200 0
[2020-06-14 09:31:43,109] [basehttp.py:157] [basehttp:log_message] [INFO]- "OPTIONS /user/role/?username=admin&application=sys HTTP/1.1" 200 0
[2020-06-14 09:31:43,224] [basehttp.py:157] [basehttp:log_message] [INFO]- "GET /user/role/?username=admin&application=sys HTTP/1.1" 200 997
[2020-06-14 09:31:46,639] [basehttp.py:157] [basehttp:log_message] [INFO]- "OPTIONS /user/?current_page=1&pre_page=10 HTTP/1.1" 200 0
[2020-06-14 09:31:46,852] [basehttp.py:157] [basehttp:log_message] [INFO]- "GET /user/?current_page=1&pre_page=10 HTTP/1.1" 200 16888
[2020-06-14 09:31:50,831] [basehttp.py:157] [basehttp:log_message] [INFO]- "OPTIONS /user/?current_page=2&pre_page=10 HTTP/1.1" 200 0
[2020-06-14 09:31:50,910] [basehttp.py:157] [basehttp:log_message] [INFO]- "GET /user/?current_page=2&pre_page=10 HTTP/1.1" 200 7922
[2020-06-14 09:31:51,657] [basehttp.py:157] [basehttp:log_message] [INFO]- "OPTIONS /user/?current_page=3&pre_page=10 HTTP/1.1" 200 0
[2020-06-14 09:31:51,701] [basehttp.py:157] [basehttp:log_message] [INFO]- "GET /user/?current_page=3&pre_page=10 HTTP/1.1" 200 1945
[2020-06-14 09:31:53,982] [basehttp.py:157] [basehttp:log_message] [INFO]- "OPTIONS /user/?current_page=4&pre_page=10 HTTP/1.1" 200 0
[2020-06-14 09:31:54,048] [basehttp.py:157] [basehttp:log_message] [INFO]- "GET /user/?current_page=4&pre_page=10 HTTP/1.1" 200 5700
[2020-06-14 09:31:56,708] [basehttp.py:157] [basehttp:log_message] [INFO]- "OPTIONS /user/?current_page=5&pre_page=10 HTTP/1.1" 200 0
[2020-06-14 09:31:56,733] [basehttp.py:157] [basehttp:log_message] [INFO]- "GET /user/?current_page=5&pre_page=10 HTTP/1.1" 200 655
[2020-06-14 09:32:00,659] [basehttp.py:157] [basehttp:log_message] [INFO]- "GET /user/?current_page=1&pre_page=10 HTTP/1.1" 200 16888
[2020-06-14 12:33:19,993] [basehttp.py:157] [basehttp:log_message] [INFO]- "OPTIONS /user/?current_page=1&pre_page=10 HTTP/1.1" 200 0
[2020-06-14 12:33:20,158] [basehttp.py:157] [basehttp:log_message] [INFO]- "GET /user/?current_page=1&pre_page=10 HTTP/1.1" 200 16888
[2020-06-14 12:33:21,773] [basehttp.py:157] [basehttp:log_message] [INFO]- "OPTIONS /role/ HTTP/1.1" 200 0
[2020-06-14 12:33:21,844] [basehttp.py:157] [basehttp:log_message] [INFO]- "GET /role/ HTTP/1.1" 200 3308
[2020-06-14 12:33:25,528] [basehttp.py:157] [basehttp:log_message] [INFO]- "OPTIONS /role/?current_page=1&pre_page=10 HTTP/1.1" 200 0
[2020-06-14 12:33:25,579] [basehttp.py:157] [basehttp:log_message] [INFO]- "GET /role/?current_page=1&pre_page=10 HTTP/1.1" 200 3379
[2020-06-14 12:33:26,511] [basehttp.py:157] [basehttp:log_message] [INFO]- "OPTIONS /menu/?current_page=1&pre_page=10 HTTP/1.1" 200 0
[2020-06-14 12:33:26,543] [basehttp.py:157] [basehttp:log_message] [INFO]- "GET /menu/?current_page=1&pre_page=10 HTTP/1.1" 200 1834
[2020-06-14 12:33:28,188] [basehttp.py:157] [basehttp:log_message] [INFO]- "GET /role/?current_page=1&pre_page=10 HTTP/1.1" 200 3379
[2020-06-14 12:33:32,029] [basehttp.py:157] [basehttp:log_message] [INFO]- "OPTIONS /menu/ HTTP/1.1" 200 0
[2020-06-14 12:33:32,059] [basehttp.py:157] [basehttp:log_message] [INFO]- "GET /menu/ HTTP/1.1" 200 1763
[2020-06-14 12:34:19,156] [basehttp.py:157] [basehttp:log_message] [INFO]- "GET /menu/?current_page=1&pre_page=10 HTTP/1.1" 200 1834
[2020-06-14 12:34:28,081] [basehttp.py:157] [basehttp:log_message] [INFO]- "GET /role/?current_page=1&pre_page=10 HTTP/1.1" 200 3379
[2020-06-14 12:34:54,056] [basehttp.py:157] [basehttp:log_message] [INFO]- "GET /user/?current_page=1&pre_page=10 HTTP/1.1" 200 16888
[2020-06-14 15:08:25,272] [basehttp.py:157] [basehttp:log_message] [INFO]- "OPTIONS /role/ HTTP/1.1" 200 0
[2020-06-14 15:08:25,374] [basehttp.py:157] [basehttp:log_message] [INFO]- "GET /role/ HTTP/1.1" 200 3308
[2020-06-14 15:10:59,918] [basehttp.py:157] [basehttp:log_message] [INFO]- "OPTIONS /user/role?username=admin&application=sys HTTP/1.1" 200 0
[2020-06-14 15:10:59,924] [basehttp.py:157] [basehttp:log_message] [INFO]- "OPTIONS /user/?current_page=1&pre_page=10 HTTP/1.1" 200 0
[2020-06-14 15:10:59,951] [basehttp.py:157] [basehttp:log_message] [INFO]- "OPTIONS /user/role/?username=admin&application=sys HTTP/1.1" 200 0
[2020-06-14 15:11:00,066] [basehttp.py:157] [basehttp:log_message] [INFO]- "GET /user/role/?username=admin&application=sys HTTP/1.1" 200 997
[2020-06-14 15:11:00,138] [basehttp.py:157] [basehttp:log_message] [INFO]- "GET /user/?current_page=1&pre_page=10 HTTP/1.1" 200 16888
[2020-06-14 15:12:12,453] [basehttp.py:157] [basehttp:log_message] [INFO]- "GET /role/ HTTP/1.1" 200 3308
[2020-06-14 15:12:19,448] [basehttp.py:157] [basehttp:log_message] [INFO]- "GET /role/ HTTP/1.1" 200 3308
[2020-06-14 15:12:22,451] [basehttp.py:157] [basehttp:log_message] [INFO]- "GET /role/ HTTP/1.1" 200 3308
[2020-06-14 19:44:32,785] [basehttp.py:157] [basehttp:log_message] [INFO]- "OPTIONS /role/ HTTP/1.1" 200 0
[2020-06-14 19:44:32,821] [basehttp.py:157] [basehttp:log_message] [INFO]- "GET /role/ HTTP/1.1" 200 3308
[2020-06-14 19:46:29,113] [basehttp.py:157] [basehttp:log_message] [INFO]- "OPTIONS /user/?current_page=1&pre_page=10 HTTP/1.1" 200 0
[2020-06-14 19:46:29,268] [basehttp.py:157] [basehttp:log_message] [INFO]- "GET /user/?current_page=1&pre_page=10 HTTP/1.1" 200 16888
[2020-06-14 19:47:04,063] [basehttp.py:157] [basehttp:log_message] [INFO]- "GET /user/?current_page=1&pre_page=10 HTTP/1.1" 200 16888
[2020-06-14 19:47:05,020] [basehttp.py:157] [basehttp:log_message] [INFO]- "GET /role/ HTTP/1.1" 200 3308
[2020-06-14 19:47:22,239] [basehttp.py:157] [basehttp:log_message] [INFO]- "OPTIONS /user/role?username=admin&application=sys HTTP/1.1" 200 0
[2020-06-14 19:47:22,282] [basehttp.py:157] [basehttp:log_message] [INFO]- "OPTIONS /user/role/?username=admin&application=sys HTTP/1.1" 200 0
[2020-06-14 19:47:22,370] [basehttp.py:157] [basehttp:log_message] [INFO]- "GET /user/role/?username=admin&application=sys HTTP/1.1" 200 997
[2020-06-14 19:47:22,390] [basehttp.py:157] [basehttp:log_message] [INFO]- "GET /user/?current_page=1&pre_page=10 HTTP/1.1" 200 16888
[2020-06-14 19:47:23,989] [basehttp.py:157] [basehttp:log_message] [INFO]- "GET /role/ HTTP/1.1" 200 3308
[2020-06-14 20:04:12,424] [basehttp.py:157] [basehttp:log_message] [INFO]- "OPTIONS /user/role?username=admin&application=sys HTTP/1.1" 200 0
[2020-06-14 20:04:12,426] [basehttp.py:157] [basehttp:log_message] [INFO]- "OPTIONS /user/?current_page=1&pre_page=10 HTTP/1.1" 200 0
[2020-06-14 20:04:12,453] [basehttp.py:157] [basehttp:log_message] [INFO]- "OPTIONS /user/role/?username=admin&application=sys HTTP/1.1" 200 0
[2020-06-14 20:04:12,551] [basehttp.py:157] [basehttp:log_message] [INFO]- "GET /user/role/?username=admin&application=sys HTTP/1.1" 200 997
[2020-06-14 20:04:12,574] [basehttp.py:157] [basehttp:log_message] [INFO]- "GET /user/?current_page=1&pre_page=10 HTTP/1.1" 200 16888
[2020-06-14 20:04:14,302] [basehttp.py:157] [basehttp:log_message] [INFO]- "OPTIONS /role/ HTTP/1.1" 200 0
[2020-06-14 20:04:14,340] [basehttp.py:157] [basehttp:log_message] [INFO]- "GET /role/ HTTP/1.1" 200 3308
[2020-06-14 20:04:31,677] [basehttp.py:157] [basehttp:log_message] [INFO]- "GET /user/role/?username=admin&application=sys HTTP/1.1" 200 997
[2020-06-14 20:04:31,738] [basehttp.py:157] [basehttp:log_message] [INFO]- "GET /user/?current_page=1&pre_page=10 HTTP/1.1" 200 16888
[2020-06-14 20:04:32,942] [basehttp.py:157] [basehttp:log_message] [INFO]- "GET /role/ HTTP/1.1" 200 3308
[2020-06-14 20:08:13,049] [basehttp.py:157] [basehttp:log_message] [INFO]- "GET /user/?current_page=1&pre_page=10 HTTP/1.1" 200 16888
[2020-06-14 20:08:15,681] [basehttp.py:157] [basehttp:log_message] [INFO]- "GET /user/role/?username=admin&application=sys HTTP/1.1" 200 997
[2020-06-14 20:08:15,734] [basehttp.py:157] [basehttp:log_message] [INFO]- "GET /user/?current_page=1&pre_page=10 HTTP/1.1" 200 16888
[2020-06-14 20:08:16,801] [basehttp.py:157] [basehttp:log_message] [INFO]- "GET /role/ HTTP/1.1" 200 3308
[2020-06-14 20:09:06,857] [basehttp.py:157] [basehttp:log_message] [INFO]- "GET /user/?current_page=1&pre_page=10 HTTP/1.1" 200 16888
[2020-06-14 20:09:08,480] [basehttp.py:157] [basehttp:log_message] [INFO]- "GET /user/role/?username=admin&application=sys HTTP/1.1" 200 997
[2020-06-14 20:09:08,544] [basehttp.py:157] [basehttp:log_message] [INFO]- "GET /user/?current_page=1&pre_page=10 HTTP/1.1" 200 16888
[2020-06-14 20:09:09,533] [basehttp.py:157] [basehttp:log_message] [INFO]- "GET /role/ HTTP/1.1" 200 3308
[2020-06-14 20:12:21,347] [basehttp.py:157] [basehttp:log_message] [INFO]- "GET /user/?current_page=1&pre_page=10 HTTP/1.1" 200 16888
[2020-06-14 20:12:22,820] [basehttp.py:157] [basehttp:log_message] [INFO]- "GET /user/role/?username=admin&application=sys HTTP/1.1" 200 997
[2020-06-14 20:12:22,882] [basehttp.py:157] [basehttp:log_message] [INFO]- "GET /user/?current_page=1&pre_page=10 HTTP/1.1" 200 16888
[2020-06-14 20:12:23,927] [basehttp.py:157] [basehttp:log_message] [INFO]- "GET /role/ HTTP/1.1" 200 3308
[2020-06-14 20:14:12,460] [basehttp.py:157] [basehttp:log_message] [INFO]- "GET /user/?current_page=1&pre_page=10 HTTP/1.1" 200 16888
[2020-06-14 20:15:08,553] [log.py:222] [log:log_response] [WARNING]- Forbidden: /role/
[2020-06-14 20:15:08,554] [basehttp.py:157] [basehttp:log_message] [WARNING]- "GET /role/ HTTP/1.1" 403 40
[2020-06-14 20:15:24,125] [basehttp.py:157] [basehttp:log_message] [INFO]- "GET /role/ HTTP/1.1" 200 3308
[2020-06-14 20:17:16,078] [basehttp.py:157] [basehttp:log_message] [INFO]- "OPTIONS /user/?current_page=1&pre_page=10 HTTP/1.1" 200 0
[2020-06-14 20:17:16,212] [basehttp.py:157] [basehttp:log_message] [INFO]- "GET /user/?current_page=1&pre_page=10 HTTP/1.1" 200 16888
[2020-06-14 20:17:17,500] [basehttp.py:157] [basehttp:log_message] [INFO]- "OPTIONS /user/role?username=admin&application=sys HTTP/1.1" 200 0
[2020-06-14 20:17:17,546] [basehttp.py:157] [basehttp:log_message] [INFO]- "OPTIONS /user/role/?username=admin&application=sys HTTP/1.1" 200 0
[2020-06-14 20:17:17,616] [basehttp.py:157] [basehttp:log_message] [INFO]- "GET /user/role/?username=admin&application=sys HTTP/1.1" 200 997
[2020-06-14 20:17:17,641] [basehttp.py:157] [basehttp:log_message] [INFO]- "GET /user/?current_page=1&pre_page=10 HTTP/1.1" 200 16888
[2020-06-14 20:17:22,775] [basehttp.py:157] [basehttp:log_message] [INFO]- "OPTIONS /role/ HTTP/1.1" 200 0
[2020-06-14 20:17:22,836] [basehttp.py:157] [basehttp:log_message] [INFO]- "GET /role/ HTTP/1.1" 200 3308
[2020-06-14 20:18:01,048] [basehttp.py:157] [basehttp:log_message] [INFO]- "GET /role/role_by_user?username=mlq HTTP/1.1" 301 0
[2020-06-14 20:18:01,061] [log.py:222] [log:log_response] [WARNING]- Not Found: /role/role_by_user/
[2020-06-14 20:18:01,062] [basehttp.py:157] [basehttp:log_message] [WARNING]- "GET /role/role_by_user/?username=mlq HTTP/1.1" 404 25
[2020-06-14 20:18:16,150] [basehttp.py:157] [basehttp:log_message] [INFO]- "GET /user/role?username=mlq&application=sys HTTP/1.1" 301 0
[2020-06-14 20:18:16,182] [basehttp.py:157] [basehttp:log_message] [INFO]- "GET /user/role/?username=mlq&application=sys HTTP/1.1" 200 997
[2020-06-14 20:19:13,492] [basehttp.py:157] [basehttp:log_message] [INFO]- "GET /user/ HTTP/1.1" 200 32746
[2020-06-14 20:23:43,141] [basehttp.py:157] [basehttp:log_message] [INFO]- "GET /user/?current_page=1&pre_page=10 HTTP/1.1" 200 16888
[2020-06-14 20:23:46,375] [basehttp.py:157] [basehttp:log_message] [INFO]- "GET /role/ HTTP/1.1" 200 3308
[2020-06-14 20:24:00,959] [basehttp.py:157] [basehttp:log_message] [INFO]- "GET /user/?current_page=1&pre_page=10 HTTP/1.1" 200 16888
[2020-06-14 20:24:02,297] [basehttp.py:157] [basehttp:log_message] [INFO]- "GET /role/ HTTP/1.1" 200 3308
[2020-06-14 20:24:07,906] [basehttp.py:157] [basehttp:log_message] [INFO]- "GET /role/ HTTP/1.1" 200 3308
[2020-06-14 20:24:20,521] [basehttp.py:157] [basehttp:log_message] [INFO]- "GET /user/?current_page=1&pre_page=10 HTTP/1.1" 200 16888
[2020-06-14 20:24:23,893] [basehttp.py:157] [basehttp:log_message] [INFO]- "GET /role/ HTTP/1.1" 200 3308
[2020-06-14 20:26:00,685] [basehttp.py:157] [basehttp:log_message] [INFO]- "GET /user/?current_page=1&pre_page=10 HTTP/1.1" 200 16888
[2020-06-14 20:26:03,556] [basehttp.py:157] [basehttp:log_message] [INFO]- "GET /role/ HTTP/1.1" 200 3308
[2020-06-14 20:26:14,380] [basehttp.py:157] [basehttp:log_message] [INFO]- "GET /user/?current_page=1&pre_page=10 HTTP/1.1" 200 16888
[2020-06-14 20:26:16,746] [basehttp.py:157] [basehttp:log_message] [INFO]- "GET /role/ HTTP/1.1" 200 3308
[2020-06-14 20:26:19,131] [basehttp.py:157] [basehttp:log_message] [INFO]- "GET /role/ HTTP/1.1" 200 3308
[2020-06-14 20:30:06,048] [basehttp.py:157] [basehttp:log_message] [INFO]- "OPTIONS /user/?current_page=1&pre_page=10 HTTP/1.1" 200 0
[2020-06-14 20:30:06,204] [basehttp.py:157] [basehttp:log_message] [INFO]- "GET /user/?current_page=1&pre_page=10 HTTP/1.1" 200 16888
[2020-06-14 20:30:49,929] [basehttp.py:157] [basehttp:log_message] [INFO]- "GET /role/ HTTP/1.1" 200 3308
[2020-06-14 20:33:42,329] [basehttp.py:157] [basehttp:log_message] [INFO]- "GET /user/?current_page=1&pre_page=10 HTTP/1.1" 200 16888
[2020-06-14 20:33:45,812] [basehttp.py:157] [basehttp:log_message] [INFO]- "OPTIONS /user/role?username=admin&application=sys HTTP/1.1" 200 0
[2020-06-14 20:33:45,890] [basehttp.py:157] [basehttp:log_message] [INFO]- "OPTIONS /user/role/?username=admin&application=sys HTTP/1.1" 200 0
[2020-06-14 20:33:45,953] [basehttp.py:157] [basehttp:log_message] [INFO]- "GET /user/role/?username=admin&application=sys HTTP/1.1" 200 997
[2020-06-14 20:33:46,012] [basehttp.py:157] [basehttp:log_message] [INFO]- "GET /user/?current_page=1&pre_page=10 HTTP/1.1" 200 16888
[2020-06-14 20:33:47,179] [basehttp.py:157] [basehttp:log_message] [INFO]- "OPTIONS /role/ HTTP/1.1" 200 0
[2020-06-14 20:33:47,239] [basehttp.py:157] [basehttp:log_message] [INFO]- "GET /role/ HTTP/1.1" 200 3308
[2020-06-14 20:33:50,083] [basehttp.py:157] [basehttp:log_message] [INFO]- "GET /role/ HTTP/1.1" 200 3308
[2020-06-14 20:33:54,902] [basehttp.py:157] [basehttp:log_message] [INFO]- "GET /role/ HTTP/1.1" 200 3308
[2020-06-14 20:37:27,991] [basehttp.py:157] [basehttp:log_message] [INFO]- "GET /user/?current_page=1&pre_page=10 HTTP/1.1" 200 16888
[2020-06-14 20:37:30,165] [basehttp.py:157] [basehttp:log_message] [INFO]- "GET /user/role/?username=admin&application=sys HTTP/1.1" 200 997
[2020-06-14 20:37:30,231] [basehttp.py:157] [basehttp:log_message] [INFO]- "GET /user/?current_page=1&pre_page=10 HTTP/1.1" 200 16888
[2020-06-14 20:37:33,433] [basehttp.py:157] [basehttp:log_message] [INFO]- "GET /user/role/?username=admin&application=sys HTTP/1.1" 200 997
[2020-06-14 20:37:33,507] [basehttp.py:157] [basehttp:log_message] [INFO]- "GET /user/?current_page=1&pre_page=10 HTTP/1.1" 200 16888
[2020-06-14 20:37:35,797] [basehttp.py:157] [basehttp:log_message] [INFO]- "GET /role/ HTTP/1.1" 200 3308
[2020-06-14 20:37:38,156] [basehttp.py:157] [basehttp:log_message] [INFO]- "GET /role/ HTTP/1.1" 200 3308
[2020-06-14 20:37:40,240] [basehttp.py:157] [basehttp:log_message] [INFO]- "GET /role/ HTTP/1.1" 200 3308
[2020-06-14 20:40:13,107] [basehttp.py:157] [basehttp:log_message] [INFO]- "OPTIONS /user/?current_page=1&pre_page=10 HTTP/1.1" 200 0
[2020-06-14 20:40:13,242] [basehttp.py:157] [basehttp:log_message] [INFO]- "GET /user/?current_page=1&pre_page=10 HTTP/1.1" 200 16888
[2020-06-14 20:40:16,887] [basehttp.py:157] [basehttp:log_message] [INFO]- "GET /role/ HTTP/1.1" 200 3308
[2020-06-14 20:42:39,452] [basehttp.py:157] [basehttp:log_message] [INFO]- "GET /user/?current_page=1&pre_page=10 HTTP/1.1" 200 16888
[2020-06-14 20:43:05,467] [basehttp.py:157] [basehttp:log_message] [INFO]- "GET /role/role_by_user?username=mlq HTTP/1.1" 301 0
[2020-06-14 20:43:05,479] [log.py:222] [log:log_response] [WARNING]- Not Found: /role/role_by_user/
[2020-06-14 20:43:05,479] [basehttp.py:157] [basehttp:log_message] [WARNING]- "GET /role/role_by_user/?username=mlq HTTP/1.1" 404 25
[2020-06-14 20:46:21,233] [basehttp.py:157] [basehttp:log_message] [INFO]- "GET /user/?current_page=1&pre_page=10 HTTP/1.1" 200 16888
[2020-06-14 20:46:27,543] [basehttp.py:157] [basehttp:log_message] [INFO]- "OPTIONS /user/role?username=admin&application=sys HTTP/1.1" 200 0
[2020-06-14 20:46:27,600] [basehttp.py:157] [basehttp:log_message] [INFO]- "OPTIONS /user/role/?username=admin&application=sys HTTP/1.1" 200 0
[2020-06-14 20:46:27,665] [basehttp.py:157] [basehttp:log_message] [INFO]- "GET /user/role/?username=admin&application=sys HTTP/1.1" 200 997
[2020-06-14 20:46:27,706] [basehttp.py:157] [basehttp:log_message] [INFO]- "GET /user/?current_page=1&pre_page=10 HTTP/1.1" 200 16888
[2020-06-14 20:46:29,374] [basehttp.py:157] [basehttp:log_message] [INFO]- "OPTIONS /role/ HTTP/1.1" 200 0
[2020-06-14 20:46:29,417] [basehttp.py:157] [basehttp:log_message] [INFO]- "GET /role/ HTTP/1.1" 200 3308
[2020-06-14 20:46:33,174] [basehttp.py:157] [basehttp:log_message] [INFO]- "GET /role/ HTTP/1.1" 200 3308
[2020-06-14 20:46:42,945] [basehttp.py:157] [basehttp:log_message] [INFO]- "GET /user/?current_page=1&pre_page=10 HTTP/1.1" 200 16888
[2020-06-14 20:46:50,510] [basehttp.py:157] [basehttp:log_message] [INFO]- "GET /role/ HTTP/1.1" 200 3308
[2020-06-14 20:49:46,964] [basehttp.py:157] [basehttp:log_message] [INFO]- "GET /user/?current_page=1&pre_page=10 HTTP/1.1" 200 16888
[2020-06-14 20:49:50,367] [basehttp.py:157] [basehttp:log_message] [INFO]- "GET /user/role/?username=admin&application=sys HTTP/1.1" 200 997
[2020-06-14 20:49:50,445] [basehttp.py:157] [basehttp:log_message] [INFO]- "GET /user/?current_page=1&pre_page=10 HTTP/1.1" 200 16888
[2020-06-14 20:49:52,747] [basehttp.py:157] [basehttp:log_message] [INFO]- "GET /role/ HTTP/1.1" 200 3308
[2020-06-14 20:50:08,767] [basehttp.py:157] [basehttp:log_message] [INFO]- "GET /user/?current_page=1&pre_page=10 HTTP/1.1" 200 16888
[2020-06-14 20:50:11,004] [basehttp.py:157] [basehttp:log_message] [INFO]- "GET /role/ HTTP/1.1" 200 3308
[2020-06-14 20:50:27,772] [basehttp.py:157] [basehttp:log_message] [INFO]- "OPTIONS /user/?current_page=1&pre_page=10 HTTP/1.1" 200 0
[2020-06-14 20:50:27,856] [basehttp.py:157] [basehttp:log_message] [INFO]- "GET /user/role/?username=admin&application=sys HTTP/1.1" 200 997
[2020-06-14 20:50:27,945] [basehttp.py:157] [basehttp:log_message] [INFO]- "GET /user/?current_page=1&pre_page=10 HTTP/1.1" 200 16888
[2020-06-14 20:50:30,750] [basehttp.py:157] [basehttp:log_message] [INFO]- "GET /user/role/?username=admin&application=sys HTTP/1.1" 200 997
[2020-06-14 20:50:30,835] [basehttp.py:157] [basehttp:log_message] [INFO]- "GET /user/?current_page=1&pre_page=10 HTTP/1.1" 200 16888
[2020-06-14 20:51:14,954] [basehttp.py:157] [basehttp:log_message] [INFO]- "GET /user/role/?username=admin&application=sys HTTP/1.1" 200 997
[2020-06-14 20:51:15,018] [basehttp.py:157] [basehttp:log_message] [INFO]- "GET /user/?current_page=1&pre_page=10 HTTP/1.1" 200 16888
[2020-06-14 20:51:17,322] [basehttp.py:157] [basehttp:log_message] [INFO]- "GET /role/ HTTP/1.1" 200 3308
[2020-06-14 20:51:52,344] [basehttp.py:157] [basehttp:log_message] [INFO]- "GET /user/role/?username=admin&application=sys HTTP/1.1" 200 997
[2020-06-14 20:51:52,404] [basehttp.py:157] [basehttp:log_message] [INFO]- "GET /user/?current_page=1&pre_page=10 HTTP/1.1" 200 16888
[2020-06-14 20:51:54,908] [basehttp.py:157] [basehttp:log_message] [INFO]- "GET /user/role/?username=admin&application=sys HTTP/1.1" 200 997
[2020-06-14 20:51:54,969] [basehttp.py:157] [basehttp:log_message] [INFO]- "GET /user/?current_page=1&pre_page=10 HTTP/1.1" 200 16888
[2020-06-14 20:51:57,442] [basehttp.py:157] [basehttp:log_message] [INFO]- "GET /user/role/?username=admin&application=sys HTTP/1.1" 200 997
[2020-06-14 20:51:57,501] [basehttp.py:157] [basehttp:log_message] [INFO]- "GET /user/?current_page=1&pre_page=10 HTTP/1.1" 200 16888
[2020-06-14 20:52:00,144] [basehttp.py:157] [basehttp:log_message] [INFO]- "GET /role/ HTTP/1.1" 200 3308
[2020-06-14 20:56:03,710] [basehttp.py:157] [basehttp:log_message] [INFO]- "GET /user/?current_page=1&pre_page=10 HTTP/1.1" 200 16888
[2020-06-14 20:56:55,155] [basehttp.py:157] [basehttp:log_message] [INFO]- "GET /user/?current_page=1&pre_page=10 HTTP/1.1" 200 16888
[2020-06-14 20:57:58,485] [basehttp.py:157] [basehttp:log_message] [INFO]- "GET /user/?current_page=1&pre_page=10 HTTP/1.1" 200 16888
[2020-06-14 20:58:00,334] [basehttp.py:157] [basehttp:log_message] [INFO]- "OPTIONS /user/role?username=admin&application=sys HTTP/1.1" 200 0
[2020-06-14 20:58:00,393] [basehttp.py:157] [basehttp:log_message] [INFO]- "OPTIONS /user/role/?username=admin&application=sys HTTP/1.1" 200 0
[2020-06-14 20:58:00,442] [basehttp.py:157] [basehttp:log_message] [INFO]- "GET /user/role/?username=admin&application=sys HTTP/1.1" 200 997
[2020-06-14 20:58:00,498] [basehttp.py:157] [basehttp:log_message] [INFO]- "GET /user/?current_page=1&pre_page=10 HTTP/1.1" 200 16888
[2020-06-14 20:58:03,281] [basehttp.py:157] [basehttp:log_message] [INFO]- "GET /user/role/?username=admin&application=sys HTTP/1.1" 200 997
[2020-06-14 20:58:03,341] [basehttp.py:157] [basehttp:log_message] [INFO]- "GET /user/?current_page=1&pre_page=10 HTTP/1.1" 200 16888
[2020-06-14 20:58:05,399] [basehttp.py:157] [basehttp:log_message] [INFO]- "OPTIONS /role/ HTTP/1.1" 200 0
[2020-06-14 20:58:05,452] [basehttp.py:157] [basehttp:log_message] [INFO]- "GET /role/ HTTP/1.1" 200 3308
[2020-06-14 21:00:24,151] [basehttp.py:157] [basehttp:log_message] [INFO]- "GET /user/?current_page=1&pre_page=10 HTTP/1.1" 200 16888
[2020-06-14 21:06:21,160] [basehttp.py:157] [basehttp:log_message] [INFO]- "OPTIONS /user/?current_page=1&pre_page=10 HTTP/1.1" 200 0
[2020-06-14 21:06:21,314] [basehttp.py:157] [basehttp:log_message] [INFO]- "GET /user/?current_page=1&pre_page=10 HTTP/1.1" 200 16888
[2020-06-14 21:06:23,665] [basehttp.py:157] [basehttp:log_message] [INFO]- "GET /user/role/?username=admin&application=sys HTTP/1.1" 200 997
[2020-06-14 21:06:23,722] [basehttp.py:157] [basehttp:log_message] [INFO]- "GET /user/?current_page=1&pre_page=10 HTTP/1.1" 200 16888
[2020-06-14 21:06:26,518] [basehttp.py:157] [basehttp:log_message] [INFO]- "GET /role/ HTTP/1.1" 200 3308
[2020-06-14 21:07:19,587] [basehttp.py:157] [basehttp:log_message] [INFO]- "GET /user/?current_page=1&pre_page=10 HTTP/1.1" 200 16888
[2020-06-14 21:08:10,394] [basehttp.py:157] [basehttp:log_message] [INFO]- "GET /user/?current_page=1&pre_page=10 HTTP/1.1" 200 16888
[2020-06-14 21:08:13,324] [basehttp.py:157] [basehttp:log_message] [INFO]- "OPTIONS /user/role?username=admin&application=sys HTTP/1.1" 200 0
[2020-06-14 21:08:13,382] [basehttp.py:157] [basehttp:log_message] [INFO]- "OPTIONS /user/role/?username=admin&application=sys HTTP/1.1" 200 0
[2020-06-14 21:08:13,443] [basehttp.py:157] [basehttp:log_message] [INFO]- "GET /user/role/?username=admin&application=sys HTTP/1.1" 200 997
[2020-06-14 21:08:13,479] [basehttp.py:157] [basehttp:log_message] [INFO]- "GET /user/?current_page=1&pre_page=10 HTTP/1.1" 200 16888
[2020-06-14 21:08:17,239] [basehttp.py:157] [basehttp:log_message] [INFO]- "OPTIONS /role/ HTTP/1.1" 200 0
[2020-06-14 21:08:17,292] [basehttp.py:157] [basehttp:log_message] [INFO]- "GET /role/ HTTP/1.1" 200 3308
[2020-06-14 21:08:21,220] [basehttp.py:157] [basehttp:log_message] [INFO]- "GET /role/ HTTP/1.1" 200 3308
[2020-06-14 21:08:25,951] [basehttp.py:157] [basehttp:log_message] [INFO]- "GET /role/ HTTP/1.1" 200 3308
[2020-06-14 21:08:28,767] [basehttp.py:157] [basehttp:log_message] [INFO]- "GET /role/ HTTP/1.1" 200 3308
[2020-06-14 21:08:31,992] [basehttp.py:157] [basehttp:log_message] [INFO]- "GET /role/ HTTP/1.1" 200 3308
[2020-06-14 21:09:07,621] [basehttp.py:157] [basehttp:log_message] [INFO]- "GET /user/?current_page=1&pre_page=10 HTTP/1.1" 200 16888
[2020-06-14 21:09:10,726] [basehttp.py:157] [basehttp:log_message] [INFO]- "GET /user/role/?username=admin&application=sys HTTP/1.1" 200 997
[2020-06-14 21:09:10,797] [basehttp.py:157] [basehttp:log_message] [INFO]- "GET /user/?current_page=1&pre_page=10 HTTP/1.1" 200 16888
[2020-06-14 21:09:11,925] [basehttp.py:157] [basehttp:log_message] [INFO]- "GET /role/ HTTP/1.1" 200 3308
[2020-06-14 21:09:15,889] [basehttp.py:157] [basehttp:log_message] [INFO]- "GET /role/ HTTP/1.1" 200 3308
[2020-06-14 21:09:18,884] [basehttp.py:157] [basehttp:log_message] [INFO]- "GET /role/ HTTP/1.1" 200 3308
[2020-06-14 21:09:21,547] [basehttp.py:157] [basehttp:log_message] [INFO]- "GET /role/ HTTP/1.1" 200 3308
[2020-06-14 21:10:46,705] [basehttp.py:157] [basehttp:log_message] [INFO]- "GET /user/?current_page=1&pre_page=10 HTTP/1.1" 200 16888
[2020-06-14 21:10:48,224] [basehttp.py:157] [basehttp:log_message] [INFO]- "GET /role/ HTTP/1.1" 200 3308
[2020-06-14 21:10:51,933] [basehttp.py:157] [basehttp:log_message] [INFO]- "GET /role/ HTTP/1.1" 200 3308
[2020-06-14 21:10:55,239] [basehttp.py:157] [basehttp:log_message] [INFO]- "GET /role/ HTTP/1.1" 200 3308
[2020-06-14 21:11:23,801] [basehttp.py:157] [basehttp:log_message] [INFO]- "GET /user/?current_page=1&pre_page=10 HTTP/1.1" 200 16888
[2020-06-14 21:11:26,431] [basehttp.py:157] [basehttp:log_message] [INFO]- "GET /user/role/?username=admin&application=sys HTTP/1.1" 200 997
[2020-06-14 21:11:26,499] [basehttp.py:157] [basehttp:log_message] [INFO]- "GET /user/?current_page=1&pre_page=10 HTTP/1.1" 200 16888
[2020-06-14 21:11:27,736] [basehttp.py:157] [basehttp:log_message] [INFO]- "GET /role/ HTTP/1.1" 200 3308
[2020-06-14 21:11:30,357] [basehttp.py:157] [basehttp:log_message] [INFO]- "GET /role/ HTTP/1.1" 200 3308
[2020-06-14 21:15:36,917] [basehttp.py:157] [basehttp:log_message] [INFO]- "GET /user/role/?username=admin&application=sys HTTP/1.1" 200 997
[2020-06-14 21:15:36,995] [basehttp.py:157] [basehttp:log_message] [INFO]- "GET /user/?current_page=1&pre_page=10 HTTP/1.1" 200 16888
[2020-06-14 22:24:36,379] [basehttp.py:157] [basehttp:log_message] [INFO]- "OPTIONS /user/?current_page=1&pre_page=10 HTTP/1.1" 200 0
[2020-06-14 22:24:36,526] [basehttp.py:157] [basehttp:log_message] [INFO]- "GET /user/?current_page=1&pre_page=10 HTTP/1.1" 200 16888
[2020-06-14 22:24:38,595] [basehttp.py:157] [basehttp:log_message] [INFO]- "OPTIONS /user/role?username=admin&application=sys HTTP/1.1" 200 0
[2020-06-14 22:24:38,646] [basehttp.py:157] [basehttp:log_message] [INFO]- "OPTIONS /user/role/?username=admin&application=sys HTTP/1.1" 200 0
[2020-06-14 22:24:38,730] [basehttp.py:157] [basehttp:log_message] [INFO]- "GET /user/role/?username=admin&application=sys HTTP/1.1" 200 997
[2020-06-14 22:24:38,781] [basehttp.py:157] [basehttp:log_message] [INFO]- "GET /user/?current_page=1&pre_page=10 HTTP/1.1" 200 16888
[2020-06-14 22:24:40,007] [basehttp.py:157] [basehttp:log_message] [INFO]- "OPTIONS /role/ HTTP/1.1" 200 0
[2020-06-14 22:24:40,062] [basehttp.py:157] [basehttp:log_message] [INFO]- "GET /role/ HTTP/1.1" 200 3308
[2020-06-15 09:17:30,478] [basehttp.py:157] [basehttp:log_message] [INFO]- "OPTIONS /user/?current_page=1&pre_page=10 HTTP/1.1" 200 0
[2020-06-15 09:17:30,615] [basehttp.py:157] [basehttp:log_message] [INFO]- "GET /user/?current_page=1&pre_page=10 HTTP/1.1" 200 16888
[2020-06-15 09:17:33,112] [basehttp.py:157] [basehttp:log_message] [INFO]- "OPTIONS /user/role?username=admin&application=sys HTTP/1.1" 200 0
[2020-06-15 09:17:33,153] [basehttp.py:157] [basehttp:log_message] [INFO]- "OPTIONS /user/role/?username=admin&application=sys HTTP/1.1" 200 0
[2020-06-15 09:17:33,234] [basehttp.py:157] [basehttp:log_message] [INFO]- "GET /user/role/?username=admin&application=sys HTTP/1.1" 200 997
[2020-06-15 09:17:33,260] [basehttp.py:157] [basehttp:log_message] [INFO]- "GET /user/?current_page=1&pre_page=10 HTTP/1.1" 200 16888
[2020-06-15 09:17:34,293] [basehttp.py:157] [basehttp:log_message] [INFO]- "OPTIONS /role/ HTTP/1.1" 200 0
[2020-06-15 09:17:34,347] [basehttp.py:157] [basehttp:log_message] [INFO]- "GET /role/ HTTP/1.1" 200 3308
[2020-06-15 09:32:25,080] [basehttp.py:157] [basehttp:log_message] [INFO]- "OPTIONS /user/?current_page=1&pre_page=10 HTTP/1.1" 200 0
[2020-06-15 09:32:25,476] [basehttp.py:157] [basehttp:log_message] [INFO]- "GET /user/?current_page=1&pre_page=10 HTTP/1.1" 200 16888
[2020-06-15 09:32:29,447] [basehttp.py:157] [basehttp:log_message] [INFO]- "OPTIONS /user/role?username=admin&application=sys HTTP/1.1" 200 0
[2020-06-15 09:32:29,581] [basehttp.py:157] [basehttp:log_message] [INFO]- "GET /user/?current_page=1&pre_page=10 HTTP/1.1" 200 16888
[2020-06-15 09:32:30,096] [basehttp.py:157] [basehttp:log_message] [INFO]- "OPTIONS /user/role/?username=admin&application=sys HTTP/1.1" 200 0
[2020-06-15 09:32:30,128] [basehttp.py:157] [basehttp:log_message] [INFO]- "GET /user/role/?username=admin&application=sys HTTP/1.1" 200 997
[2020-06-15 09:32:33,028] [basehttp.py:157] [basehttp:log_message] [INFO]- "GET /user/role/?username=admin&application=sys HTTP/1.1" 200 997
[2020-06-15 09:32:33,096] [basehttp.py:157] [basehttp:log_message] [INFO]- "GET /user/?current_page=1&pre_page=10 HTTP/1.1" 200 16888
[2020-06-15 09:32:35,011] [basehttp.py:157] [basehttp:log_message] [INFO]- "OPTIONS /role/ HTTP/1.1" 200 0
[2020-06-15 09:32:35,066] [basehttp.py:157] [basehttp:log_message] [INFO]- "GET /role/ HTTP/1.1" 200 3308
[2020-06-15 09:34:25,878] [basehttp.py:157] [basehttp:log_message] [INFO]- "GET /user/?current_page=1&pre_page=10 HTTP/1.1" 200 16888
[2020-06-15 09:34:29,053] [basehttp.py:157] [basehttp:log_message] [INFO]- "GET /user/role/?username=admin&application=sys HTTP/1.1" 200 997
[2020-06-15 09:34:29,111] [basehttp.py:157] [basehttp:log_message] [INFO]- "GET /user/?current_page=1&pre_page=10 HTTP/1.1" 200 16888
[2020-06-15 09:34:31,204] [basehttp.py:157] [basehttp:log_message] [INFO]- "GET /role/ HTTP/1.1" 200 3308
[2020-06-15 09:41:13,139] [basehttp.py:157] [basehttp:log_message] [INFO]- "GET /user/?current_page=1&pre_page=10 HTTP/1.1" 200 16888
[2020-06-15 09:42:23,625] [basehttp.py:157] [basehttp:log_message] [INFO]- "GET /user/?current_page=1&pre_page=10 HTTP/1.1" 200 16888
[2020-06-15 09:51:10,371] [basehttp.py:157] [basehttp:log_message] [INFO]- "OPTIONS /user/?current_page=1&pre_page=10 HTTP/1.1" 200 0
[2020-06-15 09:51:10,514] [basehttp.py:157] [basehttp:log_message] [INFO]- "GET /user/?current_page=1&pre_page=10 HTTP/1.1" 200 16888
[2020-06-15 09:52:04,368] [basehttp.py:157] [basehttp:log_message] [INFO]- "OPTIONS /user/role?username=admin&application=sys HTTP/1.1" 200 0
[2020-06-15 09:52:04,430] [basehttp.py:157] [basehttp:log_message] [INFO]- "OPTIONS /user/role/?username=admin&application=sys HTTP/1.1" 200 0
[2020-06-15 09:52:04,512] [basehttp.py:157] [basehttp:log_message] [INFO]- "GET /user/role/?username=admin&application=sys HTTP/1.1" 200 997
[2020-06-15 09:52:04,533] [basehttp.py:157] [basehttp:log_message] [INFO]- "GET /user/?current_page=1&pre_page=10 HTTP/1.1" 200 16888
[2020-06-15 09:52:07,302] [basehttp.py:157] [basehttp:log_message] [INFO]- "OPTIONS /role/ HTTP/1.1" 200 0
[2020-06-15 09:52:07,353] [basehttp.py:157] [basehttp:log_message] [INFO]- "GET /role/ HTTP/1.1" 200 3308
[2020-06-15 09:56:51,709] [basehttp.py:157] [basehttp:log_message] [INFO]- "GET /user/?current_page=1&pre_page=10 HTTP/1.1" 200 16888
[2020-06-15 09:56:55,052] [basehttp.py:157] [basehttp:log_message] [INFO]- "GET /user/role/?username=admin&application=sys HTTP/1.1" 200 997
[2020-06-15 09:56:55,133] [basehttp.py:157] [basehttp:log_message] [INFO]- "GET /user/?current_page=1&pre_page=10 HTTP/1.1" 200 16888
[2020-06-15 09:56:56,293] [basehttp.py:157] [basehttp:log_message] [INFO]- "GET /role/ HTTP/1.1" 200 3308
[2020-06-15 09:58:02,390] [basehttp.py:157] [basehttp:log_message] [INFO]- "GET /user/role/?username=admin&application=sys HTTP/1.1" 200 997
[2020-06-15 09:58:02,449] [basehttp.py:157] [basehttp:log_message] [INFO]- "GET /user/?current_page=1&pre_page=10 HTTP/1.1" 200 16888
[2020-06-15 09:58:04,967] [basehttp.py:157] [basehttp:log_message] [INFO]- "GET /user/role/?username=admin&application=sys HTTP/1.1" 200 997
[2020-06-15 09:58:05,037] [basehttp.py:157] [basehttp:log_message] [INFO]- "GET /user/?current_page=1&pre_page=10 HTTP/1.1" 200 16888
[2020-06-15 09:58:06,733] [basehttp.py:157] [basehttp:log_message] [INFO]- "GET /role/ HTTP/1.1" 200 3308
[2020-06-15 09:59:43,617] [basehttp.py:157] [basehttp:log_message] [INFO]- "GET /user/?current_page=1&pre_page=10 HTTP/1.1" 200 16888
[2020-06-15 09:59:46,204] [basehttp.py:157] [basehttp:log_message] [INFO]- "GET /user/role/?username=admin&application=sys HTTP/1.1" 200 997
[2020-06-15 09:59:46,267] [basehttp.py:157] [basehttp:log_message] [INFO]- "GET /user/?current_page=1&pre_page=10 HTTP/1.1" 200 16888
[2020-06-15 09:59:48,596] [basehttp.py:157] [basehttp:log_message] [INFO]- "GET /role/ HTTP/1.1" 200 3308
[2020-06-15 10:00:41,659] [basehttp.py:157] [basehttp:log_message] [INFO]- "GET /user/?current_page=1&pre_page=10 HTTP/1.1" 200 16888
[2020-06-15 10:00:44,339] [basehttp.py:157] [basehttp:log_message] [INFO]- "GET /user/role/?username=admin&application=sys HTTP/1.1" 200 997
[2020-06-15 10:00:44,408] [basehttp.py:157] [basehttp:log_message] [INFO]- "GET /user/?current_page=1&pre_page=10 HTTP/1.1" 200 16888
[2020-06-15 10:00:46,047] [basehttp.py:157] [basehttp:log_message] [INFO]- "GET /role/ HTTP/1.1" 200 3308
[2020-06-15 10:01:31,774] [basehttp.py:157] [basehttp:log_message] [INFO]- "OPTIONS /user/?current_page=1&pre_page=10 HTTP/1.1" 200 0
[2020-06-15 10:01:31,924] [basehttp.py:157] [basehttp:log_message] [INFO]- "GET /user/?current_page=1&pre_page=10 HTTP/1.1" 200 16888
[2020-06-15 10:01:34,509] [basehttp.py:157] [basehttp:log_message] [INFO]- "GET /user/role/?username=admin&application=sys HTTP/1.1" 200 997
[2020-06-15 10:01:34,578] [basehttp.py:157] [basehttp:log_message] [INFO]- "GET /user/?current_page=1&pre_page=10 HTTP/1.1" 200 16888
[2020-06-15 10:01:36,851] [basehttp.py:157] [basehttp:log_message] [INFO]- "GET /role/ HTTP/1.1" 200 3308
[2020-06-15 10:02:42,145] [basehttp.py:157] [basehttp:log_message] [INFO]- "OPTIONS /user/role?username=admin&application=sys HTTP/1.1" 200 0
[2020-06-15 10:02:42,199] [basehttp.py:157] [basehttp:log_message] [INFO]- "OPTIONS /user/role/?username=admin&application=sys HTTP/1.1" 200 0
[2020-06-15 10:02:42,280] [basehttp.py:157] [basehttp:log_message] [INFO]- "GET /user/role/?username=admin&application=sys HTTP/1.1" 200 997
[2020-06-15 10:02:42,323] [basehttp.py:157] [basehttp:log_message] [INFO]- "GET /user/?current_page=1&pre_page=10 HTTP/1.1" 200 16888
[2020-06-15 10:02:44,579] [basehttp.py:157] [basehttp:log_message] [INFO]- "GET /user/role/?username=admin&application=sys HTTP/1.1" 200 997
[2020-06-15 10:02:44,643] [basehttp.py:157] [basehttp:log_message] [INFO]- "GET /user/?current_page=1&pre_page=10 HTTP/1.1" 200 16888
[2020-06-15 10:02:47,264] [basehttp.py:157] [basehttp:log_message] [INFO]- "GET /user/role/?username=admin&application=sys HTTP/1.1" 200 997
[2020-06-15 10:02:47,321] [basehttp.py:157] [basehttp:log_message] [INFO]- "GET /user/?current_page=1&pre_page=10 HTTP/1.1" 200 16888
[2020-06-15 10:02:48,821] [basehttp.py:157] [basehttp:log_message] [INFO]- "OPTIONS /role/ HTTP/1.1" 200 0
[2020-06-15 10:02:48,867] [basehttp.py:157] [basehttp:log_message] [INFO]- "GET /role/ HTTP/1.1" 200 3308
[2020-06-15 10:03:02,384] [basehttp.py:157] [basehttp:log_message] [INFO]- "GET /user/?current_page=1&pre_page=10 HTTP/1.1" 200 16888
[2020-06-15 10:03:04,765] [basehttp.py:157] [basehttp:log_message] [INFO]- "GET /user/role/?username=admin&application=sys HTTP/1.1" 200 997
[2020-06-15 10:03:04,808] [basehttp.py:157] [basehttp:log_message] [INFO]- "GET /user/?current_page=1&pre_page=10 HTTP/1.1" 200 16888
[2020-06-15 10:03:05,864] [basehttp.py:157] [basehttp:log_message] [INFO]- "GET /role/ HTTP/1.1" 200 3308
[2020-06-15 10:03:48,988] [basehttp.py:157] [basehttp:log_message] [INFO]- "GET /user/role/?username=admin&application=sys HTTP/1.1" 200 997
[2020-06-15 10:03:49,050] [basehttp.py:157] [basehttp:log_message] [INFO]- "GET /user/?current_page=1&pre_page=10 HTTP/1.1" 200 16888
[2020-06-15 10:03:51,552] [basehttp.py:157] [basehttp:log_message] [INFO]- "GET /user/role/?username=admin&application=sys HTTP/1.1" 200 997
[2020-06-15 10:03:51,633] [basehttp.py:157] [basehttp:log_message] [INFO]- "GET /user/?current_page=1&pre_page=10 HTTP/1.1" 200 16888
[2020-06-15 10:03:52,840] [basehttp.py:157] [basehttp:log_message] [INFO]- "GET /role/ HTTP/1.1" 200 3308
[2020-06-15 10:07:33,863] [basehttp.py:157] [basehttp:log_message] [INFO]- "GET /user/?current_page=1&pre_page=10 HTTP/1.1" 200 16888
[2020-06-15 10:07:36,366] [basehttp.py:157] [basehttp:log_message] [INFO]- "GET /role/ HTTP/1.1" 200 3308
[2020-06-15 10:07:57,943] [basehttp.py:157] [basehttp:log_message] [INFO]- "GET /user/?current_page=1&pre_page=10 HTTP/1.1" 200 16888
[2020-06-15 10:07:59,832] [basehttp.py:157] [basehttp:log_message] [INFO]- "GET /user/role/?username=admin&application=sys HTTP/1.1" 200 997
[2020-06-15 10:07:59,906] [basehttp.py:157] [basehttp:log_message] [INFO]- "GET /user/?current_page=1&pre_page=10 HTTP/1.1" 200 16888
[2020-06-15 10:08:01,211] [basehttp.py:157] [basehttp:log_message] [INFO]- "GET /role/ HTTP/1.1" 200 3308
[2020-06-15 10:13:26,039] [basehttp.py:157] [basehttp:log_message] [INFO]- "OPTIONS /user/role?username=admin&application=sys HTTP/1.1" 200 0
[2020-06-15 10:13:26,042] [basehttp.py:157] [basehttp:log_message] [INFO]- "OPTIONS /user/?current_page=1&pre_page=10 HTTP/1.1" 200 0
[2020-06-15 10:13:26,110] [basehttp.py:157] [basehttp:log_message] [INFO]- "OPTIONS /user/role/?username=admin&application=sys HTTP/1.1" 200 0
[2020-06-15 10:13:26,174] [basehttp.py:157] [basehttp:log_message] [INFO]- "GET /user/role/?username=admin&application=sys HTTP/1.1" 200 997
[2020-06-15 10:13:26,226] [basehttp.py:157] [basehttp:log_message] [INFO]- "GET /user/?current_page=1&pre_page=10 HTTP/1.1" 200 16888
[2020-06-15 10:13:29,076] [basehttp.py:157] [basehttp:log_message] [INFO]- "GET /user/role/?username=admin&application=sys HTTP/1.1" 200 997
[2020-06-15 10:13:29,140] [basehttp.py:157] [basehttp:log_message] [INFO]- "GET /user/?current_page=1&pre_page=10 HTTP/1.1" 200 16888
[2020-06-15 10:13:30,740] [basehttp.py:157] [basehttp:log_message] [INFO]- "OPTIONS /role/ HTTP/1.1" 200 0
[2020-06-15 10:13:30,789] [basehttp.py:157] [basehttp:log_message] [INFO]- "GET /role/ HTTP/1.1" 200 3308
[2020-06-15 10:13:35,732] [basehttp.py:157] [basehttp:log_message] [INFO]- "GET /role/ HTTP/1.1" 200 3308
[2020-06-15 10:13:40,269] [basehttp.py:157] [basehttp:log_message] [INFO]- "GET /role/ HTTP/1.1" 200 3308
[2020-06-15 10:13:42,685] [basehttp.py:157] [basehttp:log_message] [INFO]- "GET /role/ HTTP/1.1" 200 3308
[2020-06-15 10:13:46,293] [basehttp.py:157] [basehttp:log_message] [INFO]- "GET /user/role/?username=admin&application=sys HTTP/1.1" 200 997
[2020-06-15 10:13:46,354] [basehttp.py:157] [basehttp:log_message] [INFO]- "GET /user/?current_page=1&pre_page=10 HTTP/1.1" 200 16888
[2020-06-15 10:13:51,799] [basehttp.py:157] [basehttp:log_message] [INFO]- "GET /role/ HTTP/1.1" 200 3308
[2020-06-15 10:14:01,245] [basehttp.py:157] [basehttp:log_message] [INFO]- "GET /role/ HTTP/1.1" 200 3308
[2020-06-15 10:15:31,361] [basehttp.py:157] [basehttp:log_message] [INFO]- "GET /user/?current_page=1&pre_page=10 HTTP/1.1" 200 16888
[2020-06-15 10:15:33,953] [basehttp.py:157] [basehttp:log_message] [INFO]- "GET /user/role/?username=admin&application=sys HTTP/1.1" 200 997
[2020-06-15 10:15:34,034] [basehttp.py:157] [basehttp:log_message] [INFO]- "GET /user/?current_page=1&pre_page=10 HTTP/1.1" 200 16888
[2020-06-15 10:15:36,345] [basehttp.py:157] [basehttp:log_message] [INFO]- "GET /role/ HTTP/1.1" 200 3308
[2020-06-15 10:15:48,801] [basehttp.py:157] [basehttp:log_message] [INFO]- "GET /role/ HTTP/1.1" 200 3308
[2020-06-15 10:15:53,221] [basehttp.py:157] [basehttp:log_message] [INFO]- "GET /role/ HTTP/1.1" 200 3308
[2020-06-15 10:15:57,525] [basehttp.py:157] [basehttp:log_message] [INFO]- "GET /role/ HTTP/1.1" 200 3308
[2020-06-15 10:16:01,047] [basehttp.py:157] [basehttp:log_message] [INFO]- "GET /role/ HTTP/1.1" 200 3308
[2020-06-15 10:16:36,745] [basehttp.py:157] [basehttp:log_message] [INFO]- "GET /user/?current_page=1&pre_page=10 HTTP/1.1" 200 16888
[2020-06-15 10:16:39,282] [basehttp.py:157] [basehttp:log_message] [INFO]- "GET /user/role/?username=admin&application=sys HTTP/1.1" 200 997
[2020-06-15 10:16:39,358] [basehttp.py:157] [basehttp:log_message] [INFO]- "GET /user/?current_page=1&pre_page=10 HTTP/1.1" 200 16888
[2020-06-15 10:16:41,858] [basehttp.py:157] [basehttp:log_message] [INFO]- "GET /user/role/?username=admin&application=sys HTTP/1.1" 200 997
[2020-06-15 10:16:41,915] [basehttp.py:157] [basehttp:log_message] [INFO]- "GET /user/?current_page=1&pre_page=10 HTTP/1.1" 200 16888
[2020-06-15 10:16:43,092] [basehttp.py:157] [basehttp:log_message] [INFO]- "GET /role/ HTTP/1.1" 200 3308
[2020-06-15 10:16:46,999] [basehttp.py:157] [basehttp:log_message] [INFO]- "GET /role/ HTTP/1.1" 200 3308
[2020-06-15 10:16:49,404] [basehttp.py:157] [basehttp:log_message] [INFO]- "GET /role/ HTTP/1.1" 200 3308
[2020-06-15 10:16:54,296] [basehttp.py:157] [basehttp:log_message] [INFO]- "GET /role/ HTTP/1.1" 200 3308
[2020-06-15 10:16:58,581] [basehttp.py:157] [basehttp:log_message] [INFO]- "GET /role/ HTTP/1.1" 200 3308
[2020-06-15 10:17:04,777] [basehttp.py:157] [basehttp:log_message] [INFO]- "OPTIONS /user/?current_page=2&pre_page=10 HTTP/1.1" 200 0
[2020-06-15 10:17:04,863] [basehttp.py:157] [basehttp:log_message] [INFO]- "GET /user/?current_page=2&pre_page=10 HTTP/1.1" 200 7922
[2020-06-15 10:17:06,195] [basehttp.py:157] [basehttp:log_message] [INFO]- "GET /role/ HTTP/1.1" 200 3308
[2020-06-15 10:17:11,329] [basehttp.py:157] [basehttp:log_message] [INFO]- "GET /role/ HTTP/1.1" 200 3308
[2020-06-15 10:17:14,673] [basehttp.py:157] [basehttp:log_message] [INFO]- "GET /role/ HTTP/1.1" 200 3308
[2020-06-15 10:17:17,014] [basehttp.py:157] [basehttp:log_message] [INFO]- "OPTIONS /user/?current_page=4&pre_page=10 HTTP/1.1" 200 0
[2020-06-15 10:17:17,082] [basehttp.py:157] [basehttp:log_message] [INFO]- "GET /user/?current_page=4&pre_page=10 HTTP/1.1" 200 5700
[2020-06-15 10:17:19,024] [basehttp.py:157] [basehttp:log_message] [INFO]- "GET /role/ HTTP/1.1" 200 3308
[2020-06-15 10:17:21,935] [basehttp.py:157] [basehttp:log_message] [INFO]- "GET /role/ HTTP/1.1" 200 3308
[2020-06-15 10:17:26,465] [basehttp.py:157] [basehttp:log_message] [INFO]- "GET /role/ HTTP/1.1" 200 3308
[2020-06-15 10:17:40,528] [basehttp.py:157] [basehttp:log_message] [INFO]- "GET /user/?current_page=1&pre_page=10 HTTP/1.1" 200 16888
[2020-06-15 10:17:43,000] [basehttp.py:157] [basehttp:log_message] [INFO]- "GET /role/ HTTP/1.1" 200 3308
[2020-06-15 10:17:51,414] [basehttp.py:157] [basehttp:log_message] [INFO]- "GET /role/ HTTP/1.1" 200 3308
[2020-06-15 10:17:56,175] [basehttp.py:157] [basehttp:log_message] [INFO]- "GET /role/ HTTP/1.1" 200 3308
[2020-06-15 10:17:58,960] [basehttp.py:157] [basehttp:log_message] [INFO]- "GET /role/ HTTP/1.1" 200 3308
[2020-06-15 10:18:09,374] [basehttp.py:157] [basehttp:log_message] [INFO]- "GET /role/ HTTP/1.1" 200 3308
[2020-06-15 10:18:13,480] [basehttp.py:157] [basehttp:log_message] [INFO]- "GET /role/ HTTP/1.1" 200 3308
[2020-06-15 10:19:06,464] [basehttp.py:157] [basehttp:log_message] [INFO]- "GET /user/?current_page=1&pre_page=10 HTTP/1.1" 200 16888
[2020-06-15 10:19:09,102] [basehttp.py:157] [basehttp:log_message] [INFO]- "GET /user/role/?username=admin&application=sys HTTP/1.1" 200 997
[2020-06-15 10:19:09,191] [basehttp.py:157] [basehttp:log_message] [INFO]- "GET /user/?current_page=1&pre_page=10 HTTP/1.1" 200 16888
[2020-06-15 10:19:10,558] [basehttp.py:157] [basehttp:log_message] [INFO]- "GET /role/ HTTP/1.1" 200 3308
[2020-06-15 10:19:12,749] [basehttp.py:157] [basehttp:log_message] [INFO]- "GET /role/ HTTP/1.1" 200 3308
[2020-06-15 10:19:15,934] [basehttp.py:157] [basehttp:log_message] [INFO]- "GET /role/ HTTP/1.1" 200 3308
[2020-06-15 10:19:18,988] [basehttp.py:157] [basehttp:log_message] [INFO]- "GET /role/ HTTP/1.1" 200 3308
[2020-06-15 10:19:23,787] [basehttp.py:157] [basehttp:log_message] [INFO]- "GET /role/ HTTP/1.1" 200 3308
[2020-06-15 10:19:29,610] [basehttp.py:157] [basehttp:log_message] [INFO]- "GET /role/ HTTP/1.1" 200 3308
[2020-06-15 10:21:13,740] [basehttp.py:157] [basehttp:log_message] [INFO]- "GET /user/?current_page=1&pre_page=10 HTTP/1.1" 200 16888
[2020-06-15 10:21:41,922] [basehttp.py:157] [basehttp:log_message] [INFO]- "GET /role/ HTTP/1.1" 200 3308
[2020-06-15 10:21:48,625] [basehttp.py:157] [basehttp:log_message] [INFO]- "GET /role/ HTTP/1.1" 200 3308
[2020-06-15 10:25:37,335] [basehttp.py:157] [basehttp:log_message] [INFO]- "OPTIONS /role/ HTTP/1.1" 200 0
[2020-06-15 10:25:37,382] [basehttp.py:157] [basehttp:log_message] [INFO]- "GET /role/ HTTP/1.1" 200 3308
[2020-06-15 10:31:11,301] [basehttp.py:157] [basehttp:log_message] [INFO]- "OPTIONS /user/?current_page=1&pre_page=10 HTTP/1.1" 200 0
[2020-06-15 10:31:11,498] [basehttp.py:157] [basehttp:log_message] [INFO]- "GET /user/?current_page=1&pre_page=10 HTTP/1.1" 200 16888
[2020-06-15 10:31:14,449] [basehttp.py:157] [basehttp:log_message] [INFO]- "OPTIONS /user/role?username=admin&application=sys HTTP/1.1" 200 0
[2020-06-15 10:31:14,511] [basehttp.py:157] [basehttp:log_message] [INFO]- "OPTIONS /user/role/?username=admin&application=sys HTTP/1.1" 200 0
[2020-06-15 10:31:14,591] [basehttp.py:157] [basehttp:log_message] [INFO]- "GET /user/role/?username=admin&application=sys HTTP/1.1" 200 997
[2020-06-15 10:31:14,646] [basehttp.py:157] [basehttp:log_message] [INFO]- "GET /user/?current_page=1&pre_page=10 HTTP/1.1" 200 16888
[2020-06-15 10:31:16,218] [basehttp.py:157] [basehttp:log_message] [INFO]- "GET /role/ HTTP/1.1" 200 3308
[2020-06-15 10:31:18,895] [basehttp.py:157] [basehttp:log_message] [INFO]- "GET /role/ HTTP/1.1" 200 3308
[2020-06-15 10:31:22,864] [basehttp.py:157] [basehttp:log_message] [INFO]- "GET /role/ HTTP/1.1" 200 3308
[2020-06-15 10:31:28,807] [basehttp.py:157] [basehttp:log_message] [INFO]- "GET /role/ HTTP/1.1" 200 3308
[2020-06-15 10:31:31,344] [basehttp.py:157] [basehttp:log_message] [INFO]- "GET /role/ HTTP/1.1" 200 3308
[2020-06-15 10:31:36,350] [basehttp.py:157] [basehttp:log_message] [INFO]- "GET /role/ HTTP/1.1" 200 3308
[2020-06-15 10:31:39,166] [basehttp.py:157] [basehttp:log_message] [INFO]- "GET /role/ HTTP/1.1" 200 3308
[2020-06-15 10:32:26,550] [basehttp.py:157] [basehttp:log_message] [INFO]- "GET /user/role/?username=admin&application=sys HTTP/1.1" 200 997
[2020-06-15 10:32:26,603] [basehttp.py:157] [basehttp:log_message] [INFO]- "GET /user/?current_page=1&pre_page=10 HTTP/1.1" 200 16888
[2020-06-15 10:32:27,913] [basehttp.py:157] [basehttp:log_message] [INFO]- "GET /role/ HTTP/1.1" 200 3308
[2020-06-15 10:32:32,507] [basehttp.py:157] [basehttp:log_message] [INFO]- "GET /role/ HTTP/1.1" 200 3308
[2020-06-15 10:32:35,635] [basehttp.py:157] [basehttp:log_message] [INFO]- "GET /role/ HTTP/1.1" 200 3308
[2020-06-15 10:32:39,123] [basehttp.py:157] [basehttp:log_message] [INFO]- "GET /role/ HTTP/1.1" 200 3308
[2020-06-15 10:32:42,735] [basehttp.py:157] [basehttp:log_message] [INFO]- "GET /role/ HTTP/1.1" 200 3308
[2020-06-15 10:34:39,946] [basehttp.py:157] [basehttp:log_message] [INFO]- "GET /role/ HTTP/1.1" 200 3308
[2020-06-15 10:34:42,624] [basehttp.py:157] [basehttp:log_message] [INFO]- "GET /role/ HTTP/1.1" 200 3308
[2020-06-15 10:42:02,250] [basehttp.py:157] [basehttp:log_message] [INFO]- "OPTIONS /role/ HTTP/1.1" 200 0
[2020-06-15 10:42:02,290] [basehttp.py:157] [basehttp:log_message] [INFO]- "GET /role/ HTTP/1.1" 200 3308
[2020-06-15 10:47:31,071] [basehttp.py:157] [basehttp:log_message] [INFO]- "OPTIONS /user/?current_page=1&pre_page=10 HTTP/1.1" 200 0
[2020-06-15 10:47:31,248] [basehttp.py:157] [basehttp:log_message] [INFO]- "GET /user/?current_page=1&pre_page=10 HTTP/1.1" 200 16888
[2020-06-15 10:47:34,141] [basehttp.py:157] [basehttp:log_message] [INFO]- "OPTIONS /user/role?username=admin&application=sys HTTP/1.1" 200 0
[2020-06-15 10:47:34,193] [basehttp.py:157] [basehttp:log_message] [INFO]- "OPTIONS /user/role/?username=admin&application=sys HTTP/1.1" 200 0
[2020-06-15 10:47:34,265] [basehttp.py:157] [basehttp:log_message] [INFO]- "GET /user/role/?username=admin&application=sys HTTP/1.1" 200 997
[2020-06-15 10:47:34,316] [basehttp.py:157] [basehttp:log_message] [INFO]- "GET /user/?current_page=1&pre_page=10 HTTP/1.1" 200 16888
[2020-06-15 10:47:37,304] [basehttp.py:157] [basehttp:log_message] [INFO]- "GET /user/role/?username=admin&application=sys HTTP/1.1" 200 997
[2020-06-15 10:47:37,352] [basehttp.py:157] [basehttp:log_message] [INFO]- "GET /user/?current_page=1&pre_page=10 HTTP/1.1" 200 16888
[2020-06-15 10:47:39,790] [basehttp.py:157] [basehttp:log_message] [INFO]- "GET /user/role/?username=admin&application=sys HTTP/1.1" 200 997
[2020-06-15 10:47:39,874] [basehttp.py:157] [basehttp:log_message] [INFO]- "GET /user/?current_page=1&pre_page=10 HTTP/1.1" 200 16888
[2020-06-15 10:47:41,289] [basehttp.py:157] [basehttp:log_message] [INFO]- "GET /role/ HTTP/1.1" 200 3308
[2020-06-15 10:47:43,460] [basehttp.py:157] [basehttp:log_message] [INFO]- "GET /role/ HTTP/1.1" 200 3308
[2020-06-15 10:47:45,556] [basehttp.py:157] [basehttp:log_message] [INFO]- "GET /role/ HTTP/1.1" 200 3308
[2020-06-15 10:47:48,937] [basehttp.py:157] [basehttp:log_message] [INFO]- "GET /role/ HTTP/1.1" 200 3308
[2020-06-15 10:47:52,656] [basehttp.py:157] [basehttp:log_message] [INFO]- "GET /role/ HTTP/1.1" 200 3308
[2020-06-15 10:48:13,546] [basehttp.py:157] [basehttp:log_message] [INFO]- "GET /user/?current_page=1&pre_page=10 HTTP/1.1" 200 16888
[2020-06-15 10:55:32,185] [basehttp.py:157] [basehttp:log_message] [INFO]- "GET /user/?current_page=1&pre_page=10 HTTP/1.1" 200 16888
[2020-06-15 10:55:34,026] [basehttp.py:157] [basehttp:log_message] [INFO]- "OPTIONS /role/ HTTP/1.1" 200 0
[2020-06-15 10:55:34,069] [basehttp.py:157] [basehttp:log_message] [INFO]- "GET /role/ HTTP/1.1" 200 3308
[2020-06-15 10:55:38,212] [basehttp.py:157] [basehttp:log_message] [INFO]- "GET /role/ HTTP/1.1" 200 3308
[2020-06-15 10:55:41,837] [basehttp.py:157] [basehttp:log_message] [INFO]- "OPTIONS /user/?current_page=2&pre_page=10 HTTP/1.1" 200 0
[2020-06-15 10:55:41,898] [basehttp.py:157] [basehttp:log_message] [INFO]- "GET /user/?current_page=2&pre_page=10 HTTP/1.1" 200 7922
[2020-06-15 10:55:43,479] [basehttp.py:157] [basehttp:log_message] [INFO]- "GET /role/ HTTP/1.1" 200 3308
[2020-06-15 10:55:46,058] [basehttp.py:157] [basehttp:log_message] [INFO]- "GET /role/ HTTP/1.1" 200 3308
[2020-06-15 10:55:51,910] [basehttp.py:157] [basehttp:log_message] [INFO]- "OPTIONS /user/?current_page=4&pre_page=10 HTTP/1.1" 200 0
[2020-06-15 10:55:51,976] [basehttp.py:157] [basehttp:log_message] [INFO]- "GET /user/?current_page=4&pre_page=10 HTTP/1.1" 200 5700
[2020-06-15 10:55:53,451] [basehttp.py:157] [basehttp:log_message] [INFO]- "GET /role/ HTTP/1.1" 200 3308
[2020-06-15 10:55:56,272] [basehttp.py:157] [basehttp:log_message] [INFO]- "GET /role/ HTTP/1.1" 200 3308
[2020-06-15 10:55:58,530] [basehttp.py:157] [basehttp:log_message] [INFO]- "GET /role/ HTTP/1.1" 200 3308
[2020-06-15 10:56:03,149] [basehttp.py:157] [basehttp:log_message] [INFO]- "OPTIONS /user/?current_page=5&pre_page=10 HTTP/1.1" 200 0
[2020-06-15 10:56:03,186] [basehttp.py:157] [basehttp:log_message] [INFO]- "GET /user/?current_page=5&pre_page=10 HTTP/1.1" 200 655
[2020-06-15 10:56:04,609] [basehttp.py:157] [basehttp:log_message] [INFO]- "GET /role/ HTTP/1.1" 200 3308
[2020-06-15 10:56:10,819] [basehttp.py:157] [basehttp:log_message] [INFO]- "OPTIONS /user/52/assign_user/ HTTP/1.1" 200 0
[2020-06-15 10:56:11,368] [basehttp.py:157] [basehttp:log_message] [INFO]- "PUT /user/52/assign_user/ HTTP/1.1" 200 1459
[2020-06-15 10:56:11,539] [basehttp.py:157] [basehttp:log_message] [INFO]- "GET /user/?current_page=5&pre_page=10 HTTP/1.1" 200 1533
[2020-06-15 10:56:15,443] [basehttp.py:157] [basehttp:log_message] [INFO]- "GET /role/ HTTP/1.1" 200 3308
[2020-06-15 11:05:06,678] [basehttp.py:157] [basehttp:log_message] [INFO]- "OPTIONS /user/?current_page=1&pre_page=10 HTTP/1.1" 200 0
[2020-06-15 11:05:06,810] [basehttp.py:157] [basehttp:log_message] [INFO]- "GET /user/?current_page=1&pre_page=10 HTTP/1.1" 200 16888
[2020-06-15 11:05:09,425] [basehttp.py:157] [basehttp:log_message] [INFO]- "OPTIONS /user/role?username=admin&application=sys HTTP/1.1" 200 0
[2020-06-15 11:05:09,485] [basehttp.py:157] [basehttp:log_message] [INFO]- "OPTIONS /user/role/?username=admin&application=sys HTTP/1.1" 200 0
[2020-06-15 11:05:09,541] [basehttp.py:157] [basehttp:log_message] [INFO]- "GET /user/role/?username=admin&application=sys HTTP/1.1" 200 997
[2020-06-15 11:05:09,595] [basehttp.py:157] [basehttp:log_message] [INFO]- "GET /user/?current_page=1&pre_page=10 HTTP/1.1" 200 16888
[2020-06-15 11:05:12,503] [basehttp.py:157] [basehttp:log_message] [INFO]- "GET /role/ HTTP/1.1" 200 3308
[2020-06-15 11:05:15,427] [basehttp.py:157] [basehttp:log_message] [INFO]- "GET /role/ HTTP/1.1" 200 3308
[2020-06-15 11:05:18,338] [basehttp.py:157] [basehttp:log_message] [INFO]- "GET /role/ HTTP/1.1" 200 3308
[2020-06-15 11:05:20,910] [basehttp.py:157] [basehttp:log_message] [INFO]- "GET /role/ HTTP/1.1" 200 3308
[2020-06-15 11:05:23,594] [basehttp.py:157] [basehttp:log_message] [INFO]- "GET /role/ HTTP/1.1" 200 3308
[2020-06-15 11:05:32,574] [basehttp.py:157] [basehttp:log_message] [INFO]- "GET /role/ HTTP/1.1" 200 3308
[2020-06-15 11:05:48,240] [basehttp.py:157] [basehttp:log_message] [INFO]- "OPTIONS /menu/?current_page=1&pre_page=10 HTTP/1.1" 200 0
[2020-06-15 11:05:48,260] [basehttp.py:157] [basehttp:log_message] [INFO]- "GET /menu/?current_page=1&pre_page=10 HTTP/1.1" 200 1834
[2020-06-15 11:05:51,769] [basehttp.py:157] [basehttp:log_message] [INFO]- "OPTIONS /role/?current_page=1&pre_page=10 HTTP/1.1" 200 0
[2020-06-15 11:05:51,814] [basehttp.py:157] [basehttp:log_message] [INFO]- "GET /role/?current_page=1&pre_page=10 HTTP/1.1" 200 3379
[2020-06-15 11:05:56,416] [basehttp.py:157] [basehttp:log_message] [INFO]- "OPTIONS /menu/ HTTP/1.1" 200 0
[2020-06-15 11:05:56,444] [basehttp.py:157] [basehttp:log_message] [INFO]- "GET /menu/ HTTP/1.1" 200 1763
[2020-06-15 11:06:51,379] [basehttp.py:157] [basehttp:log_message] [INFO]- "GET /menu/ HTTP/1.1" 200 1763
[2020-06-15 11:06:59,595] [basehttp.py:157] [basehttp:log_message] [INFO]- "GET /menu/ HTTP/1.1" 200 1763
[2020-06-15 11:13:16,886] [basehttp.py:157] [basehttp:log_message] [INFO]- "GET /user/?current_page=1&pre_page=10 HTTP/1.1" 200 16888
[2020-06-15 11:13:18,588] [basehttp.py:157] [basehttp:log_message] [INFO]- "OPTIONS /role/ HTTP/1.1" 200 0
[2020-06-15 11:13:18,654] [basehttp.py:157] [basehttp:log_message] [INFO]- "GET /role/ HTTP/1.1" 200 3308
[2020-06-15 11:13:21,568] [basehttp.py:157] [basehttp:log_message] [INFO]- "GET /role/ HTTP/1.1" 200 3308
[2020-06-15 11:13:23,659] [basehttp.py:157] [basehttp:log_message] [INFO]- "GET /menu/?current_page=1&pre_page=10 HTTP/1.1" 200 1834
[2020-06-15 11:13:25,030] [basehttp.py:157] [basehttp:log_message] [INFO]- "GET /role/?current_page=1&pre_page=10 HTTP/1.1" 200 3379
[2020-06-15 11:14:21,994] [basehttp.py:157] [basehttp:log_message] [INFO]- "GET /menu/ HTTP/1.1" 200 1763
[2020-06-15 11:15:45,684] [basehttp.py:157] [basehttp:log_message] [INFO]- "GET /role/?current_page=1&pre_page=10 HTTP/1.1" 200 3379
[2020-06-15 11:16:01,572] [basehttp.py:157] [basehttp:log_message] [INFO]- "OPTIONS /menu/ HTTP/1.1" 200 0
[2020-06-15 11:16:01,597] [basehttp.py:157] [basehttp:log_message] [INFO]- "GET /menu/ HTTP/1.1" 200 1763
[2020-06-15 11:16:49,899] [basehttp.py:157] [basehttp:log_message] [INFO]- "GET /role/ HTTP/1.1" 200 3308
[2020-06-15 11:22:39,279] [basehttp.py:157] [basehttp:log_message] [INFO]- "OPTIONS /role/?current_page=1&pre_page=10 HTTP/1.1" 200 0
[2020-06-15 11:22:39,326] [basehttp.py:157] [basehttp:log_message] [INFO]- "GET /role/?current_page=1&pre_page=10 HTTP/1.1" 200 3379
[2020-06-15 11:22:40,986] [basehttp.py:157] [basehttp:log_message] [INFO]- "GET /menu/ HTTP/1.1" 200 1763
[2020-06-15 11:24:23,931] [basehttp.py:157] [basehttp:log_message] [INFO]- "GET /role/?current_page=1&pre_page=10 HTTP/1.1" 200 3379
[2020-06-15 11:25:49,971] [basehttp.py:157] [basehttp:log_message] [INFO]- "GET /role/?current_page=1&pre_page=10 HTTP/1.1" 200 3379
[2020-06-15 13:02:39,789] [basehttp.py:157] [basehttp:log_message] [INFO]- "GET /role?name=admin/ HTTP/1.1" 301 0
[2020-06-15 13:02:39,858] [basehttp.py:157] [basehttp:log_message] [INFO]- "GET /role/?name=admin/ HTTP/1.1" 200 2
[2020-06-15 13:03:29,833] [basehttp.py:157] [basehttp:log_message] [INFO]- "GET /role?name=%E8%B6%85%E7%BA%A7%E7%AE%A1%E7%90%86%E5%91%98/ HTTP/1.1" 301 0
[2020-06-15 13:03:31,908] [basehttp.py:157] [basehttp:log_message] [INFO]- "GET /role?name=%E8%B6%85%E7%BA%A7%E7%AE%A1%E7%90%86%E5%91%98/ HTTP/1.1" 301 0
[2020-06-15 13:03:32,931] [basehttp.py:157] [basehttp:log_message] [INFO]- "GET /role?name=%E8%B6%85%E7%BA%A7%E7%AE%A1%E7%90%86%E5%91%98/ HTTP/1.1" 301 0
[2020-06-15 13:03:33,689] [basehttp.py:157] [basehttp:log_message] [INFO]- "GET /role?name=%E8%B6%85%E7%BA%A7%E7%AE%A1%E7%90%86%E5%91%98/ HTTP/1.1" 301 0
[2020-06-15 13:04:15,515] [basehttp.py:157] [basehttp:log_message] [INFO]- "OPTIONS /role/?name=%E7%AE%A1%E7%90%86%E5%91%98&current_page=1&pre_page=10 HTTP/1.1" 200 0
[2020-06-15 13:04:15,562] [basehttp.py:157] [basehttp:log_message] [INFO]- "GET /role/?name=%E7%AE%A1%E7%90%86%E5%91%98&current_page=1&pre_page=10 HTTP/1.1" 200 950
[2020-06-15 13:04:44,420] [basehttp.py:157] [basehttp:log_message] [INFO]- "GET /role?name=%E8%B6%85%E7%BA%A7%E7%AE%A1%E7%90%86%E5%91%98 HTTP/1.1" 301 0
[2020-06-15 13:04:46,069] [basehttp.py:157] [basehttp:log_message] [INFO]- "GET /role?name=%E8%B6%85%E7%BA%A7%E7%AE%A1%E7%90%86%E5%91%98 HTTP/1.1" 301 0
[2020-06-15 13:04:46,764] [basehttp.py:157] [basehttp:log_message] [INFO]- "GET /role?name=%E8%B6%85%E7%BA%A7%E7%AE%A1%E7%90%86%E5%91%98 HTTP/1.1" 301 0
[2020-06-15 13:04:47,418] [basehttp.py:157] [basehttp:log_message] [INFO]- "GET /role?name=%E8%B6%85%E7%BA%A7%E7%AE%A1%E7%90%86%E5%91%98 HTTP/1.1" 301 0
[2020-06-15 13:05:11,675] [basehttp.py:157] [basehttp:log_message] [INFO]- "OPTIONS /role/?current_page=1&pre_page=10 HTTP/1.1" 200 0
[2020-06-15 13:05:11,728] [basehttp.py:157] [basehttp:log_message] [INFO]- "GET /role/?current_page=1&pre_page=10 HTTP/1.1" 200 3379
[2020-06-15 13:05:30,998] [basehttp.py:157] [basehttp:log_message] [INFO]- "GET /role?id=1 HTTP/1.1" 301 0
[2020-06-15 13:05:31,030] [basehttp.py:157] [basehttp:log_message] [INFO]- "GET /role/?id=1 HTTP/1.1" 200 3308
[2020-06-15 13:06:27,898] [basehttp.py:157] [basehttp:log_message] [INFO]- "OPTIONS /menu/?current_page=1&pre_page=10 HTTP/1.1" 200 0
[2020-06-15 13:06:27,931] [basehttp.py:157] [basehttp:log_message] [INFO]- "GET /menu/?current_page=1&pre_page=10 HTTP/1.1" 200 1834
[2020-06-15 13:06:29,215] [basehttp.py:157] [basehttp:log_message] [INFO]- "GET /role/?current_page=1&pre_page=10 HTTP/1.1" 200 3379
[2020-06-15 13:10:24,973] [basehttp.py:157] [basehttp:log_message] [INFO]- "GET /role/?current_page=1&pre_page=10 HTTP/1.1" 200 3379
[2020-06-15 13:10:31,008] [basehttp.py:157] [basehttp:log_message] [INFO]- "OPTIONS /menu/ HTTP/1.1" 200 0
[2020-06-15 13:10:31,008] [basehttp.py:157] [basehttp:log_message] [INFO]- "OPTIONS /role/?%E8%B6%85%E7%BA%A7%E7%AE%A1%E7%90%86%E5%91%98 HTTP/1.1" 200 0
[2020-06-15 13:10:31,059] [basehttp.py:157] [basehttp:log_message] [INFO]- "GET /menu/ HTTP/1.1" 200 1763
[2020-06-15 13:10:31,085] [basehttp.py:157] [basehttp:log_message] [INFO]- "GET /role/?%E8%B6%85%E7%BA%A7%E7%AE%A1%E7%90%86%E5%91%98 HTTP/1.1" 200 3308
