[2021-01-11 17:04:41,460] [autoreload.py:598] [autoreload:run_with_reloader] [INFO]- Watching for file changes with StatReloader
[2021-01-11 17:08:11,354] [log.py:222] [log:log_response] [WARNING]- Forbidden: /sys/api/user/role/
[2021-01-11 17:08:11,357] [log.py:222] [log:log_response] [WARNING]- Forbidden: /sys/api/user/role/
[2021-01-11 17:08:11,541] [basehttp.py:157] [basehttp:log_message] [WARNING]- "GET /sys/api/user/role/?username=mlq&application=sys&type=menu HTTP/1.1" 403 31
[2021-01-11 17:08:11,543] [basehttp.py:157] [basehttp:log_message] [WARNING]- "GET /sys/api/user/role/?username=mlq&application=sys&type=button HTTP/1.1" 403 31
[2021-01-11 17:08:21,517] [basehttp.py:157] [basehttp:log_message] [INFO]- "POST /sys/api/auth/ HTTP/1.1" 200 65
[2021-01-11 17:08:25,008] [basehttp.py:157] [basehttp:log_message] [INFO]- "GET /sys/api/user/role/?username=mlq&application=sys&type=menu HTTP/1.1" 200 1159
[2021-01-11 17:08:25,009] [basehttp.py:157] [basehttp:log_message] [INFO]- "GET /sys/api/user/role/?username=mlq&application=sys&type=button HTTP/1.1" 200 291
[2021-01-11 17:08:27,483] [basehttp.py:157] [basehttp:log_message] [INFO]- "GET /sys/api/menu/ HTTP/1.1" 200 32883
[2021-01-11 17:08:31,868] [basehttp.py:157] [basehttp:log_message] [INFO]- "GET /sys/api/user/?current_page=1&pre_page=10 HTTP/1.1" 200 179345
[2021-01-11 17:08:32,664] [basehttp.py:157] [basehttp:log_message] [INFO]- "GET /sys/api/role/?current_page=1&pre_page=10 HTTP/1.1" 200 37323
[2021-01-11 17:08:37,826] [basehttp.py:157] [basehttp:log_message] [INFO]- "GET /sys/api/user/?current_page=1&pre_page=10 HTTP/1.1" 200 179345
[2021-01-11 17:08:42,404] [basehttp.py:157] [basehttp:log_message] [INFO]- "GET /sys/api/role/ HTTP/1.1" 200 37252
[2021-01-11 17:08:46,270] [basehttp.py:157] [basehttp:log_message] [INFO]- "PUT /sys/api/user/68/assign_user/ HTTP/1.1" 200 257
[2021-01-11 17:08:46,803] [basehttp.py:157] [basehttp:log_message] [INFO]- "GET /sys/api/user/?current_page=1&pre_page=10 HTTP/1.1" 200 146326
[2021-01-11 17:08:54,819] [basehttp.py:157] [basehttp:log_message] [INFO]- "GET /sys/api/user/role/?username=mlq&application=sys&type=button HTTP/1.1" 200 2
[2021-01-11 17:08:54,824] [basehttp.py:157] [basehttp:log_message] [INFO]- "GET /sys/api/user/role/?username=mlq&application=sys&type=menu HTTP/1.1" 200 2
[2021-01-11 17:08:55,334] [basehttp.py:157] [basehttp:log_message] [INFO]- "GET /sys/api/user/?current_page=1&pre_page=10 HTTP/1.1" 200 146326
[2021-01-11 17:10:34,599] [basehttp.py:157] [basehttp:log_message] [INFO]- "POST /sys/api/auth/ HTTP/1.1" 200 65
[2021-01-11 17:10:42,732] [basehttp.py:157] [basehttp:log_message] [INFO]- "GET /sys/api/user/role/?username=admin&application=sys&type=button HTTP/1.1" 200 291
[2021-01-11 17:10:42,742] [basehttp.py:157] [basehttp:log_message] [INFO]- "GET /sys/api/user/role/?username=admin&application=sys&type=menu HTTP/1.1" 200 1159
[2021-01-11 17:10:51,335] [basehttp.py:157] [basehttp:log_message] [INFO]- "GET /sys/api/user/?current_page=1&pre_page=10 HTTP/1.1" 200 146326
[2021-01-11 17:10:57,868] [basehttp.py:157] [basehttp:log_message] [INFO]- "GET /sys/api/role/ HTTP/1.1" 200 37252
[2021-01-11 17:11:00,509] [basehttp.py:157] [basehttp:log_message] [INFO]- "PUT /sys/api/user/68/assign_user/ HTTP/1.1" 200 33276
[2021-01-11 17:11:01,083] [basehttp.py:157] [basehttp:log_message] [INFO]- "GET /sys/api/user/?current_page=1&pre_page=10 HTTP/1.1" 200 179345
[2021-01-11 17:11:10,030] [basehttp.py:157] [basehttp:log_message] [INFO]- "POST /sys/api/auth/ HTTP/1.1" 200 65
[2021-01-11 17:11:14,137] [basehttp.py:157] [basehttp:log_message] [INFO]- "GET /sys/api/user/role/?username=mlq&application=sys&type=button HTTP/1.1" 200 291
[2021-01-11 17:11:14,138] [basehttp.py:157] [basehttp:log_message] [INFO]- "GET /sys/api/user/role/?username=mlq&application=sys&type=menu HTTP/1.1" 200 1159
[2021-01-11 17:11:18,069] [basehttp.py:157] [basehttp:log_message] [INFO]- "GET /sys/api/role/?current_page=1&pre_page=10 HTTP/1.1" 200 37323
[2021-01-11 17:11:22,326] [basehttp.py:157] [basehttp:log_message] [INFO]- "GET /sys/api/user/?current_page=1&pre_page=10 HTTP/1.1" 200 179345
[2021-01-11 17:11:28,026] [basehttp.py:157] [basehttp:log_message] [INFO]- "GET /sys/api/role/?current_page=1&pre_page=10 HTTP/1.1" 200 37323
[2021-01-11 17:11:33,959] [basehttp.py:157] [basehttp:log_message] [INFO]- "GET /sys/api/role/8/menu/ HTTP/1.1" 200 2
[2021-01-11 17:11:34,047] [basehttp.py:157] [basehttp:log_message] [INFO]- "GET /sys/api/role/8/to_menu/ HTTP/1.1" 200 32883
[2021-01-11 17:11:43,290] [basehttp.py:157] [basehttp:log_message] [INFO]- "GET /sys/api/role/3/menu/ HTTP/1.1" 200 3962
[2021-01-11 17:11:43,334] [basehttp.py:157] [basehttp:log_message] [INFO]- "GET /sys/api/role/3/to_menu/ HTTP/1.1" 200 30858
[2021-01-11 17:11:48,258] [basehttp.py:157] [basehttp:log_message] [INFO]- "GET /sys/api/role/8/menu/ HTTP/1.1" 200 2
[2021-01-11 17:11:48,282] [basehttp.py:157] [basehttp:log_message] [INFO]- "GET /sys/api/role/8/to_menu/ HTTP/1.1" 200 32883
[2021-01-11 17:12:59,739] [basehttp.py:157] [basehttp:log_message] [INFO]- "GET /sys/api/role/1/menu/ HTTP/1.1" 200 32883
[2021-01-11 17:12:59,758] [basehttp.py:157] [basehttp:log_message] [INFO]- "GET /sys/api/role/1/to_menu/ HTTP/1.1" 200 2
[2021-01-11 17:13:04,057] [basehttp.py:157] [basehttp:log_message] [INFO]- "GET /sys/api/role/8/menu/ HTTP/1.1" 200 2
[2021-01-11 17:13:04,115] [basehttp.py:157] [basehttp:log_message] [INFO]- "GET /sys/api/role/8/to_menu/ HTTP/1.1" 200 32883
[2021-01-11 17:13:11,377] [basehttp.py:157] [basehttp:log_message] [INFO]- "GET /sys/api/role/3/menu/ HTTP/1.1" 200 3962
[2021-01-11 17:13:11,429] [basehttp.py:157] [basehttp:log_message] [INFO]- "GET /sys/api/role/3/to_menu/ HTTP/1.1" 200 30858
[2021-01-11 17:13:13,908] [basehttp.py:157] [basehttp:log_message] [INFO]- "GET /sys/api/role/8/menu/ HTTP/1.1" 200 2
[2021-01-11 17:13:13,941] [basehttp.py:157] [basehttp:log_message] [INFO]- "GET /sys/api/role/8/to_menu/ HTTP/1.1" 200 32883
[2021-01-11 17:13:16,689] [basehttp.py:157] [basehttp:log_message] [INFO]- "GET /sys/api/role/1/menu/ HTTP/1.1" 200 32883
[2021-01-11 17:13:16,732] [basehttp.py:157] [basehttp:log_message] [INFO]- "GET /sys/api/role/1/to_menu/ HTTP/1.1" 200 2
[2021-01-11 17:13:19,956] [basehttp.py:157] [basehttp:log_message] [INFO]- "GET /sys/api/role/8/menu/ HTTP/1.1" 200 2
[2021-01-11 17:13:19,979] [basehttp.py:157] [basehttp:log_message] [INFO]- "GET /sys/api/role/8/to_menu/ HTTP/1.1" 200 32883
[2021-01-11 17:13:23,117] [basehttp.py:157] [basehttp:log_message] [INFO]- "GET /sys/api/role/1/menu/ HTTP/1.1" 200 32883
[2021-01-11 17:13:23,156] [basehttp.py:157] [basehttp:log_message] [INFO]- "GET /sys/api/role/1/to_menu/ HTTP/1.1" 200 2
[2021-01-11 17:13:26,716] [basehttp.py:157] [basehttp:log_message] [INFO]- "GET /sys/api/role/8/menu/ HTTP/1.1" 200 2
[2021-01-11 17:13:26,782] [basehttp.py:157] [basehttp:log_message] [INFO]- "GET /sys/api/role/8/to_menu/ HTTP/1.1" 200 32883
[2021-01-11 17:13:29,231] [basehttp.py:157] [basehttp:log_message] [INFO]- "GET /sys/api/role/3/menu/ HTTP/1.1" 200 3962
[2021-01-11 17:13:29,261] [basehttp.py:157] [basehttp:log_message] [INFO]- "GET /sys/api/role/3/to_menu/ HTTP/1.1" 200 30858
[2021-01-11 17:13:31,241] [basehttp.py:157] [basehttp:log_message] [INFO]- "GET /sys/api/role/1/menu/ HTTP/1.1" 200 32883
[2021-01-11 17:13:31,313] [basehttp.py:157] [basehttp:log_message] [INFO]- "GET /sys/api/role/1/to_menu/ HTTP/1.1" 200 2
