[2020-06-22 09:38:30,160] [autoreload.py:598] [autoreload:run_with_reloader] [INFO]- Watching for file changes with StatReloader
[2020-06-22 09:41:33,053] [basehttp.py:157] [basehttp:log_message] [INFO]- "OPTIONS /user/role?username=admin&application=sys&type=button HTTP/1.1" 200 0
[2020-06-22 09:41:33,054] [basehttp.py:157] [basehttp:log_message] [INFO]- "OPTIONS /user/role?username=admin&application=sys&type=menu HTTP/1.1" 200 0
[2020-06-22 09:41:33,054] [basehttp.py:157] [basehttp:log_message] [INFO]- "OPTIONS /role/?current_page=1&pre_page=10 HTTP/1.1" 200 0
[2020-06-22 09:41:33,150] [basehttp.py:157] [basehttp:log_message] [INFO]- "OPTIONS /user/role/?username=admin&application=sys&type=button HTTP/1.1" 200 0
[2020-06-22 09:41:33,159] [basehttp.py:157] [basehttp:log_message] [INFO]- "OPTIONS /user/role/?username=admin&application=sys&type=menu HTTP/1.1" 200 0
[2020-06-22 09:41:33,446] [basehttp.py:157] [basehttp:log_message] [INFO]- "GET /user/role/?username=admin&application=sys&type=button HTTP/1.1" 200 248
[2020-06-22 09:41:33,507] [basehttp.py:157] [basehttp:log_message] [INFO]- "GET /user/role/?username=admin&application=sys&type=menu HTTP/1.1" 200 1161
[2020-06-22 09:41:33,625] [basehttp.py:157] [basehttp:log_message] [INFO]- "GET /role/?current_page=1&pre_page=10 HTTP/1.1" 200 28733
[2020-06-22 09:41:52,367] [basehttp.py:157] [basehttp:log_message] [INFO]- "OPTIONS /auth/ HTTP/1.1" 200 0
[2020-06-22 09:41:52,544] [basehttp.py:157] [basehttp:log_message] [INFO]- "POST /auth/ HTTP/1.1" 200 65
[2020-06-22 09:41:54,976] [basehttp.py:157] [basehttp:log_message] [INFO]- "OPTIONS /user/role?username=admin&application=asset&type=menu HTTP/1.1" 200 0
[2020-06-22 09:41:54,976] [basehttp.py:157] [basehttp:log_message] [INFO]- "OPTIONS /user/role?username=admin&application=asset&type=button HTTP/1.1" 200 0
[2020-06-22 09:41:55,061] [basehttp.py:157] [basehttp:log_message] [INFO]- "OPTIONS /user/role/?username=admin&application=asset&type=menu HTTP/1.1" 200 0
[2020-06-22 09:41:55,065] [basehttp.py:157] [basehttp:log_message] [INFO]- "OPTIONS /user/role/?username=admin&application=asset&type=button HTTP/1.1" 200 0
[2020-06-22 09:41:55,304] [basehttp.py:157] [basehttp:log_message] [INFO]- "GET /user/role/?username=admin&application=asset&type=menu HTTP/1.1" 200 4863
[2020-06-22 09:41:55,309] [basehttp.py:157] [basehttp:log_message] [INFO]- "GET /user/role/?username=admin&application=asset&type=button HTTP/1.1" 200 60
[2020-06-22 09:43:48,037] [basehttp.py:157] [basehttp:log_message] [INFO]- "GET /user/role/?username=admin&application=asset&type=menu HTTP/1.1" 200 4863
[2020-06-22 09:43:55,624] [basehttp.py:157] [basehttp:log_message] [INFO]- "GET /user/role/?username=admin&application=asset&type=button HTTP/1.1" 200 60
[2020-06-22 09:43:55,670] [basehttp.py:157] [basehttp:log_message] [INFO]- "GET /user/role/?username=admin&application=asset&type=menu HTTP/1.1" 200 4863
[2020-06-22 09:45:28,641] [basehttp.py:157] [basehttp:log_message] [INFO]- "GET /user/role/?username=admin&application=asset&type=button HTTP/1.1" 200 60
[2020-06-22 09:45:32,592] [basehttp.py:157] [basehttp:log_message] [INFO]- "GET /user/role/?username=admin&application=asset&type=menu HTTP/1.1" 200 4863
[2020-06-22 09:45:32,632] [basehttp.py:157] [basehttp:log_message] [INFO]- "GET /user/role/?username=admin&application=asset&type=button HTTP/1.1" 200 60
[2020-06-22 09:46:33,071] [basehttp.py:157] [basehttp:log_message] [INFO]- "GET /user/role/?username=admin&application=asset&type=menu HTTP/1.1" 200 4863
[2020-06-22 09:46:33,106] [basehttp.py:157] [basehttp:log_message] [INFO]- "GET /user/role/?username=admin&application=asset&type=button HTTP/1.1" 200 60
[2020-06-22 09:52:57,454] [basehttp.py:157] [basehttp:log_message] [INFO]- "OPTIONS /user/role?username=admin&application=asset&type=menu HTTP/1.1" 200 0
[2020-06-22 09:52:57,455] [basehttp.py:157] [basehttp:log_message] [INFO]- "OPTIONS /user/role?username=admin&application=asset&type=button HTTP/1.1" 200 0
[2020-06-22 09:52:57,573] [basehttp.py:157] [basehttp:log_message] [INFO]- "OPTIONS /user/role/?username=admin&application=asset&type=menu HTTP/1.1" 200 0
[2020-06-22 09:52:57,575] [basehttp.py:157] [basehttp:log_message] [INFO]- "OPTIONS /user/role/?username=admin&application=asset&type=button HTTP/1.1" 200 0
[2020-06-22 09:52:57,793] [basehttp.py:157] [basehttp:log_message] [INFO]- "GET /user/role/?username=admin&application=asset&type=menu HTTP/1.1" 200 4581
[2020-06-22 09:52:57,793] [basehttp.py:157] [basehttp:log_message] [INFO]- "GET /user/role/?username=admin&application=asset&type=button HTTP/1.1" 200 60
[2020-06-22 09:54:25,292] [basehttp.py:157] [basehttp:log_message] [INFO]- "GET /user/role/?username=admin&application=asset&type=button HTTP/1.1" 200 60
[2020-06-22 09:54:25,314] [basehttp.py:157] [basehttp:log_message] [INFO]- "GET /user/role/?username=admin&application=asset&type=menu HTTP/1.1" 200 4581
[2020-06-22 09:54:44,538] [basehttp.py:157] [basehttp:log_message] [INFO]- "GET /user/role/?username=admin&application=asset&type=menu HTTP/1.1" 200 4581
[2020-06-22 09:54:44,587] [basehttp.py:157] [basehttp:log_message] [INFO]- "GET /user/role/?username=admin&application=asset&type=button HTTP/1.1" 200 60
[2020-06-22 09:55:21,774] [basehttp.py:157] [basehttp:log_message] [INFO]- "GET /user/role/?username=admin&application=asset&type=menu HTTP/1.1" 200 4581
[2020-06-22 09:55:21,799] [basehttp.py:157] [basehttp:log_message] [INFO]- "GET /user/role/?username=admin&application=asset&type=button HTTP/1.1" 200 60
[2020-06-22 09:57:44,010] [basehttp.py:157] [basehttp:log_message] [INFO]- "OPTIONS /auth/ HTTP/1.1" 200 0
[2020-06-22 09:57:44,264] [basehttp.py:157] [basehttp:log_message] [INFO]- "POST /auth/ HTTP/1.1" 200 65
[2020-06-22 09:57:46,307] [basehttp.py:157] [basehttp:log_message] [INFO]- "OPTIONS /user/role?username=admin&application=sys&type=menu HTTP/1.1" 200 0
[2020-06-22 09:57:46,309] [basehttp.py:157] [basehttp:log_message] [INFO]- "OPTIONS /user/role?username=admin&application=sys&type=button HTTP/1.1" 200 0
[2020-06-22 09:57:46,351] [basehttp.py:157] [basehttp:log_message] [INFO]- "OPTIONS /user/role/?username=admin&application=sys&type=menu HTTP/1.1" 200 0
[2020-06-22 09:57:46,354] [basehttp.py:157] [basehttp:log_message] [INFO]- "OPTIONS /user/role/?username=admin&application=sys&type=button HTTP/1.1" 200 0
[2020-06-22 09:57:46,608] [basehttp.py:157] [basehttp:log_message] [INFO]- "GET /user/role/?username=admin&application=sys&type=button HTTP/1.1" 200 248
[2020-06-22 09:57:46,624] [basehttp.py:157] [basehttp:log_message] [INFO]- "GET /user/role/?username=admin&application=sys&type=menu HTTP/1.1" 200 1161
[2020-06-22 09:57:50,099] [basehttp.py:157] [basehttp:log_message] [INFO]- "GET /user/role/?username=admin&application=asset&type=button HTTP/1.1" 200 60
[2020-06-22 09:57:50,101] [basehttp.py:157] [basehttp:log_message] [INFO]- "GET /user/role/?username=admin&application=asset&type=menu HTTP/1.1" 200 4581
[2020-06-22 09:59:13,573] [basehttp.py:157] [basehttp:log_message] [INFO]- "GET /user/role/?username=admin&application=asset&type=button HTTP/1.1" 200 60
[2020-06-22 09:59:13,584] [basehttp.py:157] [basehttp:log_message] [INFO]- "GET /user/role/?username=admin&application=asset&type=menu HTTP/1.1" 200 4581
[2020-06-22 09:59:26,584] [basehttp.py:157] [basehttp:log_message] [INFO]- "GET /user/role/?username=admin&application=asset&type=menu HTTP/1.1" 200 4581
[2020-06-22 09:59:26,599] [basehttp.py:157] [basehttp:log_message] [INFO]- "GET /user/role/?username=admin&application=asset&type=button HTTP/1.1" 200 60
[2020-06-22 10:00:50,597] [autoreload.py:598] [autoreload:run_with_reloader] [INFO]- Watching for file changes with StatReloader
[2020-06-22 10:01:26,069] [autoreload.py:598] [autoreload:run_with_reloader] [INFO]- Watching for file changes with StatReloader
[2020-06-22 10:02:04,334] [autoreload.py:598] [autoreload:run_with_reloader] [INFO]- Watching for file changes with StatReloader
[2020-06-22 10:02:29,382] [autoreload.py:222] [autoreload:trigger_reload] [INFO]- /home/rock/quality_inspection/python-workspace/project-sys/sys_auth/views.py changed, reloading.
[2020-06-22 10:02:30,397] [autoreload.py:598] [autoreload:run_with_reloader] [INFO]- Watching for file changes with StatReloader
[2020-06-22 10:03:24,354] [autoreload.py:598] [autoreload:run_with_reloader] [INFO]- Watching for file changes with StatReloader
[2020-06-22 10:04:18,485] [basehttp.py:157] [basehttp:log_message] [INFO]- "OPTIONS /user/role?username=admin&application=asset&type=button HTTP/1.1" 200 0
[2020-06-22 10:04:18,487] [basehttp.py:157] [basehttp:log_message] [INFO]- "OPTIONS /user/role?username=admin&application=asset&type=menu HTTP/1.1" 200 0
[2020-06-22 10:04:18,545] [basehttp.py:157] [basehttp:log_message] [INFO]- "OPTIONS /user/role/?username=admin&application=asset&type=button HTTP/1.1" 200 0
[2020-06-22 10:04:18,548] [basehttp.py:157] [basehttp:log_message] [INFO]- "OPTIONS /user/role/?username=admin&application=asset&type=menu HTTP/1.1" 200 0
[2020-06-22 10:04:18,816] [basehttp.py:157] [basehttp:log_message] [INFO]- "GET /user/role/?username=admin&application=asset&type=menu HTTP/1.1" 200 4882
[2020-06-22 10:04:18,818] [basehttp.py:157] [basehttp:log_message] [INFO]- "GET /user/role/?username=admin&application=asset&type=button HTTP/1.1" 200 60
[2020-06-22 10:04:56,542] [basehttp.py:157] [basehttp:log_message] [INFO]- "GET /user/role/?username=admin&application=asset&type=button HTTP/1.1" 200 60
[2020-06-22 10:04:56,544] [basehttp.py:157] [basehttp:log_message] [INFO]- "GET /user/role/?username=admin&application=asset&type=menu HTTP/1.1" 200 4899
[2020-06-22 10:05:20,310] [basehttp.py:157] [basehttp:log_message] [INFO]- "GET /user/role/?username=admin&application=sys&type=menu HTTP/1.1" 200 1161
[2020-06-22 10:05:20,331] [basehttp.py:157] [basehttp:log_message] [INFO]- "GET /user/role/?username=admin&application=sys&type=button HTTP/1.1" 200 248
[2020-06-22 10:05:21,897] [basehttp.py:157] [basehttp:log_message] [INFO]- "OPTIONS /role/?current_page=1&pre_page=10 HTTP/1.1" 200 0
[2020-06-22 10:05:22,206] [basehttp.py:157] [basehttp:log_message] [INFO]- "GET /role/?current_page=1&pre_page=10 HTTP/1.1" 200 29050
[2020-06-22 10:05:23,780] [basehttp.py:157] [basehttp:log_message] [INFO]- "OPTIONS /role/1/to_menu/ HTTP/1.1" 200 0
[2020-06-22 10:05:23,784] [basehttp.py:157] [basehttp:log_message] [INFO]- "OPTIONS /role/1/menu/ HTTP/1.1" 200 0
[2020-06-22 10:05:24,201] [basehttp.py:157] [basehttp:log_message] [INFO]- "GET /role/1/menu/ HTTP/1.1" 200 11666
[2020-06-22 10:05:24,287] [basehttp.py:157] [basehttp:log_message] [INFO]- "GET /role/1/to_menu/ HTTP/1.1" 200 2
[2020-06-22 10:05:59,726] [basehttp.py:157] [basehttp:log_message] [INFO]- "OPTIONS /user/?current_page=1&pre_page=10 HTTP/1.1" 200 0
[2020-06-22 10:06:00,359] [basehttp.py:157] [basehttp:log_message] [INFO]- "GET /user/?current_page=1&pre_page=10 HTTP/1.1" 200 76165
[2020-06-22 10:06:47,053] [basehttp.py:157] [basehttp:log_message] [INFO]- "GET /role/?current_page=1&pre_page=10 HTTP/1.1" 200 29050
[2020-06-22 10:07:02,165] [basehttp.py:157] [basehttp:log_message] [INFO]- "GET /role/1/menu/ HTTP/1.1" 200 11666
[2020-06-22 10:07:02,226] [basehttp.py:157] [basehttp:log_message] [INFO]- "GET /role/1/to_menu/ HTTP/1.1" 200 2
[2020-06-22 10:07:23,765] [basehttp.py:157] [basehttp:log_message] [INFO]- "OPTIONS /menu/ HTTP/1.1" 200 0
[2020-06-22 10:07:23,948] [basehttp.py:157] [basehttp:log_message] [INFO]- "GET /menu/ HTTP/1.1" 200 11666
[2020-06-22 10:10:19,907] [basehttp.py:157] [basehttp:log_message] [INFO]- "GET /user/role/?username=admin&application=asset&type=menu HTTP/1.1" 200 5459
[2020-06-22 10:10:27,171] [basehttp.py:157] [basehttp:log_message] [INFO]- "GET /user/role/?username=admin&application=asset&type=menu HTTP/1.1" 200 5459
[2020-06-22 10:10:31,660] [basehttp.py:157] [basehttp:log_message] [INFO]- "GET /user/role/?username=admin&application=asset&type=menu HTTP/1.1" 200 5459
[2020-06-22 10:10:31,693] [basehttp.py:157] [basehttp:log_message] [INFO]- "GET /user/role/?username=admin&application=asset&type=button HTTP/1.1" 200 60
[2020-06-22 10:16:06,810] [basehttp.py:157] [basehttp:log_message] [INFO]- "OPTIONS /user/role?username=admin&application=asset&type=menu HTTP/1.1" 200 0
[2020-06-22 10:16:06,813] [basehttp.py:157] [basehttp:log_message] [INFO]- "OPTIONS /user/role?username=admin&application=asset&type=button HTTP/1.1" 200 0
[2020-06-22 10:16:06,855] [basehttp.py:157] [basehttp:log_message] [INFO]- "OPTIONS /user/role/?username=admin&application=asset&type=button HTTP/1.1" 200 0
[2020-06-22 10:16:06,856] [basehttp.py:157] [basehttp:log_message] [INFO]- "OPTIONS /user/role/?username=admin&application=asset&type=menu HTTP/1.1" 200 0
[2020-06-22 10:16:07,118] [basehttp.py:157] [basehttp:log_message] [INFO]- "GET /user/role/?username=admin&application=asset&type=menu HTTP/1.1" 200 6014
[2020-06-22 10:16:07,131] [basehttp.py:157] [basehttp:log_message] [INFO]- "GET /user/role/?username=admin&application=asset&type=button HTTP/1.1" 200 60
[2020-06-22 10:16:16,055] [basehttp.py:157] [basehttp:log_message] [INFO]- "OPTIONS /user/role?username=admin&application=sys&type=button HTTP/1.1" 200 0
[2020-06-22 10:16:16,056] [basehttp.py:157] [basehttp:log_message] [INFO]- "OPTIONS /user/role?username=admin&application=sys&type=menu HTTP/1.1" 200 0
[2020-06-22 10:16:16,074] [basehttp.py:157] [basehttp:log_message] [INFO]- "OPTIONS /user/role/?username=admin&application=sys&type=button HTTP/1.1" 200 0
[2020-06-22 10:16:16,078] [basehttp.py:157] [basehttp:log_message] [INFO]- "OPTIONS /user/role/?username=admin&application=sys&type=menu HTTP/1.1" 200 0
[2020-06-22 10:16:16,342] [basehttp.py:157] [basehttp:log_message] [INFO]- "GET /user/role/?username=admin&application=sys&type=button HTTP/1.1" 200 248
[2020-06-22 10:16:16,363] [basehttp.py:157] [basehttp:log_message] [INFO]- "GET /user/role/?username=admin&application=sys&type=menu HTTP/1.1" 200 1161
[2020-06-22 10:16:18,168] [basehttp.py:157] [basehttp:log_message] [INFO]- "OPTIONS /role/?current_page=1&pre_page=10 HTTP/1.1" 200 0
[2020-06-22 10:16:18,571] [basehttp.py:157] [basehttp:log_message] [INFO]- "GET /role/?current_page=1&pre_page=10 HTTP/1.1" 200 29882
[2020-06-22 10:16:19,368] [basehttp.py:157] [basehttp:log_message] [INFO]- "GET /menu/ HTTP/1.1" 200 12498
[2020-06-22 10:16:22,863] [basehttp.py:157] [basehttp:log_message] [INFO]- "GET /role/?current_page=1&pre_page=10 HTTP/1.1" 200 29882
[2020-06-22 10:16:24,301] [basehttp.py:157] [basehttp:log_message] [INFO]- "OPTIONS /user/?current_page=1&pre_page=10 HTTP/1.1" 200 0
[2020-06-22 10:16:24,925] [basehttp.py:157] [basehttp:log_message] [INFO]- "GET /user/?current_page=1&pre_page=10 HTTP/1.1" 200 78661
[2020-06-22 10:16:28,038] [basehttp.py:157] [basehttp:log_message] [INFO]- "OPTIONS /role/ HTTP/1.1" 200 0
[2020-06-22 10:16:28,338] [basehttp.py:157] [basehttp:log_message] [INFO]- "GET /role/ HTTP/1.1" 200 29811
[2020-06-22 10:16:31,237] [basehttp.py:157] [basehttp:log_message] [INFO]- "GET /role/?current_page=1&pre_page=10 HTTP/1.1" 200 29882
[2020-06-22 10:16:33,372] [basehttp.py:157] [basehttp:log_message] [INFO]- "OPTIONS /role/2/to_menu/ HTTP/1.1" 200 0
[2020-06-22 10:16:33,374] [basehttp.py:157] [basehttp:log_message] [INFO]- "OPTIONS /role/2/menu/ HTTP/1.1" 200 0
[2020-06-22 10:16:33,589] [basehttp.py:157] [basehttp:log_message] [INFO]- "GET /role/2/menu/ HTTP/1.1" 200 7368
[2020-06-22 10:16:33,626] [basehttp.py:157] [basehttp:log_message] [INFO]- "GET /role/2/to_menu/ HTTP/1.1" 200 7099
[2020-06-22 10:36:10,205] [basehttp.py:157] [basehttp:log_message] [INFO]- "OPTIONS /user/role?username=admin&application=sys&type=menu HTTP/1.1" 200 0
[2020-06-22 10:36:10,209] [basehttp.py:157] [basehttp:log_message] [INFO]- "OPTIONS /role/?current_page=1&pre_page=10 HTTP/1.1" 200 0
[2020-06-22 10:36:10,211] [basehttp.py:157] [basehttp:log_message] [INFO]- "OPTIONS /user/role?username=admin&application=sys&type=button HTTP/1.1" 200 0
[2020-06-22 10:36:10,237] [basehttp.py:157] [basehttp:log_message] [INFO]- "OPTIONS /user/role/?username=admin&application=sys&type=menu HTTP/1.1" 200 0
[2020-06-22 10:36:10,238] [basehttp.py:157] [basehttp:log_message] [INFO]- "OPTIONS /user/role/?username=admin&application=sys&type=button HTTP/1.1" 200 0
[2020-06-22 10:36:10,665] [basehttp.py:157] [basehttp:log_message] [INFO]- "GET /user/role/?username=admin&application=sys&type=button HTTP/1.1" 200 248
[2020-06-22 10:36:10,684] [basehttp.py:157] [basehttp:log_message] [INFO]- "GET /user/role/?username=admin&application=sys&type=menu HTTP/1.1" 200 1161
[2020-06-22 10:36:10,753] [basehttp.py:157] [basehttp:log_message] [INFO]- "GET /role/?current_page=1&pre_page=10 HTTP/1.1" 200 29882
[2020-06-22 10:37:36,628] [basehttp.py:157] [basehttp:log_message] [INFO]- "OPTIONS /user/?current_page=1&pre_page=10 HTTP/1.1" 200 0
[2020-06-22 10:37:37,639] [basehttp.py:157] [basehttp:log_message] [INFO]- "GET /user/?current_page=1&pre_page=10 HTTP/1.1" 200 78661
[2020-06-22 10:37:39,864] [basehttp.py:157] [basehttp:log_message] [INFO]- "OPTIONS /menu/ HTTP/1.1" 200 0
[2020-06-22 10:37:40,089] [basehttp.py:157] [basehttp:log_message] [INFO]- "GET /menu/ HTTP/1.1" 200 12498
[2020-06-22 10:54:03,583] [autoreload.py:222] [autoreload:trigger_reload] [INFO]- /home/rock/anaconda3/envs/venv/lib/python3.8/site-packages/django/db/migrations/operations/fields.py changed, reloading.
[2020-06-22 10:54:04,362] [autoreload.py:598] [autoreload:run_with_reloader] [INFO]- Watching for file changes with StatReloader
[2020-06-22 10:54:58,497] [autoreload.py:222] [autoreload:trigger_reload] [INFO]- /home/rock/anaconda3/envs/venv/lib/python3.8/site-packages/django/db/migrations/operations/fields.py changed, reloading.
[2020-06-22 10:54:59,230] [autoreload.py:598] [autoreload:run_with_reloader] [INFO]- Watching for file changes with StatReloader
[2020-06-22 14:02:01,888] [basehttp.py:157] [basehttp:log_message] [INFO]- "OPTIONS /user/role?username=admin&application=sys&type=button HTTP/1.1" 200 0
[2020-06-22 14:02:01,891] [basehttp.py:157] [basehttp:log_message] [INFO]- "OPTIONS /user/role?username=admin&application=sys&type=menu HTTP/1.1" 200 0
[2020-06-22 14:02:01,894] [basehttp.py:157] [basehttp:log_message] [INFO]- "OPTIONS /menu/ HTTP/1.1" 200 0
[2020-06-22 14:02:01,912] [basehttp.py:157] [basehttp:log_message] [INFO]- "OPTIONS /user/role/?username=admin&application=sys&type=button HTTP/1.1" 200 0
[2020-06-22 14:02:01,913] [basehttp.py:157] [basehttp:log_message] [INFO]- "OPTIONS /user/role/?username=admin&application=sys&type=menu HTTP/1.1" 200 0
[2020-06-22 14:02:02,115] [basehttp.py:157] [basehttp:log_message] [INFO]- "GET /menu/ HTTP/1.1" 200 12498
[2020-06-22 14:02:02,197] [basehttp.py:157] [basehttp:log_message] [INFO]- "GET /user/role/?username=admin&application=sys&type=menu HTTP/1.1" 200 1161
[2020-06-22 14:02:02,201] [basehttp.py:157] [basehttp:log_message] [INFO]- "GET /user/role/?username=admin&application=sys&type=button HTTP/1.1" 200 248
[2020-06-22 14:02:07,796] [basehttp.py:157] [basehttp:log_message] [INFO]- "OPTIONS /role/?current_page=1&pre_page=10 HTTP/1.1" 200 0
[2020-06-22 14:02:08,112] [basehttp.py:157] [basehttp:log_message] [INFO]- "GET /role/?current_page=1&pre_page=10 HTTP/1.1" 200 29598
[2020-06-22 14:02:09,214] [basehttp.py:157] [basehttp:log_message] [INFO]- "GET /menu/ HTTP/1.1" 200 12498
[2020-06-22 14:02:10,076] [basehttp.py:157] [basehttp:log_message] [INFO]- "OPTIONS /user/?current_page=1&pre_page=10 HTTP/1.1" 200 0
[2020-06-22 14:02:10,675] [basehttp.py:157] [basehttp:log_message] [INFO]- "GET /user/?current_page=1&pre_page=10 HTTP/1.1" 200 78661
[2020-06-22 14:02:12,093] [basehttp.py:157] [basehttp:log_message] [INFO]- "GET /role/?current_page=1&pre_page=10 HTTP/1.1" 200 29598
[2020-06-22 14:02:13,609] [basehttp.py:157] [basehttp:log_message] [INFO]- "GET /menu/ HTTP/1.1" 200 12498
[2020-06-22 14:10:06,728] [basehttp.py:157] [basehttp:log_message] [INFO]- "GET /menu/ HTTP/1.1" 200 12498
[2020-06-22 14:10:06,795] [basehttp.py:157] [basehttp:log_message] [INFO]- "GET /user/role/?username=admin&application=sys&type=menu HTTP/1.1" 200 1161
[2020-06-22 14:10:06,909] [basehttp.py:157] [basehttp:log_message] [INFO]- "GET /user/role/?username=admin&application=sys&type=button HTTP/1.1" 200 248
[2020-06-22 14:34:24,528] [basehttp.py:157] [basehttp:log_message] [INFO]- "OPTIONS /user/role?username=admin&application=sys&type=menu HTTP/1.1" 200 0
[2020-06-22 14:34:24,533] [basehttp.py:157] [basehttp:log_message] [INFO]- "OPTIONS /user/role?username=admin&application=sys&type=button HTTP/1.1" 200 0
[2020-06-22 14:34:24,534] [basehttp.py:157] [basehttp:log_message] [INFO]- "OPTIONS /menu/ HTTP/1.1" 200 0
[2020-06-22 14:34:24,567] [basehttp.py:157] [basehttp:log_message] [INFO]- "OPTIONS /user/role/?username=admin&application=sys&type=menu HTTP/1.1" 200 0
[2020-06-22 14:34:24,567] [basehttp.py:157] [basehttp:log_message] [INFO]- "OPTIONS /user/role/?username=admin&application=sys&type=button HTTP/1.1" 200 0
[2020-06-22 14:34:24,819] [basehttp.py:157] [basehttp:log_message] [INFO]- "GET /menu/ HTTP/1.1" 200 12498
[2020-06-22 14:34:24,911] [basehttp.py:157] [basehttp:log_message] [INFO]- "GET /user/role/?username=admin&application=sys&type=button HTTP/1.1" 200 248
[2020-06-22 14:34:24,912] [basehttp.py:157] [basehttp:log_message] [INFO]- "GET /user/role/?username=admin&application=sys&type=menu HTTP/1.1" 200 1161
[2020-06-22 14:34:37,544] [basehttp.py:157] [basehttp:log_message] [INFO]- "GET /menu/ HTTP/1.1" 200 12498
[2020-06-22 14:34:37,637] [basehttp.py:157] [basehttp:log_message] [INFO]- "GET /user/role/?username=admin&application=sys&type=button HTTP/1.1" 200 248
[2020-06-22 14:34:37,647] [basehttp.py:157] [basehttp:log_message] [INFO]- "GET /user/role/?username=admin&application=sys&type=menu HTTP/1.1" 200 1161
[2020-06-22 14:36:09,317] [basehttp.py:157] [basehttp:log_message] [INFO]- "OPTIONS /user/?current_page=1&pre_page=10 HTTP/1.1" 200 0
[2020-06-22 14:36:09,958] [basehttp.py:157] [basehttp:log_message] [INFO]- "GET /user/?current_page=1&pre_page=10 HTTP/1.1" 200 78661
[2020-06-22 14:36:11,876] [basehttp.py:157] [basehttp:log_message] [INFO]- "OPTIONS /role/?current_page=1&pre_page=10 HTTP/1.1" 200 0
[2020-06-22 14:36:12,168] [basehttp.py:157] [basehttp:log_message] [INFO]- "GET /role/?current_page=1&pre_page=10 HTTP/1.1" 200 29598
[2020-06-22 14:36:13,330] [basehttp.py:157] [basehttp:log_message] [INFO]- "GET /menu/ HTTP/1.1" 200 12498
[2020-06-22 14:36:15,977] [basehttp.py:157] [basehttp:log_message] [INFO]- "GET /user/?current_page=1&pre_page=10 HTTP/1.1" 200 78661
[2020-06-22 14:37:23,162] [basehttp.py:157] [basehttp:log_message] [INFO]- "GET /user/role/?username=admin&application=sys&type=menu HTTP/1.1" 200 1161
[2020-06-22 14:37:23,163] [basehttp.py:157] [basehttp:log_message] [INFO]- "GET /user/role/?username=admin&application=sys&type=button HTTP/1.1" 200 248
[2020-06-22 14:37:23,475] [basehttp.py:157] [basehttp:log_message] [INFO]- "GET /user/?current_page=1&pre_page=10 HTTP/1.1" 200 78661
[2020-06-22 14:37:28,627] [basehttp.py:157] [basehttp:log_message] [INFO]- "GET /role/?current_page=1&pre_page=10 HTTP/1.1" 200 29598
[2020-06-22 14:37:31,218] [basehttp.py:157] [basehttp:log_message] [INFO]- "GET /menu/ HTTP/1.1" 200 12498
[2020-06-22 14:37:32,879] [basehttp.py:157] [basehttp:log_message] [INFO]- "GET /role/?current_page=1&pre_page=10 HTTP/1.1" 200 29598
[2020-06-22 14:37:34,241] [basehttp.py:157] [basehttp:log_message] [INFO]- "OPTIONS /role/2/to_menu/ HTTP/1.1" 200 0
[2020-06-22 14:37:34,244] [basehttp.py:157] [basehttp:log_message] [INFO]- "OPTIONS /role/2/menu/ HTTP/1.1" 200 0
[2020-06-22 14:37:34,862] [basehttp.py:157] [basehttp:log_message] [INFO]- "GET /role/2/menu/ HTTP/1.1" 200 7368
[2020-06-22 14:37:35,075] [basehttp.py:157] [basehttp:log_message] [INFO]- "GET /role/2/to_menu/ HTTP/1.1" 200 7099
[2020-06-22 14:37:39,262] [basehttp.py:157] [basehttp:log_message] [INFO]- "OPTIONS /role/7/menu/ HTTP/1.1" 200 0
[2020-06-22 14:37:39,264] [basehttp.py:157] [basehttp:log_message] [INFO]- "OPTIONS /role/7/to_menu/ HTTP/1.1" 200 0
[2020-06-22 14:37:39,553] [basehttp.py:157] [basehttp:log_message] [INFO]- "GET /role/7/to_menu/ HTTP/1.1" 200 10810
[2020-06-22 14:37:39,555] [basehttp.py:157] [basehttp:log_message] [INFO]- "GET /role/7/menu/ HTTP/1.1" 200 3375
[2020-06-22 14:37:43,767] [basehttp.py:157] [basehttp:log_message] [INFO]- "OPTIONS /role/7/assign_menu/ HTTP/1.1" 200 0
[2020-06-22 14:37:44,191] [basehttp.py:157] [basehttp:log_message] [INFO]- "PUT /role/7/assign_menu/ HTTP/1.1" 200 3776
[2020-06-22 14:37:44,421] [basehttp.py:157] [basehttp:log_message] [INFO]- "GET /role/7/menu/ HTTP/1.1" 200 3651
[2020-06-22 14:37:44,459] [basehttp.py:157] [basehttp:log_message] [INFO]- "GET /role/7/to_menu/ HTTP/1.1" 200 10534
[2020-06-22 14:37:47,064] [basehttp.py:157] [basehttp:log_message] [INFO]- "OPTIONS /role/7/remove_menu/ HTTP/1.1" 200 0
[2020-06-22 14:37:47,321] [basehttp.py:157] [basehttp:log_message] [INFO]- "PUT /role/7/remove_menu/ HTTP/1.1" 200 3500
[2020-06-22 14:37:47,577] [basehttp.py:157] [basehttp:log_message] [INFO]- "GET /role/7/menu/ HTTP/1.1" 200 3375
[2020-06-22 14:37:47,629] [basehttp.py:157] [basehttp:log_message] [INFO]- "GET /role/7/to_menu/ HTTP/1.1" 200 10810
[2020-06-22 14:38:10,171] [basehttp.py:157] [basehttp:log_message] [INFO]- "GET /user/role/?username=admin&application=sys&type=menu HTTP/1.1" 200 1161
[2020-06-22 14:38:10,196] [basehttp.py:157] [basehttp:log_message] [INFO]- "GET /user/role/?username=admin&application=sys&type=button HTTP/1.1" 200 248
[2020-06-22 14:38:10,265] [basehttp.py:157] [basehttp:log_message] [INFO]- "GET /role/?current_page=1&pre_page=10 HTTP/1.1" 200 29598
[2020-06-22 14:41:13,035] [basehttp.py:157] [basehttp:log_message] [INFO]- "GET /menu/ HTTP/1.1" 200 12498
[2020-06-22 14:41:14,882] [basehttp.py:157] [basehttp:log_message] [INFO]- "GET /user/?current_page=1&pre_page=10 HTTP/1.1" 200 78661
[2020-06-22 14:41:15,119] [basehttp.py:157] [basehttp:log_message] [INFO]- "GET /role/?current_page=1&pre_page=10 HTTP/1.1" 200 29598
[2020-06-22 14:41:16,478] [basehttp.py:157] [basehttp:log_message] [INFO]- "GET /user/?current_page=1&pre_page=10 HTTP/1.1" 200 78661
[2020-06-22 14:41:20,741] [basehttp.py:157] [basehttp:log_message] [INFO]- "GET /user/?current_page=1&pre_page=10 HTTP/1.1" 200 78661
[2020-06-22 14:41:21,747] [basehttp.py:157] [basehttp:log_message] [INFO]- "GET /menu/ HTTP/1.1" 200 12498
[2020-06-22 14:41:23,287] [basehttp.py:157] [basehttp:log_message] [INFO]- "GET /role/?current_page=1&pre_page=10 HTTP/1.1" 200 29598
[2020-06-22 14:42:44,385] [basehttp.py:157] [basehttp:log_message] [INFO]- "GET /user/?current_page=1&pre_page=10 HTTP/1.1" 200 78661
[2020-06-22 14:42:50,181] [basehttp.py:157] [basehttp:log_message] [INFO]- "GET /menu/ HTTP/1.1" 200 12498
[2020-06-22 14:43:52,269] [basehttp.py:157] [basehttp:log_message] [INFO]- "OPTIONS /auth/ HTTP/1.1" 200 0
[2020-06-22 14:43:52,604] [basehttp.py:157] [basehttp:log_message] [INFO]- "POST /auth/ HTTP/1.1" 200 65
[2020-06-22 14:43:55,195] [basehttp.py:157] [basehttp:log_message] [INFO]- "GET /user/role/?username=admin&application=sys&type=menu HTTP/1.1" 200 1161
[2020-06-22 14:43:55,196] [basehttp.py:157] [basehttp:log_message] [INFO]- "GET /user/role/?username=admin&application=sys&type=button HTTP/1.1" 200 248
[2020-06-22 14:44:00,945] [basehttp.py:157] [basehttp:log_message] [INFO]- "GET /user/?current_page=1&pre_page=10 HTTP/1.1" 200 78661
[2020-06-22 14:44:51,597] [basehttp.py:157] [basehttp:log_message] [INFO]- "GET /role/?current_page=1&pre_page=10 HTTP/1.1" 200 29598
[2020-06-22 14:45:15,275] [basehttp.py:157] [basehttp:log_message] [INFO]- "OPTIONS /menu/ HTTP/1.1" 200 0
[2020-06-22 14:45:15,501] [basehttp.py:157] [basehttp:log_message] [INFO]- "GET /menu/ HTTP/1.1" 200 12498
[2020-06-22 14:45:17,525] [basehttp.py:157] [basehttp:log_message] [INFO]- "GET /user/?current_page=1&pre_page=10 HTTP/1.1" 200 78661
[2020-06-22 14:45:19,066] [basehttp.py:157] [basehttp:log_message] [INFO]- "GET /user/?current_page=1&pre_page=10 HTTP/1.1" 200 78661
[2020-06-22 14:45:34,850] [basehttp.py:157] [basehttp:log_message] [INFO]- "GET /menu/ HTTP/1.1" 200 12498
[2020-06-22 14:45:55,274] [basehttp.py:157] [basehttp:log_message] [INFO]- "GET /role/?current_page=1&pre_page=10 HTTP/1.1" 200 29598
[2020-06-22 14:46:00,127] [basehttp.py:157] [basehttp:log_message] [INFO]- "GET /menu/ HTTP/1.1" 200 12498
[2020-06-22 14:49:24,389] [basehttp.py:157] [basehttp:log_message] [INFO]- "OPTIONS /role/?current_page=1&pre_page=10 HTTP/1.1" 200 0
[2020-06-22 14:49:24,809] [basehttp.py:157] [basehttp:log_message] [INFO]- "GET /role/?current_page=1&pre_page=10 HTTP/1.1" 200 29598
[2020-06-22 14:49:28,226] [basehttp.py:157] [basehttp:log_message] [INFO]- "OPTIONS /user/?current_page=1&pre_page=10 HTTP/1.1" 200 0
[2020-06-22 14:49:28,817] [basehttp.py:157] [basehttp:log_message] [INFO]- "GET /user/?current_page=1&pre_page=10 HTTP/1.1" 200 78661
[2020-06-22 14:49:51,713] [basehttp.py:157] [basehttp:log_message] [INFO]- "GET /role/?current_page=1&pre_page=10 HTTP/1.1" 200 29598
[2020-06-22 14:49:52,415] [basehttp.py:157] [basehttp:log_message] [INFO]- "GET /menu/ HTTP/1.1" 200 12498
[2020-06-22 14:52:13,754] [basehttp.py:157] [basehttp:log_message] [INFO]- "OPTIONS /user/role?username=admin&application=sys&type=menu HTTP/1.1" 200 0
[2020-06-22 14:52:13,755] [basehttp.py:157] [basehttp:log_message] [INFO]- "OPTIONS /user/role?username=admin&application=sys&type=button HTTP/1.1" 200 0
[2020-06-22 14:52:13,787] [basehttp.py:157] [basehttp:log_message] [INFO]- "OPTIONS /user/role/?username=admin&application=sys&type=button HTTP/1.1" 200 0
[2020-06-22 14:52:13,788] [basehttp.py:157] [basehttp:log_message] [INFO]- "OPTIONS /user/role/?username=admin&application=sys&type=menu HTTP/1.1" 200 0
[2020-06-22 14:52:13,926] [basehttp.py:157] [basehttp:log_message] [INFO]- "GET /menu/ HTTP/1.1" 200 12498
[2020-06-22 14:52:14,096] [basehttp.py:157] [basehttp:log_message] [INFO]- "GET /user/role/?username=admin&application=sys&type=menu HTTP/1.1" 200 1161
[2020-06-22 14:52:14,120] [basehttp.py:157] [basehttp:log_message] [INFO]- "GET /user/role/?username=admin&application=sys&type=button HTTP/1.1" 200 248
[2020-06-22 15:23:19,489] [basehttp.py:157] [basehttp:log_message] [INFO]- "OPTIONS /user/?current_page=1&pre_page=10 HTTP/1.1" 200 0
[2020-06-22 15:23:20,188] [basehttp.py:157] [basehttp:log_message] [INFO]- "GET /user/?current_page=1&pre_page=10 HTTP/1.1" 200 78661
[2020-06-22 15:24:33,926] [basehttp.py:157] [basehttp:log_message] [INFO]- "OPTIONS /user/role?username=admin&application=sys&type=menu HTTP/1.1" 200 0
[2020-06-22 15:24:33,932] [basehttp.py:157] [basehttp:log_message] [INFO]- "OPTIONS /user/role?username=admin&application=sys&type=button HTTP/1.1" 200 0
[2020-06-22 15:24:33,955] [basehttp.py:157] [basehttp:log_message] [INFO]- "OPTIONS /user/role/?username=admin&application=sys&type=button HTTP/1.1" 200 0
[2020-06-22 15:24:33,956] [basehttp.py:157] [basehttp:log_message] [INFO]- "OPTIONS /user/role/?username=admin&application=sys&type=menu HTTP/1.1" 200 0
[2020-06-22 15:24:34,261] [basehttp.py:157] [basehttp:log_message] [INFO]- "GET /user/role/?username=admin&application=sys&type=menu HTTP/1.1" 200 1161
[2020-06-22 15:24:34,261] [basehttp.py:157] [basehttp:log_message] [INFO]- "GET /user/role/?username=admin&application=sys&type=button HTTP/1.1" 200 248
[2020-06-22 15:24:34,715] [basehttp.py:157] [basehttp:log_message] [INFO]- "GET /user/?current_page=1&pre_page=10 HTTP/1.1" 200 78661
[2020-06-22 15:24:52,651] [basehttp.py:157] [basehttp:log_message] [INFO]- "GET /user/role/?username=admin&application=sys&type=menu HTTP/1.1" 200 1161
[2020-06-22 15:24:52,655] [basehttp.py:157] [basehttp:log_message] [INFO]- "GET /user/role/?username=admin&application=sys&type=button HTTP/1.1" 200 248
[2020-06-22 15:24:52,979] [basehttp.py:157] [basehttp:log_message] [INFO]- "GET /user/?current_page=1&pre_page=10 HTTP/1.1" 200 78661
[2020-06-22 15:26:16,425] [basehttp.py:157] [basehttp:log_message] [INFO]- "GET /user/role/?username=admin&application=sys&type=menu HTTP/1.1" 200 1161
[2020-06-22 15:26:16,435] [basehttp.py:157] [basehttp:log_message] [INFO]- "GET /user/role/?username=admin&application=sys&type=button HTTP/1.1" 200 248
[2020-06-22 15:26:17,257] [basehttp.py:157] [basehttp:log_message] [INFO]- "GET /user/?current_page=1&pre_page=10 HTTP/1.1" 200 78661
[2020-06-22 15:26:40,495] [basehttp.py:157] [basehttp:log_message] [INFO]- "GET /user/?current_page=1&pre_page=10 HTTP/1.1" 200 78661
[2020-06-22 15:27:10,504] [basehttp.py:157] [basehttp:log_message] [INFO]- "OPTIONS /user/ HTTP/1.1" 200 0
[2020-06-22 15:27:10,646] [log.py:222] [log:log_response] [WARNING]- Bad Request: /user/
[2020-06-22 15:27:10,648] [basehttp.py:157] [basehttp:log_message] [WARNING]- "POST /user/ HTTP/1.1" 400 155
[2020-06-22 15:28:17,313] [basehttp.py:157] [basehttp:log_message] [INFO]- "GET /user/?current_page=1&pre_page=10 HTTP/1.1" 200 78661
[2020-06-22 15:29:35,539] [basehttp.py:157] [basehttp:log_message] [INFO]- "GET /user/?current_page=1&pre_page=10 HTTP/1.1" 200 78661
[2020-06-22 15:29:39,262] [basehttp.py:157] [basehttp:log_message] [INFO]- "OPTIONS /role/?current_page=1&pre_page=10 HTTP/1.1" 200 0
[2020-06-22 15:29:39,583] [basehttp.py:157] [basehttp:log_message] [INFO]- "GET /role/?current_page=1&pre_page=10 HTTP/1.1" 200 29598
[2020-06-22 15:31:11,634] [basehttp.py:157] [basehttp:log_message] [INFO]- "GET /role/?current_page=1&pre_page=10 HTTP/1.1" 200 29598
[2020-06-22 15:31:17,106] [basehttp.py:157] [basehttp:log_message] [INFO]- "GET /user/role/?username=admin&application=sys&type=button HTTP/1.1" 200 248
[2020-06-22 15:31:17,107] [basehttp.py:157] [basehttp:log_message] [INFO]- "GET /user/role/?username=admin&application=sys&type=menu HTTP/1.1" 200 1161
[2020-06-22 15:31:17,140] [basehttp.py:157] [basehttp:log_message] [INFO]- "GET /role/?current_page=1&pre_page=10 HTTP/1.1" 200 29598
[2020-06-22 15:31:27,732] [basehttp.py:157] [basehttp:log_message] [INFO]- "GET /user/?current_page=1&pre_page=10 HTTP/1.1" 200 78661
[2020-06-22 15:32:19,958] [basehttp.py:157] [basehttp:log_message] [INFO]- "GET /user/role/?username=admin&application=sys&type=menu HTTP/1.1" 200 1161
[2020-06-22 15:32:20,005] [basehttp.py:157] [basehttp:log_message] [INFO]- "GET /user/role/?username=admin&application=sys&type=button HTTP/1.1" 200 248
[2020-06-22 15:32:20,265] [basehttp.py:157] [basehttp:log_message] [INFO]- "GET /user/?current_page=1&pre_page=10 HTTP/1.1" 200 78661
[2020-06-22 15:32:23,010] [basehttp.py:157] [basehttp:log_message] [INFO]- "GET /user/role/?username=admin&application=sys&type=menu HTTP/1.1" 200 1161
[2020-06-22 15:32:23,043] [basehttp.py:157] [basehttp:log_message] [INFO]- "GET /user/role/?username=admin&application=sys&type=button HTTP/1.1" 200 248
[2020-06-22 15:32:23,324] [basehttp.py:157] [basehttp:log_message] [INFO]- "GET /user/?current_page=1&pre_page=10 HTTP/1.1" 200 78661
[2020-06-22 15:32:34,398] [basehttp.py:157] [basehttp:log_message] [INFO]- "GET /role/?current_page=1&pre_page=10 HTTP/1.1" 200 29598
[2020-06-22 15:34:58,467] [basehttp.py:157] [basehttp:log_message] [INFO]- "OPTIONS /user/role?username=admin&application=sys&type=menu HTTP/1.1" 200 0
[2020-06-22 15:34:58,469] [basehttp.py:157] [basehttp:log_message] [INFO]- "OPTIONS /user/role?username=admin&application=sys&type=button HTTP/1.1" 200 0
[2020-06-22 15:34:58,506] [basehttp.py:157] [basehttp:log_message] [INFO]- "OPTIONS /user/role/?username=admin&application=sys&type=button HTTP/1.1" 200 0
[2020-06-22 15:34:58,508] [basehttp.py:157] [basehttp:log_message] [INFO]- "OPTIONS /user/role/?username=admin&application=sys&type=menu HTTP/1.1" 200 0
[2020-06-22 15:34:58,826] [basehttp.py:157] [basehttp:log_message] [INFO]- "GET /user/role/?username=admin&application=sys&type=menu HTTP/1.1" 200 1161
[2020-06-22 15:34:58,839] [basehttp.py:157] [basehttp:log_message] [INFO]- "GET /role/?current_page=1&pre_page=10 HTTP/1.1" 200 29598
[2020-06-22 15:34:58,840] [basehttp.py:157] [basehttp:log_message] [INFO]- "GET /user/role/?username=admin&application=sys&type=button HTTP/1.1" 200 248
[2020-06-22 15:35:37,231] [basehttp.py:157] [basehttp:log_message] [INFO]- "GET /user/role/?username=admin&application=sys&type=menu HTTP/1.1" 200 1161
[2020-06-22 15:35:37,281] [basehttp.py:157] [basehttp:log_message] [INFO]- "GET /user/role/?username=admin&application=sys&type=button HTTP/1.1" 200 248
[2020-06-22 15:35:37,283] [basehttp.py:157] [basehttp:log_message] [INFO]- "GET /role/?current_page=1&pre_page=10 HTTP/1.1" 200 29598
[2020-06-22 15:35:52,589] [basehttp.py:157] [basehttp:log_message] [INFO]- "GET /user/role/?username=admin&application=sys&type=button HTTP/1.1" 200 248
[2020-06-22 15:35:52,594] [basehttp.py:157] [basehttp:log_message] [INFO]- "GET /user/role/?username=admin&application=sys&type=menu HTTP/1.1" 200 1161
[2020-06-22 15:35:52,646] [basehttp.py:157] [basehttp:log_message] [INFO]- "GET /role/?current_page=1&pre_page=10 HTTP/1.1" 200 29598
[2020-06-22 15:36:03,019] [basehttp.py:157] [basehttp:log_message] [INFO]- "GET /user/role/?username=admin&application=sys&type=button HTTP/1.1" 200 248
[2020-06-22 15:36:03,047] [basehttp.py:157] [basehttp:log_message] [INFO]- "GET /user/role/?username=admin&application=sys&type=menu HTTP/1.1" 200 1161
[2020-06-22 15:36:03,109] [basehttp.py:157] [basehttp:log_message] [INFO]- "GET /role/?current_page=1&pre_page=10 HTTP/1.1" 200 29598
[2020-06-22 15:36:49,753] [basehttp.py:157] [basehttp:log_message] [INFO]- "OPTIONS /menu/ HTTP/1.1" 200 0
[2020-06-22 15:36:49,921] [basehttp.py:157] [basehttp:log_message] [INFO]- "GET /menu/ HTTP/1.1" 200 12498
[2020-06-22 15:39:11,467] [basehttp.py:157] [basehttp:log_message] [INFO]- "GET /menu/ HTTP/1.1" 200 12498
[2020-06-22 15:41:38,438] [basehttp.py:157] [basehttp:log_message] [INFO]- "GET /menu/ HTTP/1.1" 200 12498
[2020-06-22 15:52:26,237] [basehttp.py:157] [basehttp:log_message] [INFO]- "OPTIONS /user/role?username=admin&application=sys&type=menu HTTP/1.1" 200 0
[2020-06-22 15:52:26,239] [basehttp.py:157] [basehttp:log_message] [INFO]- "OPTIONS /user/role?username=admin&application=sys&type=button HTTP/1.1" 200 0
[2020-06-22 15:52:26,241] [basehttp.py:157] [basehttp:log_message] [INFO]- "OPTIONS /menu/ HTTP/1.1" 200 0
[2020-06-22 15:52:26,294] [basehttp.py:157] [basehttp:log_message] [INFO]- "OPTIONS /user/role/?username=admin&application=sys&type=menu HTTP/1.1" 200 0
[2020-06-22 15:52:26,295] [basehttp.py:157] [basehttp:log_message] [INFO]- "OPTIONS /user/role/?username=admin&application=sys&type=button HTTP/1.1" 200 0
[2020-06-22 15:52:26,422] [basehttp.py:157] [basehttp:log_message] [INFO]- "GET /menu/ HTTP/1.1" 200 12498
[2020-06-22 15:52:26,507] [basehttp.py:157] [basehttp:log_message] [INFO]- "GET /user/role/?username=admin&application=sys&type=button HTTP/1.1" 200 248
[2020-06-22 15:52:26,513] [basehttp.py:157] [basehttp:log_message] [INFO]- "GET /user/role/?username=admin&application=sys&type=menu HTTP/1.1" 200 1161
[2020-06-22 15:54:22,806] [basehttp.py:157] [basehttp:log_message] [INFO]- "GET /menu/ HTTP/1.1" 200 12498
[2020-06-22 15:54:22,873] [basehttp.py:157] [basehttp:log_message] [INFO]- "GET /user/role/?username=admin&application=sys&type=button HTTP/1.1" 200 248
[2020-06-22 15:54:22,874] [basehttp.py:157] [basehttp:log_message] [INFO]- "GET /user/role/?username=admin&application=sys&type=menu HTTP/1.1" 200 1161
[2020-06-22 15:54:25,479] [basehttp.py:157] [basehttp:log_message] [INFO]- "OPTIONS /user/?current_page=1&pre_page=10 HTTP/1.1" 200 0
[2020-06-22 15:54:26,065] [basehttp.py:157] [basehttp:log_message] [INFO]- "GET /user/?current_page=1&pre_page=10 HTTP/1.1" 200 78661
[2020-06-22 15:54:27,095] [basehttp.py:157] [basehttp:log_message] [INFO]- "OPTIONS /role/?current_page=1&pre_page=10 HTTP/1.1" 200 0
[2020-06-22 15:54:27,349] [basehttp.py:157] [basehttp:log_message] [INFO]- "GET /role/?current_page=1&pre_page=10 HTTP/1.1" 200 29598
[2020-06-22 15:54:28,650] [basehttp.py:157] [basehttp:log_message] [INFO]- "GET /menu/ HTTP/1.1" 200 12498
[2020-06-22 15:54:33,438] [basehttp.py:157] [basehttp:log_message] [INFO]- "GET /role/?current_page=1&pre_page=10 HTTP/1.1" 200 29598
[2020-06-22 15:54:37,185] [basehttp.py:157] [basehttp:log_message] [INFO]- "GET /user/?current_page=1&pre_page=10 HTTP/1.1" 200 78661
[2020-06-22 15:54:44,812] [basehttp.py:157] [basehttp:log_message] [INFO]- "GET /role/?current_page=1&pre_page=10 HTTP/1.1" 200 29598
[2020-06-22 15:54:45,809] [basehttp.py:157] [basehttp:log_message] [INFO]- "OPTIONS /role/1/menu/ HTTP/1.1" 200 0
[2020-06-22 15:54:45,810] [basehttp.py:157] [basehttp:log_message] [INFO]- "OPTIONS /role/1/to_menu/ HTTP/1.1" 200 0
[2020-06-22 15:54:46,028] [basehttp.py:157] [basehttp:log_message] [INFO]- "GET /role/1/menu/ HTTP/1.1" 200 12498
[2020-06-22 15:54:46,076] [basehttp.py:157] [basehttp:log_message] [INFO]- "GET /role/1/to_menu/ HTTP/1.1" 200 2
[2020-06-22 15:54:49,187] [basehttp.py:157] [basehttp:log_message] [INFO]- "OPTIONS /role/3/to_menu/ HTTP/1.1" 200 0
[2020-06-22 15:54:49,189] [basehttp.py:157] [basehttp:log_message] [INFO]- "OPTIONS /role/3/menu/ HTTP/1.1" 200 0
[2020-06-22 15:54:49,390] [basehttp.py:157] [basehttp:log_message] [INFO]- "GET /role/3/menu/ HTTP/1.1" 200 2809
[2020-06-22 15:54:49,413] [basehttp.py:157] [basehttp:log_message] [INFO]- "GET /role/3/to_menu/ HTTP/1.1" 200 10772
[2020-06-22 16:23:44,925] [basehttp.py:157] [basehttp:log_message] [INFO]- "OPTIONS /user/role?username=admin&application=sys&type=menu HTTP/1.1" 200 0
[2020-06-22 16:23:44,932] [basehttp.py:157] [basehttp:log_message] [INFO]- "OPTIONS /user/role?username=admin&application=sys&type=button HTTP/1.1" 200 0
[2020-06-22 16:23:44,933] [basehttp.py:157] [basehttp:log_message] [INFO]- "OPTIONS /role/?current_page=1&pre_page=10 HTTP/1.1" 200 0
[2020-06-22 16:23:45,000] [basehttp.py:157] [basehttp:log_message] [INFO]- "OPTIONS /user/role/?username=admin&application=sys&type=menu HTTP/1.1" 200 0
[2020-06-22 16:23:45,002] [basehttp.py:157] [basehttp:log_message] [INFO]- "OPTIONS /user/role/?username=admin&application=sys&type=button HTTP/1.1" 200 0
[2020-06-22 16:23:45,283] [basehttp.py:157] [basehttp:log_message] [INFO]- "GET /user/role/?username=admin&application=sys&type=button HTTP/1.1" 200 248
[2020-06-22 16:23:45,295] [basehttp.py:157] [basehttp:log_message] [INFO]- "GET /user/role/?username=admin&application=sys&type=menu HTTP/1.1" 200 1161
[2020-06-22 16:23:45,297] [basehttp.py:157] [basehttp:log_message] [INFO]- "GET /role/?current_page=1&pre_page=10 HTTP/1.1" 200 29598
[2020-06-22 16:23:48,646] [basehttp.py:157] [basehttp:log_message] [INFO]- "OPTIONS /user/role?username=admin&application=asset&type=menu HTTP/1.1" 200 0
[2020-06-22 16:23:48,647] [basehttp.py:157] [basehttp:log_message] [INFO]- "OPTIONS /user/role?username=admin&application=asset&type=button HTTP/1.1" 200 0
[2020-06-22 16:23:48,692] [basehttp.py:157] [basehttp:log_message] [INFO]- "OPTIONS /user/role/?username=admin&application=asset&type=menu HTTP/1.1" 200 0
[2020-06-22 16:23:48,703] [basehttp.py:157] [basehttp:log_message] [INFO]- "OPTIONS /user/role/?username=admin&application=asset&type=button HTTP/1.1" 200 0
[2020-06-22 16:23:48,966] [basehttp.py:157] [basehttp:log_message] [INFO]- "GET /user/role/?username=admin&application=asset&type=menu HTTP/1.1" 200 6014
[2020-06-22 16:23:48,978] [basehttp.py:157] [basehttp:log_message] [INFO]- "GET /user/role/?username=admin&application=asset&type=button HTTP/1.1" 200 60
[2020-06-22 16:23:54,657] [basehttp.py:157] [basehttp:log_message] [INFO]- "OPTIONS /tag?current_page=1&pre_page=10&tag_name= HTTP/1.1" 200 0
[2020-06-22 16:23:55,252] [log.py:222] [log:log_response] [WARNING]- Not Found: /tag
[2020-06-22 16:23:55,252] [basehttp.py:157] [basehttp:log_message] [WARNING]- "GET /tag?current_page=1&pre_page=10&tag_name= HTTP/1.1" 404 9402
[2020-06-22 16:46:01,967] [basehttp.py:157] [basehttp:log_message] [INFO]- "OPTIONS /user/role?username=admin&application=asset&type=button HTTP/1.1" 200 0
[2020-06-22 16:46:01,968] [basehttp.py:157] [basehttp:log_message] [INFO]- "OPTIONS /user/role?username=admin&application=asset&type=menu HTTP/1.1" 200 0
[2020-06-22 16:46:02,125] [basehttp.py:157] [basehttp:log_message] [INFO]- "OPTIONS /user/role/?username=admin&application=asset&type=menu HTTP/1.1" 200 0
[2020-06-22 16:46:02,224] [basehttp.py:157] [basehttp:log_message] [INFO]- "OPTIONS /user/role/?username=admin&application=asset&type=button HTTP/1.1" 200 0
[2020-06-22 16:46:02,739] [basehttp.py:157] [basehttp:log_message] [INFO]- "GET /user/role/?username=admin&application=asset&type=button HTTP/1.1" 200 60
[2020-06-22 16:46:02,740] [basehttp.py:157] [basehttp:log_message] [INFO]- "GET /user/role/?username=admin&application=asset&type=menu HTTP/1.1" 200 6014
[2020-06-22 16:46:09,236] [basehttp.py:157] [basehttp:log_message] [INFO]- "OPTIONS /user/role?username=admin&application=sys&type=menu HTTP/1.1" 200 0
[2020-06-22 16:46:09,237] [basehttp.py:157] [basehttp:log_message] [INFO]- "OPTIONS /user/role?username=admin&application=sys&type=button HTTP/1.1" 200 0
[2020-06-22 16:46:09,397] [basehttp.py:157] [basehttp:log_message] [INFO]- "OPTIONS /user/role/?username=admin&application=sys&type=menu HTTP/1.1" 200 0
[2020-06-22 16:46:09,411] [basehttp.py:157] [basehttp:log_message] [INFO]- "OPTIONS /user/role/?username=admin&application=sys&type=button HTTP/1.1" 200 0
[2020-06-22 16:46:09,646] [basehttp.py:157] [basehttp:log_message] [INFO]- "GET /user/role/?username=admin&application=sys&type=menu HTTP/1.1" 200 1161
[2020-06-22 16:46:09,667] [basehttp.py:157] [basehttp:log_message] [INFO]- "GET /user/role/?username=admin&application=sys&type=button HTTP/1.1" 200 248
[2020-06-22 16:46:11,651] [basehttp.py:157] [basehttp:log_message] [INFO]- "OPTIONS /user/?current_page=1&pre_page=10 HTTP/1.1" 200 0
[2020-06-22 16:46:12,259] [basehttp.py:157] [basehttp:log_message] [INFO]- "GET /user/?current_page=1&pre_page=10 HTTP/1.1" 200 78661
[2020-06-22 16:46:13,262] [basehttp.py:157] [basehttp:log_message] [INFO]- "OPTIONS /role/?current_page=1&pre_page=10 HTTP/1.1" 200 0
[2020-06-22 16:46:13,578] [basehttp.py:157] [basehttp:log_message] [INFO]- "GET /role/?current_page=1&pre_page=10 HTTP/1.1" 200 29598
[2020-06-22 16:46:14,426] [basehttp.py:157] [basehttp:log_message] [INFO]- "OPTIONS /menu/ HTTP/1.1" 200 0
[2020-06-22 16:46:14,597] [basehttp.py:157] [basehttp:log_message] [INFO]- "GET /menu/ HTTP/1.1" 200 12498
[2020-06-22 16:46:24,306] [basehttp.py:157] [basehttp:log_message] [INFO]- "GET /user/?current_page=1&pre_page=10 HTTP/1.1" 200 78661
[2020-06-22 16:46:27,866] [basehttp.py:157] [basehttp:log_message] [INFO]- "GET /role/?current_page=1&pre_page=10 HTTP/1.1" 200 29598
[2020-06-22 16:46:30,790] [basehttp.py:157] [basehttp:log_message] [INFO]- "OPTIONS /role/4/to_menu/ HTTP/1.1" 200 0
[2020-06-22 16:46:30,792] [basehttp.py:157] [basehttp:log_message] [INFO]- "OPTIONS /role/4/menu/ HTTP/1.1" 200 0
[2020-06-22 16:46:30,980] [basehttp.py:157] [basehttp:log_message] [INFO]- "GET /role/4/menu/ HTTP/1.1" 200 2812
[2020-06-22 16:46:31,031] [basehttp.py:157] [basehttp:log_message] [INFO]- "GET /role/4/to_menu/ HTTP/1.1" 200 10803
[2020-06-22 16:46:42,718] [basehttp.py:157] [basehttp:log_message] [INFO]- "GET /menu/ HTTP/1.1" 200 12498
[2020-06-23 09:12:31,215] [basehttp.py:157] [basehttp:log_message] [INFO]- "OPTIONS /user/role?username=admin&application=sys&type=button HTTP/1.1" 200 0
[2020-06-23 09:12:31,218] [basehttp.py:157] [basehttp:log_message] [INFO]- "OPTIONS /menu/ HTTP/1.1" 200 0
[2020-06-23 09:12:31,218] [basehttp.py:157] [basehttp:log_message] [INFO]- "OPTIONS /user/role?username=admin&application=sys&type=menu HTTP/1.1" 200 0
[2020-06-23 09:12:31,287] [basehttp.py:157] [basehttp:log_message] [INFO]- "OPTIONS /user/role/?username=admin&application=sys&type=button HTTP/1.1" 200 0
[2020-06-23 09:12:31,295] [basehttp.py:157] [basehttp:log_message] [INFO]- "OPTIONS /user/role/?username=admin&application=sys&type=menu HTTP/1.1" 200 0
[2020-06-23 09:12:31,535] [basehttp.py:157] [basehttp:log_message] [INFO]- "GET /menu/ HTTP/1.1" 200 12498
[2020-06-23 09:12:31,588] [basehttp.py:157] [basehttp:log_message] [INFO]- "GET /user/role/?username=admin&application=sys&type=button HTTP/1.1" 200 248
[2020-06-23 09:12:31,600] [basehttp.py:157] [basehttp:log_message] [INFO]- "GET /user/role/?username=admin&application=sys&type=menu HTTP/1.1" 200 1161
[2020-06-23 09:12:35,864] [basehttp.py:157] [basehttp:log_message] [INFO]- "OPTIONS /role/?current_page=1&pre_page=10 HTTP/1.1" 200 0
[2020-06-23 09:12:36,211] [basehttp.py:157] [basehttp:log_message] [INFO]- "GET /role/?current_page=1&pre_page=10 HTTP/1.1" 200 29598
[2020-06-23 09:12:38,003] [basehttp.py:157] [basehttp:log_message] [INFO]- "OPTIONS /user/?current_page=1&pre_page=10 HTTP/1.1" 200 0
[2020-06-23 09:12:38,607] [basehttp.py:157] [basehttp:log_message] [INFO]- "GET /user/?current_page=1&pre_page=10 HTTP/1.1" 200 78661
[2020-06-23 09:12:40,585] [basehttp.py:157] [basehttp:log_message] [INFO]- "OPTIONS /role/ HTTP/1.1" 200 0
[2020-06-23 09:12:40,872] [basehttp.py:157] [basehttp:log_message] [INFO]- "GET /role/ HTTP/1.1" 200 29527
[2020-06-23 09:20:57,020] [basehttp.py:157] [basehttp:log_message] [INFO]- "GET /user/?current_page=1&pre_page=10 HTTP/1.1" 200 78661
[2020-06-23 09:20:59,434] [basehttp.py:157] [basehttp:log_message] [INFO]- "GET /role/ HTTP/1.1" 200 29527
[2020-06-23 09:22:26,761] [basehttp.py:157] [basehttp:log_message] [INFO]- "GET /user/role/?username=admin&application=sys&type=button HTTP/1.1" 200 248
[2020-06-23 09:22:26,762] [basehttp.py:157] [basehttp:log_message] [INFO]- "GET /user/role/?username=admin&application=sys&type=menu HTTP/1.1" 200 1161
[2020-06-23 09:22:27,090] [basehttp.py:157] [basehttp:log_message] [INFO]- "GET /user/?current_page=1&pre_page=10 HTTP/1.1" 200 78661
[2020-06-23 09:22:29,410] [basehttp.py:157] [basehttp:log_message] [INFO]- "GET /user/role/?username=admin&application=sys&type=button HTTP/1.1" 200 248
[2020-06-23 09:22:29,420] [basehttp.py:157] [basehttp:log_message] [INFO]- "GET /user/role/?username=admin&application=sys&type=menu HTTP/1.1" 200 1161
[2020-06-23 09:22:29,789] [basehttp.py:157] [basehttp:log_message] [INFO]- "GET /user/?current_page=1&pre_page=10 HTTP/1.1" 200 78661
[2020-06-23 09:22:31,572] [basehttp.py:157] [basehttp:log_message] [INFO]- "GET /role/ HTTP/1.1" 200 29527
[2020-06-23 09:22:34,361] [basehttp.py:157] [basehttp:log_message] [INFO]- "GET /role/ HTTP/1.1" 200 29527
[2020-06-23 09:22:36,733] [basehttp.py:157] [basehttp:log_message] [INFO]- "GET /role/ HTTP/1.1" 200 29527
[2020-06-23 09:22:39,368] [basehttp.py:157] [basehttp:log_message] [INFO]- "GET /role/ HTTP/1.1" 200 29527
[2020-06-23 09:22:41,903] [basehttp.py:157] [basehttp:log_message] [INFO]- "OPTIONS /role/ HTTP/1.1" 200 0
[2020-06-23 09:22:42,179] [basehttp.py:157] [basehttp:log_message] [INFO]- "GET /role/ HTTP/1.1" 200 29527
[2020-06-23 09:22:44,334] [basehttp.py:157] [basehttp:log_message] [INFO]- "GET /role/ HTTP/1.1" 200 29527
[2020-06-23 09:22:47,759] [basehttp.py:157] [basehttp:log_message] [INFO]- "GET /role/ HTTP/1.1" 200 29527
[2020-06-23 09:25:18,123] [basehttp.py:157] [basehttp:log_message] [INFO]- "OPTIONS /user/?current_page=1&pre_page=10 HTTP/1.1" 200 0
[2020-06-23 09:25:18,789] [basehttp.py:157] [basehttp:log_message] [INFO]- "GET /user/?current_page=1&pre_page=10 HTTP/1.1" 200 78661
[2020-06-23 09:25:19,797] [basehttp.py:157] [basehttp:log_message] [INFO]- "OPTIONS /user/role?username=admin&application=sys&type=menu HTTP/1.1" 200 0
[2020-06-23 09:25:19,799] [basehttp.py:157] [basehttp:log_message] [INFO]- "OPTIONS /user/role?username=admin&application=sys&type=button HTTP/1.1" 200 0
[2020-06-23 09:25:19,829] [basehttp.py:157] [basehttp:log_message] [INFO]- "OPTIONS /user/role/?username=admin&application=sys&type=menu HTTP/1.1" 200 0
[2020-06-23 09:25:19,831] [basehttp.py:157] [basehttp:log_message] [INFO]- "OPTIONS /user/role/?username=admin&application=sys&type=button HTTP/1.1" 200 0
[2020-06-23 09:25:20,116] [basehttp.py:157] [basehttp:log_message] [INFO]- "GET /user/role/?username=admin&application=sys&type=menu HTTP/1.1" 200 1161
[2020-06-23 09:25:20,136] [basehttp.py:157] [basehttp:log_message] [INFO]- "GET /user/role/?username=admin&application=sys&type=button HTTP/1.1" 200 248
[2020-06-23 09:25:20,376] [basehttp.py:157] [basehttp:log_message] [INFO]- "GET /user/?current_page=1&pre_page=10 HTTP/1.1" 200 78661
[2020-06-23 09:25:22,762] [basehttp.py:157] [basehttp:log_message] [INFO]- "GET /role/ HTTP/1.1" 200 29527
[2020-06-23 09:25:25,428] [basehttp.py:157] [basehttp:log_message] [INFO]- "GET /role/ HTTP/1.1" 200 29527
[2020-06-23 09:25:28,629] [basehttp.py:157] [basehttp:log_message] [INFO]- "GET /role/ HTTP/1.1" 200 29527
[2020-06-23 09:25:32,090] [basehttp.py:157] [basehttp:log_message] [INFO]- "GET /role/ HTTP/1.1" 200 29527
[2020-06-23 09:25:45,374] [basehttp.py:157] [basehttp:log_message] [INFO]- "GET /user/role/?username=admin&application=sys&type=button HTTP/1.1" 200 248
[2020-06-23 09:25:45,384] [basehttp.py:157] [basehttp:log_message] [INFO]- "GET /user/role/?username=admin&application=sys&type=menu HTTP/1.1" 200 1161
[2020-06-23 09:25:45,785] [basehttp.py:157] [basehttp:log_message] [INFO]- "GET /user/?current_page=1&pre_page=10 HTTP/1.1" 200 78661
[2020-06-23 09:25:48,717] [basehttp.py:157] [basehttp:log_message] [INFO]- "GET /role/ HTTP/1.1" 200 29527
[2020-06-23 09:25:51,734] [basehttp.py:157] [basehttp:log_message] [INFO]- "GET /role/ HTTP/1.1" 200 29527
[2020-06-23 09:27:25,489] [basehttp.py:157] [basehttp:log_message] [INFO]- "GET /user/?current_page=1&pre_page=10 HTTP/1.1" 200 78661
[2020-06-23 09:36:02,834] [basehttp.py:157] [basehttp:log_message] [INFO]- "GET /role/ HTTP/1.1" 200 29527
[2020-06-23 09:38:38,532] [basehttp.py:157] [basehttp:log_message] [INFO]- "OPTIONS /role/?current_page=1&pre_page=10 HTTP/1.1" 200 0
[2020-06-23 09:38:38,836] [basehttp.py:157] [basehttp:log_message] [INFO]- "GET /role/?current_page=1&pre_page=10 HTTP/1.1" 200 29598
[2020-06-23 09:38:40,119] [basehttp.py:157] [basehttp:log_message] [INFO]- "OPTIONS /role/3/menu/ HTTP/1.1" 200 0
[2020-06-23 09:38:40,120] [basehttp.py:157] [basehttp:log_message] [INFO]- "OPTIONS /role/3/to_menu/ HTTP/1.1" 200 0
[2020-06-23 09:38:40,330] [basehttp.py:157] [basehttp:log_message] [INFO]- "GET /role/3/menu/ HTTP/1.1" 200 2809
[2020-06-23 09:38:40,361] [basehttp.py:157] [basehttp:log_message] [INFO]- "GET /role/3/to_menu/ HTTP/1.1" 200 10772
[2020-06-23 09:38:48,171] [basehttp.py:157] [basehttp:log_message] [INFO]- "OPTIONS /user/?current_page=1&pre_page=10 HTTP/1.1" 200 0
[2020-06-23 09:38:48,909] [basehttp.py:157] [basehttp:log_message] [INFO]- "GET /user/?current_page=1&pre_page=10 HTTP/1.1" 200 78661
[2020-06-23 09:46:21,982] [basehttp.py:157] [basehttp:log_message] [INFO]- "OPTIONS /role/ HTTP/1.1" 200 0
[2020-06-23 09:46:22,288] [basehttp.py:157] [basehttp:log_message] [INFO]- "GET /role/ HTTP/1.1" 200 29527
[2020-06-23 09:46:25,624] [basehttp.py:157] [basehttp:log_message] [INFO]- "GET /role/ HTTP/1.1" 200 29527
[2020-06-23 09:50:12,221] [basehttp.py:157] [basehttp:log_message] [INFO]- "OPTIONS /user/?current_page=1&pre_page=10 HTTP/1.1" 200 0
[2020-06-23 09:50:12,913] [basehttp.py:157] [basehttp:log_message] [INFO]- "GET /user/?current_page=1&pre_page=10 HTTP/1.1" 200 78661
[2020-06-23 09:50:14,340] [basehttp.py:157] [basehttp:log_message] [INFO]- "OPTIONS /user/role?username=admin&application=sys&type=menu HTTP/1.1" 200 0
[2020-06-23 09:50:14,341] [basehttp.py:157] [basehttp:log_message] [INFO]- "OPTIONS /user/role?username=admin&application=sys&type=button HTTP/1.1" 200 0
[2020-06-23 09:50:14,369] [basehttp.py:157] [basehttp:log_message] [INFO]- "OPTIONS /user/role/?username=admin&application=sys&type=menu HTTP/1.1" 200 0
[2020-06-23 09:50:14,374] [basehttp.py:157] [basehttp:log_message] [INFO]- "OPTIONS /user/role/?username=admin&application=sys&type=button HTTP/1.1" 200 0
[2020-06-23 09:50:14,601] [basehttp.py:157] [basehttp:log_message] [INFO]- "GET /user/role/?username=admin&application=sys&type=button HTTP/1.1" 200 248
[2020-06-23 09:50:14,632] [basehttp.py:157] [basehttp:log_message] [INFO]- "GET /user/role/?username=admin&application=sys&type=menu HTTP/1.1" 200 1161
[2020-06-23 09:50:14,991] [basehttp.py:157] [basehttp:log_message] [INFO]- "GET /user/?current_page=1&pre_page=10 HTTP/1.1" 200 78661
[2020-06-23 09:50:17,674] [basehttp.py:157] [basehttp:log_message] [INFO]- "GET /role/ HTTP/1.1" 200 29527
[2020-06-23 09:50:20,868] [basehttp.py:157] [basehttp:log_message] [INFO]- "GET /role/ HTTP/1.1" 200 29527
[2020-06-23 09:50:23,532] [basehttp.py:157] [basehttp:log_message] [INFO]- "GET /role/ HTTP/1.1" 200 29527
[2020-06-23 09:50:36,056] [basehttp.py:157] [basehttp:log_message] [INFO]- "GET /user/?current_page=1&pre_page=10 HTTP/1.1" 200 78661
[2020-06-23 09:50:37,317] [basehttp.py:157] [basehttp:log_message] [INFO]- "GET /user/role/?username=admin&application=sys&type=menu HTTP/1.1" 200 1161
[2020-06-23 09:50:37,321] [basehttp.py:157] [basehttp:log_message] [INFO]- "GET /user/role/?username=admin&application=sys&type=button HTTP/1.1" 200 248
[2020-06-23 09:50:37,635] [basehttp.py:157] [basehttp:log_message] [INFO]- "GET /user/?current_page=1&pre_page=10 HTTP/1.1" 200 78661
[2020-06-23 09:50:39,401] [basehttp.py:157] [basehttp:log_message] [INFO]- "GET /user/role/?username=admin&application=sys&type=button HTTP/1.1" 200 248
[2020-06-23 09:50:39,411] [basehttp.py:157] [basehttp:log_message] [INFO]- "GET /user/role/?username=admin&application=sys&type=menu HTTP/1.1" 200 1161
[2020-06-23 09:50:39,787] [basehttp.py:157] [basehttp:log_message] [INFO]- "GET /user/?current_page=1&pre_page=10 HTTP/1.1" 200 78661
[2020-06-23 09:50:43,001] [basehttp.py:157] [basehttp:log_message] [INFO]- "GET /role/ HTTP/1.1" 200 29527
[2020-06-23 09:50:45,990] [basehttp.py:157] [basehttp:log_message] [INFO]- "GET /role/ HTTP/1.1" 200 29527
[2020-06-23 09:52:22,879] [basehttp.py:157] [basehttp:log_message] [INFO]- "OPTIONS /user/role?username=admin&application=asset&type=button HTTP/1.1" 200 0
[2020-06-23 09:52:22,881] [basehttp.py:157] [basehttp:log_message] [INFO]- "OPTIONS /user/role?username=admin&application=asset&type=menu HTTP/1.1" 200 0
[2020-06-23 09:52:23,004] [basehttp.py:157] [basehttp:log_message] [INFO]- "OPTIONS /user/role/?username=admin&application=asset&type=menu HTTP/1.1" 200 0
[2020-06-23 09:52:23,021] [basehttp.py:157] [basehttp:log_message] [INFO]- "OPTIONS /user/role/?username=admin&application=asset&type=button HTTP/1.1" 200 0
[2020-06-23 09:52:23,278] [basehttp.py:157] [basehttp:log_message] [INFO]- "GET /user/role/?username=admin&application=asset&type=menu HTTP/1.1" 200 6014
[2020-06-23 09:52:23,286] [basehttp.py:157] [basehttp:log_message] [INFO]- "GET /user/role/?username=admin&application=asset&type=button HTTP/1.1" 200 60
[2020-06-23 09:53:11,397] [basehttp.py:157] [basehttp:log_message] [INFO]- "GET /user/role/?username=admin&application=asset&type=button HTTP/1.1" 200 60
[2020-06-23 09:53:11,398] [basehttp.py:157] [basehttp:log_message] [INFO]- "GET /user/role/?username=admin&application=asset&type=menu HTTP/1.1" 200 6014
[2020-06-23 09:53:18,204] [basehttp.py:157] [basehttp:log_message] [INFO]- "GET /user/role/?username=admin&application=sys&type=menu HTTP/1.1" 200 1161
[2020-06-23 09:53:18,218] [basehttp.py:157] [basehttp:log_message] [INFO]- "GET /user/role/?username=admin&application=sys&type=button HTTP/1.1" 200 248
[2020-06-23 09:57:36,484] [basehttp.py:157] [basehttp:log_message] [INFO]- "OPTIONS /role/?current_page=1&pre_page=10 HTTP/1.1" 200 0
[2020-06-23 09:57:36,777] [basehttp.py:157] [basehttp:log_message] [INFO]- "GET /role/?current_page=1&pre_page=10 HTTP/1.1" 200 29598
[2020-06-23 09:59:22,064] [basehttp.py:157] [basehttp:log_message] [INFO]- "GET /user/role/?username=admin&application=sys&type=button HTTP/1.1" 200 248
[2020-06-23 09:59:22,065] [basehttp.py:157] [basehttp:log_message] [INFO]- "GET /user/role/?username=admin&application=sys&type=menu HTTP/1.1" 200 1161
[2020-06-23 09:59:22,108] [basehttp.py:157] [basehttp:log_message] [INFO]- "GET /role/?current_page=1&pre_page=10 HTTP/1.1" 200 29598
[2020-06-23 09:59:47,493] [basehttp.py:157] [basehttp:log_message] [INFO]- "GET /user/role/?username=admin&application=sys&type=menu HTTP/1.1" 200 1161
[2020-06-23 09:59:47,499] [basehttp.py:157] [basehttp:log_message] [INFO]- "GET /user/role/?username=admin&application=sys&type=button HTTP/1.1" 200 248
[2020-06-23 09:59:47,515] [basehttp.py:157] [basehttp:log_message] [INFO]- "GET /role/?current_page=1&pre_page=10 HTTP/1.1" 200 29598
[2020-06-23 10:02:13,412] [basehttp.py:157] [basehttp:log_message] [INFO]- "OPTIONS /auth/ HTTP/1.1" 200 0
[2020-06-23 10:02:13,666] [basehttp.py:157] [basehttp:log_message] [INFO]- "POST /auth/ HTTP/1.1" 200 65
[2020-06-23 10:02:14,964] [basehttp.py:157] [basehttp:log_message] [INFO]- "OPTIONS /user/role?username=admin&application=sys&type=button HTTP/1.1" 200 0
[2020-06-23 10:02:14,965] [basehttp.py:157] [basehttp:log_message] [INFO]- "OPTIONS /user/role?username=admin&application=sys&type=menu HTTP/1.1" 200 0
[2020-06-23 10:02:14,987] [basehttp.py:157] [basehttp:log_message] [INFO]- "OPTIONS /user/role/?username=admin&application=sys&type=menu HTTP/1.1" 200 0
[2020-06-23 10:02:14,987] [basehttp.py:157] [basehttp:log_message] [INFO]- "OPTIONS /user/role/?username=admin&application=sys&type=button HTTP/1.1" 200 0
[2020-06-23 10:02:15,354] [basehttp.py:157] [basehttp:log_message] [INFO]- "GET /user/role/?username=admin&application=sys&type=button HTTP/1.1" 200 248
[2020-06-23 10:02:15,359] [basehttp.py:157] [basehttp:log_message] [INFO]- "GET /user/role/?username=admin&application=sys&type=menu HTTP/1.1" 200 1161
