[2020-09-24 09:13:13,516] [autoreload.py:598] [autoreload:run_with_reloader] [INFO]- Watching for file changes with StatReloader
[2020-09-24 09:38:14,042] [basehttp.py:157] [basehttp:log_message] [INFO]- "GET /sys/api/user/role/?username=wl&application=automation&type=button HTTP/1.1" 200 2
[2020-09-24 09:38:14,043] [basehttp.py:157] [basehttp:log_message] [INFO]- "GET /sys/api/user/role/?username=wl&application=automation&type=menu HTTP/1.1" 200 6536
[2020-09-24 09:40:22,184] [basehttp.py:157] [basehttp:log_message] [INFO]- "POST /sys/api/auth/ HTTP/1.1" 200 65
[2020-09-24 09:40:22,451] [basehttp.py:157] [basehttp:log_message] [INFO]- "POST /sys/api/auth/ HTTP/1.1" 200 65
[2020-09-24 10:00:02,843] [basehttp.py:157] [basehttp:log_message] [INFO]- "POST /sys/api/auth/ HTTP/1.1" 200 65
[2020-09-24 10:00:02,916] [basehttp.py:157] [basehttp:log_message] [INFO]- "GET /sys/api/user/role/?username=wl&application=automation&type=menu HTTP/1.1" 200 6536
[2020-09-24 10:00:02,916] [basehttp.py:157] [basehttp:log_message] [INFO]- "GET /sys/api/user/role/?username=wl&application=automation&type=button HTTP/1.1" 200 2
[2020-09-24 10:00:03,841] [basehttp.py:157] [basehttp:log_message] [INFO]- "POST /sys/api/auth/ HTTP/1.1" 200 65
[2020-09-24 10:04:52,599] [basehttp.py:157] [basehttp:log_message] [INFO]- "GET /sys/api/user/role/?username=wl&application=automation&type=menu HTTP/1.1" 200 6536
[2020-09-24 10:04:52,616] [basehttp.py:157] [basehttp:log_message] [INFO]- "GET /sys/api/user/role/?username=wl&application=automation&type=button HTTP/1.1" 200 2
[2020-09-24 10:04:55,242] [basehttp.py:157] [basehttp:log_message] [INFO]- "POST /sys/api/auth/ HTTP/1.1" 200 65
[2020-09-24 10:04:55,697] [basehttp.py:157] [basehttp:log_message] [INFO]- "POST /sys/api/auth/ HTTP/1.1" 200 65
[2020-09-24 10:05:35,503] [basehttp.py:157] [basehttp:log_message] [INFO]- "POST /sys/api/auth/ HTTP/1.1" 200 65
[2020-09-24 10:05:35,872] [basehttp.py:157] [basehttp:log_message] [INFO]- "POST /sys/api/auth/ HTTP/1.1" 200 65
[2020-09-24 10:06:18,606] [basehttp.py:157] [basehttp:log_message] [INFO]- "POST /sys/api/auth/ HTTP/1.1" 200 65
[2020-09-24 10:06:18,973] [basehttp.py:157] [basehttp:log_message] [INFO]- "POST /sys/api/auth/ HTTP/1.1" 200 65
[2020-09-24 10:06:34,728] [basehttp.py:157] [basehttp:log_message] [INFO]- "POST /sys/api/auth/ HTTP/1.1" 200 65
[2020-09-24 10:06:35,100] [basehttp.py:157] [basehttp:log_message] [INFO]- "POST /sys/api/auth/ HTTP/1.1" 200 65
[2020-09-24 10:07:41,969] [basehttp.py:157] [basehttp:log_message] [INFO]- "POST /sys/api/auth/ HTTP/1.1" 200 65
[2020-09-24 10:07:42,341] [basehttp.py:157] [basehttp:log_message] [INFO]- "POST /sys/api/auth/ HTTP/1.1" 200 65
[2020-09-24 10:10:13,206] [basehttp.py:157] [basehttp:log_message] [INFO]- "POST /sys/api/auth/ HTTP/1.1" 200 65
[2020-09-24 10:10:13,250] [basehttp.py:157] [basehttp:log_message] [INFO]- "GET /sys/api/user/role/?username=wl&application=automation&type=menu HTTP/1.1" 200 6536
[2020-09-24 10:10:13,298] [basehttp.py:157] [basehttp:log_message] [INFO]- "GET /sys/api/user/role/?username=wl&application=automation&type=button HTTP/1.1" 200 2
[2020-09-24 10:10:13,467] [basehttp.py:157] [basehttp:log_message] [INFO]- "POST /sys/api/auth/ HTTP/1.1" 200 65
[2020-09-24 10:11:05,363] [basehttp.py:157] [basehttp:log_message] [INFO]- "POST /sys/api/auth/ HTTP/1.1" 200 65
[2020-09-24 10:11:05,397] [basehttp.py:157] [basehttp:log_message] [INFO]- "GET /sys/api/user/role/?username=wl&application=automation&type=menu HTTP/1.1" 200 6536
[2020-09-24 10:11:05,397] [basehttp.py:157] [basehttp:log_message] [INFO]- "GET /sys/api/user/role/?username=wl&application=automation&type=button HTTP/1.1" 200 2
[2020-09-24 10:11:05,706] [basehttp.py:157] [basehttp:log_message] [INFO]- "POST /sys/api/auth/ HTTP/1.1" 200 65
[2020-09-24 10:12:05,172] [basehttp.py:157] [basehttp:log_message] [INFO]- "POST /sys/api/auth/ HTTP/1.1" 200 65
[2020-09-24 10:12:05,256] [basehttp.py:157] [basehttp:log_message] [INFO]- "GET /sys/api/user/role/?username=wl&application=automation&type=menu HTTP/1.1" 200 6536
[2020-09-24 10:12:05,257] [basehttp.py:157] [basehttp:log_message] [INFO]- "GET /sys/api/user/role/?username=wl&application=automation&type=button HTTP/1.1" 200 2
[2020-09-24 10:12:05,561] [basehttp.py:157] [basehttp:log_message] [INFO]- "POST /sys/api/auth/ HTTP/1.1" 200 65
[2020-09-24 10:15:15,728] [basehttp.py:157] [basehttp:log_message] [INFO]- "POST /sys/api/auth/ HTTP/1.1" 200 65
[2020-09-24 10:15:16,215] [basehttp.py:157] [basehttp:log_message] [INFO]- "POST /sys/api/auth/ HTTP/1.1" 200 65
[2020-09-24 10:16:07,589] [basehttp.py:157] [basehttp:log_message] [INFO]- "POST /sys/api/auth/ HTTP/1.1" 200 65
[2020-09-24 10:16:07,720] [basehttp.py:157] [basehttp:log_message] [INFO]- "GET /sys/api/user/role/?username=wl&application=automation&type=button HTTP/1.1" 200 2
[2020-09-24 10:16:07,722] [basehttp.py:157] [basehttp:log_message] [INFO]- "GET /sys/api/user/role/?username=wl&application=automation&type=menu HTTP/1.1" 200 6536
[2020-09-24 10:16:08,031] [basehttp.py:157] [basehttp:log_message] [INFO]- "POST /sys/api/auth/ HTTP/1.1" 200 65
[2020-09-24 10:17:31,069] [basehttp.py:157] [basehttp:log_message] [INFO]- "POST /sys/api/auth/ HTTP/1.1" 200 65
[2020-09-24 10:17:31,446] [basehttp.py:157] [basehttp:log_message] [INFO]- "POST /sys/api/auth/ HTTP/1.1" 200 65
[2020-09-24 10:18:23,585] [basehttp.py:157] [basehttp:log_message] [INFO]- "POST /sys/api/auth/ HTTP/1.1" 200 65
[2020-09-24 10:18:23,970] [basehttp.py:157] [basehttp:log_message] [INFO]- "POST /sys/api/auth/ HTTP/1.1" 200 65
[2020-09-24 10:20:22,656] [basehttp.py:157] [basehttp:log_message] [INFO]- "POST /sys/api/auth/ HTTP/1.1" 200 65
[2020-09-24 10:20:22,957] [basehttp.py:157] [basehttp:log_message] [INFO]- "POST /sys/api/auth/ HTTP/1.1" 200 65
[2020-09-24 10:20:40,727] [basehttp.py:157] [basehttp:log_message] [INFO]- "POST /sys/api/auth/ HTTP/1.1" 200 65
[2020-09-24 10:20:41,107] [basehttp.py:157] [basehttp:log_message] [INFO]- "POST /sys/api/auth/ HTTP/1.1" 200 65
[2020-09-24 10:24:55,689] [basehttp.py:157] [basehttp:log_message] [INFO]- "POST /sys/api/auth/ HTTP/1.1" 200 65
[2020-09-24 10:24:55,783] [basehttp.py:157] [basehttp:log_message] [INFO]- "GET /sys/api/user/role/?username=wl&application=automation&type=menu HTTP/1.1" 200 6536
[2020-09-24 10:24:55,784] [basehttp.py:157] [basehttp:log_message] [INFO]- "GET /sys/api/user/role/?username=wl&application=automation&type=button HTTP/1.1" 200 2
[2020-09-24 10:24:56,082] [basehttp.py:157] [basehttp:log_message] [INFO]- "POST /sys/api/auth/ HTTP/1.1" 200 65
[2020-09-24 10:25:28,372] [basehttp.py:157] [basehttp:log_message] [INFO]- "POST /sys/api/auth/ HTTP/1.1" 200 65
[2020-09-24 10:25:28,529] [basehttp.py:157] [basehttp:log_message] [INFO]- "GET /sys/api/user/role/?username=wl&application=automation&type=button HTTP/1.1" 200 2
[2020-09-24 10:25:28,531] [basehttp.py:157] [basehttp:log_message] [INFO]- "GET /sys/api/user/role/?username=wl&application=automation&type=menu HTTP/1.1" 200 6536
[2020-09-24 10:25:28,696] [basehttp.py:157] [basehttp:log_message] [INFO]- "POST /sys/api/auth/ HTTP/1.1" 200 65
[2020-09-24 10:29:16,709] [basehttp.py:157] [basehttp:log_message] [INFO]- "POST /sys/api/auth/ HTTP/1.1" 200 65
[2020-09-24 10:29:16,761] [basehttp.py:157] [basehttp:log_message] [INFO]- "GET /sys/api/user/role/?username=wl&application=automation&type=button HTTP/1.1" 200 2
[2020-09-24 10:29:16,767] [basehttp.py:157] [basehttp:log_message] [INFO]- "GET /sys/api/user/role/?username=wl&application=automation&type=menu HTTP/1.1" 200 6536
[2020-09-24 10:29:16,999] [basehttp.py:157] [basehttp:log_message] [INFO]- "POST /sys/api/auth/ HTTP/1.1" 200 65
[2020-09-24 10:43:59,805] [basehttp.py:157] [basehttp:log_message] [INFO]- "POST /sys/api/auth/ HTTP/1.1" 200 65
[2020-09-24 10:43:59,838] [basehttp.py:157] [basehttp:log_message] [INFO]- "GET /sys/api/user/role/?username=wl&application=automation&type=menu HTTP/1.1" 200 6536
[2020-09-24 10:43:59,842] [basehttp.py:157] [basehttp:log_message] [INFO]- "GET /sys/api/user/role/?username=wl&application=automation&type=button HTTP/1.1" 200 2
[2020-09-24 10:44:00,060] [basehttp.py:157] [basehttp:log_message] [INFO]- "POST /sys/api/auth/ HTTP/1.1" 200 65
[2020-09-24 10:51:05,893] [basehttp.py:157] [basehttp:log_message] [INFO]- "POST /sys/api/auth/ HTTP/1.1" 200 65
[2020-09-24 10:51:06,155] [basehttp.py:157] [basehttp:log_message] [INFO]- "POST /sys/api/auth/ HTTP/1.1" 200 65
[2020-09-24 10:51:09,275] [basehttp.py:157] [basehttp:log_message] [INFO]- "POST /sys/api/auth/ HTTP/1.1" 200 65
[2020-09-24 10:52:08,230] [basehttp.py:157] [basehttp:log_message] [INFO]- "POST /sys/api/auth/ HTTP/1.1" 200 65
[2020-09-24 10:52:08,267] [basehttp.py:157] [basehttp:log_message] [INFO]- "GET /sys/api/user/role/?username=wl&application=automation&type=menu HTTP/1.1" 200 6536
[2020-09-24 10:52:08,269] [basehttp.py:157] [basehttp:log_message] [INFO]- "GET /sys/api/user/role/?username=wl&application=automation&type=button HTTP/1.1" 200 2
[2020-09-24 10:52:08,467] [basehttp.py:157] [basehttp:log_message] [INFO]- "POST /sys/api/auth/ HTTP/1.1" 200 65
[2020-09-24 10:52:11,700] [basehttp.py:157] [basehttp:log_message] [INFO]- "POST /sys/api/auth/ HTTP/1.1" 200 65
[2020-09-24 10:52:46,990] [basehttp.py:157] [basehttp:log_message] [INFO]- "POST /sys/api/auth/ HTTP/1.1" 200 65
[2020-09-24 10:52:47,034] [basehttp.py:157] [basehttp:log_message] [INFO]- "GET /sys/api/user/role/?username=wl&application=automation&type=button HTTP/1.1" 200 2
[2020-09-24 10:52:47,036] [basehttp.py:157] [basehttp:log_message] [INFO]- "GET /sys/api/user/role/?username=wl&application=automation&type=menu HTTP/1.1" 200 6536
[2020-09-24 10:52:47,209] [basehttp.py:157] [basehttp:log_message] [INFO]- "POST /sys/api/auth/ HTTP/1.1" 200 65
[2020-09-24 10:53:28,257] [basehttp.py:157] [basehttp:log_message] [INFO]- "POST /sys/api/auth/ HTTP/1.1" 200 65
[2020-09-24 10:53:28,280] [basehttp.py:157] [basehttp:log_message] [INFO]- "GET /sys/api/user/role/?username=wl&application=automation&type=button HTTP/1.1" 200 2
[2020-09-24 10:53:28,302] [basehttp.py:157] [basehttp:log_message] [INFO]- "GET /sys/api/user/role/?username=wl&application=automation&type=menu HTTP/1.1" 200 6536
[2020-09-24 10:53:28,490] [basehttp.py:157] [basehttp:log_message] [INFO]- "POST /sys/api/auth/ HTTP/1.1" 200 65
[2020-09-24 10:54:31,310] [basehttp.py:157] [basehttp:log_message] [INFO]- "POST /sys/api/auth/ HTTP/1.1" 200 65
[2020-09-24 10:54:31,376] [basehttp.py:157] [basehttp:log_message] [INFO]- "GET /sys/api/user/role/?username=wl&application=automation&type=button HTTP/1.1" 200 2
[2020-09-24 10:54:31,376] [basehttp.py:157] [basehttp:log_message] [INFO]- "GET /sys/api/user/role/?username=wl&application=automation&type=menu HTTP/1.1" 200 6536
[2020-09-24 10:54:31,594] [basehttp.py:157] [basehttp:log_message] [INFO]- "POST /sys/api/auth/ HTTP/1.1" 200 65
[2020-09-24 10:55:56,366] [basehttp.py:157] [basehttp:log_message] [INFO]- "POST /sys/api/auth/ HTTP/1.1" 200 65
[2020-09-24 10:55:57,372] [basehttp.py:157] [basehttp:log_message] [INFO]- "POST /sys/api/auth/ HTTP/1.1" 200 65
[2020-09-24 10:55:59,863] [basehttp.py:157] [basehttp:log_message] [INFO]- "POST /sys/api/auth/ HTTP/1.1" 200 65
[2020-09-24 10:55:59,889] [basehttp.py:157] [basehttp:log_message] [INFO]- "GET /sys/api/user/role/?username=wl&application=automation&type=button HTTP/1.1" 200 2
[2020-09-24 10:55:59,890] [basehttp.py:157] [basehttp:log_message] [INFO]- "GET /sys/api/user/role/?username=wl&application=automation&type=menu HTTP/1.1" 200 6536
[2020-09-24 10:56:00,091] [basehttp.py:157] [basehttp:log_message] [INFO]- "POST /sys/api/auth/ HTTP/1.1" 200 65
[2020-09-24 10:57:06,146] [basehttp.py:157] [basehttp:log_message] [INFO]- "POST /sys/api/auth/ HTTP/1.1" 200 65
[2020-09-24 10:57:06,174] [basehttp.py:157] [basehttp:log_message] [INFO]- "GET /sys/api/user/role/?username=wl&application=automation&type=button HTTP/1.1" 200 2
[2020-09-24 10:57:06,201] [basehttp.py:157] [basehttp:log_message] [INFO]- "GET /sys/api/user/role/?username=wl&application=automation&type=menu HTTP/1.1" 200 6536
[2020-09-24 10:57:06,505] [basehttp.py:157] [basehttp:log_message] [INFO]- "POST /sys/api/auth/ HTTP/1.1" 200 65
[2020-09-24 10:57:53,930] [basehttp.py:157] [basehttp:log_message] [INFO]- "POST /sys/api/auth/ HTTP/1.1" 200 65
[2020-09-24 10:57:54,934] [basehttp.py:157] [basehttp:log_message] [INFO]- "POST /sys/api/auth/ HTTP/1.1" 200 65
[2020-09-24 11:01:24,989] [basehttp.py:157] [basehttp:log_message] [INFO]- "POST /sys/api/auth/ HTTP/1.1" 200 65
[2020-09-24 11:01:24,991] [basehttp.py:157] [basehttp:log_message] [INFO]- "GET /sys/api/user/role/?username=wl&application=automation&type=menu HTTP/1.1" 200 6536
[2020-09-24 11:01:24,991] [basehttp.py:157] [basehttp:log_message] [INFO]- "GET /sys/api/user/role/?username=wl&application=automation&type=button HTTP/1.1" 200 2
[2020-09-24 11:01:25,286] [basehttp.py:157] [basehttp:log_message] [INFO]- "POST /sys/api/auth/ HTTP/1.1" 200 65
[2020-09-24 11:02:52,466] [basehttp.py:157] [basehttp:log_message] [INFO]- "POST /sys/api/auth/ HTTP/1.1" 200 65
[2020-09-24 11:02:52,524] [basehttp.py:157] [basehttp:log_message] [INFO]- "GET /sys/api/user/role/?username=wl&application=automation&type=menu HTTP/1.1" 200 6536
[2020-09-24 11:02:52,525] [basehttp.py:157] [basehttp:log_message] [INFO]- "GET /sys/api/user/role/?username=wl&application=automation&type=button HTTP/1.1" 200 2
[2020-09-24 11:02:52,912] [basehttp.py:157] [basehttp:log_message] [INFO]- "POST /sys/api/auth/ HTTP/1.1" 200 65
[2020-09-24 11:15:16,881] [basehttp.py:157] [basehttp:log_message] [INFO]- "POST /sys/api/auth/ HTTP/1.1" 200 65
[2020-09-24 11:15:37,724] [basehttp.py:157] [basehttp:log_message] [INFO]- "POST /sys/api/auth/ HTTP/1.1" 200 65
[2020-09-24 11:15:37,787] [basehttp.py:157] [basehttp:log_message] [INFO]- "GET /sys/api/user/role/?username=wl&application=automation&type=menu HTTP/1.1" 200 6536
[2020-09-24 11:15:37,788] [basehttp.py:157] [basehttp:log_message] [INFO]- "GET /sys/api/user/role/?username=wl&application=automation&type=button HTTP/1.1" 200 2
[2020-09-24 11:15:37,955] [basehttp.py:157] [basehttp:log_message] [INFO]- "POST /sys/api/auth/ HTTP/1.1" 200 65
[2020-09-24 11:15:40,721] [basehttp.py:157] [basehttp:log_message] [INFO]- "POST /sys/api/auth/ HTTP/1.1" 200 65
[2020-09-24 11:16:31,799] [basehttp.py:157] [basehttp:log_message] [INFO]- "POST /sys/api/auth/ HTTP/1.1" 200 65
[2020-09-24 11:16:32,121] [basehttp.py:157] [basehttp:log_message] [INFO]- "POST /sys/api/auth/ HTTP/1.1" 200 65
[2020-09-24 11:16:36,913] [basehttp.py:157] [basehttp:log_message] [INFO]- "POST /sys/api/auth/ HTTP/1.1" 200 65
[2020-09-24 11:16:56,202] [basehttp.py:157] [basehttp:log_message] [INFO]- "POST /sys/api/auth/ HTTP/1.1" 200 65
[2020-09-24 11:16:56,465] [basehttp.py:157] [basehttp:log_message] [INFO]- "POST /sys/api/auth/ HTTP/1.1" 200 65
[2020-09-24 11:17:00,282] [basehttp.py:157] [basehttp:log_message] [INFO]- "POST /sys/api/auth/ HTTP/1.1" 200 65
[2020-09-24 11:21:49,284] [basehttp.py:157] [basehttp:log_message] [INFO]- "POST /sys/api/auth/ HTTP/1.1" 200 65
[2020-09-24 11:21:49,383] [basehttp.py:157] [basehttp:log_message] [INFO]- "GET /sys/api/user/role/?username=wl&application=automation&type=menu HTTP/1.1" 200 6536
[2020-09-24 11:21:49,387] [basehttp.py:157] [basehttp:log_message] [INFO]- "GET /sys/api/user/role/?username=wl&application=automation&type=button HTTP/1.1" 200 2
[2020-09-24 11:21:49,722] [basehttp.py:157] [basehttp:log_message] [INFO]- "POST /sys/api/auth/ HTTP/1.1" 200 65
[2020-09-24 11:21:52,278] [basehttp.py:157] [basehttp:log_message] [INFO]- "POST /sys/api/auth/ HTTP/1.1" 200 65
[2020-09-24 11:22:07,189] [basehttp.py:157] [basehttp:log_message] [INFO]- "POST /sys/api/auth/ HTTP/1.1" 200 65
[2020-09-24 11:22:15,657] [basehttp.py:157] [basehttp:log_message] [INFO]- "POST /sys/api/auth/ HTTP/1.1" 200 65
[2020-09-24 11:22:15,660] [basehttp.py:157] [basehttp:log_message] [INFO]- "GET /sys/api/user/role/?username=wl&application=automation&type=button HTTP/1.1" 200 2
[2020-09-24 11:22:15,678] [basehttp.py:157] [basehttp:log_message] [INFO]- "GET /sys/api/user/role/?username=wl&application=automation&type=menu HTTP/1.1" 200 6536
[2020-09-24 11:22:15,984] [basehttp.py:157] [basehttp:log_message] [INFO]- "POST /sys/api/auth/ HTTP/1.1" 200 65
[2020-09-24 11:22:32,246] [basehttp.py:157] [basehttp:log_message] [INFO]- "POST /sys/api/auth/ HTTP/1.1" 200 65
[2020-09-24 11:22:32,346] [basehttp.py:157] [basehttp:log_message] [INFO]- "GET /sys/api/user/role/?username=wl&application=automation&type=menu HTTP/1.1" 200 6536
[2020-09-24 11:22:32,347] [basehttp.py:157] [basehttp:log_message] [INFO]- "GET /sys/api/user/role/?username=wl&application=automation&type=button HTTP/1.1" 200 2
[2020-09-24 11:22:32,653] [basehttp.py:157] [basehttp:log_message] [INFO]- "POST /sys/api/auth/ HTTP/1.1" 200 65
[2020-09-24 11:22:36,200] [basehttp.py:157] [basehttp:log_message] [INFO]- "POST /sys/api/auth/ HTTP/1.1" 200 65
[2020-09-24 11:23:42,008] [basehttp.py:157] [basehttp:log_message] [INFO]- "POST /sys/api/auth/ HTTP/1.1" 200 65
[2020-09-24 11:23:42,083] [basehttp.py:157] [basehttp:log_message] [INFO]- "GET /sys/api/user/role/?username=wl&application=automation&type=button HTTP/1.1" 200 2
[2020-09-24 11:23:42,084] [basehttp.py:157] [basehttp:log_message] [INFO]- "GET /sys/api/user/role/?username=wl&application=automation&type=menu HTTP/1.1" 200 6536
[2020-09-24 11:23:42,413] [basehttp.py:157] [basehttp:log_message] [INFO]- "POST /sys/api/auth/ HTTP/1.1" 200 65
[2020-09-24 11:23:46,861] [basehttp.py:157] [basehttp:log_message] [INFO]- "POST /sys/api/auth/ HTTP/1.1" 200 65
[2020-09-24 11:23:51,131] [basehttp.py:157] [basehttp:log_message] [INFO]- "POST /sys/api/auth/ HTTP/1.1" 200 65
[2020-09-24 11:23:59,079] [basehttp.py:157] [basehttp:log_message] [INFO]- "GET /sys/api/user/role/?username=wl&application=automation&type=button HTTP/1.1" 200 2
[2020-09-24 11:23:59,097] [basehttp.py:157] [basehttp:log_message] [INFO]- "POST /sys/api/auth/ HTTP/1.1" 200 65
[2020-09-24 11:23:59,104] [basehttp.py:157] [basehttp:log_message] [INFO]- "GET /sys/api/user/role/?username=wl&application=automation&type=menu HTTP/1.1" 200 6536
[2020-09-24 11:23:59,440] [basehttp.py:157] [basehttp:log_message] [INFO]- "POST /sys/api/auth/ HTTP/1.1" 200 65
[2020-09-24 11:24:03,005] [basehttp.py:157] [basehttp:log_message] [INFO]- "POST /sys/api/auth/ HTTP/1.1" 200 65
[2020-09-24 11:24:05,774] [basehttp.py:157] [basehttp:log_message] [INFO]- "POST /sys/api/auth/ HTTP/1.1" 200 65
[2020-09-24 11:24:10,788] [basehttp.py:157] [basehttp:log_message] [INFO]- "POST /sys/api/auth/ HTTP/1.1" 200 65
[2020-09-24 11:24:14,130] [basehttp.py:157] [basehttp:log_message] [INFO]- "POST /sys/api/auth/ HTTP/1.1" 200 65
[2020-09-24 11:24:17,032] [basehttp.py:157] [basehttp:log_message] [INFO]- "POST /sys/api/auth/ HTTP/1.1" 200 65
[2020-09-24 11:24:20,044] [basehttp.py:157] [basehttp:log_message] [INFO]- "POST /sys/api/auth/ HTTP/1.1" 200 65
[2020-09-24 11:24:23,937] [basehttp.py:157] [basehttp:log_message] [INFO]- "POST /sys/api/auth/ HTTP/1.1" 200 65
[2020-09-24 11:24:32,253] [basehttp.py:157] [basehttp:log_message] [INFO]- "POST /sys/api/auth/ HTTP/1.1" 200 65
[2020-09-24 11:24:32,315] [basehttp.py:157] [basehttp:log_message] [INFO]- "GET /sys/api/user/role/?username=wl&application=automation&type=menu HTTP/1.1" 200 6536
[2020-09-24 11:24:32,316] [basehttp.py:157] [basehttp:log_message] [INFO]- "GET /sys/api/user/role/?username=wl&application=automation&type=button HTTP/1.1" 200 2
[2020-09-24 11:24:32,647] [basehttp.py:157] [basehttp:log_message] [INFO]- "POST /sys/api/auth/ HTTP/1.1" 200 65
[2020-09-24 11:24:35,177] [basehttp.py:157] [basehttp:log_message] [INFO]- "POST /sys/api/auth/ HTTP/1.1" 200 65
[2020-09-24 11:24:42,787] [basehttp.py:157] [basehttp:log_message] [INFO]- "POST /sys/api/auth/ HTTP/1.1" 200 65
[2020-09-24 11:24:42,879] [basehttp.py:157] [basehttp:log_message] [INFO]- "GET /sys/api/user/role/?username=wl&application=automation&type=menu HTTP/1.1" 200 6536
[2020-09-24 11:24:42,899] [basehttp.py:157] [basehttp:log_message] [INFO]- "GET /sys/api/user/role/?username=wl&application=automation&type=button HTTP/1.1" 200 2
[2020-09-24 11:24:43,248] [basehttp.py:157] [basehttp:log_message] [INFO]- "POST /sys/api/auth/ HTTP/1.1" 200 65
[2020-09-24 11:24:46,886] [basehttp.py:157] [basehttp:log_message] [INFO]- "POST /sys/api/auth/ HTTP/1.1" 200 65
[2020-09-24 11:24:49,423] [basehttp.py:157] [basehttp:log_message] [INFO]- "POST /sys/api/auth/ HTTP/1.1" 200 65
[2020-09-24 11:25:33,367] [basehttp.py:157] [basehttp:log_message] [INFO]- "POST /sys/api/auth/ HTTP/1.1" 200 65
[2020-09-24 11:25:33,518] [basehttp.py:157] [basehttp:log_message] [INFO]- "GET /sys/api/user/role/?username=wl&application=automation&type=button HTTP/1.1" 200 2
[2020-09-24 11:25:33,519] [basehttp.py:157] [basehttp:log_message] [INFO]- "GET /sys/api/user/role/?username=wl&application=automation&type=menu HTTP/1.1" 200 6536
[2020-09-24 11:25:33,803] [basehttp.py:157] [basehttp:log_message] [INFO]- "POST /sys/api/auth/ HTTP/1.1" 200 65
[2020-09-24 11:25:36,958] [basehttp.py:157] [basehttp:log_message] [INFO]- "POST /sys/api/auth/ HTTP/1.1" 200 65
[2020-09-24 11:25:41,316] [basehttp.py:157] [basehttp:log_message] [INFO]- "POST /sys/api/auth/ HTTP/1.1" 200 65
[2020-09-24 11:25:43,859] [basehttp.py:157] [basehttp:log_message] [INFO]- "POST /sys/api/auth/ HTTP/1.1" 200 65
[2020-09-24 11:25:46,530] [basehttp.py:157] [basehttp:log_message] [INFO]- "POST /sys/api/auth/ HTTP/1.1" 200 65
[2020-09-24 11:25:52,400] [basehttp.py:157] [basehttp:log_message] [INFO]- "POST /sys/api/auth/ HTTP/1.1" 200 65
[2020-09-24 11:27:17,515] [basehttp.py:157] [basehttp:log_message] [INFO]- "POST /sys/api/auth/ HTTP/1.1" 200 65
[2020-09-24 11:27:17,587] [basehttp.py:157] [basehttp:log_message] [INFO]- "GET /sys/api/user/role/?username=wl&application=automation&type=button HTTP/1.1" 200 2
[2020-09-24 11:27:17,591] [basehttp.py:157] [basehttp:log_message] [INFO]- "GET /sys/api/user/role/?username=wl&application=automation&type=menu HTTP/1.1" 200 6536
[2020-09-24 11:27:17,815] [basehttp.py:157] [basehttp:log_message] [INFO]- "POST /sys/api/auth/ HTTP/1.1" 200 65
[2020-09-24 11:30:41,077] [basehttp.py:157] [basehttp:log_message] [INFO]- "POST /sys/api/auth/ HTTP/1.1" 200 65
[2020-09-24 11:30:41,138] [basehttp.py:157] [basehttp:log_message] [INFO]- "GET /sys/api/user/role/?username=wl&application=automation&type=button HTTP/1.1" 200 2
[2020-09-24 11:30:41,139] [basehttp.py:157] [basehttp:log_message] [INFO]- "GET /sys/api/user/role/?username=wl&application=automation&type=menu HTTP/1.1" 200 6536
[2020-09-24 11:30:41,326] [basehttp.py:157] [basehttp:log_message] [INFO]- "POST /sys/api/auth/ HTTP/1.1" 200 65
[2020-09-24 11:30:44,140] [basehttp.py:157] [basehttp:log_message] [INFO]- "POST /sys/api/auth/ HTTP/1.1" 200 65
[2020-09-24 11:30:47,464] [basehttp.py:157] [basehttp:log_message] [INFO]- "POST /sys/api/auth/ HTTP/1.1" 200 65
[2020-09-24 11:30:50,080] [basehttp.py:157] [basehttp:log_message] [INFO]- "POST /sys/api/auth/ HTTP/1.1" 200 65
[2020-09-24 11:31:13,168] [basehttp.py:157] [basehttp:log_message] [INFO]- "POST /sys/api/auth/ HTTP/1.1" 200 65
[2020-09-24 11:31:13,225] [basehttp.py:157] [basehttp:log_message] [INFO]- "GET /sys/api/user/role/?username=wl&application=automation&type=button HTTP/1.1" 200 2
[2020-09-24 11:31:13,225] [basehttp.py:157] [basehttp:log_message] [INFO]- "GET /sys/api/user/role/?username=wl&application=automation&type=menu HTTP/1.1" 200 6536
[2020-09-24 11:31:13,447] [basehttp.py:157] [basehttp:log_message] [INFO]- "POST /sys/api/auth/ HTTP/1.1" 200 65
[2020-09-24 11:31:16,456] [basehttp.py:157] [basehttp:log_message] [INFO]- "POST /sys/api/auth/ HTTP/1.1" 200 65
[2020-09-24 11:31:21,783] [basehttp.py:157] [basehttp:log_message] [INFO]- "POST /sys/api/auth/ HTTP/1.1" 200 65
[2020-09-24 11:31:24,669] [basehttp.py:157] [basehttp:log_message] [INFO]- "POST /sys/api/auth/ HTTP/1.1" 200 65
[2020-09-24 11:31:26,839] [basehttp.py:157] [basehttp:log_message] [INFO]- "POST /sys/api/auth/ HTTP/1.1" 200 65
[2020-09-24 11:32:03,297] [basehttp.py:157] [basehttp:log_message] [INFO]- "POST /sys/api/auth/ HTTP/1.1" 200 65
[2020-09-24 11:32:03,565] [basehttp.py:157] [basehttp:log_message] [INFO]- "POST /sys/api/auth/ HTTP/1.1" 200 65
[2020-09-24 11:32:05,000] [basehttp.py:157] [basehttp:log_message] [INFO]- "POST /sys/api/auth/ HTTP/1.1" 200 65
[2020-09-24 11:32:05,063] [basehttp.py:157] [basehttp:log_message] [INFO]- "POST /sys/api/auth/ HTTP/1.1" 200 65
[2020-09-24 11:32:06,905] [basehttp.py:157] [basehttp:log_message] [INFO]- "POST /sys/api/auth/ HTTP/1.1" 200 65
[2020-09-24 11:32:06,909] [basehttp.py:157] [basehttp:log_message] [INFO]- "POST /sys/api/auth/ HTTP/1.1" 200 65
[2020-09-24 11:32:12,040] [basehttp.py:157] [basehttp:log_message] [INFO]- "POST /sys/api/auth/ HTTP/1.1" 200 65
[2020-09-24 11:32:12,248] [basehttp.py:157] [basehttp:log_message] [INFO]- "POST /sys/api/auth/ HTTP/1.1" 200 65
[2020-09-24 11:32:13,525] [basehttp.py:157] [basehttp:log_message] [INFO]- "POST /sys/api/auth/ HTTP/1.1" 200 65
[2020-09-24 11:32:16,866] [basehttp.py:157] [basehttp:log_message] [INFO]- "POST /sys/api/auth/ HTTP/1.1" 200 65
[2020-09-24 11:32:19,579] [basehttp.py:157] [basehttp:log_message] [INFO]- "POST /sys/api/auth/ HTTP/1.1" 200 65
[2020-09-24 11:33:20,188] [basehttp.py:157] [basehttp:log_message] [INFO]- "POST /sys/api/auth/ HTTP/1.1" 200 65
[2020-09-24 11:33:23,762] [basehttp.py:157] [basehttp:log_message] [INFO]- "POST /sys/api/auth/ HTTP/1.1" 200 65
[2020-09-24 11:33:32,532] [basehttp.py:157] [basehttp:log_message] [INFO]- "POST /sys/api/auth/ HTTP/1.1" 200 65
[2020-09-24 11:33:36,627] [basehttp.py:157] [basehttp:log_message] [INFO]- "POST /sys/api/auth/ HTTP/1.1" 200 65
[2020-09-24 11:33:39,355] [basehttp.py:157] [basehttp:log_message] [INFO]- "POST /sys/api/auth/ HTTP/1.1" 200 65
[2020-09-24 11:33:39,540] [basehttp.py:157] [basehttp:log_message] [INFO]- "POST /sys/api/auth/ HTTP/1.1" 200 65
[2020-09-24 11:33:41,083] [basehttp.py:157] [basehttp:log_message] [INFO]- "POST /sys/api/auth/ HTTP/1.1" 200 65
[2020-09-24 11:33:42,914] [basehttp.py:157] [basehttp:log_message] [INFO]- "POST /sys/api/auth/ HTTP/1.1" 200 65
[2020-09-24 11:33:43,143] [basehttp.py:157] [basehttp:log_message] [INFO]- "POST /sys/api/auth/ HTTP/1.1" 200 65
[2020-09-24 11:33:43,774] [basehttp.py:157] [basehttp:log_message] [INFO]- "POST /sys/api/auth/ HTTP/1.1" 200 65
[2020-09-24 11:33:51,645] [basehttp.py:157] [basehttp:log_message] [INFO]- "POST /sys/api/auth/ HTTP/1.1" 200 65
[2020-09-24 11:33:59,040] [basehttp.py:157] [basehttp:log_message] [INFO]- "POST /sys/api/auth/ HTTP/1.1" 200 65
[2020-09-24 11:34:01,889] [basehttp.py:157] [basehttp:log_message] [INFO]- "POST /sys/api/auth/ HTTP/1.1" 200 65
[2020-09-24 11:34:04,463] [basehttp.py:157] [basehttp:log_message] [INFO]- "POST /sys/api/auth/ HTTP/1.1" 200 65
[2020-09-24 11:34:07,245] [basehttp.py:157] [basehttp:log_message] [INFO]- "POST /sys/api/auth/ HTTP/1.1" 200 65
[2020-09-24 11:34:10,181] [basehttp.py:157] [basehttp:log_message] [INFO]- "POST /sys/api/auth/ HTTP/1.1" 200 65
[2020-09-24 11:34:14,353] [basehttp.py:157] [basehttp:log_message] [INFO]- "POST /sys/api/auth/ HTTP/1.1" 200 65
[2020-09-24 11:34:19,222] [basehttp.py:157] [basehttp:log_message] [INFO]- "POST /sys/api/auth/ HTTP/1.1" 200 65
[2020-09-24 11:34:24,932] [basehttp.py:157] [basehttp:log_message] [INFO]- "POST /sys/api/auth/ HTTP/1.1" 200 65
[2020-09-24 11:34:31,677] [basehttp.py:157] [basehttp:log_message] [INFO]- "POST /sys/api/auth/ HTTP/1.1" 200 65
[2020-09-24 11:34:40,236] [basehttp.py:157] [basehttp:log_message] [INFO]- "POST /sys/api/auth/ HTTP/1.1" 200 65
[2020-09-24 13:28:40,971] [basehttp.py:157] [basehttp:log_message] [INFO]- "POST /sys/api/auth/ HTTP/1.1" 200 65
[2020-09-24 13:28:41,054] [basehttp.py:157] [basehttp:log_message] [INFO]- "GET /sys/api/user/role/?username=wl&application=automation&type=menu HTTP/1.1" 200 6536
[2020-09-24 13:28:41,058] [basehttp.py:157] [basehttp:log_message] [INFO]- "GET /sys/api/user/role/?username=wl&application=automation&type=button HTTP/1.1" 200 2
[2020-09-24 13:28:41,260] [basehttp.py:157] [basehttp:log_message] [INFO]- "POST /sys/api/auth/ HTTP/1.1" 200 65
[2020-09-24 13:47:26,070] [basehttp.py:157] [basehttp:log_message] [INFO]- "POST /sys/api/auth/ HTTP/1.1" 200 65
[2020-09-24 13:50:45,375] [basehttp.py:157] [basehttp:log_message] [INFO]- "POST /sys/api/auth/ HTTP/1.1" 200 65
[2020-09-24 13:50:45,641] [basehttp.py:157] [basehttp:log_message] [INFO]- "POST /sys/api/auth/ HTTP/1.1" 200 65
[2020-09-24 13:51:55,156] [basehttp.py:157] [basehttp:log_message] [INFO]- "POST /sys/api/auth/ HTTP/1.1" 200 65
[2020-09-24 13:51:55,362] [basehttp.py:157] [basehttp:log_message] [INFO]- "GET /sys/api/user/role/?username=wl&application=automation&type=menu HTTP/1.1" 200 6536
[2020-09-24 13:51:55,387] [basehttp.py:157] [basehttp:log_message] [INFO]- "GET /sys/api/user/role/?username=wl&application=automation&type=button HTTP/1.1" 200 2
[2020-09-24 13:51:56,163] [basehttp.py:157] [basehttp:log_message] [INFO]- "POST /sys/api/auth/ HTTP/1.1" 200 65
[2020-09-24 14:02:09,760] [basehttp.py:157] [basehttp:log_message] [INFO]- "POST /sys/api/auth/ HTTP/1.1" 200 65
[2020-09-24 14:02:10,097] [basehttp.py:157] [basehttp:log_message] [INFO]- "POST /sys/api/auth/ HTTP/1.1" 200 65
[2020-09-24 14:02:58,276] [basehttp.py:157] [basehttp:log_message] [INFO]- "POST /sys/api/auth/ HTTP/1.1" 200 65
[2020-09-24 14:02:58,310] [basehttp.py:157] [basehttp:log_message] [INFO]- "GET /sys/api/user/role/?username=wl&application=automation&type=menu HTTP/1.1" 200 6536
[2020-09-24 14:02:58,310] [basehttp.py:157] [basehttp:log_message] [INFO]- "GET /sys/api/user/role/?username=wl&application=automation&type=button HTTP/1.1" 200 2
[2020-09-24 14:02:58,474] [basehttp.py:157] [basehttp:log_message] [INFO]- "POST /sys/api/auth/ HTTP/1.1" 200 65
[2020-09-24 14:03:29,308] [basehttp.py:157] [basehttp:log_message] [INFO]- "POST /sys/api/auth/ HTTP/1.1" 200 65
[2020-09-24 14:03:29,336] [basehttp.py:157] [basehttp:log_message] [INFO]- "GET /sys/api/user/role/?username=wl&application=automation&type=button HTTP/1.1" 200 2
[2020-09-24 14:03:29,502] [basehttp.py:157] [basehttp:log_message] [INFO]- "POST /sys/api/auth/ HTTP/1.1" 200 65
[2020-09-24 14:03:29,546] [basehttp.py:157] [basehttp:log_message] [INFO]- "GET /sys/api/user/role/?username=wl&application=automation&type=menu HTTP/1.1" 200 6536
[2020-09-24 14:04:35,307] [basehttp.py:157] [basehttp:log_message] [INFO]- "POST /sys/api/auth/ HTTP/1.1" 200 65
[2020-09-24 14:04:35,332] [basehttp.py:157] [basehttp:log_message] [INFO]- "GET /sys/api/user/role/?username=wl&application=automation&type=menu HTTP/1.1" 200 6536
[2020-09-24 14:04:35,347] [basehttp.py:157] [basehttp:log_message] [INFO]- "GET /sys/api/user/role/?username=wl&application=automation&type=button HTTP/1.1" 200 2
[2020-09-24 14:04:35,486] [basehttp.py:157] [basehttp:log_message] [INFO]- "POST /sys/api/auth/ HTTP/1.1" 200 65
[2020-09-24 14:05:22,987] [basehttp.py:157] [basehttp:log_message] [INFO]- "POST /sys/api/auth/ HTTP/1.1" 200 65
[2020-09-24 14:05:23,031] [basehttp.py:157] [basehttp:log_message] [INFO]- "GET /sys/api/user/role/?username=wl&application=automation&type=menu HTTP/1.1" 200 6536
[2020-09-24 14:05:23,032] [basehttp.py:157] [basehttp:log_message] [INFO]- "GET /sys/api/user/role/?username=wl&application=automation&type=button HTTP/1.1" 200 2
[2020-09-24 14:05:23,298] [basehttp.py:157] [basehttp:log_message] [INFO]- "POST /sys/api/auth/ HTTP/1.1" 200 65
[2020-09-24 14:11:54,071] [basehttp.py:157] [basehttp:log_message] [INFO]- "POST /sys/api/auth/ HTTP/1.1" 200 65
[2020-09-24 14:11:54,301] [basehttp.py:157] [basehttp:log_message] [INFO]- "GET /sys/api/user/role/?username=wl&application=automation&type=menu HTTP/1.1" 200 6536
[2020-09-24 14:11:54,696] [basehttp.py:157] [basehttp:log_message] [INFO]- "GET /sys/api/user/role/?username=wl&application=automation&type=button HTTP/1.1" 200 2
[2020-09-24 14:11:55,517] [basehttp.py:157] [basehttp:log_message] [INFO]- "POST /sys/api/auth/ HTTP/1.1" 200 65
[2020-09-24 14:17:57,578] [basehttp.py:157] [basehttp:log_message] [INFO]- "POST /sys/api/auth/ HTTP/1.1" 200 65
[2020-09-24 14:17:58,410] [basehttp.py:157] [basehttp:log_message] [INFO]- "POST /sys/api/auth/ HTTP/1.1" 200 65
[2020-09-24 14:17:59,955] [basehttp.py:157] [basehttp:log_message] [INFO]- "POST /sys/api/auth/ HTTP/1.1" 200 65
[2020-09-24 14:22:16,917] [basehttp.py:157] [basehttp:log_message] [INFO]- "POST /sys/api/auth/ HTTP/1.1" 200 65
[2020-09-24 14:22:16,964] [basehttp.py:157] [basehttp:log_message] [INFO]- "GET /sys/api/user/role/?username=wl&application=automation&type=button HTTP/1.1" 200 2
[2020-09-24 14:22:16,977] [basehttp.py:157] [basehttp:log_message] [INFO]- "GET /sys/api/user/role/?username=wl&application=automation&type=menu HTTP/1.1" 200 6536
[2020-09-24 14:22:17,217] [basehttp.py:157] [basehttp:log_message] [INFO]- "POST /sys/api/auth/ HTTP/1.1" 200 65
[2020-09-24 14:22:20,131] [basehttp.py:157] [basehttp:log_message] [INFO]- "POST /sys/api/auth/ HTTP/1.1" 200 65
[2020-09-24 14:22:56,609] [basehttp.py:157] [basehttp:log_message] [INFO]- "POST /sys/api/auth/ HTTP/1.1" 200 65
[2020-09-24 14:22:56,695] [basehttp.py:157] [basehttp:log_message] [INFO]- "GET /sys/api/user/role/?username=wl&application=automation&type=button HTTP/1.1" 200 2
[2020-09-24 14:22:56,697] [basehttp.py:157] [basehttp:log_message] [INFO]- "GET /sys/api/user/role/?username=wl&application=automation&type=menu HTTP/1.1" 200 6536
[2020-09-24 14:22:56,953] [basehttp.py:157] [basehttp:log_message] [INFO]- "POST /sys/api/auth/ HTTP/1.1" 200 65
[2020-09-24 14:22:58,513] [basehttp.py:157] [basehttp:log_message] [INFO]- "POST /sys/api/auth/ HTTP/1.1" 200 65
[2020-09-24 14:23:21,211] [basehttp.py:157] [basehttp:log_message] [INFO]- "POST /sys/api/auth/ HTTP/1.1" 200 65
[2020-09-24 14:23:21,245] [basehttp.py:157] [basehttp:log_message] [INFO]- "GET /sys/api/user/role/?username=wl&application=automation&type=menu HTTP/1.1" 200 6536
[2020-09-24 14:23:21,247] [basehttp.py:157] [basehttp:log_message] [INFO]- "GET /sys/api/user/role/?username=wl&application=automation&type=button HTTP/1.1" 200 2
[2020-09-24 14:23:21,576] [basehttp.py:157] [basehttp:log_message] [INFO]- "POST /sys/api/auth/ HTTP/1.1" 200 65
[2020-09-24 14:23:24,146] [basehttp.py:157] [basehttp:log_message] [INFO]- "POST /sys/api/auth/ HTTP/1.1" 200 65
[2020-09-24 14:23:33,269] [basehttp.py:157] [basehttp:log_message] [INFO]- "POST /sys/api/auth/ HTTP/1.1" 200 65
[2020-09-24 14:23:33,307] [basehttp.py:157] [basehttp:log_message] [INFO]- "GET /sys/api/user/role/?username=wl&application=automation&type=menu HTTP/1.1" 200 6536
[2020-09-24 14:23:33,308] [basehttp.py:157] [basehttp:log_message] [INFO]- "GET /sys/api/user/role/?username=wl&application=automation&type=button HTTP/1.1" 200 2
[2020-09-24 14:23:33,591] [basehttp.py:157] [basehttp:log_message] [INFO]- "POST /sys/api/auth/ HTTP/1.1" 200 65
[2020-09-24 14:23:36,440] [basehttp.py:157] [basehttp:log_message] [INFO]- "POST /sys/api/auth/ HTTP/1.1" 200 65
[2020-09-24 14:23:55,161] [basehttp.py:157] [basehttp:log_message] [INFO]- "POST /sys/api/auth/ HTTP/1.1" 200 65
[2020-09-24 14:23:55,199] [basehttp.py:157] [basehttp:log_message] [INFO]- "GET /sys/api/user/role/?username=wl&application=automation&type=button HTTP/1.1" 200 2
[2020-09-24 14:23:55,202] [basehttp.py:157] [basehttp:log_message] [INFO]- "GET /sys/api/user/role/?username=wl&application=automation&type=menu HTTP/1.1" 200 6536
[2020-09-24 14:23:56,827] [basehttp.py:157] [basehttp:log_message] [INFO]- "POST /sys/api/auth/ HTTP/1.1" 200 65
[2020-09-24 14:23:59,167] [basehttp.py:157] [basehttp:log_message] [INFO]- "POST /sys/api/auth/ HTTP/1.1" 200 65
[2020-09-24 14:23:59,260] [basehttp.py:157] [basehttp:log_message] [INFO]- "GET /sys/api/user/role/?username=wl&application=automation&type=button HTTP/1.1" 200 2
[2020-09-24 14:23:59,262] [basehttp.py:157] [basehttp:log_message] [INFO]- "GET /sys/api/user/role/?username=wl&application=automation&type=menu HTTP/1.1" 200 6536
[2020-09-24 14:23:59,555] [basehttp.py:157] [basehttp:log_message] [INFO]- "POST /sys/api/auth/ HTTP/1.1" 200 65
[2020-09-24 14:24:00,352] [basehttp.py:157] [basehttp:log_message] [INFO]- "POST /sys/api/auth/ HTTP/1.1" 200 65
[2020-09-24 14:37:17,617] [basehttp.py:157] [basehttp:log_message] [INFO]- "POST /sys/api/auth/ HTTP/1.1" 200 65
[2020-09-24 14:37:43,505] [basehttp.py:157] [basehttp:log_message] [INFO]- "POST /sys/api/auth/ HTTP/1.1" 200 65
[2020-09-24 14:38:00,175] [basehttp.py:157] [basehttp:log_message] [INFO]- "POST /sys/api/auth/ HTTP/1.1" 200 65
[2020-09-24 14:41:20,313] [basehttp.py:157] [basehttp:log_message] [INFO]- "POST /sys/api/auth/ HTTP/1.1" 200 65
[2020-09-24 14:42:17,778] [basehttp.py:157] [basehttp:log_message] [INFO]- "POST /sys/api/auth/ HTTP/1.1" 200 65
[2020-09-24 14:56:21,473] [basehttp.py:157] [basehttp:log_message] [INFO]- "POST /sys/api/auth/ HTTP/1.1" 200 65
[2020-09-24 14:56:21,738] [basehttp.py:157] [basehttp:log_message] [INFO]- "POST /sys/api/auth/ HTTP/1.1" 200 65
[2020-09-24 14:56:26,513] [basehttp.py:157] [basehttp:log_message] [INFO]- "POST /sys/api/auth/ HTTP/1.1" 200 65
[2020-09-24 14:58:31,754] [basehttp.py:157] [basehttp:log_message] [INFO]- "POST /sys/api/auth/ HTTP/1.1" 200 65
[2020-09-24 14:58:32,014] [basehttp.py:157] [basehttp:log_message] [INFO]- "POST /sys/api/auth/ HTTP/1.1" 200 65
[2020-09-24 14:58:43,698] [basehttp.py:157] [basehttp:log_message] [INFO]- "POST /sys/api/auth/ HTTP/1.1" 200 65
[2020-09-24 14:58:43,763] [basehttp.py:157] [basehttp:log_message] [INFO]- "GET /sys/api/user/role/?username=wl&application=automation&type=button HTTP/1.1" 200 2
[2020-09-24 14:58:43,765] [basehttp.py:157] [basehttp:log_message] [INFO]- "GET /sys/api/user/role/?username=wl&application=automation&type=menu HTTP/1.1" 200 6536
[2020-09-24 14:58:43,947] [basehttp.py:157] [basehttp:log_message] [INFO]- "POST /sys/api/auth/ HTTP/1.1" 200 65
[2020-09-24 14:58:45,868] [basehttp.py:157] [basehttp:log_message] [INFO]- "POST /sys/api/auth/ HTTP/1.1" 200 65
[2020-09-24 14:58:55,920] [basehttp.py:157] [basehttp:log_message] [INFO]- "POST /sys/api/auth/ HTTP/1.1" 200 65
[2020-09-24 15:02:36,018] [basehttp.py:157] [basehttp:log_message] [INFO]- "POST /sys/api/auth/ HTTP/1.1" 200 65
[2020-09-24 15:03:31,835] [basehttp.py:157] [basehttp:log_message] [INFO]- "POST /sys/api/auth/ HTTP/1.1" 200 65
[2020-09-24 15:03:31,913] [basehttp.py:157] [basehttp:log_message] [INFO]- "GET /sys/api/user/role/?username=wl&application=automation&type=button HTTP/1.1" 200 2
[2020-09-24 15:03:31,914] [basehttp.py:157] [basehttp:log_message] [INFO]- "GET /sys/api/user/role/?username=wl&application=automation&type=menu HTTP/1.1" 200 6536
[2020-09-24 15:03:32,058] [basehttp.py:157] [basehttp:log_message] [INFO]- "POST /sys/api/auth/ HTTP/1.1" 200 65
[2020-09-24 15:03:35,822] [basehttp.py:157] [basehttp:log_message] [INFO]- "POST /sys/api/auth/ HTTP/1.1" 200 65
[2020-09-24 15:06:42,602] [basehttp.py:157] [basehttp:log_message] [INFO]- "POST /sys/api/auth/ HTTP/1.1" 200 65
[2020-09-24 15:19:45,089] [basehttp.py:157] [basehttp:log_message] [INFO]- "POST /sys/api/auth/ HTTP/1.1" 200 65
[2020-09-24 15:20:21,527] [basehttp.py:157] [basehttp:log_message] [INFO]- "POST /sys/api/auth/ HTTP/1.1" 200 65
[2020-09-24 15:20:21,609] [basehttp.py:157] [basehttp:log_message] [INFO]- "GET /sys/api/user/role/?username=wl&application=automation&type=button HTTP/1.1" 200 2
[2020-09-24 15:20:21,612] [basehttp.py:157] [basehttp:log_message] [INFO]- "GET /sys/api/user/role/?username=wl&application=automation&type=menu HTTP/1.1" 200 6536
[2020-09-24 15:20:21,915] [basehttp.py:157] [basehttp:log_message] [INFO]- "POST /sys/api/auth/ HTTP/1.1" 200 65
[2020-09-24 15:20:28,127] [basehttp.py:157] [basehttp:log_message] [INFO]- "POST /sys/api/auth/ HTTP/1.1" 200 65
[2020-09-24 15:20:37,369] [basehttp.py:157] [basehttp:log_message] [INFO]- "POST /sys/api/auth/ HTTP/1.1" 200 65
[2020-09-24 15:21:21,034] [basehttp.py:157] [basehttp:log_message] [INFO]- "POST /sys/api/auth/ HTTP/1.1" 200 65
[2020-09-24 15:25:38,535] [basehttp.py:157] [basehttp:log_message] [INFO]- "POST /sys/api/auth/ HTTP/1.1" 200 65
[2020-09-24 15:25:38,847] [basehttp.py:157] [basehttp:log_message] [INFO]- "POST /sys/api/auth/ HTTP/1.1" 200 65
[2020-09-24 15:25:45,173] [basehttp.py:157] [basehttp:log_message] [INFO]- "POST /sys/api/auth/ HTTP/1.1" 200 65
[2020-09-24 15:25:57,406] [basehttp.py:157] [basehttp:log_message] [INFO]- "POST /sys/api/auth/ HTTP/1.1" 200 65
[2020-09-24 15:26:29,393] [basehttp.py:157] [basehttp:log_message] [INFO]- "POST /sys/api/auth/ HTTP/1.1" 200 65
[2020-09-24 15:27:51,198] [basehttp.py:157] [basehttp:log_message] [INFO]- "POST /sys/api/auth/ HTTP/1.1" 200 65
[2020-09-24 15:27:51,422] [basehttp.py:157] [basehttp:log_message] [INFO]- "POST /sys/api/auth/ HTTP/1.1" 200 65
[2020-09-24 15:28:33,759] [basehttp.py:157] [basehttp:log_message] [INFO]- "POST /sys/api/auth/ HTTP/1.1" 200 65
[2020-09-24 15:28:33,973] [basehttp.py:157] [basehttp:log_message] [INFO]- "POST /sys/api/auth/ HTTP/1.1" 200 65
[2020-09-24 15:28:41,229] [basehttp.py:157] [basehttp:log_message] [INFO]- "POST /sys/api/auth/ HTTP/1.1" 200 65
[2020-09-24 15:28:41,274] [basehttp.py:157] [basehttp:log_message] [INFO]- "GET /sys/api/user/role/?username=wl&application=automation&type=menu HTTP/1.1" 200 6536
[2020-09-24 15:28:41,289] [basehttp.py:157] [basehttp:log_message] [INFO]- "GET /sys/api/user/role/?username=wl&application=automation&type=button HTTP/1.1" 200 2
[2020-09-24 15:28:41,495] [basehttp.py:157] [basehttp:log_message] [INFO]- "POST /sys/api/auth/ HTTP/1.1" 200 65
[2020-09-24 15:29:20,258] [basehttp.py:157] [basehttp:log_message] [INFO]- "POST /sys/api/auth/ HTTP/1.1" 200 65
[2020-09-24 15:29:20,544] [basehttp.py:157] [basehttp:log_message] [INFO]- "POST /sys/api/auth/ HTTP/1.1" 200 65
[2020-09-24 15:29:33,729] [basehttp.py:157] [basehttp:log_message] [INFO]- "POST /sys/api/auth/ HTTP/1.1" 200 65
[2020-09-24 15:29:33,795] [basehttp.py:157] [basehttp:log_message] [INFO]- "GET /sys/api/user/role/?username=wl&application=automation&type=button HTTP/1.1" 200 2
[2020-09-24 15:29:33,796] [basehttp.py:157] [basehttp:log_message] [INFO]- "GET /sys/api/user/role/?username=wl&application=automation&type=menu HTTP/1.1" 200 6536
[2020-09-24 15:29:33,984] [basehttp.py:157] [basehttp:log_message] [INFO]- "POST /sys/api/auth/ HTTP/1.1" 200 65
[2020-09-24 15:30:29,473] [basehttp.py:157] [basehttp:log_message] [INFO]- "POST /sys/api/auth/ HTTP/1.1" 200 65
[2020-09-24 15:30:29,695] [basehttp.py:157] [basehttp:log_message] [INFO]- "POST /sys/api/auth/ HTTP/1.1" 200 65
[2020-09-24 15:30:37,577] [basehttp.py:157] [basehttp:log_message] [INFO]- "POST /sys/api/auth/ HTTP/1.1" 200 65
[2020-09-24 15:30:37,655] [basehttp.py:157] [basehttp:log_message] [INFO]- "GET /sys/api/user/role/?username=wl&application=automation&type=menu HTTP/1.1" 200 6536
[2020-09-24 15:30:37,662] [basehttp.py:157] [basehttp:log_message] [INFO]- "GET /sys/api/user/role/?username=wl&application=automation&type=button HTTP/1.1" 200 2
[2020-09-24 15:30:37,857] [basehttp.py:157] [basehttp:log_message] [INFO]- "POST /sys/api/auth/ HTTP/1.1" 200 65
[2020-09-24 15:30:40,311] [basehttp.py:157] [basehttp:log_message] [INFO]- "POST /sys/api/auth/ HTTP/1.1" 200 65
[2020-09-24 15:30:51,889] [basehttp.py:157] [basehttp:log_message] [INFO]- "POST /sys/api/auth/ HTTP/1.1" 200 65
[2020-09-24 15:30:54,979] [basehttp.py:157] [basehttp:log_message] [INFO]- "POST /sys/api/auth/ HTTP/1.1" 200 65
[2020-09-24 15:31:04,990] [basehttp.py:157] [basehttp:log_message] [INFO]- "POST /sys/api/auth/ HTTP/1.1" 200 65
[2020-09-24 15:31:12,546] [basehttp.py:157] [basehttp:log_message] [INFO]- "POST /sys/api/auth/ HTTP/1.1" 200 65
[2020-09-24 15:32:02,275] [basehttp.py:157] [basehttp:log_message] [INFO]- "POST /sys/api/auth/ HTTP/1.1" 200 65
[2020-09-24 15:32:02,487] [basehttp.py:157] [basehttp:log_message] [INFO]- "POST /sys/api/auth/ HTTP/1.1" 200 65
[2020-09-24 15:34:16,198] [basehttp.py:157] [basehttp:log_message] [INFO]- "POST /sys/api/auth/ HTTP/1.1" 200 65
[2020-09-24 15:34:16,429] [basehttp.py:157] [basehttp:log_message] [INFO]- "POST /sys/api/auth/ HTTP/1.1" 200 65
[2020-09-24 15:37:43,427] [basehttp.py:157] [basehttp:log_message] [INFO]- "POST /sys/api/auth/ HTTP/1.1" 200 65
[2020-09-24 15:37:53,481] [basehttp.py:157] [basehttp:log_message] [INFO]- "POST /sys/api/auth/ HTTP/1.1" 200 65
[2020-09-24 15:38:39,821] [basehttp.py:157] [basehttp:log_message] [INFO]- "POST /sys/api/auth/ HTTP/1.1" 200 65
[2020-09-24 15:44:08,426] [basehttp.py:157] [basehttp:log_message] [INFO]- "POST /sys/api/auth/ HTTP/1.1" 200 65
[2020-09-24 15:44:34,914] [basehttp.py:157] [basehttp:log_message] [INFO]- "POST /sys/api/auth/ HTTP/1.1" 200 65
[2020-09-24 15:44:34,996] [basehttp.py:157] [basehttp:log_message] [INFO]- "GET /sys/api/user/role/?username=wl&application=automation&type=menu HTTP/1.1" 200 6536
[2020-09-24 15:44:35,014] [basehttp.py:157] [basehttp:log_message] [INFO]- "GET /sys/api/user/role/?username=wl&application=automation&type=button HTTP/1.1" 200 2
[2020-09-24 15:44:35,275] [basehttp.py:157] [basehttp:log_message] [INFO]- "POST /sys/api/auth/ HTTP/1.1" 200 65
[2020-09-24 15:44:38,363] [basehttp.py:157] [basehttp:log_message] [INFO]- "POST /sys/api/auth/ HTTP/1.1" 200 65
[2020-09-24 15:44:49,531] [basehttp.py:157] [basehttp:log_message] [INFO]- "POST /sys/api/auth/ HTTP/1.1" 200 65
[2020-09-24 15:45:00,200] [basehttp.py:157] [basehttp:log_message] [INFO]- "POST /sys/api/auth/ HTTP/1.1" 200 65
[2020-09-24 15:45:08,244] [basehttp.py:157] [basehttp:log_message] [INFO]- "POST /sys/api/auth/ HTTP/1.1" 200 65
[2020-09-24 15:45:24,642] [basehttp.py:157] [basehttp:log_message] [INFO]- "POST /sys/api/auth/ HTTP/1.1" 200 65
[2020-09-24 15:45:27,305] [basehttp.py:157] [basehttp:log_message] [INFO]- "POST /sys/api/auth/ HTTP/1.1" 200 65
[2020-09-24 15:49:20,684] [basehttp.py:157] [basehttp:log_message] [INFO]- "POST /sys/api/auth/ HTTP/1.1" 200 65
[2020-09-24 15:49:20,746] [basehttp.py:157] [basehttp:log_message] [INFO]- "GET /sys/api/user/role/?username=wl&application=automation&type=menu HTTP/1.1" 200 6536
[2020-09-24 15:49:20,746] [basehttp.py:157] [basehttp:log_message] [INFO]- "GET /sys/api/user/role/?username=wl&application=automation&type=button HTTP/1.1" 200 2
[2020-09-24 15:49:21,000] [basehttp.py:157] [basehttp:log_message] [INFO]- "POST /sys/api/auth/ HTTP/1.1" 200 65
[2020-09-24 15:49:25,687] [basehttp.py:157] [basehttp:log_message] [INFO]- "POST /sys/api/auth/ HTTP/1.1" 200 65
[2020-09-24 15:49:34,032] [basehttp.py:157] [basehttp:log_message] [INFO]- "POST /sys/api/auth/ HTTP/1.1" 200 65
[2020-09-24 15:49:36,184] [basehttp.py:157] [basehttp:log_message] [INFO]- "POST /sys/api/auth/ HTTP/1.1" 200 65
[2020-09-24 15:49:40,173] [basehttp.py:157] [basehttp:log_message] [INFO]- "POST /sys/api/auth/ HTTP/1.1" 200 65
[2020-09-24 15:52:20,534] [basehttp.py:157] [basehttp:log_message] [INFO]- "GET /sys/api/user/role/?username=wl&application=automation&type=menu HTTP/1.1" 200 6536
[2020-09-24 15:52:20,563] [basehttp.py:157] [basehttp:log_message] [INFO]- "GET /sys/api/user/role/?username=wl&application=automation&type=button HTTP/1.1" 200 2
[2020-09-24 15:52:29,780] [basehttp.py:157] [basehttp:log_message] [INFO]- "POST /sys/api/auth/ HTTP/1.1" 200 65
[2020-09-24 15:52:30,070] [basehttp.py:157] [basehttp:log_message] [INFO]- "POST /sys/api/auth/ HTTP/1.1" 200 65
[2020-09-24 15:52:32,682] [basehttp.py:157] [basehttp:log_message] [INFO]- "POST /sys/api/auth/ HTTP/1.1" 200 65
[2020-09-24 15:52:40,081] [basehttp.py:157] [basehttp:log_message] [INFO]- "POST /sys/api/auth/ HTTP/1.1" 200 65
[2020-09-24 15:52:41,651] [basehttp.py:157] [basehttp:log_message] [INFO]- "POST /sys/api/auth/ HTTP/1.1" 200 65
[2020-09-24 15:52:43,316] [basehttp.py:157] [basehttp:log_message] [INFO]- "POST /sys/api/auth/ HTTP/1.1" 200 65
[2020-09-24 15:53:18,294] [basehttp.py:157] [basehttp:log_message] [INFO]- "POST /sys/api/auth/ HTTP/1.1" 200 65
[2020-09-24 15:56:50,471] [basehttp.py:157] [basehttp:log_message] [INFO]- "POST /sys/api/auth/ HTTP/1.1" 200 65
[2020-09-24 15:56:57,630] [basehttp.py:157] [basehttp:log_message] [INFO]- "POST /sys/api/auth/ HTTP/1.1" 200 65
[2020-09-24 16:00:08,232] [basehttp.py:157] [basehttp:log_message] [INFO]- "POST /sys/api/auth/ HTTP/1.1" 200 65
[2020-09-24 16:00:08,281] [basehttp.py:157] [basehttp:log_message] [INFO]- "GET /sys/api/user/role/?username=wl&application=automation&type=button HTTP/1.1" 200 2
[2020-09-24 16:00:08,303] [basehttp.py:157] [basehttp:log_message] [INFO]- "GET /sys/api/user/role/?username=wl&application=automation&type=menu HTTP/1.1" 200 6536
[2020-09-24 16:00:08,504] [basehttp.py:157] [basehttp:log_message] [INFO]- "POST /sys/api/auth/ HTTP/1.1" 200 65
[2020-09-24 16:00:09,873] [basehttp.py:157] [basehttp:log_message] [INFO]- "POST /sys/api/auth/ HTTP/1.1" 200 65
[2020-09-24 16:00:17,134] [basehttp.py:157] [basehttp:log_message] [INFO]- "POST /sys/api/auth/ HTTP/1.1" 200 65
[2020-09-24 16:00:19,791] [basehttp.py:157] [basehttp:log_message] [INFO]- "POST /sys/api/auth/ HTTP/1.1" 200 65
[2020-09-24 16:00:41,639] [basehttp.py:157] [basehttp:log_message] [INFO]- "POST /sys/api/auth/ HTTP/1.1" 200 65
[2020-09-24 16:00:41,719] [basehttp.py:157] [basehttp:log_message] [INFO]- "GET /sys/api/user/role/?username=wl&application=automation&type=button HTTP/1.1" 200 2
[2020-09-24 16:00:41,721] [basehttp.py:157] [basehttp:log_message] [INFO]- "GET /sys/api/user/role/?username=wl&application=automation&type=menu HTTP/1.1" 200 6536
[2020-09-24 16:00:41,926] [basehttp.py:157] [basehttp:log_message] [INFO]- "POST /sys/api/auth/ HTTP/1.1" 200 65
[2020-09-24 16:00:43,344] [basehttp.py:157] [basehttp:log_message] [INFO]- "POST /sys/api/auth/ HTTP/1.1" 200 65
[2020-09-24 16:00:50,191] [basehttp.py:157] [basehttp:log_message] [INFO]- "POST /sys/api/auth/ HTTP/1.1" 200 65
[2020-09-24 16:01:37,383] [basehttp.py:157] [basehttp:log_message] [INFO]- "POST /sys/api/auth/ HTTP/1.1" 200 65
[2020-09-24 16:01:37,601] [basehttp.py:157] [basehttp:log_message] [INFO]- "POST /sys/api/auth/ HTTP/1.1" 200 65
[2020-09-24 16:01:40,655] [basehttp.py:157] [basehttp:log_message] [INFO]- "POST /sys/api/auth/ HTTP/1.1" 200 65
[2020-09-24 16:01:51,179] [basehttp.py:157] [basehttp:log_message] [INFO]- "POST /sys/api/auth/ HTTP/1.1" 200 65
[2020-09-24 16:02:53,618] [basehttp.py:157] [basehttp:log_message] [INFO]- "POST /sys/api/auth/ HTTP/1.1" 200 65
[2020-09-24 16:02:53,633] [basehttp.py:157] [basehttp:log_message] [INFO]- "GET /sys/api/user/role/?username=wl&application=automation&type=menu HTTP/1.1" 200 6536
[2020-09-24 16:02:53,655] [basehttp.py:157] [basehttp:log_message] [INFO]- "GET /sys/api/user/role/?username=wl&application=automation&type=button HTTP/1.1" 200 2
[2020-09-24 16:02:54,081] [basehttp.py:157] [basehttp:log_message] [INFO]- "POST /sys/api/auth/ HTTP/1.1" 200 65
[2020-09-24 16:03:53,867] [basehttp.py:157] [basehttp:log_message] [INFO]- "POST /sys/api/auth/ HTTP/1.1" 200 65
[2020-09-24 16:03:54,907] [basehttp.py:157] [basehttp:log_message] [INFO]- "POST /sys/api/auth/ HTTP/1.1" 200 65
[2020-09-24 16:04:17,122] [basehttp.py:157] [basehttp:log_message] [INFO]- "POST /sys/api/auth/ HTTP/1.1" 200 65
[2020-09-24 16:04:17,342] [basehttp.py:157] [basehttp:log_message] [INFO]- "POST /sys/api/auth/ HTTP/1.1" 200 65
[2020-09-24 16:04:20,169] [basehttp.py:157] [basehttp:log_message] [INFO]- "POST /sys/api/auth/ HTTP/1.1" 200 65
[2020-09-24 16:04:27,864] [basehttp.py:157] [basehttp:log_message] [INFO]- "POST /sys/api/auth/ HTTP/1.1" 200 65
[2020-09-24 16:06:13,364] [basehttp.py:157] [basehttp:log_message] [INFO]- "POST /sys/api/auth/ HTTP/1.1" 200 65
[2020-09-24 16:06:13,577] [basehttp.py:157] [basehttp:log_message] [INFO]- "POST /sys/api/auth/ HTTP/1.1" 200 65
[2020-09-24 16:06:15,066] [basehttp.py:157] [basehttp:log_message] [INFO]- "POST /sys/api/auth/ HTTP/1.1" 200 65
[2020-09-24 16:06:22,426] [basehttp.py:157] [basehttp:log_message] [INFO]- "POST /sys/api/auth/ HTTP/1.1" 200 65
[2020-09-24 16:06:47,869] [basehttp.py:157] [basehttp:log_message] [INFO]- "POST /sys/api/auth/ HTTP/1.1" 200 65
[2020-09-24 16:06:48,065] [basehttp.py:157] [basehttp:log_message] [INFO]- "POST /sys/api/auth/ HTTP/1.1" 200 65
[2020-09-24 16:06:49,735] [basehttp.py:157] [basehttp:log_message] [INFO]- "POST /sys/api/auth/ HTTP/1.1" 200 65
[2020-09-24 16:06:56,766] [basehttp.py:157] [basehttp:log_message] [INFO]- "POST /sys/api/auth/ HTTP/1.1" 200 65
[2020-09-24 16:07:22,638] [basehttp.py:157] [basehttp:log_message] [INFO]- "POST /sys/api/auth/ HTTP/1.1" 200 65
[2020-09-24 16:07:22,682] [basehttp.py:157] [basehttp:log_message] [INFO]- "GET /sys/api/user/role/?username=wl&application=automation&type=button HTTP/1.1" 200 2
[2020-09-24 16:07:22,682] [basehttp.py:157] [basehttp:log_message] [INFO]- "GET /sys/api/user/role/?username=wl&application=automation&type=menu HTTP/1.1" 200 6536
[2020-09-24 16:07:22,954] [basehttp.py:157] [basehttp:log_message] [INFO]- "POST /sys/api/auth/ HTTP/1.1" 200 65
[2020-09-24 16:07:24,254] [basehttp.py:157] [basehttp:log_message] [INFO]- "POST /sys/api/auth/ HTTP/1.1" 200 65
[2020-09-24 16:07:31,030] [basehttp.py:157] [basehttp:log_message] [INFO]- "POST /sys/api/auth/ HTTP/1.1" 200 65
[2020-09-24 16:07:51,102] [basehttp.py:157] [basehttp:log_message] [INFO]- "POST /sys/api/auth/ HTTP/1.1" 200 65
[2020-09-24 16:07:51,349] [basehttp.py:157] [basehttp:log_message] [INFO]- "POST /sys/api/auth/ HTTP/1.1" 200 65
[2020-09-24 16:07:58,660] [basehttp.py:157] [basehttp:log_message] [INFO]- "POST /sys/api/auth/ HTTP/1.1" 200 65
[2020-09-24 16:07:58,896] [basehttp.py:157] [basehttp:log_message] [INFO]- "POST /sys/api/auth/ HTTP/1.1" 200 65
[2020-09-24 16:07:59,665] [basehttp.py:157] [basehttp:log_message] [INFO]- "POST /sys/api/auth/ HTTP/1.1" 200 65
[2020-09-24 16:08:06,387] [basehttp.py:157] [basehttp:log_message] [INFO]- "POST /sys/api/auth/ HTTP/1.1" 200 65
[2020-09-24 16:08:23,567] [basehttp.py:157] [basehttp:log_message] [INFO]- "POST /sys/api/auth/ HTTP/1.1" 200 65
[2020-09-24 16:09:01,514] [basehttp.py:157] [basehttp:log_message] [INFO]- "POST /sys/api/auth/ HTTP/1.1" 200 65
[2020-09-24 16:09:01,781] [basehttp.py:157] [basehttp:log_message] [INFO]- "POST /sys/api/auth/ HTTP/1.1" 200 65
[2020-09-24 16:09:02,067] [basehttp.py:157] [basehttp:log_message] [INFO]- "POST /sys/api/auth/ HTTP/1.1" 200 65
[2020-09-24 16:16:03,403] [log.py:222] [log:log_response] [WARNING]- Unauthorized: /sys/api/auth/
[2020-09-24 16:16:03,442] [basehttp.py:157] [basehttp:log_message] [WARNING]- "POST /sys/api/auth/ HTTP/1.1" 401 28
[2020-09-24 16:25:10,414] [basehttp.py:157] [basehttp:log_message] [INFO]- "POST /sys/api/auth/ HTTP/1.1" 200 65
[2020-09-24 16:25:13,875] [basehttp.py:157] [basehttp:log_message] [INFO]- "GET /sys/api/user/role/?username=wl&application=automation&type=menu HTTP/1.1" 200 6536
[2020-09-24 16:25:13,876] [basehttp.py:157] [basehttp:log_message] [INFO]- "GET /sys/api/user/role/?username=wl&application=automation&type=button HTTP/1.1" 200 2
[2020-09-24 16:25:16,007] [basehttp.py:157] [basehttp:log_message] [INFO]- "POST /sys/api/auth/ HTTP/1.1" 200 65
[2020-09-24 16:25:16,321] [basehttp.py:157] [basehttp:log_message] [INFO]- "POST /sys/api/auth/ HTTP/1.1" 200 65
[2020-09-24 16:25:18,437] [basehttp.py:157] [basehttp:log_message] [INFO]- "POST /sys/api/auth/ HTTP/1.1" 200 65
[2020-09-24 16:25:21,948] [basehttp.py:157] [basehttp:log_message] [INFO]- "POST /sys/api/auth/ HTTP/1.1" 200 65
[2020-09-24 16:25:25,129] [basehttp.py:157] [basehttp:log_message] [INFO]- "POST /sys/api/auth/ HTTP/1.1" 200 65
[2020-09-24 16:25:44,305] [log.py:222] [log:log_response] [WARNING]- Unauthorized: /sys/api/auth/
[2020-09-24 16:25:44,306] [basehttp.py:157] [basehttp:log_message] [WARNING]- "POST /sys/api/auth/ HTTP/1.1" 401 28
[2020-09-24 16:27:19,816] [basehttp.py:157] [basehttp:log_message] [INFO]- "POST /sys/api/auth/ HTTP/1.1" 200 65
[2020-09-24 16:27:23,119] [basehttp.py:157] [basehttp:log_message] [INFO]- "GET /sys/api/user/role/?username=wl&application=automation&type=menu HTTP/1.1" 200 6536
[2020-09-24 16:27:23,131] [basehttp.py:157] [basehttp:log_message] [INFO]- "GET /sys/api/user/role/?username=wl&application=automation&type=button HTTP/1.1" 200 2
[2020-09-24 16:27:25,126] [basehttp.py:157] [basehttp:log_message] [INFO]- "POST /sys/api/auth/ HTTP/1.1" 200 65
[2020-09-24 16:27:25,377] [basehttp.py:157] [basehttp:log_message] [INFO]- "POST /sys/api/auth/ HTTP/1.1" 200 65
[2020-09-24 16:27:26,513] [basehttp.py:157] [basehttp:log_message] [INFO]- "POST /sys/api/auth/ HTTP/1.1" 200 65
[2020-09-24 16:27:44,094] [log.py:222] [log:log_response] [WARNING]- Unauthorized: /sys/api/auth/
[2020-09-24 16:27:44,096] [basehttp.py:157] [basehttp:log_message] [WARNING]- "POST /sys/api/auth/ HTTP/1.1" 401 28
[2020-09-24 16:28:41,649] [basehttp.py:157] [basehttp:log_message] [INFO]- "POST /sys/api/auth/ HTTP/1.1" 200 65
[2020-09-24 16:28:45,264] [basehttp.py:157] [basehttp:log_message] [INFO]- "GET /sys/api/user/role/?username=wl&application=automation&type=button HTTP/1.1" 200 2
[2020-09-24 16:28:45,264] [basehttp.py:157] [basehttp:log_message] [INFO]- "GET /sys/api/user/role/?username=wl&application=automation&type=menu HTTP/1.1" 200 6536
[2020-09-24 16:28:47,451] [basehttp.py:157] [basehttp:log_message] [INFO]- "POST /sys/api/auth/ HTTP/1.1" 200 65
[2020-09-24 16:28:47,681] [basehttp.py:157] [basehttp:log_message] [INFO]- "POST /sys/api/auth/ HTTP/1.1" 200 65
[2020-09-24 16:28:50,345] [basehttp.py:157] [basehttp:log_message] [INFO]- "POST /sys/api/auth/ HTTP/1.1" 200 65
[2020-09-24 16:29:23,246] [log.py:222] [log:log_response] [WARNING]- Unauthorized: /sys/api/auth/
[2020-09-24 16:29:23,246] [basehttp.py:157] [basehttp:log_message] [WARNING]- "POST /sys/api/auth/ HTTP/1.1" 401 28
[2020-09-24 16:30:31,794] [basehttp.py:157] [basehttp:log_message] [INFO]- "POST /sys/api/auth/ HTTP/1.1" 200 65
[2020-09-24 16:30:37,373] [basehttp.py:157] [basehttp:log_message] [INFO]- "GET /sys/api/user/role/?username=wl&application=automation&type=menu HTTP/1.1" 200 6536
[2020-09-24 16:30:37,391] [basehttp.py:157] [basehttp:log_message] [INFO]- "GET /sys/api/user/role/?username=wl&application=automation&type=button HTTP/1.1" 200 2
[2020-09-24 16:30:41,706] [basehttp.py:157] [basehttp:log_message] [INFO]- "POST /sys/api/auth/ HTTP/1.1" 200 65
[2020-09-24 16:30:41,922] [basehttp.py:157] [basehttp:log_message] [INFO]- "POST /sys/api/auth/ HTTP/1.1" 200 65
[2020-09-24 16:30:43,224] [basehttp.py:157] [basehttp:log_message] [INFO]- "POST /sys/api/auth/ HTTP/1.1" 200 65
[2020-09-24 16:31:01,022] [log.py:222] [log:log_response] [WARNING]- Unauthorized: /sys/api/auth/
[2020-09-24 16:31:01,022] [basehttp.py:157] [basehttp:log_message] [WARNING]- "POST /sys/api/auth/ HTTP/1.1" 401 28
[2020-09-24 16:31:24,363] [basehttp.py:157] [basehttp:log_message] [INFO]- "POST /sys/api/auth/ HTTP/1.1" 200 65
[2020-09-24 16:31:32,203] [basehttp.py:157] [basehttp:log_message] [INFO]- "GET /sys/api/user/role/?username=wl&application=monitor&type=menu HTTP/1.1" 200 10324
[2020-09-24 16:31:32,203] [basehttp.py:157] [basehttp:log_message] [INFO]- "GET /sys/api/user/role/?username=wl&application=monitor&type=button HTTP/1.1" 200 2
[2020-09-24 16:33:00,480] [log.py:222] [log:log_response] [WARNING]- Forbidden: /sys/api/user/role/
[2020-09-24 16:33:00,482] [log.py:222] [log:log_response] [WARNING]- Forbidden: /sys/api/user/role/
[2020-09-24 16:33:01,671] [basehttp.py:157] [basehttp:log_message] [WARNING]- "GET /sys/api/user/role/?username=wl&application=monitor&type=button HTTP/1.1" 403 31
[2020-09-24 16:33:01,671] [basehttp.py:157] [basehttp:log_message] [WARNING]- "GET /sys/api/user/role/?username=wl&application=monitor&type=menu HTTP/1.1" 403 31
[2020-09-24 16:33:10,064] [basehttp.py:157] [basehttp:log_message] [INFO]- "POST /sys/api/auth/ HTTP/1.1" 200 65
[2020-09-24 16:33:14,083] [basehttp.py:157] [basehttp:log_message] [INFO]- "GET /sys/api/user/role/?username=wl&application=automation&type=button HTTP/1.1" 200 2
[2020-09-24 16:33:14,083] [basehttp.py:157] [basehttp:log_message] [INFO]- "GET /sys/api/user/role/?username=wl&application=automation&type=menu HTTP/1.1" 200 6536
[2020-09-24 16:33:17,423] [basehttp.py:157] [basehttp:log_message] [INFO]- "POST /sys/api/auth/ HTTP/1.1" 200 65
[2020-09-24 16:33:17,725] [basehttp.py:157] [basehttp:log_message] [INFO]- "POST /sys/api/auth/ HTTP/1.1" 200 65
[2020-09-24 16:33:32,516] [log.py:222] [log:log_response] [WARNING]- Unauthorized: /sys/api/auth/
[2020-09-24 16:33:32,517] [basehttp.py:157] [basehttp:log_message] [WARNING]- "POST /sys/api/auth/ HTTP/1.1" 401 28
[2020-09-24 16:36:20,590] [basehttp.py:157] [basehttp:log_message] [INFO]- "POST /sys/api/auth/ HTTP/1.1" 200 65
[2020-09-24 16:36:24,923] [basehttp.py:157] [basehttp:log_message] [INFO]- "GET /sys/api/user/role/?username=wl&application=monitor&type=menu HTTP/1.1" 200 10324
[2020-09-24 16:36:24,926] [basehttp.py:157] [basehttp:log_message] [INFO]- "GET /sys/api/user/role/?username=wl&application=monitor&type=button HTTP/1.1" 200 2
[2020-09-24 16:36:40,166] [basehttp.py:157] [basehttp:log_message] [INFO]- "POST /sys/api/auth/ HTTP/1.1" 200 65
[2020-09-24 16:37:23,541] [basehttp.py:157] [basehttp:log_message] [INFO]- "POST /sys/api/auth/ HTTP/1.1" 200 65
[2020-09-24 16:37:33,596] [basehttp.py:157] [basehttp:log_message] [INFO]- "POST /sys/api/auth/ HTTP/1.1" 200 65
[2020-09-24 16:37:47,323] [basehttp.py:157] [basehttp:log_message] [INFO]- "POST /sys/api/auth/ HTTP/1.1" 200 65
[2020-09-24 16:39:52,697] [basehttp.py:157] [basehttp:log_message] [INFO]- "POST /sys/api/auth/ HTTP/1.1" 200 65
[2020-09-24 16:40:12,800] [basehttp.py:157] [basehttp:log_message] [INFO]- "GET /sys/api/user/role/?username=wl&application=automation&type=button HTTP/1.1" 200 2
[2020-09-24 16:40:12,801] [basehttp.py:157] [basehttp:log_message] [INFO]- "GET /sys/api/user/role/?username=wl&application=automation&type=menu HTTP/1.1" 200 6536
[2020-09-24 16:40:26,698] [basehttp.py:157] [basehttp:log_message] [INFO]- "POST /sys/api/auth/ HTTP/1.1" 200 65
[2020-09-24 16:40:27,154] [basehttp.py:157] [basehttp:log_message] [INFO]- "POST /sys/api/auth/ HTTP/1.1" 200 65
[2020-09-24 16:41:07,707] [log.py:222] [log:log_response] [WARNING]- Unauthorized: /sys/api/auth/
[2020-09-24 16:41:08,036] [basehttp.py:157] [basehttp:log_message] [WARNING]- "POST /sys/api/auth/ HTTP/1.1" 401 28
[2020-09-24 16:42:26,596] [basehttp.py:157] [basehttp:log_message] [INFO]- "POST /sys/api/auth/ HTTP/1.1" 200 65
[2020-09-24 16:43:52,215] [basehttp.py:157] [basehttp:log_message] [INFO]- "GET /sys/api/user/role/?username=wl&application=automation&type=menu HTTP/1.1" 200 6536
[2020-09-24 16:43:52,216] [basehttp.py:157] [basehttp:log_message] [INFO]- "GET /sys/api/user/role/?username=wl&application=automation&type=button HTTP/1.1" 200 2
[2020-09-24 16:43:56,285] [basehttp.py:157] [basehttp:log_message] [INFO]- "POST /sys/api/auth/ HTTP/1.1" 200 65
[2020-09-24 16:43:57,514] [basehttp.py:157] [basehttp:log_message] [INFO]- "POST /sys/api/auth/ HTTP/1.1" 200 65
[2020-09-24 16:44:32,578] [log.py:222] [log:log_response] [WARNING]- Unauthorized: /sys/api/auth/
[2020-09-24 16:44:32,579] [basehttp.py:157] [basehttp:log_message] [WARNING]- "POST /sys/api/auth/ HTTP/1.1" 401 28
[2020-09-24 16:46:13,063] [basehttp.py:157] [basehttp:log_message] [INFO]- "POST /sys/api/auth/ HTTP/1.1" 200 65
[2020-09-24 16:46:25,879] [basehttp.py:157] [basehttp:log_message] [INFO]- "GET /sys/api/user/role/?username=wl&application=automation&type=menu HTTP/1.1" 200 6536
[2020-09-24 16:46:25,880] [basehttp.py:157] [basehttp:log_message] [INFO]- "GET /sys/api/user/role/?username=wl&application=automation&type=button HTTP/1.1" 200 2
[2020-09-24 16:46:29,455] [basehttp.py:157] [basehttp:log_message] [INFO]- "POST /sys/api/auth/ HTTP/1.1" 200 65
[2020-09-24 16:46:30,335] [basehttp.py:157] [basehttp:log_message] [INFO]- "POST /sys/api/auth/ HTTP/1.1" 200 65
[2020-09-24 16:46:44,884] [log.py:222] [log:log_response] [WARNING]- Unauthorized: /sys/api/auth/
[2020-09-24 16:46:45,065] [basehttp.py:157] [basehttp:log_message] [WARNING]- "POST /sys/api/auth/ HTTP/1.1" 401 28
[2020-09-24 16:47:33,286] [basehttp.py:157] [basehttp:log_message] [INFO]- "POST /sys/api/auth/ HTTP/1.1" 200 65
[2020-09-24 16:47:38,278] [basehttp.py:157] [basehttp:log_message] [INFO]- "GET /sys/api/user/role/?username=wl&application=automation&type=menu HTTP/1.1" 200 6536
[2020-09-24 16:47:38,279] [basehttp.py:157] [basehttp:log_message] [INFO]- "GET /sys/api/user/role/?username=wl&application=automation&type=button HTTP/1.1" 200 2
[2020-09-24 16:47:41,939] [basehttp.py:157] [basehttp:log_message] [INFO]- "POST /sys/api/auth/ HTTP/1.1" 200 65
[2020-09-24 16:47:42,480] [basehttp.py:157] [basehttp:log_message] [INFO]- "POST /sys/api/auth/ HTTP/1.1" 200 65
[2020-09-24 16:48:57,558] [basehttp.py:157] [basehttp:log_message] [INFO]- "GET /sys/api/user/role/?username=wl&application=automation&type=menu HTTP/1.1" 200 6536
[2020-09-24 16:48:57,910] [basehttp.py:157] [basehttp:log_message] [INFO]- "POST /sys/api/auth/ HTTP/1.1" 200 65
[2020-09-24 16:48:57,912] [basehttp.py:157] [basehttp:log_message] [INFO]- "GET /sys/api/user/role/?username=wl&application=automation&type=button HTTP/1.1" 200 2
[2020-09-24 16:48:58,314] [basehttp.py:157] [basehttp:log_message] [INFO]- "POST /sys/api/auth/ HTTP/1.1" 200 65
[2020-09-24 16:49:01,369] [basehttp.py:157] [basehttp:log_message] [INFO]- "POST /sys/api/auth/ HTTP/1.1" 200 65
[2020-09-24 16:49:27,992] [basehttp.py:157] [basehttp:log_message] [INFO]- "POST /sys/api/auth/ HTTP/1.1" 200 65
[2020-09-24 16:49:28,441] [basehttp.py:157] [basehttp:log_message] [INFO]- "POST /sys/api/auth/ HTTP/1.1" 200 65
[2020-09-24 16:49:29,125] [basehttp.py:157] [basehttp:log_message] [INFO]- "POST /sys/api/auth/ HTTP/1.1" 200 65
[2020-09-24 16:49:34,084] [basehttp.py:157] [basehttp:log_message] [INFO]- "POST /sys/api/auth/ HTTP/1.1" 200 65
[2020-09-24 16:51:37,452] [basehttp.py:157] [basehttp:log_message] [INFO]- "POST /sys/api/auth/ HTTP/1.1" 200 65
[2020-09-24 16:51:37,486] [basehttp.py:157] [basehttp:log_message] [INFO]- "GET /sys/api/user/role/?username=wl&application=automation&type=menu HTTP/1.1" 200 6536
[2020-09-24 16:51:37,501] [basehttp.py:157] [basehttp:log_message] [INFO]- "GET /sys/api/user/role/?username=wl&application=automation&type=button HTTP/1.1" 200 2
[2020-09-24 16:51:37,741] [basehttp.py:157] [basehttp:log_message] [INFO]- "POST /sys/api/auth/ HTTP/1.1" 200 65
[2020-09-24 16:51:44,714] [basehttp.py:157] [basehttp:log_message] [INFO]- "POST /sys/api/auth/ HTTP/1.1" 200 65
[2020-09-24 16:52:11,753] [basehttp.py:157] [basehttp:log_message] [INFO]- "POST /sys/api/auth/ HTTP/1.1" 200 65
[2020-09-24 16:52:12,023] [basehttp.py:157] [basehttp:log_message] [INFO]- "POST /sys/api/auth/ HTTP/1.1" 200 65
[2020-09-24 16:52:13,601] [basehttp.py:157] [basehttp:log_message] [INFO]- "POST /sys/api/auth/ HTTP/1.1" 200 65
[2020-09-24 16:52:24,316] [basehttp.py:157] [basehttp:log_message] [INFO]- "POST /sys/api/auth/ HTTP/1.1" 200 65
[2020-09-24 16:55:14,405] [basehttp.py:157] [basehttp:log_message] [INFO]- "POST /sys/api/auth/ HTTP/1.1" 200 65
[2020-09-24 16:55:14,644] [basehttp.py:157] [basehttp:log_message] [INFO]- "POST /sys/api/auth/ HTTP/1.1" 200 65
[2020-09-24 16:55:16,385] [basehttp.py:157] [basehttp:log_message] [INFO]- "POST /sys/api/auth/ HTTP/1.1" 200 65
[2020-09-24 16:59:41,533] [basehttp.py:157] [basehttp:log_message] [INFO]- "POST /sys/api/auth/ HTTP/1.1" 200 65
[2020-09-24 16:59:41,787] [basehttp.py:157] [basehttp:log_message] [INFO]- "POST /sys/api/auth/ HTTP/1.1" 200 65
[2020-09-24 16:59:44,136] [basehttp.py:157] [basehttp:log_message] [INFO]- "POST /sys/api/auth/ HTTP/1.1" 200 65
[2020-09-24 16:59:44,208] [basehttp.py:157] [basehttp:log_message] [INFO]- "GET /sys/api/user/role/?username=wl&application=automation&type=menu HTTP/1.1" 200 6536
[2020-09-24 16:59:44,210] [basehttp.py:157] [basehttp:log_message] [INFO]- "GET /sys/api/user/role/?username=wl&application=automation&type=button HTTP/1.1" 200 2
[2020-09-24 16:59:44,379] [basehttp.py:157] [basehttp:log_message] [INFO]- "POST /sys/api/auth/ HTTP/1.1" 200 65
[2020-09-24 16:59:46,389] [basehttp.py:157] [basehttp:log_message] [INFO]- "POST /sys/api/auth/ HTTP/1.1" 200 65
[2020-09-24 16:59:55,513] [basehttp.py:157] [basehttp:log_message] [INFO]- "POST /sys/api/auth/ HTTP/1.1" 200 65
[2020-09-24 17:00:04,230] [basehttp.py:157] [basehttp:log_message] [INFO]- "POST /sys/api/auth/ HTTP/1.1" 200 65
[2020-09-24 17:01:06,726] [basehttp.py:157] [basehttp:log_message] [INFO]- "POST /sys/api/auth/ HTTP/1.1" 200 65
[2020-09-24 17:01:06,992] [basehttp.py:157] [basehttp:log_message] [INFO]- "POST /sys/api/auth/ HTTP/1.1" 200 65
[2020-09-24 17:01:08,603] [basehttp.py:157] [basehttp:log_message] [INFO]- "POST /sys/api/auth/ HTTP/1.1" 200 65
[2020-09-24 17:01:10,374] [basehttp.py:157] [basehttp:log_message] [INFO]- "POST /sys/api/auth/ HTTP/1.1" 200 65
[2020-09-24 17:01:11,184] [basehttp.py:157] [basehttp:log_message] [INFO]- "POST /sys/api/auth/ HTTP/1.1" 200 65
[2020-09-24 17:01:12,751] [basehttp.py:157] [basehttp:log_message] [INFO]- "POST /sys/api/auth/ HTTP/1.1" 200 65
[2020-09-24 17:05:39,749] [basehttp.py:157] [basehttp:log_message] [INFO]- "POST /sys/api/auth/ HTTP/1.1" 200 65
[2020-09-24 17:05:39,776] [basehttp.py:157] [basehttp:log_message] [INFO]- "GET /sys/api/user/role/?username=wl&application=automation&type=menu HTTP/1.1" 200 6536
[2020-09-24 17:05:39,778] [basehttp.py:157] [basehttp:log_message] [INFO]- "GET /sys/api/user/role/?username=wl&application=automation&type=button HTTP/1.1" 200 2
[2020-09-24 17:05:39,973] [basehttp.py:157] [basehttp:log_message] [INFO]- "POST /sys/api/auth/ HTTP/1.1" 200 65
[2020-09-24 17:05:41,590] [basehttp.py:157] [basehttp:log_message] [INFO]- "POST /sys/api/auth/ HTTP/1.1" 200 65
[2020-09-24 17:05:43,012] [basehttp.py:157] [basehttp:log_message] [INFO]- "POST /sys/api/auth/ HTTP/1.1" 200 65
[2020-09-24 17:05:43,215] [basehttp.py:157] [basehttp:log_message] [INFO]- "POST /sys/api/auth/ HTTP/1.1" 200 65
[2020-09-24 17:08:51,255] [basehttp.py:157] [basehttp:log_message] [INFO]- "POST /sys/api/auth/ HTTP/1.1" 200 65
[2020-09-24 17:08:51,307] [basehttp.py:157] [basehttp:log_message] [INFO]- "GET /sys/api/user/role/?username=wl&application=automation&type=button HTTP/1.1" 200 2
[2020-09-24 17:08:51,351] [basehttp.py:157] [basehttp:log_message] [INFO]- "GET /sys/api/user/role/?username=wl&application=automation&type=menu HTTP/1.1" 200 6536
[2020-09-24 17:08:51,610] [basehttp.py:157] [basehttp:log_message] [INFO]- "POST /sys/api/auth/ HTTP/1.1" 200 65
[2020-09-24 17:09:06,261] [basehttp.py:157] [basehttp:log_message] [INFO]- "POST /sys/api/auth/ HTTP/1.1" 200 65
[2020-09-24 17:09:06,435] [basehttp.py:157] [basehttp:log_message] [INFO]- "POST /sys/api/auth/ HTTP/1.1" 200 65
[2020-09-24 17:10:13,842] [basehttp.py:157] [basehttp:log_message] [INFO]- "POST /sys/api/auth/ HTTP/1.1" 200 65
[2020-09-24 17:10:14,073] [basehttp.py:157] [basehttp:log_message] [INFO]- "POST /sys/api/auth/ HTTP/1.1" 200 65
[2020-09-24 17:10:22,742] [basehttp.py:157] [basehttp:log_message] [INFO]- "POST /sys/api/auth/ HTTP/1.1" 200 65
[2020-09-24 17:10:22,785] [basehttp.py:157] [basehttp:log_message] [INFO]- "GET /sys/api/user/role/?username=wl&application=automation&type=button HTTP/1.1" 200 2
[2020-09-24 17:10:22,795] [basehttp.py:157] [basehttp:log_message] [INFO]- "GET /sys/api/user/role/?username=wl&application=automation&type=menu HTTP/1.1" 200 6536
[2020-09-24 17:10:23,026] [basehttp.py:157] [basehttp:log_message] [INFO]- "POST /sys/api/auth/ HTTP/1.1" 200 65
[2020-09-24 17:10:41,193] [basehttp.py:157] [basehttp:log_message] [INFO]- "POST /sys/api/auth/ HTTP/1.1" 200 65
[2020-09-24 17:10:41,234] [basehttp.py:157] [basehttp:log_message] [INFO]- "GET /sys/api/user/role/?username=wl&application=automation&type=menu HTTP/1.1" 200 6536
[2020-09-24 17:10:41,235] [basehttp.py:157] [basehttp:log_message] [INFO]- "GET /sys/api/user/role/?username=wl&application=automation&type=button HTTP/1.1" 200 2
[2020-09-24 17:10:41,414] [basehttp.py:157] [basehttp:log_message] [INFO]- "POST /sys/api/auth/ HTTP/1.1" 200 65
[2020-09-24 17:11:05,505] [basehttp.py:157] [basehttp:log_message] [INFO]- "POST /sys/api/auth/ HTTP/1.1" 200 65
[2020-09-24 17:11:05,544] [basehttp.py:157] [basehttp:log_message] [INFO]- "GET /sys/api/user/role/?username=wl&application=automation&type=button HTTP/1.1" 200 2
[2020-09-24 17:11:05,544] [basehttp.py:157] [basehttp:log_message] [INFO]- "GET /sys/api/user/role/?username=wl&application=automation&type=menu HTTP/1.1" 200 6536
[2020-09-24 17:11:05,749] [basehttp.py:157] [basehttp:log_message] [INFO]- "POST /sys/api/auth/ HTTP/1.1" 200 65
[2020-09-24 17:11:28,940] [basehttp.py:157] [basehttp:log_message] [INFO]- "POST /sys/api/auth/ HTTP/1.1" 200 65
[2020-09-24 17:11:28,973] [basehttp.py:157] [basehttp:log_message] [INFO]- "GET /sys/api/user/role/?username=wl&application=automation&type=menu HTTP/1.1" 200 6536
[2020-09-24 17:11:28,974] [basehttp.py:157] [basehttp:log_message] [INFO]- "GET /sys/api/user/role/?username=wl&application=automation&type=button HTTP/1.1" 200 2
[2020-09-24 17:11:29,221] [basehttp.py:157] [basehttp:log_message] [INFO]- "POST /sys/api/auth/ HTTP/1.1" 200 65
[2020-09-24 17:12:44,810] [basehttp.py:157] [basehttp:log_message] [INFO]- "POST /sys/api/auth/ HTTP/1.1" 200 65
[2020-09-24 17:12:44,822] [basehttp.py:157] [basehttp:log_message] [INFO]- "GET /sys/api/user/role/?username=wl&application=automation&type=menu HTTP/1.1" 200 6536
[2020-09-24 17:12:44,839] [basehttp.py:157] [basehttp:log_message] [INFO]- "GET /sys/api/user/role/?username=wl&application=automation&type=button HTTP/1.1" 200 2
[2020-09-24 17:12:45,042] [basehttp.py:157] [basehttp:log_message] [INFO]- "POST /sys/api/auth/ HTTP/1.1" 200 65
[2020-09-24 17:14:06,997] [basehttp.py:157] [basehttp:log_message] [INFO]- "POST /sys/api/auth/ HTTP/1.1" 200 65
[2020-09-24 17:14:07,067] [basehttp.py:157] [basehttp:log_message] [INFO]- "GET /sys/api/user/role/?username=wl&application=automation&type=button HTTP/1.1" 200 2
[2020-09-24 17:14:07,068] [basehttp.py:157] [basehttp:log_message] [INFO]- "GET /sys/api/user/role/?username=wl&application=automation&type=menu HTTP/1.1" 200 6536
[2020-09-24 17:14:07,237] [basehttp.py:157] [basehttp:log_message] [INFO]- "POST /sys/api/auth/ HTTP/1.1" 200 65
[2020-09-24 17:14:30,759] [basehttp.py:157] [basehttp:log_message] [INFO]- "POST /sys/api/auth/ HTTP/1.1" 200 65
[2020-09-24 17:14:30,839] [basehttp.py:157] [basehttp:log_message] [INFO]- "GET /sys/api/user/role/?username=wl&application=automation&type=menu HTTP/1.1" 200 6536
[2020-09-24 17:14:30,840] [basehttp.py:157] [basehttp:log_message] [INFO]- "GET /sys/api/user/role/?username=wl&application=automation&type=button HTTP/1.1" 200 2
[2020-09-24 17:14:30,976] [basehttp.py:157] [basehttp:log_message] [INFO]- "POST /sys/api/auth/ HTTP/1.1" 200 65
[2020-09-24 17:14:47,861] [basehttp.py:157] [basehttp:log_message] [INFO]- "POST /sys/api/auth/ HTTP/1.1" 200 65
[2020-09-24 17:14:47,923] [basehttp.py:157] [basehttp:log_message] [INFO]- "GET /sys/api/user/role/?username=wl&application=automation&type=menu HTTP/1.1" 200 6536
[2020-09-24 17:14:47,923] [basehttp.py:157] [basehttp:log_message] [INFO]- "GET /sys/api/user/role/?username=wl&application=automation&type=button HTTP/1.1" 200 2
[2020-09-24 17:14:48,122] [basehttp.py:157] [basehttp:log_message] [INFO]- "POST /sys/api/auth/ HTTP/1.1" 200 65
[2020-09-24 17:15:21,552] [basehttp.py:157] [basehttp:log_message] [INFO]- "POST /sys/api/auth/ HTTP/1.1" 200 65
[2020-09-24 17:15:21,625] [basehttp.py:157] [basehttp:log_message] [INFO]- "GET /sys/api/user/role/?username=wl&application=automation&type=button HTTP/1.1" 200 2
[2020-09-24 17:15:21,637] [basehttp.py:157] [basehttp:log_message] [INFO]- "GET /sys/api/user/role/?username=wl&application=automation&type=menu HTTP/1.1" 200 6536
[2020-09-24 17:15:21,931] [basehttp.py:157] [basehttp:log_message] [INFO]- "POST /sys/api/auth/ HTTP/1.1" 200 65
[2020-09-24 17:16:28,512] [basehttp.py:157] [basehttp:log_message] [INFO]- "POST /sys/api/auth/ HTTP/1.1" 200 65
[2020-09-24 17:16:28,591] [basehttp.py:157] [basehttp:log_message] [INFO]- "GET /sys/api/user/role/?username=wl&application=automation&type=button HTTP/1.1" 200 2
[2020-09-24 17:16:28,592] [basehttp.py:157] [basehttp:log_message] [INFO]- "GET /sys/api/user/role/?username=wl&application=automation&type=menu HTTP/1.1" 200 6536
[2020-09-24 17:16:28,772] [basehttp.py:157] [basehttp:log_message] [INFO]- "POST /sys/api/auth/ HTTP/1.1" 200 65
[2020-09-24 17:17:13,762] [basehttp.py:157] [basehttp:log_message] [INFO]- "POST /sys/api/auth/ HTTP/1.1" 200 65
[2020-09-24 17:17:13,800] [basehttp.py:157] [basehttp:log_message] [INFO]- "GET /sys/api/user/role/?username=wl&application=automation&type=menu HTTP/1.1" 200 6536
[2020-09-24 17:17:13,806] [basehttp.py:157] [basehttp:log_message] [INFO]- "GET /sys/api/user/role/?username=wl&application=automation&type=button HTTP/1.1" 200 2
[2020-09-24 17:17:13,966] [basehttp.py:157] [basehttp:log_message] [INFO]- "POST /sys/api/auth/ HTTP/1.1" 200 65
[2020-09-24 17:22:25,942] [basehttp.py:157] [basehttp:log_message] [INFO]- "POST /sys/api/auth/ HTTP/1.1" 200 65
[2020-09-24 17:22:25,988] [basehttp.py:157] [basehttp:log_message] [INFO]- "GET /sys/api/user/role/?username=wl&application=automation&type=menu HTTP/1.1" 200 6536
[2020-09-24 17:22:25,989] [basehttp.py:157] [basehttp:log_message] [INFO]- "GET /sys/api/user/role/?username=wl&application=automation&type=button HTTP/1.1" 200 2
[2020-09-24 17:22:26,202] [basehttp.py:157] [basehttp:log_message] [INFO]- "POST /sys/api/auth/ HTTP/1.1" 200 65
[2020-09-24 17:27:52,274] [basehttp.py:157] [basehttp:log_message] [INFO]- "POST /sys/api/auth/ HTTP/1.1" 200 65
[2020-09-24 17:27:55,735] [basehttp.py:157] [basehttp:log_message] [INFO]- "POST /sys/api/auth/ HTTP/1.1" 200 65
[2020-09-24 17:27:56,547] [basehttp.py:157] [basehttp:log_message] [INFO]- "POST /sys/api/auth/ HTTP/1.1" 200 65
[2020-09-24 17:27:59,031] [basehttp.py:157] [basehttp:log_message] [INFO]- "POST /sys/api/auth/ HTTP/1.1" 200 65
[2020-09-24 17:28:03,195] [basehttp.py:157] [basehttp:log_message] [INFO]- "POST /sys/api/auth/ HTTP/1.1" 200 65
[2020-09-24 17:28:05,179] [basehttp.py:157] [basehttp:log_message] [INFO]- "POST /sys/api/auth/ HTTP/1.1" 200 65
[2020-09-24 17:28:06,167] [basehttp.py:157] [basehttp:log_message] [INFO]- "POST /sys/api/auth/ HTTP/1.1" 200 65
[2020-09-24 17:28:10,024] [basehttp.py:157] [basehttp:log_message] [INFO]- "POST /sys/api/auth/ HTTP/1.1" 200 65
[2020-09-24 17:28:38,146] [basehttp.py:157] [basehttp:log_message] [INFO]- "POST /sys/api/auth/ HTTP/1.1" 200 65
[2020-09-24 17:28:38,365] [basehttp.py:157] [basehttp:log_message] [INFO]- "POST /sys/api/auth/ HTTP/1.1" 200 65
[2020-09-24 17:28:39,997] [basehttp.py:157] [basehttp:log_message] [INFO]- "POST /sys/api/auth/ HTTP/1.1" 200 65
[2020-09-24 17:28:57,428] [basehttp.py:157] [basehttp:log_message] [INFO]- "POST /sys/api/auth/ HTTP/1.1" 200 65
[2020-09-24 17:29:00,375] [basehttp.py:157] [basehttp:log_message] [INFO]- "POST /sys/api/auth/ HTTP/1.1" 200 65
[2020-09-24 17:29:02,034] [basehttp.py:157] [basehttp:log_message] [INFO]- "POST /sys/api/auth/ HTTP/1.1" 200 65
[2020-09-24 17:29:02,502] [basehttp.py:157] [basehttp:log_message] [INFO]- "POST /sys/api/auth/ HTTP/1.1" 200 65
[2020-09-24 17:29:02,734] [basehttp.py:157] [basehttp:log_message] [INFO]- "POST /sys/api/auth/ HTTP/1.1" 200 65
[2020-09-24 17:29:51,713] [basehttp.py:157] [basehttp:log_message] [INFO]- "POST /sys/api/auth/ HTTP/1.1" 200 65
[2020-09-24 17:29:51,764] [basehttp.py:157] [basehttp:log_message] [INFO]- "GET /sys/api/user/role/?username=wl&application=automation&type=button HTTP/1.1" 200 2
[2020-09-24 17:29:51,765] [basehttp.py:157] [basehttp:log_message] [INFO]- "GET /sys/api/user/role/?username=wl&application=automation&type=menu HTTP/1.1" 200 6536
[2020-09-24 17:29:51,939] [basehttp.py:157] [basehttp:log_message] [INFO]- "POST /sys/api/auth/ HTTP/1.1" 200 65
[2020-09-24 17:30:09,428] [basehttp.py:157] [basehttp:log_message] [INFO]- "POST /sys/api/auth/ HTTP/1.1" 200 65
[2020-09-24 17:30:09,688] [basehttp.py:157] [basehttp:log_message] [INFO]- "POST /sys/api/auth/ HTTP/1.1" 200 65
[2020-09-24 17:30:11,283] [basehttp.py:157] [basehttp:log_message] [INFO]- "POST /sys/api/auth/ HTTP/1.1" 200 65
[2020-09-24 17:30:12,655] [basehttp.py:157] [basehttp:log_message] [INFO]- "POST /sys/api/auth/ HTTP/1.1" 200 65
[2020-09-24 17:30:14,506] [basehttp.py:157] [basehttp:log_message] [INFO]- "POST /sys/api/auth/ HTTP/1.1" 200 65
[2020-09-24 17:30:15,276] [basehttp.py:157] [basehttp:log_message] [INFO]- "POST /sys/api/auth/ HTTP/1.1" 200 65
[2020-09-24 17:30:16,238] [basehttp.py:157] [basehttp:log_message] [INFO]- "POST /sys/api/auth/ HTTP/1.1" 200 65
[2020-09-24 17:30:17,303] [basehttp.py:157] [basehttp:log_message] [INFO]- "POST /sys/api/auth/ HTTP/1.1" 200 65
[2020-09-24 17:30:18,058] [basehttp.py:157] [basehttp:log_message] [INFO]- "POST /sys/api/auth/ HTTP/1.1" 200 65
[2020-09-24 17:30:18,931] [basehttp.py:157] [basehttp:log_message] [INFO]- "POST /sys/api/auth/ HTTP/1.1" 200 65
[2020-09-24 17:30:20,531] [basehttp.py:157] [basehttp:log_message] [INFO]- "POST /sys/api/auth/ HTTP/1.1" 200 65
[2020-09-24 17:30:20,752] [basehttp.py:157] [basehttp:log_message] [INFO]- "POST /sys/api/auth/ HTTP/1.1" 200 65
[2020-09-24 17:30:23,734] [basehttp.py:157] [basehttp:log_message] [INFO]- "POST /sys/api/auth/ HTTP/1.1" 200 65
[2020-09-24 17:30:23,969] [basehttp.py:157] [basehttp:log_message] [INFO]- "POST /sys/api/auth/ HTTP/1.1" 200 65
[2020-09-24 17:30:25,459] [basehttp.py:157] [basehttp:log_message] [INFO]- "POST /sys/api/auth/ HTTP/1.1" 200 65
[2020-09-24 17:30:26,592] [basehttp.py:157] [basehttp:log_message] [INFO]- "POST /sys/api/auth/ HTTP/1.1" 200 65
[2020-09-24 17:30:29,478] [basehttp.py:157] [basehttp:log_message] [INFO]- "POST /sys/api/auth/ HTTP/1.1" 200 65
[2020-09-24 17:30:30,717] [basehttp.py:157] [basehttp:log_message] [INFO]- "POST /sys/api/auth/ HTTP/1.1" 200 65
[2020-09-24 17:30:30,963] [basehttp.py:157] [basehttp:log_message] [INFO]- "POST /sys/api/auth/ HTTP/1.1" 200 65
[2020-09-24 17:30:31,031] [basehttp.py:157] [basehttp:log_message] [INFO]- "POST /sys/api/auth/ HTTP/1.1" 200 65
[2020-09-24 17:30:32,303] [basehttp.py:157] [basehttp:log_message] [INFO]- "POST /sys/api/auth/ HTTP/1.1" 200 65
[2020-09-24 17:30:32,554] [basehttp.py:157] [basehttp:log_message] [INFO]- "POST /sys/api/auth/ HTTP/1.1" 200 65
[2020-09-24 17:30:34,216] [basehttp.py:157] [basehttp:log_message] [INFO]- "POST /sys/api/auth/ HTTP/1.1" 200 65
[2020-09-24 17:30:36,018] [basehttp.py:157] [basehttp:log_message] [INFO]- "POST /sys/api/auth/ HTTP/1.1" 200 65
[2020-09-24 17:30:45,336] [basehttp.py:157] [basehttp:log_message] [INFO]- "POST /sys/api/auth/ HTTP/1.1" 200 65
[2020-09-24 17:30:46,979] [basehttp.py:157] [basehttp:log_message] [INFO]- "POST /sys/api/auth/ HTTP/1.1" 200 65
[2020-09-24 17:30:48,190] [basehttp.py:157] [basehttp:log_message] [INFO]- "POST /sys/api/auth/ HTTP/1.1" 200 65
[2020-09-24 17:30:48,770] [basehttp.py:157] [basehttp:log_message] [INFO]- "POST /sys/api/auth/ HTTP/1.1" 200 65
[2020-09-24 17:30:50,636] [basehttp.py:157] [basehttp:log_message] [INFO]- "POST /sys/api/auth/ HTTP/1.1" 200 65
[2020-09-24 17:30:50,769] [basehttp.py:157] [basehttp:log_message] [INFO]- "POST /sys/api/auth/ HTTP/1.1" 200 65
[2020-09-24 17:30:51,041] [basehttp.py:157] [basehttp:log_message] [INFO]- "POST /sys/api/auth/ HTTP/1.1" 200 65
[2020-09-24 17:30:55,632] [basehttp.py:157] [basehttp:log_message] [INFO]- "POST /sys/api/auth/ HTTP/1.1" 200 65
[2020-09-24 17:30:55,885] [basehttp.py:157] [basehttp:log_message] [INFO]- "POST /sys/api/auth/ HTTP/1.1" 200 65
[2020-09-24 17:34:05,761] [basehttp.py:157] [basehttp:log_message] [INFO]- "POST /sys/api/auth/ HTTP/1.1" 200 65
[2020-09-24 17:34:05,802] [basehttp.py:157] [basehttp:log_message] [INFO]- "GET /sys/api/user/role/?username=wl&application=automation&type=button HTTP/1.1" 200 2
[2020-09-24 17:34:05,819] [basehttp.py:157] [basehttp:log_message] [INFO]- "GET /sys/api/user/role/?username=wl&application=automation&type=menu HTTP/1.1" 200 6536
[2020-09-24 17:34:06,063] [basehttp.py:157] [basehttp:log_message] [INFO]- "POST /sys/api/auth/ HTTP/1.1" 200 65
[2020-09-24 17:34:28,660] [basehttp.py:157] [basehttp:log_message] [INFO]- "POST /sys/api/auth/ HTTP/1.1" 200 65
[2020-09-24 17:34:28,915] [basehttp.py:157] [basehttp:log_message] [INFO]- "POST /sys/api/auth/ HTTP/1.1" 200 65
[2020-09-24 17:34:30,471] [basehttp.py:157] [basehttp:log_message] [INFO]- "POST /sys/api/auth/ HTTP/1.1" 200 65
[2020-09-24 17:34:31,961] [basehttp.py:157] [basehttp:log_message] [INFO]- "POST /sys/api/auth/ HTTP/1.1" 200 65
[2020-09-24 17:34:34,975] [basehttp.py:157] [basehttp:log_message] [INFO]- "POST /sys/api/auth/ HTTP/1.1" 200 65
[2020-09-24 17:34:36,608] [basehttp.py:157] [basehttp:log_message] [INFO]- "POST /sys/api/auth/ HTTP/1.1" 200 65
[2020-09-24 17:34:43,406] [basehttp.py:157] [basehttp:log_message] [INFO]- "POST /sys/api/auth/ HTTP/1.1" 200 65
[2020-09-24 17:34:43,722] [basehttp.py:157] [basehttp:log_message] [INFO]- "POST /sys/api/auth/ HTTP/1.1" 200 65
[2020-09-24 17:40:41,596] [basehttp.py:157] [basehttp:log_message] [INFO]- "POST /sys/api/auth/ HTTP/1.1" 200 65
[2020-09-24 17:40:41,855] [basehttp.py:157] [basehttp:log_message] [INFO]- "POST /sys/api/auth/ HTTP/1.1" 200 65
[2020-09-24 17:40:41,871] [basehttp.py:157] [basehttp:log_message] [INFO]- "POST /sys/api/auth/ HTTP/1.1" 200 65
[2020-09-24 17:40:42,118] [basehttp.py:157] [basehttp:log_message] [INFO]- "POST /sys/api/auth/ HTTP/1.1" 200 65
[2020-09-24 17:40:43,256] [basehttp.py:157] [basehttp:log_message] [INFO]- "POST /sys/api/auth/ HTTP/1.1" 200 65
[2020-09-24 17:41:25,227] [basehttp.py:157] [basehttp:log_message] [INFO]- "POST /sys/api/auth/ HTTP/1.1" 200 65
[2020-09-24 17:41:27,832] [basehttp.py:157] [basehttp:log_message] [INFO]- "POST /sys/api/auth/ HTTP/1.1" 200 65
