[2020-10-26 17:17:11,756] [autoreload.py:598] [autoreload:run_with_reloader] [INFO]- Watching for file changes with StatReloader
[2020-10-26 17:17:25,361] [basehttp.py:157] [basehttp:log_message] [INFO]- "GET /monitor/api/middleware/count HTTP/1.1" 301 0
[2020-10-26 17:17:25,366] [basehttp.py:157] [basehttp:log_message] [INFO]- "GET /monitor/api/alarm_detail/alarm_count HTTP/1.1" 301 0
[2020-10-26 17:17:25,526] [basehttp.py:157] [basehttp:log_message] [INFO]- "GET /monitor/api/middleware/count/ HTTP/1.1" 200 103
[2020-10-26 17:17:25,646] [basehttp.py:157] [basehttp:log_message] [INFO]- "GET /monitor/api/analysis/history/?m=mem_percent HTTP/1.1" 200 3250
[2020-10-26 17:17:25,647] [basehttp.py:157] [basehttp:log_message] [INFO]- "GET /monitor/api/analysis/history/?m=cpu_percent HTTP/1.1" 200 3197
[2020-10-26 17:17:25,913] [basehttp.py:157] [basehttp:log_message] [INFO]- "GET /monitor/api/alarm_detail/alarm_count/ HTTP/1.1" 200 2736
[2020-10-26 17:17:41,805] [basehttp.py:157] [basehttp:log_message] [INFO]- "GET /monitor/api/middleware/count/ HTTP/1.1" 200 103
[2020-10-26 17:17:41,920] [basehttp.py:157] [basehttp:log_message] [INFO]- "GET /monitor/api/analysis/history/?m=cpu_percent HTTP/1.1" 200 3179
[2020-10-26 17:17:41,924] [basehttp.py:157] [basehttp:log_message] [INFO]- "GET /monitor/api/analysis/history/?m=mem_percent HTTP/1.1" 200 3232
[2020-10-26 17:17:42,211] [basehttp.py:157] [basehttp:log_message] [INFO]- "GET /monitor/api/alarm_detail/alarm_count/ HTTP/1.1" 200 2736
[2020-10-26 17:17:42,380] [basehttp.py:157] [basehttp:log_message] [INFO]- "GET /monitor/api/middleware/count/ HTTP/1.1" 200 103
[2020-10-26 17:17:42,422] [basehttp.py:157] [basehttp:log_message] [INFO]- "GET /monitor/api/analysis/history/?m=cpu_percent HTTP/1.1" 200 3179
[2020-10-26 17:17:42,437] [basehttp.py:157] [basehttp:log_message] [INFO]- "GET /monitor/api/analysis/history/?m=mem_percent HTTP/1.1" 200 3232
[2020-10-26 17:17:42,762] [basehttp.py:157] [basehttp:log_message] [INFO]- "GET /monitor/api/alarm_detail/alarm_count/ HTTP/1.1" 200 2736
[2020-10-26 17:18:41,594] [basehttp.py:157] [basehttp:log_message] [INFO]- "GET /monitor/api/middleware/count HTTP/1.1" 301 0
[2020-10-26 17:18:41,594] [basehttp.py:157] [basehttp:log_message] [INFO]- "GET /monitor/api/alarm_detail/alarm_count HTTP/1.1" 301 0
[2020-10-26 17:18:41,687] [basehttp.py:157] [basehttp:log_message] [INFO]- "GET /monitor/api/middleware/count/ HTTP/1.1" 200 103
[2020-10-26 17:18:41,764] [basehttp.py:157] [basehttp:log_message] [INFO]- "GET /monitor/api/analysis/history/?m=cpu_percent HTTP/1.1" 200 3179
[2020-10-26 17:18:41,768] [basehttp.py:157] [basehttp:log_message] [INFO]- "GET /monitor/api/analysis/history/?m=mem_percent HTTP/1.1" 200 3232
[2020-10-26 17:18:42,078] [basehttp.py:157] [basehttp:log_message] [INFO]- "GET /monitor/api/alarm_detail/alarm_count/ HTTP/1.1" 200 2736
[2020-10-26 17:29:37,977] [basehttp.py:157] [basehttp:log_message] [INFO]- "GET /monitor/api/middleware/count/ HTTP/1.1" 200 103
[2020-10-26 17:29:38,231] [basehttp.py:157] [basehttp:log_message] [INFO]- "GET /monitor/api/analysis/history/?m=mem_percent HTTP/1.1" 200 3250
[2020-10-26 17:29:38,233] [basehttp.py:157] [basehttp:log_message] [INFO]- "GET /monitor/api/analysis/history/?m=cpu_percent HTTP/1.1" 200 3214
[2020-10-26 17:29:38,497] [basehttp.py:157] [basehttp:log_message] [INFO]- "GET /monitor/api/alarm_detail/alarm_count/ HTTP/1.1" 200 2736
[2020-10-26 17:33:18,128] [basehttp.py:157] [basehttp:log_message] [INFO]- "GET /monitor/api/middleware/count/ HTTP/1.1" 200 103
[2020-10-26 17:33:18,168] [basehttp.py:157] [basehttp:log_message] [INFO]- "GET /monitor/api/analysis/history/?m=mem_percent HTTP/1.1" 200 3250
[2020-10-26 17:33:18,176] [basehttp.py:157] [basehttp:log_message] [INFO]- "GET /monitor/api/analysis/history/?m=cpu_percent HTTP/1.1" 200 3215
[2020-10-26 17:33:18,564] [basehttp.py:157] [basehttp:log_message] [INFO]- "GET /monitor/api/alarm_detail/alarm_count/ HTTP/1.1" 200 2736
[2020-10-26 17:34:56,028] [basehttp.py:157] [basehttp:log_message] [INFO]- "GET /monitor/api/middleware/count/ HTTP/1.1" 200 103
[2020-10-26 17:34:56,120] [basehttp.py:157] [basehttp:log_message] [INFO]- "GET /monitor/api/analysis/history/?m=mem_percent HTTP/1.1" 200 3250
[2020-10-26 17:34:56,137] [basehttp.py:157] [basehttp:log_message] [INFO]- "GET /monitor/api/analysis/history/?m=cpu_percent HTTP/1.1" 200 3198
[2020-10-26 17:34:56,483] [basehttp.py:157] [basehttp:log_message] [INFO]- "GET /monitor/api/alarm_detail/alarm_count/ HTTP/1.1" 200 2736
[2020-10-26 17:35:33,398] [basehttp.py:157] [basehttp:log_message] [INFO]- "GET /monitor/api/middleware/count/ HTTP/1.1" 200 103
[2020-10-26 17:35:33,487] [basehttp.py:157] [basehttp:log_message] [INFO]- "GET /monitor/api/analysis/history/?m=mem_percent HTTP/1.1" 200 3250
[2020-10-26 17:35:33,490] [basehttp.py:157] [basehttp:log_message] [INFO]- "GET /monitor/api/analysis/history/?m=cpu_percent HTTP/1.1" 200 3190
[2020-10-26 17:35:33,832] [basehttp.py:157] [basehttp:log_message] [INFO]- "GET /monitor/api/alarm_detail/alarm_count/ HTTP/1.1" 200 2736
[2020-10-26 17:37:05,787] [basehttp.py:157] [basehttp:log_message] [INFO]- "GET /monitor/api/middleware/count/ HTTP/1.1" 200 103
[2020-10-26 17:37:05,820] [basehttp.py:157] [basehttp:log_message] [INFO]- "GET /monitor/api/analysis/history/?m=mem_percent HTTP/1.1" 200 3250
[2020-10-26 17:37:05,821] [basehttp.py:157] [basehttp:log_message] [INFO]- "GET /monitor/api/analysis/history/?m=cpu_percent HTTP/1.1" 200 3174
[2020-10-26 17:37:06,161] [basehttp.py:157] [basehttp:log_message] [INFO]- "GET /monitor/api/alarm_detail/alarm_count/ HTTP/1.1" 200 2736
[2020-10-26 17:38:55,253] [basehttp.py:157] [basehttp:log_message] [INFO]- "GET /monitor/api/analysis/history/?m=cpu_percent HTTP/1.1" 200 3157
[2020-10-26 17:38:55,257] [basehttp.py:157] [basehttp:log_message] [INFO]- "GET /monitor/api/middleware/count/ HTTP/1.1" 200 103
[2020-10-26 17:38:55,569] [basehttp.py:157] [basehttp:log_message] [INFO]- "GET /monitor/api/analysis/history/?m=mem_percent HTTP/1.1" 200 3250
[2020-10-26 17:38:56,073] [basehttp.py:157] [basehttp:log_message] [INFO]- "GET /monitor/api/alarm_detail/alarm_count/ HTTP/1.1" 200 2736
[2020-10-26 17:39:54,538] [basehttp.py:157] [basehttp:log_message] [INFO]- "GET /monitor/api/middleware/count/ HTTP/1.1" 200 103
[2020-10-26 17:39:54,636] [basehttp.py:157] [basehttp:log_message] [INFO]- "GET /monitor/api/analysis/history/?m=mem_percent HTTP/1.1" 200 3250
[2020-10-26 17:39:54,639] [basehttp.py:157] [basehttp:log_message] [INFO]- "GET /monitor/api/analysis/history/?m=cpu_percent HTTP/1.1" 200 3157
[2020-10-26 17:39:55,199] [basehttp.py:157] [basehttp:log_message] [INFO]- "GET /monitor/api/alarm_detail/alarm_count/ HTTP/1.1" 200 2736
[2020-10-26 17:41:00,440] [basehttp.py:157] [basehttp:log_message] [INFO]- "GET /monitor/api/middleware/count/ HTTP/1.1" 200 103
[2020-10-26 17:41:00,534] [basehttp.py:157] [basehttp:log_message] [INFO]- "GET /monitor/api/analysis/history/?m=cpu_percent HTTP/1.1" 200 3176
[2020-10-26 17:41:00,540] [basehttp.py:157] [basehttp:log_message] [INFO]- "GET /monitor/api/analysis/history/?m=mem_percent HTTP/1.1" 200 3250
[2020-10-26 17:41:00,826] [basehttp.py:157] [basehttp:log_message] [INFO]- "GET /monitor/api/alarm_detail/alarm_count/ HTTP/1.1" 200 2736
[2020-10-26 17:44:43,087] [basehttp.py:157] [basehttp:log_message] [INFO]- "GET /monitor/api/middleware/count HTTP/1.1" 301 0
[2020-10-26 17:44:43,090] [basehttp.py:157] [basehttp:log_message] [INFO]- "GET /monitor/api/alarm_detail/alarm_count HTTP/1.1" 301 0
[2020-10-26 17:44:43,267] [basehttp.py:157] [basehttp:log_message] [INFO]- "GET /monitor/api/middleware/count/ HTTP/1.1" 200 103
[2020-10-26 17:44:43,427] [basehttp.py:157] [basehttp:log_message] [INFO]- "GET /monitor/api/analysis/history/?m=cpu_percent HTTP/1.1" 200 3127
[2020-10-26 17:44:43,427] [basehttp.py:157] [basehttp:log_message] [INFO]- "GET /monitor/api/analysis/history/?m=mem_percent HTTP/1.1" 200 3232
[2020-10-26 17:44:44,024] [basehttp.py:157] [basehttp:log_message] [INFO]- "GET /monitor/api/alarm_detail/alarm_count/ HTTP/1.1" 200 2736
[2020-10-26 17:46:51,471] [basehttp.py:157] [basehttp:log_message] [INFO]- "GET /monitor/api/middleware/count HTTP/1.1" 301 0
[2020-10-26 17:46:51,478] [basehttp.py:157] [basehttp:log_message] [INFO]- "GET /monitor/api/alarm_detail/alarm_count HTTP/1.1" 301 0
[2020-10-26 17:46:51,609] [basehttp.py:157] [basehttp:log_message] [INFO]- "GET /monitor/api/middleware/count/ HTTP/1.1" 200 103
[2020-10-26 17:46:51,753] [basehttp.py:157] [basehttp:log_message] [INFO]- "GET /monitor/api/analysis/history/?m=cpu_percent HTTP/1.1" 200 3144
[2020-10-26 17:46:51,760] [basehttp.py:157] [basehttp:log_message] [INFO]- "GET /monitor/api/analysis/history/?m=mem_percent HTTP/1.1" 200 3250
[2020-10-26 17:46:52,601] [basehttp.py:157] [basehttp:log_message] [INFO]- "GET /monitor/api/alarm_detail/alarm_count/ HTTP/1.1" 200 2736
[2020-10-26 17:47:51,671] [basehttp.py:157] [basehttp:log_message] [INFO]- "GET /monitor/api/middleware/count/ HTTP/1.1" 200 103
[2020-10-26 17:47:51,860] [basehttp.py:157] [basehttp:log_message] [INFO]- "GET /monitor/api/analysis/history/?m=mem_percent HTTP/1.1" 200 3250
[2020-10-26 17:47:51,861] [basehttp.py:157] [basehttp:log_message] [INFO]- "GET /monitor/api/analysis/history/?m=cpu_percent HTTP/1.1" 200 3175
[2020-10-26 17:47:52,208] [basehttp.py:157] [basehttp:log_message] [INFO]- "GET /monitor/api/alarm_detail/alarm_count/ HTTP/1.1" 200 2736
[2020-10-26 17:48:21,462] [basehttp.py:157] [basehttp:log_message] [INFO]- "GET /monitor/api/middleware/count/ HTTP/1.1" 200 103
[2020-10-26 17:48:21,523] [basehttp.py:157] [basehttp:log_message] [INFO]- "GET /monitor/api/analysis/history/?m=cpu_percent HTTP/1.1" 200 3192
[2020-10-26 17:48:21,561] [basehttp.py:157] [basehttp:log_message] [INFO]- "GET /monitor/api/analysis/history/?m=mem_percent HTTP/1.1" 200 3250
[2020-10-26 17:48:21,982] [basehttp.py:157] [basehttp:log_message] [INFO]- "GET /monitor/api/alarm_detail/alarm_count/ HTTP/1.1" 200 2736
[2020-10-26 17:48:22,298] [basehttp.py:157] [basehttp:log_message] [INFO]- "GET /monitor/api/middleware/count/ HTTP/1.1" 200 103
[2020-10-26 17:48:22,348] [basehttp.py:157] [basehttp:log_message] [INFO]- "GET /monitor/api/analysis/history/?m=mem_percent HTTP/1.1" 200 3250
[2020-10-26 17:48:22,357] [basehttp.py:157] [basehttp:log_message] [INFO]- "GET /monitor/api/analysis/history/?m=cpu_percent HTTP/1.1" 200 3192
[2020-10-26 17:48:22,568] [basehttp.py:157] [basehttp:log_message] [INFO]- "GET /monitor/api/middleware/count/ HTTP/1.1" 200 103
[2020-10-26 17:48:22,646] [basehttp.py:157] [basehttp:log_message] [INFO]- "GET /monitor/api/analysis/history/?m=cpu_percent HTTP/1.1" 200 3192
[2020-10-26 17:48:22,663] [basehttp.py:157] [basehttp:log_message] [INFO]- "GET /monitor/api/analysis/history/?m=mem_percent HTTP/1.1" 200 3250
[2020-10-26 17:48:22,745] [basehttp.py:157] [basehttp:log_message] [INFO]- "GET /monitor/api/alarm_detail/alarm_count/ HTTP/1.1" 200 2736
[2020-10-26 17:48:23,134] [basehttp.py:157] [basehttp:log_message] [INFO]- "GET /monitor/api/middleware/count/ HTTP/1.1" 200 103
[2020-10-26 17:48:23,250] [basehttp.py:157] [basehttp:log_message] [INFO]- "GET /monitor/api/analysis/history/?m=mem_percent HTTP/1.1" 200 3250
[2020-10-26 17:48:23,258] [basehttp.py:157] [basehttp:log_message] [INFO]- "GET /monitor/api/analysis/history/?m=cpu_percent HTTP/1.1" 200 3192
[2020-10-26 17:48:23,272] [basehttp.py:157] [basehttp:log_message] [INFO]- "GET /monitor/api/alarm_detail/alarm_count/ HTTP/1.1" 200 2736
[2020-10-26 17:48:23,718] [basehttp.py:157] [basehttp:log_message] [INFO]- "GET /monitor/api/alarm_detail/alarm_count/ HTTP/1.1" 200 2736
[2020-10-26 17:48:23,739] [basehttp.py:157] [basehttp:log_message] [INFO]- "GET /monitor/api/middleware/count/ HTTP/1.1" 200 103
[2020-10-26 17:48:23,859] [basehttp.py:157] [basehttp:log_message] [INFO]- "GET /monitor/api/analysis/history/?m=cpu_percent HTTP/1.1" 200 3192
[2020-10-26 17:48:23,864] [basehttp.py:157] [basehttp:log_message] [INFO]- "GET /monitor/api/analysis/history/?m=mem_percent HTTP/1.1" 200 3250
[2020-10-26 17:48:24,205] [basehttp.py:157] [basehttp:log_message] [INFO]- "GET /monitor/api/alarm_detail/alarm_count/ HTTP/1.1" 200 2736
[2020-10-26 17:48:24,337] [basehttp.py:157] [basehttp:log_message] [INFO]- "GET /monitor/api/middleware/count/ HTTP/1.1" 200 103
[2020-10-26 17:48:24,491] [basehttp.py:157] [basehttp:log_message] [INFO]- "GET /monitor/api/analysis/history/?m=cpu_percent HTTP/1.1" 200 3192
[2020-10-26 17:48:24,494] [basehttp.py:157] [basehttp:log_message] [INFO]- "GET /monitor/api/analysis/history/?m=mem_percent HTTP/1.1" 200 3250
[2020-10-26 17:48:24,924] [basehttp.py:157] [basehttp:log_message] [INFO]- "GET /monitor/api/alarm_detail/alarm_count/ HTTP/1.1" 200 2736
[2020-10-26 17:48:25,028] [basehttp.py:157] [basehttp:log_message] [INFO]- "GET /monitor/api/middleware/count/ HTTP/1.1" 200 103
[2020-10-26 17:48:25,091] [basehttp.py:157] [basehttp:log_message] [INFO]- "GET /monitor/api/analysis/history/?m=cpu_percent HTTP/1.1" 200 3192
[2020-10-26 17:48:25,116] [basehttp.py:157] [basehttp:log_message] [INFO]- "GET /monitor/api/analysis/history/?m=mem_percent HTTP/1.1" 200 3250
[2020-10-26 17:48:25,558] [basehttp.py:157] [basehttp:log_message] [INFO]- "GET /monitor/api/alarm_detail/alarm_count/ HTTP/1.1" 200 2736
[2020-10-26 17:48:25,616] [basehttp.py:157] [basehttp:log_message] [INFO]- "GET /monitor/api/middleware/count/ HTTP/1.1" 200 103
[2020-10-26 17:48:25,720] [basehttp.py:157] [basehttp:log_message] [INFO]- "GET /monitor/api/analysis/history/?m=mem_percent HTTP/1.1" 200 3250
[2020-10-26 17:48:25,734] [basehttp.py:157] [basehttp:log_message] [INFO]- "GET /monitor/api/analysis/history/?m=cpu_percent HTTP/1.1" 200 3192
[2020-10-26 17:48:26,156] [basehttp.py:157] [basehttp:log_message] [INFO]- "GET /monitor/api/middleware/count/ HTTP/1.1" 200 103
[2020-10-26 17:48:26,157] [basehttp.py:157] [basehttp:log_message] [INFO]- "GET /monitor/api/alarm_detail/alarm_count/ HTTP/1.1" 200 2736
[2020-10-26 17:48:26,237] [basehttp.py:157] [basehttp:log_message] [INFO]- "GET /monitor/api/analysis/history/?m=cpu_percent HTTP/1.1" 200 3192
[2020-10-26 17:48:26,262] [basehttp.py:157] [basehttp:log_message] [INFO]- "GET /monitor/api/analysis/history/?m=mem_percent HTTP/1.1" 200 3250
[2020-10-26 17:48:26,690] [basehttp.py:157] [basehttp:log_message] [INFO]- "GET /monitor/api/alarm_detail/alarm_count/ HTTP/1.1" 200 2736
[2020-10-26 17:48:26,779] [basehttp.py:157] [basehttp:log_message] [INFO]- "GET /monitor/api/middleware/count/ HTTP/1.1" 200 103
[2020-10-26 17:48:26,853] [basehttp.py:157] [basehttp:log_message] [INFO]- "GET /monitor/api/analysis/history/?m=cpu_percent HTTP/1.1" 200 3216
[2020-10-26 17:48:26,872] [basehttp.py:157] [basehttp:log_message] [INFO]- "GET /monitor/api/analysis/history/?m=mem_percent HTTP/1.1" 200 3250
[2020-10-26 17:48:27,226] [basehttp.py:157] [basehttp:log_message] [INFO]- "GET /monitor/api/alarm_detail/alarm_count/ HTTP/1.1" 200 2736
[2020-10-26 17:48:27,367] [basehttp.py:157] [basehttp:log_message] [INFO]- "GET /monitor/api/middleware/count/ HTTP/1.1" 200 103
[2020-10-26 17:48:27,469] [basehttp.py:157] [basehttp:log_message] [INFO]- "GET /monitor/api/analysis/history/?m=mem_percent HTTP/1.1" 200 3250
[2020-10-26 17:48:27,490] [basehttp.py:157] [basehttp:log_message] [INFO]- "GET /monitor/api/analysis/history/?m=cpu_percent HTTP/1.1" 200 3216
[2020-10-26 17:48:27,914] [basehttp.py:157] [basehttp:log_message] [INFO]- "GET /monitor/api/alarm_detail/alarm_count/ HTTP/1.1" 200 2736
[2020-10-26 17:48:27,963] [basehttp.py:157] [basehttp:log_message] [INFO]- "GET /monitor/api/middleware/count/ HTTP/1.1" 200 103
[2020-10-26 17:48:28,102] [basehttp.py:157] [basehttp:log_message] [INFO]- "GET /monitor/api/analysis/history/?m=cpu_percent HTTP/1.1" 200 3216
[2020-10-26 17:48:28,111] [basehttp.py:157] [basehttp:log_message] [INFO]- "GET /monitor/api/analysis/history/?m=mem_percent HTTP/1.1" 200 3250
[2020-10-26 17:48:28,541] [basehttp.py:157] [basehttp:log_message] [INFO]- "GET /monitor/api/alarm_detail/alarm_count/ HTTP/1.1" 200 2736
[2020-10-26 17:48:28,580] [basehttp.py:157] [basehttp:log_message] [INFO]- "GET /monitor/api/middleware/count/ HTTP/1.1" 200 103
[2020-10-26 17:48:28,657] [basehttp.py:157] [basehttp:log_message] [INFO]- "GET /monitor/api/analysis/history/?m=cpu_percent HTTP/1.1" 200 3216
[2020-10-26 17:48:28,705] [basehttp.py:157] [basehttp:log_message] [INFO]- "GET /monitor/api/analysis/history/?m=mem_percent HTTP/1.1" 200 3250
[2020-10-26 17:48:29,124] [basehttp.py:157] [basehttp:log_message] [INFO]- "GET /monitor/api/alarm_detail/alarm_count/ HTTP/1.1" 200 2736
[2020-10-26 17:48:29,174] [basehttp.py:157] [basehttp:log_message] [INFO]- "GET /monitor/api/middleware/count/ HTTP/1.1" 200 103
[2020-10-26 17:48:29,254] [basehttp.py:157] [basehttp:log_message] [INFO]- "GET /monitor/api/analysis/history/?m=cpu_percent HTTP/1.1" 200 3216
[2020-10-26 17:48:29,267] [basehttp.py:157] [basehttp:log_message] [INFO]- "GET /monitor/api/analysis/history/?m=mem_percent HTTP/1.1" 200 3250
[2020-10-26 17:48:29,591] [basehttp.py:157] [basehttp:log_message] [INFO]- "GET /monitor/api/alarm_detail/alarm_count/ HTTP/1.1" 200 2736
[2020-10-26 17:48:29,718] [basehttp.py:157] [basehttp:log_message] [INFO]- "GET /monitor/api/middleware/count/ HTTP/1.1" 200 103
[2020-10-26 17:48:29,833] [basehttp.py:157] [basehttp:log_message] [INFO]- "GET /monitor/api/analysis/history/?m=cpu_percent HTTP/1.1" 200 3216
[2020-10-26 17:48:29,846] [basehttp.py:157] [basehttp:log_message] [INFO]- "GET /monitor/api/analysis/history/?m=mem_percent HTTP/1.1" 200 3250
[2020-10-26 17:48:30,300] [basehttp.py:157] [basehttp:log_message] [INFO]- "GET /monitor/api/alarm_detail/alarm_count/ HTTP/1.1" 200 2736
[2020-10-26 17:48:30,729] [basehttp.py:157] [basehttp:log_message] [INFO]- "GET /monitor/api/middleware/count/ HTTP/1.1" 200 103
[2020-10-26 17:48:30,771] [basehttp.py:157] [basehttp:log_message] [INFO]- "GET /monitor/api/analysis/history/?m=cpu_percent HTTP/1.1" 200 3216
[2020-10-26 17:48:30,800] [basehttp.py:157] [basehttp:log_message] [INFO]- "GET /monitor/api/analysis/history/?m=mem_percent HTTP/1.1" 200 3250
[2020-10-26 17:48:31,097] [basehttp.py:157] [basehttp:log_message] [INFO]- "GET /monitor/api/alarm_detail/alarm_count/ HTTP/1.1" 200 2736
[2020-10-26 17:48:31,659] [basehttp.py:157] [basehttp:log_message] [INFO]- "GET /monitor/api/middleware/count/ HTTP/1.1" 200 103
[2020-10-26 17:48:31,762] [basehttp.py:157] [basehttp:log_message] [INFO]- "GET /monitor/api/analysis/history/?m=cpu_percent HTTP/1.1" 200 3216
[2020-10-26 17:48:31,787] [basehttp.py:157] [basehttp:log_message] [INFO]- "GET /monitor/api/analysis/history/?m=mem_percent HTTP/1.1" 200 3250
[2020-10-26 17:48:32,095] [basehttp.py:157] [basehttp:log_message] [INFO]- "GET /monitor/api/alarm_detail/alarm_count/ HTTP/1.1" 200 2736
[2020-10-26 17:48:32,618] [basehttp.py:157] [basehttp:log_message] [INFO]- "GET /monitor/api/middleware/count HTTP/1.1" 301 0
[2020-10-26 17:48:32,628] [basehttp.py:157] [basehttp:log_message] [INFO]- "GET /monitor/api/alarm_detail/alarm_count HTTP/1.1" 301 0
[2020-10-26 17:48:32,714] [basehttp.py:157] [basehttp:log_message] [INFO]- "GET /monitor/api/middleware/count/ HTTP/1.1" 200 103
[2020-10-26 17:48:32,808] [basehttp.py:157] [basehttp:log_message] [INFO]- "GET /monitor/api/analysis/history/?m=cpu_percent HTTP/1.1" 200 3216
[2020-10-26 17:48:32,813] [basehttp.py:157] [basehttp:log_message] [INFO]- "GET /monitor/api/analysis/history/?m=mem_percent HTTP/1.1" 200 3250
[2020-10-26 17:48:33,112] [basehttp.py:157] [basehttp:log_message] [INFO]- "GET /monitor/api/alarm_detail/alarm_count/ HTTP/1.1" 200 2736
[2020-10-26 17:48:39,504] [basehttp.py:157] [basehttp:log_message] [INFO]- "GET /monitor/api/middleware/count/ HTTP/1.1" 200 103
[2020-10-26 17:48:39,534] [basehttp.py:157] [basehttp:log_message] [INFO]- "GET /monitor/api/analysis/history/?m=mem_percent HTTP/1.1" 200 3232
[2020-10-26 17:48:39,535] [basehttp.py:157] [basehttp:log_message] [INFO]- "GET /monitor/api/analysis/history/?m=cpu_percent HTTP/1.1" 200 3216
[2020-10-26 17:48:39,954] [basehttp.py:157] [basehttp:log_message] [INFO]- "GET /monitor/api/alarm_detail/alarm_count/ HTTP/1.1" 200 2736
[2020-10-26 17:48:56,752] [basehttp.py:157] [basehttp:log_message] [INFO]- "GET /monitor/api/middleware/count HTTP/1.1" 301 0
[2020-10-26 17:48:56,772] [basehttp.py:157] [basehttp:log_message] [INFO]- "GET /monitor/api/alarm_detail/alarm_count HTTP/1.1" 301 0
[2020-10-26 17:48:56,902] [basehttp.py:157] [basehttp:log_message] [INFO]- "GET /monitor/api/middleware/count/ HTTP/1.1" 200 103
[2020-10-26 17:48:56,957] [basehttp.py:157] [basehttp:log_message] [INFO]- "GET /monitor/api/analysis/history/?m=cpu_percent HTTP/1.1" 200 3199
[2020-10-26 17:48:56,962] [basehttp.py:157] [basehttp:log_message] [INFO]- "GET /monitor/api/analysis/history/?m=mem_percent HTTP/1.1" 200 3250
[2020-10-26 17:48:57,330] [basehttp.py:157] [basehttp:log_message] [INFO]- "GET /monitor/api/alarm_detail/alarm_count/ HTTP/1.1" 200 2736
[2020-10-26 17:49:10,784] [basehttp.py:157] [basehttp:log_message] [INFO]- "GET /monitor/api/middleware/count/ HTTP/1.1" 200 103
[2020-10-26 17:49:10,804] [basehttp.py:157] [basehttp:log_message] [INFO]- "GET /monitor/api/analysis/history/?m=cpu_percent HTTP/1.1" 200 3216
[2020-10-26 17:49:10,804] [basehttp.py:157] [basehttp:log_message] [INFO]- "GET /monitor/api/analysis/history/?m=mem_percent HTTP/1.1" 200 3268
[2020-10-26 17:49:11,150] [basehttp.py:157] [basehttp:log_message] [INFO]- "GET /monitor/api/alarm_detail/alarm_count/ HTTP/1.1" 200 2736
[2020-10-26 17:49:23,786] [basehttp.py:157] [basehttp:log_message] [INFO]- "GET /monitor/api/middleware/count HTTP/1.1" 301 0
[2020-10-26 17:49:23,792] [basehttp.py:157] [basehttp:log_message] [INFO]- "GET /monitor/api/alarm_detail/alarm_count HTTP/1.1" 301 0
[2020-10-26 17:49:23,941] [basehttp.py:157] [basehttp:log_message] [INFO]- "GET /monitor/api/middleware/count/ HTTP/1.1" 200 103
[2020-10-26 17:49:23,960] [basehttp.py:157] [basehttp:log_message] [INFO]- "GET /monitor/api/analysis/history/?m=cpu_percent HTTP/1.1" 200 3216
[2020-10-26 17:49:23,978] [basehttp.py:157] [basehttp:log_message] [INFO]- "GET /monitor/api/analysis/history/?m=mem_percent HTTP/1.1" 200 3250
[2020-10-26 17:49:24,321] [basehttp.py:157] [basehttp:log_message] [INFO]- "GET /monitor/api/alarm_detail/alarm_count/ HTTP/1.1" 200 2736
[2020-10-26 17:49:47,324] [basehttp.py:157] [basehttp:log_message] [INFO]- "GET /monitor/api/analysis/history/?m=cpu_percent HTTP/1.1" 200 3216
[2020-10-26 17:49:47,334] [basehttp.py:157] [basehttp:log_message] [INFO]- "GET /monitor/api/analysis/history/?m=mem_percent HTTP/1.1" 200 3232
[2020-10-26 17:49:47,340] [basehttp.py:157] [basehttp:log_message] [INFO]- "GET /monitor/api/middleware/count/ HTTP/1.1" 200 103
[2020-10-26 17:49:47,836] [basehttp.py:157] [basehttp:log_message] [INFO]- "GET /monitor/api/alarm_detail/alarm_count/ HTTP/1.1" 200 2736
[2020-10-26 17:50:03,907] [basehttp.py:157] [basehttp:log_message] [INFO]- "GET /monitor/api/middleware/count HTTP/1.1" 301 0
[2020-10-26 17:50:03,921] [basehttp.py:157] [basehttp:log_message] [INFO]- "GET /monitor/api/alarm_detail/alarm_count HTTP/1.1" 301 0
[2020-10-26 17:50:04,050] [basehttp.py:157] [basehttp:log_message] [INFO]- "GET /monitor/api/middleware/count/ HTTP/1.1" 200 103
[2020-10-26 17:50:04,097] [basehttp.py:157] [basehttp:log_message] [INFO]- "GET /monitor/api/analysis/history/?m=mem_percent HTTP/1.1" 200 3250
[2020-10-26 17:50:04,104] [basehttp.py:157] [basehttp:log_message] [INFO]- "GET /monitor/api/analysis/history/?m=cpu_percent HTTP/1.1" 200 3216
[2020-10-26 17:50:04,441] [basehttp.py:157] [basehttp:log_message] [INFO]- "GET /monitor/api/alarm_detail/alarm_count/ HTTP/1.1" 200 2736
