[2020-09-29 09:42:14,426] [autoreload.py:598] [autoreload:run_with_reloader] [INFO]- Watching for file changes with StatReloader
[2020-09-29 09:42:22,576] [basehttp.py:157] [basehttp:log_message] [INFO]- "GET /monitor/api/middleware/count HTTP/1.1" 301 0
[2020-09-29 09:42:22,636] [log.py:222] [log:log_response] [WARNING]- Not Found: /monitor/api/middleware/count/
[2020-09-29 09:42:22,637] [basehttp.py:157] [basehttp:log_message] [WARNING]- "GET /monitor/api/middleware/count/ HTTP/1.1" 404 25
[2020-09-29 09:42:23,062] [log.py:222] [log:log_response] [WARNING]- Not Found: /monitor/api/analysis/history/
[2020-09-29 09:42:23,095] [log.py:222] [log:log_response] [WARNING]- Not Found: /monitor/api/analysis/history/
[2020-09-29 09:42:23,099] [log.py:222] [log:log_response] [WARNING]- Not Found: /monitor/api/alarm_detail/alarm_count
[2020-09-29 09:42:23,102] [basehttp.py:157] [basehttp:log_message] [WARNING]- "GET /monitor/api/analysis/history/?m=mem_percent HTTP/1.1" 404 26032
[2020-09-29 09:42:23,103] [basehttp.py:157] [basehttp:log_message] [WARNING]- "GET /monitor/api/analysis/history/?m=cpu_percent HTTP/1.1" 404 26032
[2020-09-29 09:42:23,104] [basehttp.py:157] [basehttp:log_message] [WARNING]- "GET /monitor/api/alarm_detail/alarm_count HTTP/1.1" 404 26039
[2020-09-29 09:42:50,712] [autoreload.py:222] [autoreload:trigger_reload] [INFO]- /home/rock/quality_inspection/python-workspace/project_monitor/network_monitor/views.py changed, reloading.
[2020-09-29 09:42:51,566] [autoreload.py:598] [autoreload:run_with_reloader] [INFO]- Watching for file changes with StatReloader
[2020-09-29 09:43:04,970] [autoreload.py:598] [autoreload:run_with_reloader] [INFO]- Watching for file changes with StatReloader
[2020-09-29 09:43:11,720] [basehttp.py:157] [basehttp:log_message] [INFO]- "GET /monitor/api/alarm_detail/alarm_count HTTP/1.1" 301 0
[2020-09-29 09:43:11,824] [basehttp.py:157] [basehttp:log_message] [INFO]- "GET /monitor/api/middleware/count/ HTTP/1.1" 200 103
[2020-09-29 09:43:12,052] [basehttp.py:157] [basehttp:log_message] [INFO]- "GET /monitor/api/analysis/history/?m=cpu_percent HTTP/1.1" 200 3045
[2020-09-29 09:43:12,061] [basehttp.py:157] [basehttp:log_message] [INFO]- "GET /monitor/api/analysis/history/?m=mem_percent HTTP/1.1" 200 3196
[2020-09-29 09:43:12,742] [basehttp.py:157] [basehttp:log_message] [INFO]- "GET /monitor/api/alarm_detail/alarm_count/ HTTP/1.1" 200 4197
[2020-09-29 09:44:12,000] [basehttp.py:157] [basehttp:log_message] [INFO]- "GET /monitor/api/middleware/count/ HTTP/1.1" 200 103
[2020-09-29 09:44:12,175] [basehttp.py:157] [basehttp:log_message] [INFO]- "GET /monitor/api/analysis/history/?m=cpu_percent HTTP/1.1" 200 3045
[2020-09-29 09:44:12,177] [basehttp.py:157] [basehttp:log_message] [INFO]- "GET /monitor/api/analysis/history/?m=mem_percent HTTP/1.1" 200 3196
[2020-09-29 09:44:12,926] [basehttp.py:157] [basehttp:log_message] [INFO]- "GET /monitor/api/alarm_detail/alarm_count/ HTTP/1.1" 200 4197
[2020-09-29 09:45:00,579] [basehttp.py:157] [basehttp:log_message] [INFO]- "GET /monitor/api/middleware/count/ HTTP/1.1" 200 103
[2020-09-29 09:45:00,711] [basehttp.py:157] [basehttp:log_message] [INFO]- "GET /monitor/api/analysis/history/?m=cpu_percent HTTP/1.1" 200 3062
[2020-09-29 09:45:00,712] [basehttp.py:157] [basehttp:log_message] [INFO]- "GET /monitor/api/analysis/history/?m=mem_percent HTTP/1.1" 200 3214
[2020-09-29 09:45:01,580] [basehttp.py:157] [basehttp:log_message] [INFO]- "GET /monitor/api/alarm_detail/alarm_count/ HTTP/1.1" 200 4197
[2020-09-29 09:46:00,701] [basehttp.py:157] [basehttp:log_message] [INFO]- "GET /monitor/api/middleware/count/ HTTP/1.1" 200 103
[2020-09-29 09:46:00,860] [basehttp.py:157] [basehttp:log_message] [INFO]- "GET /monitor/api/analysis/history/?m=cpu_percent HTTP/1.1" 200 3062
[2020-09-29 09:46:00,886] [basehttp.py:157] [basehttp:log_message] [INFO]- "GET /monitor/api/analysis/history/?m=mem_percent HTTP/1.1" 200 3214
[2020-09-29 09:46:01,775] [basehttp.py:157] [basehttp:log_message] [INFO]- "GET /monitor/api/alarm_detail/alarm_count/ HTTP/1.1" 200 4197
[2020-09-29 09:47:00,541] [basehttp.py:157] [basehttp:log_message] [INFO]- "GET /monitor/api/middleware/count/ HTTP/1.1" 200 103
[2020-09-29 09:47:00,717] [basehttp.py:157] [basehttp:log_message] [INFO]- "GET /monitor/api/analysis/history/?m=mem_percent HTTP/1.1" 200 3214
[2020-09-29 09:47:00,722] [basehttp.py:157] [basehttp:log_message] [INFO]- "GET /monitor/api/analysis/history/?m=cpu_percent HTTP/1.1" 200 3062
[2020-09-29 09:47:01,168] [basehttp.py:157] [basehttp:log_message] [INFO]- "GET /monitor/api/alarm_detail/alarm_count/ HTTP/1.1" 200 4197
[2020-09-29 10:01:50,906] [basehttp.py:157] [basehttp:log_message] [INFO]- "GET /monitor/api/analysis/?type=cpu_percent&num=3 HTTP/1.1" 200 716
[2020-09-29 10:01:50,928] [basehttp.py:157] [basehttp:log_message] [INFO]- "GET /monitor/api/analysis/?type=mem_percent&num=3 HTTP/1.1" 200 718
[2020-09-29 10:01:51,489] [basehttp.py:157] [basehttp:log_message] [INFO]- "GET /monitor/api/alarm_detail/alarm_count/ HTTP/1.1" 200 4197
[2020-09-29 16:09:11,288] [basehttp.py:157] [basehttp:log_message] [INFO]- "GET /monitor/api/analysis/?type=cpu_percent&num=3 HTTP/1.1" 200 715
[2020-09-29 16:09:11,313] [basehttp.py:157] [basehttp:log_message] [INFO]- "GET /monitor/api/analysis/?type=mem_percent&num=3 HTTP/1.1" 200 718
[2020-09-29 16:09:11,882] [basehttp.py:157] [basehttp:log_message] [INFO]- "GET /monitor/api/alarm_detail/alarm_count/ HTTP/1.1" 200 4197
[2020-09-29 16:10:22,011] [basehttp.py:157] [basehttp:log_message] [INFO]- "GET /monitor/api/middleware/count/ HTTP/1.1" 200 103
[2020-09-29 16:10:22,104] [basehttp.py:157] [basehttp:log_message] [INFO]- "GET /monitor/api/analysis/history/?m=cpu_percent HTTP/1.1" 200 3043
[2020-09-29 16:10:22,104] [basehttp.py:157] [basehttp:log_message] [INFO]- "GET /monitor/api/analysis/history/?m=mem_percent HTTP/1.1" 200 3214
[2020-09-29 16:10:22,632] [basehttp.py:157] [basehttp:log_message] [INFO]- "GET /monitor/api/alarm_detail/alarm_count/ HTTP/1.1" 200 4197
[2020-09-29 16:11:11,703] [basehttp.py:157] [basehttp:log_message] [INFO]- "GET /monitor/api/middleware/count/ HTTP/1.1" 200 103
[2020-09-29 16:11:11,755] [basehttp.py:157] [basehttp:log_message] [INFO]- "GET /monitor/api/analysis/history/?m=mem_percent HTTP/1.1" 200 3196
[2020-09-29 16:11:11,766] [basehttp.py:157] [basehttp:log_message] [INFO]- "GET /monitor/api/analysis/history/?m=cpu_percent HTTP/1.1" 200 3026
[2020-09-29 16:11:12,264] [basehttp.py:157] [basehttp:log_message] [INFO]- "GET /monitor/api/alarm_detail/alarm_count/ HTTP/1.1" 200 4197
[2020-09-29 16:12:11,715] [basehttp.py:157] [basehttp:log_message] [INFO]- "GET /monitor/api/middleware/count/ HTTP/1.1" 200 103
[2020-09-29 16:12:11,786] [basehttp.py:157] [basehttp:log_message] [INFO]- "GET /monitor/api/analysis/history/?m=cpu_percent HTTP/1.1" 200 3026
[2020-09-29 16:12:11,827] [basehttp.py:157] [basehttp:log_message] [INFO]- "GET /monitor/api/analysis/history/?m=mem_percent HTTP/1.1" 200 3196
[2020-09-29 16:12:12,236] [basehttp.py:157] [basehttp:log_message] [INFO]- "GET /monitor/api/alarm_detail/alarm_count/ HTTP/1.1" 200 4197
[2020-09-29 16:15:07,235] [basehttp.py:157] [basehttp:log_message] [INFO]- "GET /monitor/api/analysis/history/?m=cpu_percent HTTP/1.1" 200 3026
[2020-09-29 16:15:07,236] [basehttp.py:157] [basehttp:log_message] [INFO]- "GET /monitor/api/analysis/history/?m=mem_percent HTTP/1.1" 200 3196
[2020-09-29 16:15:07,239] [basehttp.py:157] [basehttp:log_message] [INFO]- "GET /monitor/api/middleware/count/ HTTP/1.1" 200 103
[2020-09-29 16:15:07,707] [basehttp.py:157] [basehttp:log_message] [INFO]- "GET /monitor/api/alarm_detail/alarm_count/ HTTP/1.1" 200 4197
[2020-09-29 16:16:07,509] [basehttp.py:157] [basehttp:log_message] [INFO]- "GET /monitor/api/middleware/count/ HTTP/1.1" 200 103
[2020-09-29 16:16:07,671] [basehttp.py:157] [basehttp:log_message] [INFO]- "GET /monitor/api/analysis/history/?m=cpu_percent HTTP/1.1" 200 3026
[2020-09-29 16:16:07,677] [basehttp.py:157] [basehttp:log_message] [INFO]- "GET /monitor/api/analysis/history/?m=mem_percent HTTP/1.1" 200 3196
[2020-09-29 16:16:09,406] [basehttp.py:157] [basehttp:log_message] [INFO]- "GET /monitor/api/alarm_detail/alarm_count/ HTTP/1.1" 200 4197
