[2020-10-15 09:33:58,056] [autoreload.py:598] [autoreload:run_with_reloader] [INFO]- Watching for file changes with StatReloader
[2020-10-15 09:34:06,943] [basehttp.py:157] [basehttp:log_message] [INFO]- "GET /monitor/api/analysis/?type=mem_percent&num=3 HTTP/1.1" 200 718
[2020-10-15 09:34:06,957] [basehttp.py:157] [basehttp:log_message] [INFO]- "GET /monitor/api/analysis/?type=cpu_percent&num=3 HTTP/1.1" 200 716
[2020-10-15 09:34:07,481] [basehttp.py:157] [basehttp:log_message] [INFO]- "GET /monitor/api/alarm_detail/alarm_count/ HTTP/1.1" 200 3525
[2020-10-15 09:42:28,903] [basehttp.py:157] [basehttp:log_message] [INFO]- "GET /monitor/api/analysis/?type=cpu_percent&num=3 HTTP/1.1" 200 715
[2020-10-15 09:42:28,934] [basehttp.py:157] [basehttp:log_message] [INFO]- "GET /monitor/api/analysis/?type=mem_percent&num=3 HTTP/1.1" 200 718
[2020-10-15 09:42:29,415] [basehttp.py:157] [basehttp:log_message] [INFO]- "GET /monitor/api/alarm_detail/alarm_count/ HTTP/1.1" 200 3525
[2020-10-15 09:42:47,589] [basehttp.py:157] [basehttp:log_message] [INFO]- "GET /monitor/api/analysis/?type=mem_percent&num=3 HTTP/1.1" 200 718
[2020-10-15 09:42:47,591] [basehttp.py:157] [basehttp:log_message] [INFO]- "GET /monitor/api/analysis/?type=cpu_percent&num=3 HTTP/1.1" 200 715
[2020-10-15 09:42:48,167] [basehttp.py:157] [basehttp:log_message] [INFO]- "GET /monitor/api/alarm_detail/alarm_count/ HTTP/1.1" 200 3525
[2020-10-15 09:42:59,811] [basehttp.py:157] [basehttp:log_message] [INFO]- "GET /monitor/api/analysis/?type=cpu_percent&num=3 HTTP/1.1" 200 715
[2020-10-15 09:42:59,825] [basehttp.py:157] [basehttp:log_message] [INFO]- "GET /monitor/api/analysis/?type=mem_percent&num=3 HTTP/1.1" 200 718
[2020-10-15 09:43:00,312] [basehttp.py:157] [basehttp:log_message] [INFO]- "GET /monitor/api/alarm_detail/alarm_count/ HTTP/1.1" 200 3525
[2020-10-15 09:54:14,802] [basehttp.py:157] [basehttp:log_message] [INFO]- "GET /monitor/api/analysis/?type=mem_percent&num=3 HTTP/1.1" 200 718
[2020-10-15 09:54:14,803] [basehttp.py:157] [basehttp:log_message] [INFO]- "GET /monitor/api/analysis/?type=cpu_percent&num=3 HTTP/1.1" 200 716
[2020-10-15 09:54:15,333] [basehttp.py:157] [basehttp:log_message] [INFO]- "GET /monitor/api/alarm_detail/alarm_count/ HTTP/1.1" 200 3525
[2020-10-15 09:54:42,770] [basehttp.py:157] [basehttp:log_message] [INFO]- "GET /monitor/api/analysis/?type=cpu_percent&num=3 HTTP/1.1" 200 717
[2020-10-15 09:54:42,774] [basehttp.py:157] [basehttp:log_message] [INFO]- "GET /monitor/api/analysis/?type=mem_percent&num=3 HTTP/1.1" 200 718
[2020-10-15 09:54:43,365] [basehttp.py:157] [basehttp:log_message] [INFO]- "GET /monitor/api/alarm_detail/alarm_count/ HTTP/1.1" 200 3525
[2020-10-15 09:58:20,331] [basehttp.py:157] [basehttp:log_message] [INFO]- "GET /monitor/api/analysis/?type=cpu_percent&num=3 HTTP/1.1" 200 717
[2020-10-15 09:58:20,369] [basehttp.py:157] [basehttp:log_message] [INFO]- "GET /monitor/api/analysis/?type=mem_percent&num=3 HTTP/1.1" 200 718
[2020-10-15 09:58:21,137] [basehttp.py:157] [basehttp:log_message] [INFO]- "GET /monitor/api/alarm_detail/alarm_count/ HTTP/1.1" 200 3525
[2020-10-15 09:58:32,518] [basehttp.py:157] [basehttp:log_message] [INFO]- "GET /monitor/api/middleware/count/ HTTP/1.1" 200 103
[2020-10-15 09:58:32,659] [basehttp.py:157] [basehttp:log_message] [INFO]- "GET /monitor/api/analysis/history/?m=mem_percent HTTP/1.1" 200 3214
[2020-10-15 09:58:32,671] [basehttp.py:157] [basehttp:log_message] [INFO]- "GET /monitor/api/analysis/history/?m=cpu_percent HTTP/1.1" 200 3049
[2020-10-15 09:58:33,185] [basehttp.py:157] [basehttp:log_message] [INFO]- "GET /monitor/api/alarm_detail/alarm_count/ HTTP/1.1" 200 3525
[2020-10-15 09:58:42,387] [basehttp.py:157] [basehttp:log_message] [INFO]- "GET /monitor/api/analysis/?type=cpu_percent&num=3 HTTP/1.1" 200 717
[2020-10-15 09:58:42,388] [basehttp.py:157] [basehttp:log_message] [INFO]- "GET /monitor/api/analysis/?type=mem_percent&num=3 HTTP/1.1" 200 718
[2020-10-15 09:58:44,314] [basehttp.py:157] [basehttp:log_message] [INFO]- "GET /monitor/api/alarm_detail/alarm_count/ HTTP/1.1" 200 3525
[2020-10-15 09:59:15,655] [basehttp.py:157] [basehttp:log_message] [INFO]- "GET /monitor/api/analysis/?type=mem_percent&num=3 HTTP/1.1" 200 718
[2020-10-15 09:59:15,659] [basehttp.py:157] [basehttp:log_message] [INFO]- "GET /monitor/api/analysis/?type=cpu_percent&num=3 HTTP/1.1" 200 717
[2020-10-15 09:59:16,966] [basehttp.py:157] [basehttp:log_message] [INFO]- "GET /monitor/api/alarm_detail/alarm_count/ HTTP/1.1" 200 3525
[2020-10-15 09:59:24,016] [basehttp.py:157] [basehttp:log_message] [INFO]- "GET /monitor/api/analysis/?type=cpu_percent&num=3 HTTP/1.1" 200 717
[2020-10-15 09:59:24,030] [basehttp.py:157] [basehttp:log_message] [INFO]- "GET /monitor/api/analysis/?type=mem_percent&num=3 HTTP/1.1" 200 718
[2020-10-15 09:59:25,068] [basehttp.py:157] [basehttp:log_message] [INFO]- "GET /monitor/api/alarm_detail/alarm_count/ HTTP/1.1" 200 3525
[2020-10-15 09:59:30,894] [basehttp.py:157] [basehttp:log_message] [INFO]- "GET /monitor/api/analysis/?type=cpu_percent&num=3 HTTP/1.1" 200 717
[2020-10-15 09:59:30,911] [basehttp.py:157] [basehttp:log_message] [INFO]- "GET /monitor/api/analysis/?type=mem_percent&num=3 HTTP/1.1" 200 718
[2020-10-15 09:59:31,983] [basehttp.py:157] [basehttp:log_message] [INFO]- "GET /monitor/api/alarm_detail/alarm_count/ HTTP/1.1" 200 3525
[2020-10-15 09:59:57,920] [basehttp.py:157] [basehttp:log_message] [INFO]- "GET /monitor/api/analysis/?type=mem_percent&num=3 HTTP/1.1" 200 718
[2020-10-15 09:59:58,005] [basehttp.py:157] [basehttp:log_message] [INFO]- "GET /monitor/api/analysis/?type=cpu_percent&num=3 HTTP/1.1" 200 717
[2020-10-15 10:00:12,277] [basehttp.py:157] [basehttp:log_message] [INFO]- "GET /monitor/api/alarm_detail/alarm_count/ HTTP/1.1" 200 3525
[2020-10-15 10:02:17,911] [basehttp.py:157] [basehttp:log_message] [INFO]- "GET /monitor/api/analysis/?type=cpu_percent&num=3 HTTP/1.1" 200 715
[2020-10-15 10:02:17,952] [basehttp.py:157] [basehttp:log_message] [INFO]- "GET /monitor/api/analysis/?type=mem_percent&num=3 HTTP/1.1" 200 718
[2020-10-15 10:02:18,502] [basehttp.py:157] [basehttp:log_message] [INFO]- "GET /monitor/api/alarm_detail/alarm_count/ HTTP/1.1" 200 3525
[2020-10-15 10:02:31,896] [basehttp.py:157] [basehttp:log_message] [INFO]- "GET /monitor/api/analysis/?type=cpu_percent&num=3 HTTP/1.1" 200 716
[2020-10-15 10:02:31,935] [basehttp.py:157] [basehttp:log_message] [INFO]- "GET /monitor/api/analysis/?type=mem_percent&num=3 HTTP/1.1" 200 718
[2020-10-15 10:02:32,465] [basehttp.py:157] [basehttp:log_message] [INFO]- "GET /monitor/api/alarm_detail/alarm_count/ HTTP/1.1" 200 3525
[2020-10-15 10:09:46,425] [basehttp.py:157] [basehttp:log_message] [INFO]- "GET /monitor/api/analysis/?type=mem_percent&num=3 HTTP/1.1" 200 718
[2020-10-15 10:09:46,451] [basehttp.py:157] [basehttp:log_message] [INFO]- "GET /monitor/api/analysis/?type=cpu_percent&num=3 HTTP/1.1" 200 716
[2020-10-15 10:09:51,582] [basehttp.py:157] [basehttp:log_message] [INFO]- "GET /monitor/api/analysis/?type=mem_percent&num=3 HTTP/1.1" 200 718
[2020-10-15 10:09:51,583] [basehttp.py:157] [basehttp:log_message] [INFO]- "GET /monitor/api/analysis/?type=cpu_percent&num=3 HTTP/1.1" 200 716
[2020-10-15 10:10:06,572] [basehttp.py:157] [basehttp:log_message] [INFO]- "GET /monitor/api/analysis/?type=cpu_percent&num=3 HTTP/1.1" 200 716
[2020-10-15 10:10:06,575] [basehttp.py:157] [basehttp:log_message] [INFO]- "GET /monitor/api/analysis/?type=mem_percent&num=3 HTTP/1.1" 200 718
[2020-10-15 10:10:21,756] [basehttp.py:157] [basehttp:log_message] [INFO]- "GET /monitor/api/alarm_detail/alarm_count/ HTTP/1.1" 200 3525
[2020-10-15 10:10:27,451] [basehttp.py:157] [basehttp:log_message] [INFO]- "GET /monitor/api/alarm_detail/alarm_count/ HTTP/1.1" 200 3525
[2020-10-15 10:10:58,147] [basehttp.py:157] [basehttp:log_message] [INFO]- "GET /monitor/api/analysis/?type=cpu_percent&num=3 HTTP/1.1" 200 717
[2020-10-15 10:10:58,154] [basehttp.py:157] [basehttp:log_message] [INFO]- "GET /monitor/api/analysis/?type=mem_percent&num=3 HTTP/1.1" 200 718
[2020-10-15 10:10:58,741] [basehttp.py:157] [basehttp:log_message] [INFO]- "GET /monitor/api/alarm_detail/alarm_count/ HTTP/1.1" 200 3525
[2020-10-15 10:11:09,101] [basehttp.py:157] [basehttp:log_message] [INFO]- "GET /monitor/api/analysis/?type=mem_percent&num=3 HTTP/1.1" 200 718
[2020-10-15 10:11:09,102] [basehttp.py:157] [basehttp:log_message] [INFO]- "GET /monitor/api/analysis/?type=cpu_percent&num=3 HTTP/1.1" 200 717
[2020-10-15 10:11:09,699] [basehttp.py:157] [basehttp:log_message] [INFO]- "GET /monitor/api/alarm_detail/alarm_count/ HTTP/1.1" 200 3525
[2020-10-15 10:12:23,382] [basehttp.py:157] [basehttp:log_message] [INFO]- "GET /monitor/api/analysis/?type=cpu_percent&num=3 HTTP/1.1" 200 718
[2020-10-15 10:12:23,399] [basehttp.py:157] [basehttp:log_message] [INFO]- "GET /monitor/api/analysis/?type=mem_percent&num=3 HTTP/1.1" 200 718
[2020-10-15 10:12:23,885] [basehttp.py:157] [basehttp:log_message] [INFO]- "GET /monitor/api/alarm_detail/alarm_count/ HTTP/1.1" 200 3525
[2020-10-15 10:12:32,626] [basehttp.py:157] [basehttp:log_message] [INFO]- "GET /monitor/api/analysis/?type=cpu_percent&num=3 HTTP/1.1" 200 718
[2020-10-15 10:12:32,645] [basehttp.py:157] [basehttp:log_message] [INFO]- "GET /monitor/api/analysis/?type=mem_percent&num=3 HTTP/1.1" 200 718
[2020-10-15 10:12:33,145] [basehttp.py:157] [basehttp:log_message] [INFO]- "GET /monitor/api/alarm_detail/alarm_count/ HTTP/1.1" 200 3525
[2020-10-15 10:13:00,848] [basehttp.py:157] [basehttp:log_message] [INFO]- "GET /monitor/api/analysis/?type=cpu_percent&num=3 HTTP/1.1" 200 718
[2020-10-15 10:13:00,875] [basehttp.py:157] [basehttp:log_message] [INFO]- "GET /monitor/api/analysis/?type=mem_percent&num=3 HTTP/1.1" 200 718
[2020-10-15 10:13:01,432] [basehttp.py:157] [basehttp:log_message] [INFO]- "GET /monitor/api/alarm_detail/alarm_count/ HTTP/1.1" 200 3525
[2020-10-15 10:13:49,941] [basehttp.py:157] [basehttp:log_message] [INFO]- "GET /monitor/api/analysis/?type=cpu_percent&num=3 HTTP/1.1" 200 718
[2020-10-15 10:13:49,977] [basehttp.py:157] [basehttp:log_message] [INFO]- "GET /monitor/api/analysis/?type=mem_percent&num=3 HTTP/1.1" 200 718
[2020-10-15 10:13:50,556] [basehttp.py:157] [basehttp:log_message] [INFO]- "GET /monitor/api/alarm_detail/alarm_count/ HTTP/1.1" 200 3525
[2020-10-15 10:13:56,230] [basehttp.py:157] [basehttp:log_message] [INFO]- "GET /monitor/api/analysis/?type=cpu_percent&num=3 HTTP/1.1" 200 718
[2020-10-15 10:13:56,292] [basehttp.py:157] [basehttp:log_message] [INFO]- "GET /monitor/api/analysis/?type=mem_percent&num=3 HTTP/1.1" 200 718
[2020-10-15 10:13:56,754] [basehttp.py:157] [basehttp:log_message] [INFO]- "GET /monitor/api/alarm_detail/alarm_count/ HTTP/1.1" 200 3525
[2020-10-15 10:14:09,621] [basehttp.py:157] [basehttp:log_message] [INFO]- "GET /monitor/api/middleware/count/ HTTP/1.1" 200 103
[2020-10-15 10:14:09,658] [basehttp.py:157] [basehttp:log_message] [INFO]- "GET /monitor/api/analysis/history/?m=cpu_percent HTTP/1.1" 200 3052
[2020-10-15 10:14:09,672] [basehttp.py:157] [basehttp:log_message] [INFO]- "GET /monitor/api/analysis/history/?m=mem_percent HTTP/1.1" 200 3214
[2020-10-15 10:14:10,257] [basehttp.py:157] [basehttp:log_message] [INFO]- "GET /monitor/api/alarm_detail/alarm_count/ HTTP/1.1" 200 3525
[2020-10-15 10:14:16,583] [basehttp.py:157] [basehttp:log_message] [INFO]- "GET /monitor/api/analysis/?type=cpu_percent&num=3 HTTP/1.1" 200 718
[2020-10-15 10:14:16,604] [basehttp.py:157] [basehttp:log_message] [INFO]- "GET /monitor/api/analysis/?type=mem_percent&num=3 HTTP/1.1" 200 718
[2020-10-15 10:14:17,155] [basehttp.py:157] [basehttp:log_message] [INFO]- "GET /monitor/api/alarm_detail/alarm_count/ HTTP/1.1" 200 3525
[2020-10-15 10:15:44,775] [basehttp.py:157] [basehttp:log_message] [INFO]- "GET /monitor/api/analysis/?type=mem_percent&num=3 HTTP/1.1" 200 718
[2020-10-15 10:15:44,790] [basehttp.py:157] [basehttp:log_message] [INFO]- "GET /monitor/api/analysis/?type=cpu_percent&num=3 HTTP/1.1" 200 718
[2020-10-15 10:15:45,281] [basehttp.py:157] [basehttp:log_message] [INFO]- "GET /monitor/api/alarm_detail/alarm_count/ HTTP/1.1" 200 3525
[2020-10-15 10:19:38,327] [basehttp.py:157] [basehttp:log_message] [INFO]- "GET /monitor/api/analysis/?type=cpu_percent&num=3 HTTP/1.1" 200 716
[2020-10-15 10:19:38,344] [basehttp.py:157] [basehttp:log_message] [INFO]- "GET /monitor/api/analysis/?type=mem_percent&num=3 HTTP/1.1" 200 718
[2020-10-15 10:19:39,038] [basehttp.py:157] [basehttp:log_message] [INFO]- "GET /monitor/api/alarm_detail/alarm_count/ HTTP/1.1" 200 3525
[2020-10-15 10:20:29,336] [basehttp.py:157] [basehttp:log_message] [INFO]- "GET /monitor/api/analysis/?type=cpu_percent&num=3 HTTP/1.1" 200 717
[2020-10-15 10:20:29,370] [basehttp.py:157] [basehttp:log_message] [INFO]- "GET /monitor/api/analysis/?type=mem_percent&num=3 HTTP/1.1" 200 718
[2020-10-15 10:20:29,856] [basehttp.py:157] [basehttp:log_message] [INFO]- "GET /monitor/api/alarm_detail/alarm_count/ HTTP/1.1" 200 3525
[2020-10-15 10:21:05,684] [basehttp.py:157] [basehttp:log_message] [INFO]- "GET /monitor/api/analysis/?type=mem_percent&num=3 HTTP/1.1" 200 718
[2020-10-15 10:21:05,706] [basehttp.py:157] [basehttp:log_message] [INFO]- "GET /monitor/api/analysis/?type=cpu_percent&num=3 HTTP/1.1" 200 717
[2020-10-15 10:21:06,302] [basehttp.py:157] [basehttp:log_message] [INFO]- "GET /monitor/api/alarm_detail/alarm_count/ HTTP/1.1" 200 3525
[2020-10-15 10:22:07,546] [basehttp.py:157] [basehttp:log_message] [INFO]- "GET /monitor/api/analysis/?type=cpu_percent&num=3 HTTP/1.1" 200 717
[2020-10-15 10:22:07,549] [basehttp.py:157] [basehttp:log_message] [INFO]- "GET /monitor/api/analysis/?type=mem_percent&num=3 HTTP/1.1" 200 718
[2020-10-15 10:22:08,104] [basehttp.py:157] [basehttp:log_message] [INFO]- "GET /monitor/api/alarm_detail/alarm_count/ HTTP/1.1" 200 3525
[2020-10-15 10:22:21,835] [basehttp.py:157] [basehttp:log_message] [INFO]- "GET /monitor/api/middleware/count/ HTTP/1.1" 200 103
[2020-10-15 10:22:21,978] [basehttp.py:157] [basehttp:log_message] [INFO]- "GET /monitor/api/analysis/history/?m=cpu_percent HTTP/1.1" 200 3057
[2020-10-15 10:22:21,986] [basehttp.py:157] [basehttp:log_message] [INFO]- "GET /monitor/api/analysis/history/?m=mem_percent HTTP/1.1" 200 3214
[2020-10-15 10:22:22,622] [basehttp.py:157] [basehttp:log_message] [INFO]- "GET /monitor/api/alarm_detail/alarm_count/ HTTP/1.1" 200 3525
[2020-10-15 10:22:30,804] [basehttp.py:157] [basehttp:log_message] [INFO]- "GET /monitor/api/analysis/?type=cpu_percent&num=3 HTTP/1.1" 200 717
[2020-10-15 10:22:30,833] [basehttp.py:157] [basehttp:log_message] [INFO]- "GET /monitor/api/analysis/?type=mem_percent&num=3 HTTP/1.1" 200 718
[2020-10-15 10:22:31,322] [basehttp.py:157] [basehttp:log_message] [INFO]- "GET /monitor/api/alarm_detail/alarm_count/ HTTP/1.1" 200 3525
[2020-10-15 10:22:59,579] [basehttp.py:157] [basehttp:log_message] [INFO]- "GET /monitor/api/analysis/?type=cpu_percent&num=3 HTTP/1.1" 200 717
[2020-10-15 10:22:59,607] [basehttp.py:157] [basehttp:log_message] [INFO]- "GET /monitor/api/analysis/?type=mem_percent&num=3 HTTP/1.1" 200 718
[2020-10-15 10:23:00,243] [basehttp.py:157] [basehttp:log_message] [INFO]- "GET /monitor/api/alarm_detail/alarm_count/ HTTP/1.1" 200 3525
[2020-10-15 10:23:21,206] [basehttp.py:157] [basehttp:log_message] [INFO]- "GET /monitor/api/analysis/?type=cpu_percent&num=3 HTTP/1.1" 200 717
[2020-10-15 10:23:21,254] [basehttp.py:157] [basehttp:log_message] [INFO]- "GET /monitor/api/analysis/?type=mem_percent&num=3 HTTP/1.1" 200 718
[2020-10-15 10:23:21,941] [basehttp.py:157] [basehttp:log_message] [INFO]- "GET /monitor/api/alarm_detail/alarm_count/ HTTP/1.1" 200 3525
[2020-10-15 10:23:58,812] [basehttp.py:157] [basehttp:log_message] [INFO]- "GET /monitor/api/analysis/?type=mem_percent&num=3 HTTP/1.1" 200 718
[2020-10-15 10:23:58,823] [basehttp.py:157] [basehttp:log_message] [INFO]- "GET /monitor/api/analysis/?type=cpu_percent&num=3 HTTP/1.1" 200 717
[2020-10-15 10:23:59,345] [basehttp.py:157] [basehttp:log_message] [INFO]- "GET /monitor/api/alarm_detail/alarm_count/ HTTP/1.1" 200 3525
[2020-10-15 10:24:17,550] [basehttp.py:157] [basehttp:log_message] [INFO]- "GET /monitor/api/analysis/?type=mem_percent&num=3 HTTP/1.1" 200 718
[2020-10-15 10:24:17,560] [basehttp.py:157] [basehttp:log_message] [INFO]- "GET /monitor/api/analysis/?type=cpu_percent&num=3 HTTP/1.1" 200 717
[2020-10-15 10:24:18,137] [basehttp.py:157] [basehttp:log_message] [INFO]- "GET /monitor/api/alarm_detail/alarm_count/ HTTP/1.1" 200 3525
[2020-10-15 10:24:54,681] [basehttp.py:157] [basehttp:log_message] [INFO]- "GET /monitor/api/analysis/?type=cpu_percent&num=3 HTTP/1.1" 200 716
[2020-10-15 10:24:54,701] [basehttp.py:157] [basehttp:log_message] [INFO]- "GET /monitor/api/analysis/?type=mem_percent&num=3 HTTP/1.1" 200 718
[2020-10-15 10:24:55,250] [basehttp.py:157] [basehttp:log_message] [INFO]- "GET /monitor/api/alarm_detail/alarm_count/ HTTP/1.1" 200 3525
[2020-10-15 10:25:02,844] [basehttp.py:157] [basehttp:log_message] [INFO]- "GET /monitor/api/analysis/?type=mem_percent&num=3 HTTP/1.1" 200 718
[2020-10-15 10:25:02,903] [basehttp.py:157] [basehttp:log_message] [INFO]- "GET /monitor/api/analysis/?type=cpu_percent&num=3 HTTP/1.1" 200 716
[2020-10-15 10:25:03,452] [basehttp.py:157] [basehttp:log_message] [INFO]- "GET /monitor/api/alarm_detail/alarm_count/ HTTP/1.1" 200 3525
[2020-10-15 10:25:13,356] [basehttp.py:157] [basehttp:log_message] [INFO]- "GET /monitor/api/middleware/count/ HTTP/1.1" 200 103
[2020-10-15 10:25:13,461] [basehttp.py:157] [basehttp:log_message] [INFO]- "GET /monitor/api/analysis/history/?m=cpu_percent HTTP/1.1" 200 3074
[2020-10-15 10:25:13,477] [basehttp.py:157] [basehttp:log_message] [INFO]- "GET /monitor/api/analysis/history/?m=mem_percent HTTP/1.1" 200 3232
[2020-10-15 10:25:14,017] [basehttp.py:157] [basehttp:log_message] [INFO]- "GET /monitor/api/alarm_detail/alarm_count/ HTTP/1.1" 200 3525
[2020-10-15 10:25:21,326] [basehttp.py:157] [basehttp:log_message] [INFO]- "GET /monitor/api/analysis/?type=cpu_percent&num=3 HTTP/1.1" 200 716
[2020-10-15 10:25:21,349] [basehttp.py:157] [basehttp:log_message] [INFO]- "GET /monitor/api/analysis/?type=mem_percent&num=3 HTTP/1.1" 200 718
[2020-10-15 10:25:21,844] [basehttp.py:157] [basehttp:log_message] [INFO]- "GET /monitor/api/alarm_detail/alarm_count/ HTTP/1.1" 200 3525
[2020-10-15 10:25:44,232] [basehttp.py:157] [basehttp:log_message] [INFO]- "GET /monitor/api/analysis/?type=cpu_percent&num=3 HTTP/1.1" 200 716
[2020-10-15 10:25:44,285] [basehttp.py:157] [basehttp:log_message] [INFO]- "GET /monitor/api/analysis/?type=mem_percent&num=3 HTTP/1.1" 200 718
[2020-10-15 10:25:44,854] [basehttp.py:157] [basehttp:log_message] [INFO]- "GET /monitor/api/alarm_detail/alarm_count/ HTTP/1.1" 200 3525
[2020-10-15 10:25:49,633] [basehttp.py:157] [basehttp:log_message] [INFO]- "GET /monitor/api/analysis/?type=cpu_percent&num=3 HTTP/1.1" 200 716
[2020-10-15 10:25:49,634] [basehttp.py:157] [basehttp:log_message] [INFO]- "GET /monitor/api/analysis/?type=mem_percent&num=3 HTTP/1.1" 200 718
[2020-10-15 10:25:50,155] [basehttp.py:157] [basehttp:log_message] [INFO]- "GET /monitor/api/alarm_detail/alarm_count/ HTTP/1.1" 200 3525
[2020-10-15 10:26:05,491] [basehttp.py:157] [basehttp:log_message] [INFO]- "GET /monitor/api/analysis/?type=cpu_percent&num=3 HTTP/1.1" 200 716
[2020-10-15 10:26:05,560] [basehttp.py:157] [basehttp:log_message] [INFO]- "GET /monitor/api/analysis/?type=mem_percent&num=3 HTTP/1.1" 200 718
[2020-10-15 10:26:06,069] [basehttp.py:157] [basehttp:log_message] [INFO]- "GET /monitor/api/alarm_detail/alarm_count/ HTTP/1.1" 200 3525
[2020-10-15 10:26:33,127] [basehttp.py:157] [basehttp:log_message] [INFO]- "GET /monitor/api/analysis/?type=cpu_percent&num=3 HTTP/1.1" 200 716
[2020-10-15 10:26:33,146] [basehttp.py:157] [basehttp:log_message] [INFO]- "GET /monitor/api/analysis/?type=mem_percent&num=3 HTTP/1.1" 200 718
[2020-10-15 10:26:33,685] [basehttp.py:157] [basehttp:log_message] [INFO]- "GET /monitor/api/alarm_detail/alarm_count/ HTTP/1.1" 200 3525
[2020-10-15 10:29:30,583] [basehttp.py:157] [basehttp:log_message] [INFO]- "GET /monitor/api/analysis/?type=cpu_percent&num=3 HTTP/1.1" 200 716
[2020-10-15 10:29:30,636] [basehttp.py:157] [basehttp:log_message] [INFO]- "GET /monitor/api/analysis/?type=mem_percent&num=3 HTTP/1.1" 200 718
[2020-10-15 10:29:31,229] [basehttp.py:157] [basehttp:log_message] [INFO]- "GET /monitor/api/alarm_detail/alarm_count/ HTTP/1.1" 200 3525
[2020-10-15 10:31:34,951] [basehttp.py:157] [basehttp:log_message] [INFO]- "GET /monitor/api/analysis/?type=mem_percent&num=3 HTTP/1.1" 200 718
[2020-10-15 10:31:34,964] [basehttp.py:157] [basehttp:log_message] [INFO]- "GET /monitor/api/analysis/?type=cpu_percent&num=3 HTTP/1.1" 200 716
[2020-10-15 10:31:35,613] [basehttp.py:157] [basehttp:log_message] [INFO]- "GET /monitor/api/alarm_detail/alarm_count/ HTTP/1.1" 200 3525
[2020-10-15 10:31:43,746] [basehttp.py:157] [basehttp:log_message] [INFO]- "GET /monitor/api/analysis/?type=mem_percent&num=3 HTTP/1.1" 200 718
[2020-10-15 10:31:43,753] [basehttp.py:157] [basehttp:log_message] [INFO]- "GET /monitor/api/analysis/?type=cpu_percent&num=3 HTTP/1.1" 200 716
[2020-10-15 10:31:44,335] [basehttp.py:157] [basehttp:log_message] [INFO]- "GET /monitor/api/alarm_detail/alarm_count/ HTTP/1.1" 200 3525
[2020-10-15 10:32:10,316] [basehttp.py:157] [basehttp:log_message] [INFO]- "GET /monitor/api/analysis/?type=cpu_percent&num=3 HTTP/1.1" 200 716
[2020-10-15 10:32:10,317] [basehttp.py:157] [basehttp:log_message] [INFO]- "GET /monitor/api/analysis/?type=mem_percent&num=3 HTTP/1.1" 200 718
[2020-10-15 10:32:10,887] [basehttp.py:157] [basehttp:log_message] [INFO]- "GET /monitor/api/alarm_detail/alarm_count/ HTTP/1.1" 200 3525
[2020-10-15 17:17:25,696] [autoreload.py:598] [autoreload:run_with_reloader] [INFO]- Watching for file changes with StatReloader
[2020-10-15 17:17:41,730] [basehttp.py:157] [basehttp:log_message] [INFO]- "GET /monitor/api/alarm_detail/?current_page=1&pre_page=10&alarm_ip=&alarm_level=&alarm_last_time1=&alarm_last_time2=&alarm_status=&indicator_name= HTTP/1.1" 200 3148
[2020-10-15 17:17:46,210] [basehttp.py:157] [basehttp:log_message] [INFO]- "GET /monitor/api/alarm_strategy/?current_page=1&pre_page=10&strategy_name=&is_delete=0 HTTP/1.1" 200 1165
[2020-10-15 17:17:48,693] [basehttp.py:157] [basehttp:log_message] [INFO]- "GET /monitor/api/alarm_rule/?current_page=1&pre_page=10&rule_name=&alarm_object=&is_delete=0 HTTP/1.1" 200 971
[2020-10-15 17:17:50,544] [basehttp.py:157] [basehttp:log_message] [INFO]- "GET /monitor/api/alarm_severity/?current_page=1&pre_page=10&grade_name=&is_delete=0 HTTP/1.1" 200 797
[2020-10-15 17:17:58,236] [basehttp.py:157] [basehttp:log_message] [INFO]- "GET /monitor/api/alarm_detail/?current_page=1&pre_page=10&alarm_ip=&alarm_level=&alarm_last_time1=&alarm_last_time2=&alarm_status=&indicator_name= HTTP/1.1" 200 3148
[2020-10-15 17:20:11,516] [basehttp.py:157] [basehttp:log_message] [INFO]- "GET /monitor/api/alarm_detail/?current_page=1&pre_page=10&alarm_ip=&alarm_level=&alarm_last_time1=&alarm_last_time2=&alarm_status=&indicator_name= HTTP/1.1" 200 3148
[2020-10-15 17:21:00,022] [basehttp.py:157] [basehttp:log_message] [INFO]- "GET /monitor/api/alarm_strategy/?current_page=1&pre_page=10&strategy_name=&is_delete=0 HTTP/1.1" 200 1165
[2020-10-15 17:21:01,475] [basehttp.py:157] [basehttp:log_message] [INFO]- "GET /monitor/api/analysis/?type=cpu_percent&num=3 HTTP/1.1" 200 687
[2020-10-15 17:21:01,503] [basehttp.py:157] [basehttp:log_message] [INFO]- "GET /monitor/api/analysis/?type=mem_percent&num=3 HTTP/1.1" 200 718
[2020-10-15 17:21:01,997] [basehttp.py:157] [basehttp:log_message] [INFO]- "GET /monitor/api/alarm_detail/alarm_count/ HTTP/1.1" 200 3525
