*** Starting uWSGI 2.0.19.1 (64bit) on [Mon Dec  7 13:53:15 2020] ***
compiled with version: 4.7.4 on 07 December 2020 02:52:42
os: Linux-4.15.0-43-generic #46~16.04.1-Ubuntu SMP Fri Dec 7 13:31:08 UTC 2018
nodename: rock-Inspiron-7472
machine: x86_64
clock source: unix
pcre jit disabled
detected number of CPU cores: 8
current working directory: /home/rock/quality_inspection/python-workspace/project_monitor
writing pidfile to /home/rock/quality_inspection/python-workspace/project_monitor/uwsgi.pid
detected binary path: /home/rock/anaconda3/envs/venv/bin/uwsgi
chdir() to /home/rock/quality_inspection/python-workspace/project_monitor
your processes number limit is 31095
your memory page size is 4096 bytes
 *** WARNING: you have enabled harakiri without post buffering. Slow upload could be rejected on post-unbuffered webservers *** 
detected max file descriptor number: 1024
lock engine: pthread robust mutexes
thunder lock: disabled (you can enable it with --thunder-lock)
uWSGI http bound on 0.0.0.0:8002 fd 4
uwsgi socket 0 bound to TCP address 127.0.0.1:46711 (port auto-assigned) fd 3
Python version: 3.8.3 (default, May 19 2020, 18:47:26)  [GCC 7.3.0]
Python main interpreter initialized at 0x160a440
python threads support enabled
your server socket listen backlog is limited to 100 connections
your mercy for graceful operations on workers is 60 seconds
mapped 422160 bytes (412 KB) for 4 cores
*** Operational MODE: preforking+threaded ***
WSGI app 0 (mountpoint='') ready in 3 seconds on interpreter 0x160a440 pid: 18414 (default app)
*** uWSGI is running in multiple interpreter mode ***
spawned uWSGI master process (pid: 18414)
spawned uWSGI worker 1 (pid: 18445, cores: 2)
spawned uWSGI worker 2 (pid: 18447, cores: 2)
*** Stats server enabled on /home/rock/quality_inspection/python-workspace/project_monitor/uwsgi.status fd: 18 ***
spawned uWSGI http 1 (pid: 18449)
Mon Dec  7 13:55:08 2020 - uWSGI worker 2 screams: UAAAAAAH my master disconnected: i will kill myself !!!
Mon Dec  7 13:55:08 2020 - uWSGI worker 1 screams: UAAAAAAH my master disconnected: i will kill myself !!!
Mon Dec  7 13:55:08 2020 - uWSGI worker 2 screams: UAAAAAAH my master disconnected: i will kill myself !!!
Mon Dec  7 13:55:08 2020 - uWSGI worker 1 screams: UAAAAAAH my master disconnected: i will kill myself !!!
